#
# A fatal error has been detected by the Java Runtime Environment:
#
#  SIGSEGV (0xb) at pc=0x00007fff644b38a9, pid=7741, tid=9987
#
# JRE version: Java(TM) SE Runtime Environment (13.0.1+9) (build 13.0.1+9)
# Java VM: Java HotSpot(TM) 64-Bit Server VM (13.0.1+9, mixed mode, sharing, tiered, compressed oops, g1 gc, bsd-amd64)
# Problematic frame:
# C  [libobjc.A.dylib+0x68a9]  objc_msgSend+0x29
#
# No core dump will be written. Core dumps have been disabled. To enable core dumping, try "ulimit -c unlimited" before starting Java again
#
# If you would like to submit a bug report, please visit:
#   http://bugreport.java.com/bugreport/crash.jsp
# The crash happened outside the Java Virtual Machine in native code.
# See problematic frame for where to report the bug.
#

---------------  S U M M A R Y ------------

Command Line: -Dfile.encoding=UTF-8 -Djava.library.path=./Slick2D IsaacMain.Main

Host: MacBookAir7,2 x86_64 2200 MHz, 4 cores, 8G, Darwin 19.0.0
Time: Fri Dec 20 14:22:17 2019 CET elapsed time: 0 seconds (0d 0h 0m 0s)

---------------  T H R E A D  ---------------

Current thread (0x00007fb495801000):  JavaThread "main" [_thread_in_native, id=9987, stack(0x000070000546b000,0x000070000556b000)]

Stack: [0x000070000546b000,0x000070000556b000],  sp=0x000070000556a208,  free space=1020k
Native frames: (J=compiled Java code, A=aot compiled Java code, j=interpreted, Vv=VM code, C=native code)
C  [libobjc.A.dylib+0x68a9]  objc_msgSend+0x29
C  [libobjc.A.dylib+0x2253a]  _ZN19AutoreleasePoolPage12releaseUntilEPP11objc_object+0x86
C  [libobjc.A.dylib+0x8c70]  objc_autoreleasePoolPop+0xaf
C  [CoreFoundation+0xc67e]  _CFAutoreleasePoolPop+0x16
C  [Foundation+0x4105]  -[NSAutoreleasePool release]+0x81
C  [liblwjgl.dylib+0x16cce]  Java_org_lwjgl_opengl_MacOSXContextImplementation_setView+0x10e
j  org.lwjgl.opengl.MacOSXContextImplementation.setView(Ljava/nio/ByteBuffer;Ljava/nio/ByteBuffer;)V+0
j  org.lwjgl.opengl.MacOSXContextImplementation.makeCurrent(Lorg/lwjgl/opengl/PeerInfo;Ljava/nio/ByteBuffer;)V+7
j  org.lwjgl.opengl.ContextGL.makeCurrent()V+46
j  org.lwjgl.opengl.DrawableGL.makeCurrent()V+14
j  org.lwjgl.opengl.Display.makeCurrent()V+3
j  org.lwjgl.opengl.Display.makeCurrentAndSetSwapInterval()V+0
j  org.lwjgl.opengl.Display.create(Lorg/lwjgl/opengl/PixelFormat;Lorg/lwjgl/opengl/Drawable;Lorg/lwjgl/opengl/ContextAttribs;)V+108
j  org.lwjgl.opengl.Display.create(Lorg/lwjgl/opengl/PixelFormat;)V+12
j  org.newdawn.slick.AppGameContainer.tryCreateDisplay(Lorg/lwjgl/opengl/PixelFormat;)V+7
j  org.newdawn.slick.AppGameContainer.access$000(Lorg/newdawn/slick/AppGameContainer;Lorg/lwjgl/opengl/PixelFormat;)V+2
j  org.newdawn.slick.AppGameContainer$2.run()Ljava/lang/Object;+36
j  java.security.AccessController.executePrivileged(Ljava/security/PrivilegedAction;Ljava/security/AccessControlContext;Ljava/lang/Class;)Ljava/lang/Object;+29 java.base@13.0.1
j  java.security.AccessController.doPrivileged(Ljava/security/PrivilegedAction;)Ljava/lang/Object;+5 java.base@13.0.1
j  org.newdawn.slick.AppGameContainer.setup()V+112
j  org.newdawn.slick.AppGameContainer.start()V+1
j  IsaacMain.Window.showWindow()V+34
j  IsaacMain.Main.main([Ljava/lang/String;)V+5
v  ~StubRoutines::call_stub
V  [libjvm.dylib+0x39910f]  _ZN9JavaCalls11call_helperEP9JavaValueRK12methodHandleP17JavaCallArgumentsP6Thread+0x285
V  [libjvm.dylib+0x3da7c1]  _ZL17jni_invoke_staticP7JNIEnv_P9JavaValueP8_jobject11JNICallTypeP10_jmethodIDP18JNI_ArgumentPusherP6Thread+0x11c
V  [libjvm.dylib+0x3ddf84]  jni_CallStaticVoidMethod+0x1c9
C  [libjli.dylib+0x4a66]  JavaMain+0xab4
C  [libjli.dylib+0x6d64]  ThreadJavaMain+0x9
C  [libsystem_pthread.dylib+0x5d76]  _pthread_start+0x7d
C  [libsystem_pthread.dylib+0x25d7]  thread_start+0xf

Java frames: (J=compiled Java code, j=interpreted, Vv=VM code)
j  org.lwjgl.opengl.MacOSXContextImplementation.setView(Ljava/nio/ByteBuffer;Ljava/nio/ByteBuffer;)V+0
j  org.lwjgl.opengl.MacOSXContextImplementation.makeCurrent(Lorg/lwjgl/opengl/PeerInfo;Ljava/nio/ByteBuffer;)V+7
j  org.lwjgl.opengl.ContextGL.makeCurrent()V+46
j  org.lwjgl.opengl.DrawableGL.makeCurrent()V+14
j  org.lwjgl.opengl.Display.makeCurrent()V+3
j  org.lwjgl.opengl.Display.makeCurrentAndSetSwapInterval()V+0
j  org.lwjgl.opengl.Display.create(Lorg/lwjgl/opengl/PixelFormat;Lorg/lwjgl/opengl/Drawable;Lorg/lwjgl/opengl/ContextAttribs;)V+108
j  org.lwjgl.opengl.Display.create(Lorg/lwjgl/opengl/PixelFormat;)V+12
j  org.newdawn.slick.AppGameContainer.tryCreateDisplay(Lorg/lwjgl/opengl/PixelFormat;)V+7
j  org.newdawn.slick.AppGameContainer.access$000(Lorg/newdawn/slick/AppGameContainer;Lorg/lwjgl/opengl/PixelFormat;)V+2
j  org.newdawn.slick.AppGameContainer$2.run()Ljava/lang/Object;+36
j  java.security.AccessController.executePrivileged(Ljava/security/PrivilegedAction;Ljava/security/AccessControlContext;Ljava/lang/Class;)Ljava/lang/Object;+29 java.base@13.0.1
j  java.security.AccessController.doPrivileged(Ljava/security/PrivilegedAction;)Ljava/lang/Object;+5 java.base@13.0.1
j  org.newdawn.slick.AppGameContainer.setup()V+112
j  org.newdawn.slick.AppGameContainer.start()V+1
j  IsaacMain.Window.showWindow()V+34
j  IsaacMain.Main.main([Ljava/lang/String;)V+5
v  ~StubRoutines::call_stub

siginfo: si_signo: 11 (SIGSEGV), si_code: 1 (SEGV_MAPERR), si_addr: 0x0000000080095b00

Register to memory mapping:

RAX=0x0000000000002703 is an unknown value
RBX=0x000070000556a210 is pointing into the stack for thread: 0x00007fb495801000
RCX=0x0 is NULL
RDX=0x00007fb49454f730 points into unknown readable memory: 00 00 00 00 00 00 00 00
RSP=0x000070000556a208 is pointing into the stack for thread: 0x00007fb495801000
RBP=0x000070000556a260 is pointing into the stack for thread: 0x00007fb495801000
RSI=0x00007fff6f2a95b3: GCC_except_table728+0xadce723 in /usr/lib/libobjc.A.dylib at 0x00007fff644ad000
RDI=0x00007fb4944df460 points into unknown readable memory: 80 4f 78 94 b4 7f 00 00
R8 =0x00007fb49454f710 points into unknown readable memory: a0 0b b2 6b 4b 80 ff ff
R9 =0x0000000000000003 is an unknown value
R10=0x00007fb494784f80 points into unknown readable memory: d0 b5 4e 94 b4 7f 00 00
R11=0x0000000080095b00 is an unknown value
R12=0x00007fb4944df460 points into unknown readable memory: 80 4f 78 94 b4 7f 00 00
R13=0x00007fff924fe001: AssociationsManagerLock+0x1 in /usr/lib/libobjc.A.dylib at 0x00007fff644ad000
R14=0x0000000000000001 is an unknown value
R15=0x00007fff924fef80: _ZN12_GLOBAL__N_113SideTablesMapE+0xf00 in /usr/lib/libobjc.A.dylib at 0x00007fff644ad000


Registers:
RAX=0x0000000000002703, RBX=0x000070000556a210, RCX=0x0000000000000000, RDX=0x00007fb49454f730
RSP=0x000070000556a208, RBP=0x000070000556a260, RSI=0x00007fff6f2a95b3, RDI=0x00007fb4944df460
R8 =0x00007fb49454f710, R9 =0x0000000000000003, R10=0x00007fb494784f80, R11=0x0000000080095b00
R12=0x00007fb4944df460, R13=0x00007fff924fe001, R14=0x0000000000000001, R15=0x00007fff924fef80
RIP=0x00007fff644b38a9, EFLAGS=0x0000000000010206, ERR=0x0000000000000004
  TRAPNO=0x000000000000000e

Top of Stack: (sp=0x000070000556a208)
0x000070000556a208:   00007fff644ba6e3 00007fb49454f710
0x000070000556a218:   00007fb49454f730 ffffffffffffff01
0x000070000556a228:   ffff804b6bb20ba0 0000000000000002
0x000070000556a238:   00007fb494820000 00007fb494758fd0
0x000070000556a248:   000000011c4bde68 00007fb494820108
0x000070000556a258:   a3a3a3a3a3a3a3a3 000070000556a290
0x000070000556a268:   00007fff644cf53a 0000000000000000
0x000070000556a278:   00007fb494820000 00007fff6f2a986e
0x000070000556a288:   00007fb495801310 000070000556a2b0
0x000070000556a298:   00007fff644b5c70 0000000000000000
0x000070000556a2a8:   00007fb494820108 000070000556a2d0
0x000070000556a2b8:   00007fff2e4f167e 0000000000000000
0x000070000556a2c8:   00007fb494758fd0 000070000556a310
0x000070000556a2d8:   00007fff30ba4105 0000000000000000
0x000070000556a2e8:   00007fb49477e1d0 00007fb4944c3510
0x000070000556a2f8:   dfa4d2214abd0072 00007fb4946d5dc0
0x000070000556a308:   00007fb49476dfb0 000070000556a340
0x000070000556a318:   0000000133f5acce 000000011c4bde70
0x000070000556a328:   0000000000000000 000070000556a3d8
0x000070000556a338:   00007fb495801000 000070000556a3b0
0x000070000556a348:   000000011dc7dc90 000070000556a3b0
0x000070000556a358:   000000011dc7d9de 000000011dc7d996
0x000070000556a368:   000070000556a368 000000011c4bde68
0x000070000556a378:   000070000556a3d8 000000011c4be418
0x000070000556a388:   0000000000000000 0000000787ca1f80
0x000070000556a398:   000000011c4bde70 0000000000000000
0x000070000556a3a8:   000070000556a3d0 000070000556a428
0x000070000556a3b8:   000000011dc77fb3 0000000787ca1f80
0x000070000556a3c8:   000000011dc7abb8 0000000787cab8e0
0x000070000556a3d8:   0000000787c2aa78 000070000556a3e0
0x000070000556a3e8:   000000011c4bdd67 000070000556a458
0x000070000556a3f8:   000000011c4be418 0000000000000000 

Instructions: (pc=0x00007fff644b38a9)
0x00007fff644b37a9:   e9 a8 6d 00 00 31 f6 e9 a5 64 00 00 90 90 90 90
0x00007fff644b37b9:   90 90 90 90 90 90 90 31 c0 31 d2 0f 57 c0 0f 57
0x00007fff644b37c9:   c9 c3 90 d9 ee 31 c0 31 d2 0f 57 c0 0f 57 c9 c3
0x00007fff644b37d9:   0f 1f 00 d9 ee d9 ee 31 c0 31 d2 0f 57 c0 0f 57
0x00007fff644b37e9:   c9 c3 90 48 89 f8 c3 49 89 fa 49 89 f3 45 23 5a
0x00007fff644b37f9:   18 49 c1 e3 04 4d 03 5a 10 49 3b 33 75 0e 49 8b
0x00007fff644b3809:   43 08 48 83 f8 00 74 03 4c 31 d0 c3 49 83 3b 01
0x00007fff644b3819:   76 17 49 83 c3 10 49 3b 33 75 f1 49 8b 43 08 48
0x00007fff644b3829:   83 f8 00 74 03 4c 31 d0 c3 72 25 4d 8b 5b 08 eb
0x00007fff644b3839:   0a 49 83 3b 01 76 17 49 83 c3 10 49 3b 33 75 f1
0x00007fff644b3849:   49 8b 43 08 48 83 f8 00 74 03 4c 31 d0 c3 eb 00
0x00007fff644b3859:   31 c0 c3 66 2e 0f 1f 84 00 00 00 00 00 66 2e 0f
0x00007fff644b3869:   1f 84 00 00 00 00 00 66 2e 0f 1f 84 00 00 00 00
0x00007fff644b3879:   00 66 0f 1f 44 00 00 48 85 ff 2e 74 72 40 f6 c7
0x00007fff644b3889:   01 2e 75 76 49 ba f8 ff ff ff ff 7f 00 00 4c 23
0x00007fff644b3899:   17 49 89 f3 45 23 5a 18 49 c1 e3 04 4d 03 5a 10
0x00007fff644b38a9:   49 3b 33 75 0a 4d 8b 5b 08 4d 31 d3 41 ff e3 49
0x00007fff644b38b9:   83 3b 01 76 13 49 83 c3 10 49 3b 33 75 f1 4d 8b
0x00007fff644b38c9:   5b 08 4d 31 d3 41 ff e3 72 70 4d 8b 5b 08 eb 0a
0x00007fff644b38d9:   49 83 3b 01 76 13 49 83 c3 10 49 3b 33 75 f1 4d
0x00007fff644b38e9:   8b 5b 08 4d 31 d3 41 ff e3 eb 4f 0f 1f 40 00 31
0x00007fff644b38f9:   c0 31 d2 0f 57 c0 0f 57 c9 c3 41 89 fb 41 83 e3
0x00007fff644b3909:   0f 4c 8d 15 7f 59 04 2e 4f 8b 14 da 4c 8d 1d 4c
0x00007fff644b3919:   58 04 2e 4d 39 d3 0f 85 75 ff ff ff 41 89 fb 41
0x00007fff644b3929:   c1 eb 04 41 81 e3 ff 00 00 00 4c 8d 15 d6 59 04
0x00007fff644b3939:   2e 4f 8b 14 da e9 57 ff ff ff e9 88 0a 00 00 66
0x00007fff644b3949:   2e 0f 1f 84 00 00 00 00 00 66 2e 0f 1f 84 00 00
0x00007fff644b3959:   00 00 00 66 2e 0f 1f 84 00 00 00 00 00 66 2e 0f
0x00007fff644b3969:   1f 84 00 00 00 00 00 66 2e 0f 1f 84 00 00 00 00
0x00007fff644b3979:   00 66 0f 1f 44 00 00 48 85 ff 2e 74 6a 40 f6 c7
0x00007fff644b3989:   01 2e 75 6b 49 ba f8 ff ff ff ff 7f 00 00 4c 23
0x00007fff644b3999:   17 49 89 f3 45 23 5a 18 49 c1 e3 04 4d 03 5a 10 


Stack slot to memory mapping:
stack at sp + 0 slots: 0x00007fff644ba6e3: _ZN11objc_object17sidetable_releaseEb+0xe5 in /usr/lib/libobjc.A.dylib at 0x00007fff644ad000
stack at sp + 1 slots: 0x00007fb49454f710 points into unknown readable memory: a0 0b b2 6b 4b 80 ff ff
stack at sp + 2 slots: 0x00007fb49454f730 points into unknown readable memory: 00 00 00 00 00 00 00 00
stack at sp + 3 slots: 0xffffffffffffff01 is an unknown value
stack at sp + 4 slots: 0xffff804b6bb20ba0 is an unknown value
stack at sp + 5 slots: 0x0000000000000002 is an unknown value
stack at sp + 6 slots: 0x00007fb494820000 points into unknown readable memory: a1 a1 a1 a1 41 55 54 4f
stack at sp + 7 slots: 0x00007fb494758fd0 points into unknown readable memory: 51 d6 57 8a ff ff 1d 00


---------------  P R O C E S S  ---------------

Threads class SMR info:
_java_thread_list=0x00007fb494400650, length=11, elements={
0x00007fb495801000, 0x00007fb49502b000, 0x00007fb49502e000, 0x00007fb49502f800,
0x00007fb495852800, 0x00007fb494821000, 0x00007fb495853800, 0x00007fb4958ac800,
0x00007fb496036000, 0x00007fb4958cc000, 0x00007fb4949dc800
}

Java Threads: ( => current thread )
=>0x00007fb495801000 JavaThread "main" [_thread_in_native, id=9987, stack(0x000070000546b000,0x000070000556b000)]
  0x00007fb49502b000 JavaThread "Reference Handler" daemon [_thread_blocked, id=14595, stack(0x0000700005b80000,0x0000700005c80000)]
  0x00007fb49502e000 JavaThread "Finalizer" daemon [_thread_blocked, id=18179, stack(0x0000700005c83000,0x0000700005d83000)]
  0x00007fb49502f800 JavaThread "Signal Dispatcher" daemon [_thread_blocked, id=21763, stack(0x0000700005e8c000,0x0000700005f8c000)]
  0x00007fb495852800 JavaThread "C2 CompilerThread0" daemon [_thread_blocked, id=22275, stack(0x0000700005f8f000,0x000070000608f000)]
  0x00007fb494821000 JavaThread "C1 CompilerThread0" daemon [_thread_blocked, id=42755, stack(0x0000700006092000,0x0000700006192000)]
  0x00007fb495853800 JavaThread "Sweeper thread" daemon [_thread_blocked, id=23043, stack(0x0000700006195000,0x0000700006295000)]
  0x00007fb4958ac800 JavaThread "Service Thread" daemon [_thread_blocked, id=41731, stack(0x0000700006298000,0x0000700006398000)]
  0x00007fb496036000 JavaThread "Common-Cleaner" daemon [_thread_blocked, id=41219, stack(0x000070000649e000,0x000070000659e000)]
  0x00007fb4958cc000 JavaThread "AppKit Thread" daemon [_thread_in_native, id=775, stack(0x00007ffee05df000,0x00007ffee0ddf000)]
  0x00007fb4949dc800 JavaThread "AWT-Shutdown" [_thread_blocked, id=31747, stack(0x00007000065a1000,0x00007000066a1000)]

Other Threads:
  0x00007fb49502a800 VMThread "VM Thread" [stack: 0x0000700005a7d000,0x0000700005b7d000] [id=14339]
  0x00007fb49489c800 WatcherThread [stack: 0x000070000639b000,0x000070000649b000] [id=23555]
  0x00007fb495828800 GCTaskThread "GC Thread#0" [stack: 0x000070000556e000,0x000070000566e000] [id=12035]
  0x00007fb494815000 ConcurrentGCThread "G1 Main Marker" [stack: 0x0000700005671000,0x0000700005771000] [id=12291]
  0x00007fb495000800 ConcurrentGCThread "G1 Conc#0" [stack: 0x0000700005774000,0x0000700005874000] [id=20483]
  0x00007fb495850000 ConcurrentGCThread "G1 Refine#0" [stack: 0x0000700005877000,0x0000700005977000] [id=12803]
  0x00007fb49601b800 ConcurrentGCThread "G1 Young RemSet Sampling" [stack: 0x000070000597a000,0x0000700005a7a000] [id=19971]

Threads with active compile tasks:

VM state:not at safepoint (normal execution)

VM Mutex/Monitor currently owned by a thread: None

Heap address: 0x0000000780000000, size: 2048 MB, Compressed Oops mode: Zero based, Oop shift amount: 3
Narrow klass base: 0x0000000800000000, Narrow klass shift: 3
Compressed class space size: 1073741824 Address: 0x0000000800ae0000

Heap:
 garbage-first heap   total 133120K, used 3832K [0x0000000780000000, 0x0000000800000000)
  region size 1024K, 4 young (4096K), 0 survivors (0K)
 Metaspace       used 2515K, capacity 5202K, committed 5376K, reserved 1056768K
  class space    used 247K, capacity 500K, committed 512K, reserved 1048576K
Heap Regions: E=young(eden), S=young(survivor), O=old, HS=humongous(starts), HC=humongous(continues), CS=collection set, F=free, A=archive, TAMS=top-at-mark-start (previous, next)
|   0|0x0000000780000000, 0x0000000780000000, 0x0000000780100000|  0%| F|  |TAMS 0x0000000780000000, 0x0000000780000000| Untracked 
|   1|0x0000000780100000, 0x0000000780100000, 0x0000000780200000|  0%| F|  |TAMS 0x0000000780100000, 0x0000000780100000| Untracked 
|   2|0x0000000780200000, 0x0000000780200000, 0x0000000780300000|  0%| F|  |TAMS 0x0000000780200000, 0x0000000780200000| Untracked 
|   3|0x0000000780300000, 0x0000000780300000, 0x0000000780400000|  0%| F|  |TAMS 0x0000000780300000, 0x0000000780300000| Untracked 
|   4|0x0000000780400000, 0x0000000780400000, 0x0000000780500000|  0%| F|  |TAMS 0x0000000780400000, 0x0000000780400000| Untracked 
|   5|0x0000000780500000, 0x0000000780500000, 0x0000000780600000|  0%| F|  |TAMS 0x0000000780500000, 0x0000000780500000| Untracked 
|   6|0x0000000780600000, 0x0000000780600000, 0x0000000780700000|  0%| F|  |TAMS 0x0000000780600000, 0x0000000780600000| Untracked 
|   7|0x0000000780700000, 0x0000000780700000, 0x0000000780800000|  0%| F|  |TAMS 0x0000000780700000, 0x0000000780700000| Untracked 
|   8|0x0000000780800000, 0x0000000780800000, 0x0000000780900000|  0%| F|  |TAMS 0x0000000780800000, 0x0000000780800000| Untracked 
|   9|0x0000000780900000, 0x0000000780900000, 0x0000000780a00000|  0%| F|  |TAMS 0x0000000780900000, 0x0000000780900000| Untracked 
|  10|0x0000000780a00000, 0x0000000780a00000, 0x0000000780b00000|  0%| F|  |TAMS 0x0000000780a00000, 0x0000000780a00000| Untracked 
|  11|0x0000000780b00000, 0x0000000780b00000, 0x0000000780c00000|  0%| F|  |TAMS 0x0000000780b00000, 0x0000000780b00000| Untracked 
|  12|0x0000000780c00000, 0x0000000780c00000, 0x0000000780d00000|  0%| F|  |TAMS 0x0000000780c00000, 0x0000000780c00000| Untracked 
|  13|0x0000000780d00000, 0x0000000780d00000, 0x0000000780e00000|  0%| F|  |TAMS 0x0000000780d00000, 0x0000000780d00000| Untracked 
|  14|0x0000000780e00000, 0x0000000780e00000, 0x0000000780f00000|  0%| F|  |TAMS 0x0000000780e00000, 0x0000000780e00000| Untracked 
|  15|0x0000000780f00000, 0x0000000780f00000, 0x0000000781000000|  0%| F|  |TAMS 0x0000000780f00000, 0x0000000780f00000| Untracked 
|  16|0x0000000781000000, 0x0000000781000000, 0x0000000781100000|  0%| F|  |TAMS 0x0000000781000000, 0x0000000781000000| Untracked 
|  17|0x0000000781100000, 0x0000000781100000, 0x0000000781200000|  0%| F|  |TAMS 0x0000000781100000, 0x0000000781100000| Untracked 
|  18|0x0000000781200000, 0x0000000781200000, 0x0000000781300000|  0%| F|  |TAMS 0x0000000781200000, 0x0000000781200000| Untracked 
|  19|0x0000000781300000, 0x0000000781300000, 0x0000000781400000|  0%| F|  |TAMS 0x0000000781300000, 0x0000000781300000| Untracked 
|  20|0x0000000781400000, 0x0000000781400000, 0x0000000781500000|  0%| F|  |TAMS 0x0000000781400000, 0x0000000781400000| Untracked 
|  21|0x0000000781500000, 0x0000000781500000, 0x0000000781600000|  0%| F|  |TAMS 0x0000000781500000, 0x0000000781500000| Untracked 
|  22|0x0000000781600000, 0x0000000781600000, 0x0000000781700000|  0%| F|  |TAMS 0x0000000781600000, 0x0000000781600000| Untracked 
|  23|0x0000000781700000, 0x0000000781700000, 0x0000000781800000|  0%| F|  |TAMS 0x0000000781700000, 0x0000000781700000| Untracked 
|  24|0x0000000781800000, 0x0000000781800000, 0x0000000781900000|  0%| F|  |TAMS 0x0000000781800000, 0x0000000781800000| Untracked 
|  25|0x0000000781900000, 0x0000000781900000, 0x0000000781a00000|  0%| F|  |TAMS 0x0000000781900000, 0x0000000781900000| Untracked 
|  26|0x0000000781a00000, 0x0000000781a00000, 0x0000000781b00000|  0%| F|  |TAMS 0x0000000781a00000, 0x0000000781a00000| Untracked 
|  27|0x0000000781b00000, 0x0000000781b00000, 0x0000000781c00000|  0%| F|  |TAMS 0x0000000781b00000, 0x0000000781b00000| Untracked 
|  28|0x0000000781c00000, 0x0000000781c00000, 0x0000000781d00000|  0%| F|  |TAMS 0x0000000781c00000, 0x0000000781c00000| Untracked 
|  29|0x0000000781d00000, 0x0000000781d00000, 0x0000000781e00000|  0%| F|  |TAMS 0x0000000781d00000, 0x0000000781d00000| Untracked 
|  30|0x0000000781e00000, 0x0000000781e00000, 0x0000000781f00000|  0%| F|  |TAMS 0x0000000781e00000, 0x0000000781e00000| Untracked 
|  31|0x0000000781f00000, 0x0000000781f00000, 0x0000000782000000|  0%| F|  |TAMS 0x0000000781f00000, 0x0000000781f00000| Untracked 
|  32|0x0000000782000000, 0x0000000782000000, 0x0000000782100000|  0%| F|  |TAMS 0x0000000782000000, 0x0000000782000000| Untracked 
|  33|0x0000000782100000, 0x0000000782100000, 0x0000000782200000|  0%| F|  |TAMS 0x0000000782100000, 0x0000000782100000| Untracked 
|  34|0x0000000782200000, 0x0000000782200000, 0x0000000782300000|  0%| F|  |TAMS 0x0000000782200000, 0x0000000782200000| Untracked 
|  35|0x0000000782300000, 0x0000000782300000, 0x0000000782400000|  0%| F|  |TAMS 0x0000000782300000, 0x0000000782300000| Untracked 
|  36|0x0000000782400000, 0x0000000782400000, 0x0000000782500000|  0%| F|  |TAMS 0x0000000782400000, 0x0000000782400000| Untracked 
|  37|0x0000000782500000, 0x0000000782500000, 0x0000000782600000|  0%| F|  |TAMS 0x0000000782500000, 0x0000000782500000| Untracked 
|  38|0x0000000782600000, 0x0000000782600000, 0x0000000782700000|  0%| F|  |TAMS 0x0000000782600000, 0x0000000782600000| Untracked 
|  39|0x0000000782700000, 0x0000000782700000, 0x0000000782800000|  0%| F|  |TAMS 0x0000000782700000, 0x0000000782700000| Untracked 
|  40|0x0000000782800000, 0x0000000782800000, 0x0000000782900000|  0%| F|  |TAMS 0x0000000782800000, 0x0000000782800000| Untracked 
|  41|0x0000000782900000, 0x0000000782900000, 0x0000000782a00000|  0%| F|  |TAMS 0x0000000782900000, 0x0000000782900000| Untracked 
|  42|0x0000000782a00000, 0x0000000782a00000, 0x0000000782b00000|  0%| F|  |TAMS 0x0000000782a00000, 0x0000000782a00000| Untracked 
|  43|0x0000000782b00000, 0x0000000782b00000, 0x0000000782c00000|  0%| F|  |TAMS 0x0000000782b00000, 0x0000000782b00000| Untracked 
|  44|0x0000000782c00000, 0x0000000782c00000, 0x0000000782d00000|  0%| F|  |TAMS 0x0000000782c00000, 0x0000000782c00000| Untracked 
|  45|0x0000000782d00000, 0x0000000782d00000, 0x0000000782e00000|  0%| F|  |TAMS 0x0000000782d00000, 0x0000000782d00000| Untracked 
|  46|0x0000000782e00000, 0x0000000782e00000, 0x0000000782f00000|  0%| F|  |TAMS 0x0000000782e00000, 0x0000000782e00000| Untracked 
|  47|0x0000000782f00000, 0x0000000782f00000, 0x0000000783000000|  0%| F|  |TAMS 0x0000000782f00000, 0x0000000782f00000| Untracked 
|  48|0x0000000783000000, 0x0000000783000000, 0x0000000783100000|  0%| F|  |TAMS 0x0000000783000000, 0x0000000783000000| Untracked 
|  49|0x0000000783100000, 0x0000000783100000, 0x0000000783200000|  0%| F|  |TAMS 0x0000000783100000, 0x0000000783100000| Untracked 
|  50|0x0000000783200000, 0x0000000783200000, 0x0000000783300000|  0%| F|  |TAMS 0x0000000783200000, 0x0000000783200000| Untracked 
|  51|0x0000000783300000, 0x0000000783300000, 0x0000000783400000|  0%| F|  |TAMS 0x0000000783300000, 0x0000000783300000| Untracked 
|  52|0x0000000783400000, 0x0000000783400000, 0x0000000783500000|  0%| F|  |TAMS 0x0000000783400000, 0x0000000783400000| Untracked 
|  53|0x0000000783500000, 0x0000000783500000, 0x0000000783600000|  0%| F|  |TAMS 0x0000000783500000, 0x0000000783500000| Untracked 
|  54|0x0000000783600000, 0x0000000783600000, 0x0000000783700000|  0%| F|  |TAMS 0x0000000783600000, 0x0000000783600000| Untracked 
|  55|0x0000000783700000, 0x0000000783700000, 0x0000000783800000|  0%| F|  |TAMS 0x0000000783700000, 0x0000000783700000| Untracked 
|  56|0x0000000783800000, 0x0000000783800000, 0x0000000783900000|  0%| F|  |TAMS 0x0000000783800000, 0x0000000783800000| Untracked 
|  57|0x0000000783900000, 0x0000000783900000, 0x0000000783a00000|  0%| F|  |TAMS 0x0000000783900000, 0x0000000783900000| Untracked 
|  58|0x0000000783a00000, 0x0000000783a00000, 0x0000000783b00000|  0%| F|  |TAMS 0x0000000783a00000, 0x0000000783a00000| Untracked 
|  59|0x0000000783b00000, 0x0000000783b00000, 0x0000000783c00000|  0%| F|  |TAMS 0x0000000783b00000, 0x0000000783b00000| Untracked 
|  60|0x0000000783c00000, 0x0000000783c00000, 0x0000000783d00000|  0%| F|  |TAMS 0x0000000783c00000, 0x0000000783c00000| Untracked 
|  61|0x0000000783d00000, 0x0000000783d00000, 0x0000000783e00000|  0%| F|  |TAMS 0x0000000783d00000, 0x0000000783d00000| Untracked 
|  62|0x0000000783e00000, 0x0000000783e00000, 0x0000000783f00000|  0%| F|  |TAMS 0x0000000783e00000, 0x0000000783e00000| Untracked 
|  63|0x0000000783f00000, 0x0000000783f00000, 0x0000000784000000|  0%| F|  |TAMS 0x0000000783f00000, 0x0000000783f00000| Untracked 
|  64|0x0000000784000000, 0x0000000784000000, 0x0000000784100000|  0%| F|  |TAMS 0x0000000784000000, 0x0000000784000000| Untracked 
|  65|0x0000000784100000, 0x0000000784100000, 0x0000000784200000|  0%| F|  |TAMS 0x0000000784100000, 0x0000000784100000| Untracked 
|  66|0x0000000784200000, 0x0000000784200000, 0x0000000784300000|  0%| F|  |TAMS 0x0000000784200000, 0x0000000784200000| Untracked 
|  67|0x0000000784300000, 0x0000000784300000, 0x0000000784400000|  0%| F|  |TAMS 0x0000000784300000, 0x0000000784300000| Untracked 
|  68|0x0000000784400000, 0x0000000784400000, 0x0000000784500000|  0%| F|  |TAMS 0x0000000784400000, 0x0000000784400000| Untracked 
|  69|0x0000000784500000, 0x0000000784500000, 0x0000000784600000|  0%| F|  |TAMS 0x0000000784500000, 0x0000000784500000| Untracked 
|  70|0x0000000784600000, 0x0000000784600000, 0x0000000784700000|  0%| F|  |TAMS 0x0000000784600000, 0x0000000784600000| Untracked 
|  71|0x0000000784700000, 0x0000000784700000, 0x0000000784800000|  0%| F|  |TAMS 0x0000000784700000, 0x0000000784700000| Untracked 
|  72|0x0000000784800000, 0x0000000784800000, 0x0000000784900000|  0%| F|  |TAMS 0x0000000784800000, 0x0000000784800000| Untracked 
|  73|0x0000000784900000, 0x0000000784900000, 0x0000000784a00000|  0%| F|  |TAMS 0x0000000784900000, 0x0000000784900000| Untracked 
|  74|0x0000000784a00000, 0x0000000784a00000, 0x0000000784b00000|  0%| F|  |TAMS 0x0000000784a00000, 0x0000000784a00000| Untracked 
|  75|0x0000000784b00000, 0x0000000784b00000, 0x0000000784c00000|  0%| F|  |TAMS 0x0000000784b00000, 0x0000000784b00000| Untracked 
|  76|0x0000000784c00000, 0x0000000784c00000, 0x0000000784d00000|  0%| F|  |TAMS 0x0000000784c00000, 0x0000000784c00000| Untracked 
|  77|0x0000000784d00000, 0x0000000784d00000, 0x0000000784e00000|  0%| F|  |TAMS 0x0000000784d00000, 0x0000000784d00000| Untracked 
|  78|0x0000000784e00000, 0x0000000784e00000, 0x0000000784f00000|  0%| F|  |TAMS 0x0000000784e00000, 0x0000000784e00000| Untracked 
|  79|0x0000000784f00000, 0x0000000784f00000, 0x0000000785000000|  0%| F|  |TAMS 0x0000000784f00000, 0x0000000784f00000| Untracked 
|  80|0x0000000785000000, 0x0000000785000000, 0x0000000785100000|  0%| F|  |TAMS 0x0000000785000000, 0x0000000785000000| Untracked 
|  81|0x0000000785100000, 0x0000000785100000, 0x0000000785200000|  0%| F|  |TAMS 0x0000000785100000, 0x0000000785100000| Untracked 
|  82|0x0000000785200000, 0x0000000785200000, 0x0000000785300000|  0%| F|  |TAMS 0x0000000785200000, 0x0000000785200000| Untracked 
|  83|0x0000000785300000, 0x0000000785300000, 0x0000000785400000|  0%| F|  |TAMS 0x0000000785300000, 0x0000000785300000| Untracked 
|  84|0x0000000785400000, 0x0000000785400000, 0x0000000785500000|  0%| F|  |TAMS 0x0000000785400000, 0x0000000785400000| Untracked 
|  85|0x0000000785500000, 0x0000000785500000, 0x0000000785600000|  0%| F|  |TAMS 0x0000000785500000, 0x0000000785500000| Untracked 
|  86|0x0000000785600000, 0x0000000785600000, 0x0000000785700000|  0%| F|  |TAMS 0x0000000785600000, 0x0000000785600000| Untracked 
|  87|0x0000000785700000, 0x0000000785700000, 0x0000000785800000|  0%| F|  |TAMS 0x0000000785700000, 0x0000000785700000| Untracked 
|  88|0x0000000785800000, 0x0000000785800000, 0x0000000785900000|  0%| F|  |TAMS 0x0000000785800000, 0x0000000785800000| Untracked 
|  89|0x0000000785900000, 0x0000000785900000, 0x0000000785a00000|  0%| F|  |TAMS 0x0000000785900000, 0x0000000785900000| Untracked 
|  90|0x0000000785a00000, 0x0000000785a00000, 0x0000000785b00000|  0%| F|  |TAMS 0x0000000785a00000, 0x0000000785a00000| Untracked 
|  91|0x0000000785b00000, 0x0000000785b00000, 0x0000000785c00000|  0%| F|  |TAMS 0x0000000785b00000, 0x0000000785b00000| Untracked 
|  92|0x0000000785c00000, 0x0000000785c00000, 0x0000000785d00000|  0%| F|  |TAMS 0x0000000785c00000, 0x0000000785c00000| Untracked 
|  93|0x0000000785d00000, 0x0000000785d00000, 0x0000000785e00000|  0%| F|  |TAMS 0x0000000785d00000, 0x0000000785d00000| Untracked 
|  94|0x0000000785e00000, 0x0000000785e00000, 0x0000000785f00000|  0%| F|  |TAMS 0x0000000785e00000, 0x0000000785e00000| Untracked 
|  95|0x0000000785f00000, 0x0000000785f00000, 0x0000000786000000|  0%| F|  |TAMS 0x0000000785f00000, 0x0000000785f00000| Untracked 
|  96|0x0000000786000000, 0x0000000786000000, 0x0000000786100000|  0%| F|  |TAMS 0x0000000786000000, 0x0000000786000000| Untracked 
|  97|0x0000000786100000, 0x0000000786100000, 0x0000000786200000|  0%| F|  |TAMS 0x0000000786100000, 0x0000000786100000| Untracked 
|  98|0x0000000786200000, 0x0000000786200000, 0x0000000786300000|  0%| F|  |TAMS 0x0000000786200000, 0x0000000786200000| Untracked 
|  99|0x0000000786300000, 0x0000000786300000, 0x0000000786400000|  0%| F|  |TAMS 0x0000000786300000, 0x0000000786300000| Untracked 
| 100|0x0000000786400000, 0x0000000786400000, 0x0000000786500000|  0%| F|  |TAMS 0x0000000786400000, 0x0000000786400000| Untracked 
| 101|0x0000000786500000, 0x0000000786500000, 0x0000000786600000|  0%| F|  |TAMS 0x0000000786500000, 0x0000000786500000| Untracked 
| 102|0x0000000786600000, 0x0000000786600000, 0x0000000786700000|  0%| F|  |TAMS 0x0000000786600000, 0x0000000786600000| Untracked 
| 103|0x0000000786700000, 0x0000000786700000, 0x0000000786800000|  0%| F|  |TAMS 0x0000000786700000, 0x0000000786700000| Untracked 
| 104|0x0000000786800000, 0x0000000786800000, 0x0000000786900000|  0%| F|  |TAMS 0x0000000786800000, 0x0000000786800000| Untracked 
| 105|0x0000000786900000, 0x0000000786900000, 0x0000000786a00000|  0%| F|  |TAMS 0x0000000786900000, 0x0000000786900000| Untracked 
| 106|0x0000000786a00000, 0x0000000786a00000, 0x0000000786b00000|  0%| F|  |TAMS 0x0000000786a00000, 0x0000000786a00000| Untracked 
| 107|0x0000000786b00000, 0x0000000786b00000, 0x0000000786c00000|  0%| F|  |TAMS 0x0000000786b00000, 0x0000000786b00000| Untracked 
| 108|0x0000000786c00000, 0x0000000786c00000, 0x0000000786d00000|  0%| F|  |TAMS 0x0000000786c00000, 0x0000000786c00000| Untracked 
| 109|0x0000000786d00000, 0x0000000786d00000, 0x0000000786e00000|  0%| F|  |TAMS 0x0000000786d00000, 0x0000000786d00000| Untracked 
| 110|0x0000000786e00000, 0x0000000786e00000, 0x0000000786f00000|  0%| F|  |TAMS 0x0000000786e00000, 0x0000000786e00000| Untracked 
| 111|0x0000000786f00000, 0x0000000786f00000, 0x0000000787000000|  0%| F|  |TAMS 0x0000000786f00000, 0x0000000786f00000| Untracked 
| 112|0x0000000787000000, 0x0000000787000000, 0x0000000787100000|  0%| F|  |TAMS 0x0000000787000000, 0x0000000787000000| Untracked 
| 113|0x0000000787100000, 0x0000000787100000, 0x0000000787200000|  0%| F|  |TAMS 0x0000000787100000, 0x0000000787100000| Untracked 
| 114|0x0000000787200000, 0x0000000787200000, 0x0000000787300000|  0%| F|  |TAMS 0x0000000787200000, 0x0000000787200000| Untracked 
| 115|0x0000000787300000, 0x0000000787300000, 0x0000000787400000|  0%| F|  |TAMS 0x0000000787300000, 0x0000000787300000| Untracked 
| 116|0x0000000787400000, 0x0000000787400000, 0x0000000787500000|  0%| F|  |TAMS 0x0000000787400000, 0x0000000787400000| Untracked 
| 117|0x0000000787500000, 0x0000000787500000, 0x0000000787600000|  0%| F|  |TAMS 0x0000000787500000, 0x0000000787500000| Untracked 
| 118|0x0000000787600000, 0x0000000787600000, 0x0000000787700000|  0%| F|  |TAMS 0x0000000787600000, 0x0000000787600000| Untracked 
| 119|0x0000000787700000, 0x0000000787700000, 0x0000000787800000|  0%| F|  |TAMS 0x0000000787700000, 0x0000000787700000| Untracked 
| 120|0x0000000787800000, 0x0000000787800000, 0x0000000787900000|  0%| F|  |TAMS 0x0000000787800000, 0x0000000787800000| Untracked 
| 121|0x0000000787900000, 0x0000000787900000, 0x0000000787a00000|  0%| F|  |TAMS 0x0000000787900000, 0x0000000787900000| Untracked 
| 122|0x0000000787a00000, 0x0000000787a00000, 0x0000000787b00000|  0%| F|  |TAMS 0x0000000787a00000, 0x0000000787a00000| Untracked 
| 123|0x0000000787b00000, 0x0000000787b00000, 0x0000000787c00000|  0%| F|  |TAMS 0x0000000787b00000, 0x0000000787b00000| Untracked 
| 124|0x0000000787c00000, 0x0000000787cd9748, 0x0000000787d00000| 84%| E|  |TAMS 0x0000000787c00000, 0x0000000787c00000| Complete 
| 125|0x0000000787d00000, 0x0000000787e00000, 0x0000000787e00000|100%| E|CS|TAMS 0x0000000787d00000, 0x0000000787d00000| Complete 
| 126|0x0000000787e00000, 0x0000000787f00000, 0x0000000787f00000|100%| E|CS|TAMS 0x0000000787e00000, 0x0000000787e00000| Complete 
| 127|0x0000000787f00000, 0x0000000788000000, 0x0000000788000000|100%| E|CS|TAMS 0x0000000787f00000, 0x0000000787f00000| Complete 
|1022|0x00000007bfe00000, 0x00000007bfe47000, 0x00000007bff00000| 27%|OA|  |TAMS 0x00000007bfe00000, 0x00000007bfe00000| Untracked 
|1023|0x00000007bff00000, 0x00000007bff77000, 0x00000007c0000000| 46%|CA|  |TAMS 0x00000007bff00000, 0x00000007bff00000| Untracked 

Card table byte_map: [0x00000001193b3000,0x00000001197b3000] _byte_map_base: 0x00000001157b3000

Marking Bits (Prev, Next): (CMBitMap*) 0x00007fb494800c18, (CMBitMap*) 0x00007fb494800c58
 Prev Bits: [0x0000000119bb3000, 0x000000011bbb3000)
 Next Bits: [0x000000012cc6e000, 0x000000012ec6e000)

Polling page: 0x000000010ee91000

Metaspace:

Usage:
  Non-class:      4.59 MB capacity,     2.21 MB ( 48%) used,     2.37 MB ( 52%) free+waste,     5.31 KB ( <1%) overhead. 
      Class:    500.00 KB capacity,   247.74 KB ( 50%) used,   249.13 KB ( 50%) free+waste,     3.12 KB ( <1%) overhead. 
       Both:      5.08 MB capacity,     2.46 MB ( 48%) used,     2.62 MB ( 51%) free+waste,     8.44 KB ( <1%) overhead. 

Virtual space:
  Non-class space:        8.00 MB reserved,       4.75 MB ( 59%) committed 
      Class space:        1.00 GB reserved,     512.00 KB ( <1%) committed 
             Both:        1.01 GB reserved,       5.25 MB ( <1%) committed 

Chunk freelists:
   Non-Class:  2.00 KB
       Class:  12.00 KB
        Both:  14.00 KB

MaxMetaspaceSize: unlimited
CompressedClassSpaceSize: 1.00 GB

CodeHeap 'non-profiled nmethods': size=120032Kb used=127Kb max_used=127Kb free=119904Kb
 bounds [0x0000000125736000, 0x00000001259a6000, 0x000000012cc6e000]
CodeHeap 'profiled nmethods': size=120032Kb used=647Kb max_used=647Kb free=119384Kb
 bounds [0x000000011e1fe000, 0x000000011e46e000, 0x0000000125736000]
CodeHeap 'non-nmethods': size=5696Kb used=1144Kb max_used=1154Kb free=4551Kb
 bounds [0x000000011dc6e000, 0x000000011dede000, 0x000000011e1fe000]
 total_blobs=903 nmethods=429 adapters=300
 compilation: enabled
              stopped_count=0, restarted_count=0
 full_count=0

Compilation events (20 events):
Event: 0.911 Thread 0x00007fb494821000  421       3       java.lang.String::substring (68 bytes)
Event: 0.912 Thread 0x00007fb494821000 nmethod 421 0x000000011e29ba10 code [0x000000011e29bc40, 0x000000011e29c418]
Event: 0.912 Thread 0x00007fb494821000  422       3       java.lang.reflect.Modifier::isPublic (12 bytes)
Event: 0.912 Thread 0x00007fb494821000 nmethod 422 0x000000011e29c690 code [0x000000011e29c820, 0x000000011e29c9b0]
Event: 0.912 Thread 0x00007fb494821000  423       1       java.lang.reflect.Field::getRoot (5 bytes)
Event: 0.912 Thread 0x00007fb494821000 nmethod 423 0x0000000125755c10 code [0x0000000125755da0, 0x0000000125755ed0]
Event: 0.915 Thread 0x00007fb494821000  424       3       java.lang.Integer::valueOf (32 bytes)
Event: 0.916 Thread 0x00007fb494821000 nmethod 424 0x000000011e29ca10 code [0x000000011e29cbc0, 0x000000011e29cf30]
Event: 0.916 Thread 0x00007fb494821000  426       3       java.lang.StringCoding::encodeUTF8 (132 bytes)
Event: 0.916 Thread 0x00007fb494821000 nmethod 426 0x000000011e29d090 code [0x000000011e29d2c0, 0x000000011e29dd48]
Event: 0.916 Thread 0x00007fb494821000  425       3       java.nio.Buffer::remaining (10 bytes)
Event: 0.917 Thread 0x00007fb494821000 nmethod 425 0x000000011e29e090 code [0x000000011e29e220, 0x000000011e29e390]
Event: 0.917 Thread 0x00007fb494821000  427       3       java.util.zip.ZipCoder$UTF8::getBytes (10 bytes)
Event: 0.917 Thread 0x00007fb494821000 nmethod 427 0x000000011e29e410 code [0x000000011e29e5e0, 0x000000011e29e908]
Event: 0.917 Thread 0x00007fb494821000  428       3       java.lang.System$2::getBytesUTF8NoRepl (5 bytes)
Event: 0.917 Thread 0x00007fb494821000 nmethod 428 0x000000011e29ea90 code [0x000000011e29ec40, 0x000000011e29ef08]
Event: 0.917 Thread 0x00007fb494821000  429       3       java.lang.StringCoding::getBytesUTF8NoRepl (13 bytes)
Event: 0.918 Thread 0x00007fb494821000 nmethod 429 0x000000011e29f010 code [0x000000011e29f1c0, 0x000000011e29f3e8]
Event: 0.919 Thread 0x00007fb494821000  430       3       java.lang.StringLatin1::indexOf (121 bytes)
Event: 0.920 Thread 0x00007fb494821000 nmethod 430 0x000000011e29f510 code [0x000000011e29f6e0, 0x000000011e29fc10]

GC Heap History (0 events):
No events

Deoptimization events (0 events):
No events

Classes unloaded (0 events):
No events

Classes redefined (0 events):
No events

Internal exceptions (4 events):
Event: 0.218 Thread 0x00007fb495801000 Exception <a 'java/lang/ClassNotFoundException'{0x0000000787e5a880}: sun/awt/resources/spi/awtProvider> (0x0000000787e5a880) 
thrown [/scratch/mesos/slaves/fcf4c0c4-d73e-4321-860c-6613427db92b-S2452/frameworks/1735e8a2-a1db-478c-8104-60c8b0af87dd-0196/executors/ab12d1f8-defd-4a26-b83a-82b67c14bc8d/runs/ad8904cf-d9a8-428f-8f86-4d88be7b86bd/workspace/open/src/hotspot/share/classfile/systemDictionary.cpp, line 232]
Event: 0.270 Thread 0x00007fb495801000 Exception <a 'java/io/FileNotFoundException'{0x0000000787eab060}> (0x0000000787eab060) 
thrown [/scratch/mesos/slaves/fcf4c0c4-d73e-4321-860c-6613427db92b-S2452/frameworks/1735e8a2-a1db-478c-8104-60c8b0af87dd-0196/executors/ab12d1f8-defd-4a26-b83a-82b67c14bc8d/runs/ad8904cf-d9a8-428f-8f86-4d88be7b86bd/workspace/open/src/hotspot/share/prims/jni.cpp, line 598]
Event: 0.292 Thread 0x00007fb495801000 Exception <a 'java/io/FileNotFoundException'{0x0000000787ed1530}> (0x0000000787ed1530) 
thrown [/scratch/mesos/slaves/fcf4c0c4-d73e-4321-860c-6613427db92b-S2452/frameworks/1735e8a2-a1db-478c-8104-60c8b0af87dd-0196/executors/ab12d1f8-defd-4a26-b83a-82b67c14bc8d/runs/ad8904cf-d9a8-428f-8f86-4d88be7b86bd/workspace/open/src/hotspot/share/prims/jni.cpp, line 598]
Event: 0.301 Thread 0x00007fb495801000 Exception <a 'java/lang/ClassNotFoundException'{0x0000000787edfd58}: sun/awt/resources/spi/awtosxProvider> (0x0000000787edfd58) 
thrown [/scratch/mesos/slaves/fcf4c0c4-d73e-4321-860c-6613427db92b-S2452/frameworks/1735e8a2-a1db-478c-8104-60c8b0af87dd-0196/executors/ab12d1f8-defd-4a26-b83a-82b67c14bc8d/runs/ad8904cf-d9a8-428f-8f86-4d88be7b86bd/workspace/open/src/hotspot/share/classfile/systemDictionary.cpp, line 232]

Events (20 events):
Event: 0.906 loading class java/util/LinkedHashMap$LinkedKeyIterator
Event: 0.906 loading class java/util/LinkedHashMap$LinkedKeyIterator done
Event: 0.907 loading class jdk/internal/reflect/UnsafeQualifiedStaticIntegerFieldAccessorImpl
Event: 0.907 loading class jdk/internal/reflect/UnsafeQualifiedStaticIntegerFieldAccessorImpl done
Event: 0.911 loading class org/lwjgl/input/Keyboard$KeyEvent
Event: 0.911 loading class org/lwjgl/input/Keyboard$KeyEvent done
Event: 0.912 loading class org/lwjgl/opengl/MacOSXNativeKeyboard
Event: 0.912 loading class org/lwjgl/opengl/MacOSXNativeKeyboard done
Event: 0.915 loading class org/lwjgl/opengl/ContextGL
Event: 0.915 loading class org/lwjgl/opengl/ContextGL done
Event: 0.917 loading class org/lwjgl/opengl/ContextImplementation
Event: 0.917 loading class org/lwjgl/opengl/ContextImplementation done
Event: 0.919 loading class org/lwjgl/opengl/MacOSXContextImplementation
Event: 0.919 loading class org/lwjgl/opengl/MacOSXContextImplementation done
Event: 0.920 loading class org/lwjgl/opengl/GLContext
Event: 0.920 loading class org/lwjgl/opengl/GLContext done
Event: 0.920 loading class java/lang/NumberFormatException
Event: 0.920 loading class java/lang/NumberFormatException done
Event: 0.921 loading class org/lwjgl/opengl/GLContext$CapabilitiesCacheEntry
Event: 0.921 loading class org/lwjgl/opengl/GLContext$CapabilitiesCacheEntry done


Dynamic libraries:
0x00007fff64b82000 	/usr/lib/libz.1.dylib
0x000000010ee2e000 	/Library/Java/JavaVirtualMachines/jdk-13.0.1.jdk/Contents/Home/lib/libjli.dylib
0x00007fff2d580000 	/System/Library/Frameworks/Cocoa.framework/Versions/A/Cocoa
0x00007fff3ab27000 	/System/Library/Frameworks/Security.framework/Versions/A/Security
0x00007fff2c526000 	/System/Library/Frameworks/ApplicationServices.framework/Versions/A/ApplicationServices
0x00007fff6268a000 	/usr/lib/libSystem.B.dylib
0x00007fff655f9000 	/usr/lib/system/libcache.dylib
0x00007fff655ff000 	/usr/lib/system/libcommonCrypto.dylib
0x00007fff6560b000 	/usr/lib/system/libcompiler_rt.dylib
0x00007fff65613000 	/usr/lib/system/libcopyfile.dylib
0x00007fff6561d000 	/usr/lib/system/libcorecrypto.dylib
0x00007fff657cb000 	/usr/lib/system/libdispatch.dylib
0x00007fff6580d000 	/usr/lib/system/libdyld.dylib
0x00007fff65843000 	/usr/lib/system/libkeymgr.dylib
0x00007fff65851000 	/usr/lib/system/liblaunch.dylib
0x00007fff65852000 	/usr/lib/system/libmacho.dylib
0x00007fff65858000 	/usr/lib/system/libquarantine.dylib
0x00007fff6585b000 	/usr/lib/system/libremovefile.dylib
0x00007fff6585d000 	/usr/lib/system/libsystem_asl.dylib
0x00007fff65875000 	/usr/lib/system/libsystem_blocks.dylib
0x00007fff65876000 	/usr/lib/system/libsystem_c.dylib
0x00007fff658fe000 	/usr/lib/system/libsystem_configuration.dylib
0x00007fff65902000 	/usr/lib/system/libsystem_coreservices.dylib
0x00007fff65906000 	/usr/lib/system/libsystem_darwin.dylib
0x00007fff6590e000 	/usr/lib/system/libsystem_dnssd.dylib
0x00007fff65916000 	/usr/lib/system/libsystem_featureflags.dylib
0x00007fff65918000 	/usr/lib/system/libsystem_info.dylib
0x00007fff65993000 	/usr/lib/system/libsystem_m.dylib
0x00007fff659db000 	/usr/lib/system/libsystem_malloc.dylib
0x00007fff65a03000 	/usr/lib/system/libsystem_networkextension.dylib
0x00007fff65a11000 	/usr/lib/system/libsystem_notify.dylib
0x00007fff65a30000 	/usr/lib/system/libsystem_sandbox.dylib
0x00007fff65a35000 	/usr/lib/system/libsystem_secinit.dylib
0x00007fff65966000 	/usr/lib/system/libsystem_kernel.dylib
0x00007fff65a1b000 	/usr/lib/system/libsystem_platform.dylib
0x00007fff65a25000 	/usr/lib/system/libsystem_pthread.dylib
0x00007fff65a38000 	/usr/lib/system/libsystem_symptoms.dylib
0x00007fff65a40000 	/usr/lib/system/libsystem_trace.dylib
0x00007fff65a58000 	/usr/lib/system/libunwind.dylib
0x00007fff65a5e000 	/usr/lib/system/libxpc.dylib
0x00007fff644ad000 	/usr/lib/libobjc.A.dylib
0x00007fff629bc000 	/usr/lib/libc++abi.dylib
0x00007fff62968000 	/usr/lib/libc++.1.dylib
0x00007fff2e4e5000 	/System/Library/Frameworks/CoreFoundation.framework/Versions/A/CoreFoundation
0x00007fff30ba0000 	/System/Library/Frameworks/Foundation.framework/Versions/C/Foundation
0x00007fff2b72a000 	/System/Library/Frameworks/AppKit.framework/Versions/C/AppKit
0x00007fff2dfff000 	/System/Library/Frameworks/CoreData.framework/Versions/A/CoreData
0x00007fff5ef3b000 	/System/Library/PrivateFrameworks/UIFoundation.framework/Versions/A/UIFoundation
0x00007fff597db000 	/System/Library/PrivateFrameworks/RemoteViewServices.framework/Versions/A/RemoteViewServices
0x00007fff619bb000 	/System/Library/PrivateFrameworks/XCTTargetBootstrap.framework/Versions/A/XCTTargetBootstrap
0x00007fff2e3da000 	/System/Library/Frameworks/CoreDisplay.framework/Versions/A/CoreDisplay
0x00007fff338d8000 	/System/Library/Frameworks/Metal.framework/Versions/A/Metal
0x00007fff47d48000 	/System/Library/PrivateFrameworks/DesktopServicesPriv.framework/Versions/A/DesktopServicesPriv
0x00007fff637a5000 	/usr/lib/liblangid.dylib
0x00007fff46ea4000 	/System/Library/PrivateFrameworks/CoreSVG.framework/Versions/A/CoreSVG
0x00007fff5c50b000 	/System/Library/PrivateFrameworks/SkyLight.framework/Versions/A/SkyLight
0x00007fff2e966000 	/System/Library/Frameworks/CoreGraphics.framework/Versions/A/CoreGraphics
0x00007fff2a2cb000 	/System/Library/Frameworks/Accelerate.framework/Versions/A/Accelerate
0x00007fff64a73000 	/usr/lib/libxml2.2.dylib
0x00007fff52913000 	/System/Library/PrivateFrameworks/IconServices.framework/Versions/A/IconServices
0x00007fff3135e000 	/System/Library/Frameworks/IOSurface.framework/Versions/A/IOSurface
0x00007fff621c3000 	/usr/lib/libDiagnosticMessagesClient.dylib
0x00007fff47bc2000 	/System/Library/PrivateFrameworks/DFRFoundation.framework/Versions/A/DFRFoundation
0x00007fff63533000 	/usr/lib/libicucore.A.dylib
0x00007fff2c858000 	/System/Library/Frameworks/AudioToolbox.framework/Versions/A/AudioToolbox
0x00007fff2c93a000 	/System/Library/Frameworks/AudioUnit.framework/Versions/A/AudioUnit
0x00007fff6288c000 	/usr/lib/libauto.dylib
0x00007fff47c42000 	/System/Library/PrivateFrameworks/DataDetectorsCore.framework/Versions/A/DataDetectorsCore
0x00007fff2d0a1000 	/System/Library/Frameworks/Carbon.framework/Versions/A/Frameworks/HIToolbox.framework/Versions/A/HIToolbox
0x00007fff39d1f000 	/System/Library/Frameworks/QuartzCore.framework/Versions/A/QuartzCore
0x00007fff2d3e0000 	/System/Library/Frameworks/Carbon.framework/Versions/A/Frameworks/SpeechRecognition.framework/Versions/A/SpeechRecognition
0x00007fff47544000 	/System/Library/PrivateFrameworks/CoreUI.framework/Versions/A/CoreUI
0x00007fff2da65000 	/System/Library/Frameworks/CoreAudio.framework/Versions/A/CoreAudio
0x00007fff3086d000 	/System/Library/Frameworks/DiskArbitration.framework/Versions/A/DiskArbitration
0x00007fff549f9000 	/System/Library/PrivateFrameworks/MultitouchSupport.framework/Versions/A/MultitouchSupport
0x00007fff633fe000 	/usr/lib/libenergytrace.dylib
0x00007fff312b9000 	/System/Library/Frameworks/IOKit.framework/Versions/A/IOKit
0x00007fff2f8cc000 	/System/Library/Frameworks/CoreServices.framework/Versions/A/CoreServices
0x00007fff56a4e000 	/System/Library/PrivateFrameworks/PerformanceAnalysis.framework/Versions/A/PerformanceAnalysis
0x00007fff38d57000 	/System/Library/Frameworks/OpenGL.framework/Versions/A/OpenGL
0x00007fff2d58e000 	/System/Library/Frameworks/ColorSync.framework/Versions/A/ColorSync
0x00007fff2efed000 	/System/Library/Frameworks/CoreImage.framework/Versions/A/CoreImage
0x00007fff30340000 	/System/Library/Frameworks/CoreText.framework/Versions/A/CoreText
0x00007fff313e1000 	/System/Library/Frameworks/ImageIO.framework/Versions/A/ImageIO
0x00007fff629e4000 	/usr/lib/libcompression.dylib
0x00007fff62504000 	/usr/lib/libMobileGestalt.dylib
0x00007fff5e02e000 	/System/Library/PrivateFrameworks/TextureIO.framework/Versions/A/TextureIO
0x00007fff627f2000 	/usr/lib/libate.dylib
0x00007fff52b19000 	/System/Library/PrivateFrameworks/InternationalSupport.framework/Versions/A/InternationalSupport
0x00007fff637a7000 	/usr/lib/liblzma.5.dylib
0x00007fff63426000 	/usr/lib/libfakelink.dylib
0x00007fff6277f000 	/usr/lib/libarchive.2.dylib
0x00007fff3bd3b000 	/System/Library/Frameworks/SystemConfiguration.framework/Versions/A/SystemConfiguration
0x00007fff620f4000 	/usr/lib/libCRFSuite.dylib
0x00007fff2ccb0000 	/System/Library/Frameworks/CFNetwork.framework/Versions/A/CFNetwork
0x00007fff6294a000 	/usr/lib/libbsm.0.dylib
0x00007fff65844000 	/usr/lib/system/libkxld.dylib
0x00007fff41741000 	/System/Library/PrivateFrameworks/AppleFSCompression.framework/Versions/A/AppleFSCompression
0x00007fff62cbd000 	/usr/lib/libcoretls.dylib
0x00007fff62cd4000 	/usr/lib/libcoretls_cfhelpers.dylib
0x00007fff644f1000 	/usr/lib/libpam.2.dylib
0x00007fff64620000 	/usr/lib/libsqlite3.dylib
0x00007fff64a60000 	/usr/lib/libxar.1.dylib
0x00007fff6295b000 	/usr/lib/libbz2.1.0.dylib
0x00007fff63442000 	/usr/lib/libiconv.2.dylib
0x00007fff629d1000 	/usr/lib/libcharset.1.dylib
0x00007fff63f9d000 	/usr/lib/libnetwork.dylib
0x00007fff644f8000 	/usr/lib/libpcap.A.dylib
0x00007fff62734000 	/usr/lib/libapple_nghttp2.dylib
0x00007fff2fc83000 	/System/Library/Frameworks/CoreServices.framework/Versions/A/Frameworks/FSEvents.framework/Versions/A/FSEvents
0x00007fff2f953000 	/System/Library/Frameworks/CoreServices.framework/Versions/A/Frameworks/CarbonCore.framework/Versions/A/CarbonCore
0x00007fff2fec5000 	/System/Library/Frameworks/CoreServices.framework/Versions/A/Frameworks/Metadata.framework/Versions/A/Metadata
0x00007fff2ff5e000 	/System/Library/Frameworks/CoreServices.framework/Versions/A/Frameworks/OSServices.framework/Versions/A/OSServices
0x00007fff2ff8c000 	/System/Library/Frameworks/CoreServices.framework/Versions/A/Frameworks/SearchKit.framework/Versions/A/SearchKit
0x00007fff2f8cd000 	/System/Library/Frameworks/CoreServices.framework/Versions/A/Frameworks/AE.framework/Versions/A/AE
0x00007fff2fc8c000 	/System/Library/Frameworks/CoreServices.framework/Versions/A/Frameworks/LaunchServices.framework/Versions/A/LaunchServices
0x00007fff2fc35000 	/System/Library/Frameworks/CoreServices.framework/Versions/A/Frameworks/DictionaryServices.framework/Versions/A/DictionaryServices
0x00007fff2fff4000 	/System/Library/Frameworks/CoreServices.framework/Versions/A/Frameworks/SharedFileList.framework/Versions/A/SharedFileList
0x00007fff34bad000 	/System/Library/Frameworks/NetFS.framework/Versions/A/NetFS
0x00007fff54e99000 	/System/Library/PrivateFrameworks/NetAuth.framework/Versions/A/NetAuth
0x00007fff61d84000 	/System/Library/PrivateFrameworks/login.framework/Versions/A/Frameworks/loginsupport.framework/Versions/A/loginsupport
0x00007fff5db34000 	/System/Library/PrivateFrameworks/TCC.framework/Versions/A/TCC
0x00007fff46282000 	/System/Library/PrivateFrameworks/CoreNLP.framework/Versions/A/CoreNLP
0x00007fff5442a000 	/System/Library/PrivateFrameworks/MetadataUtilities.framework/Versions/A/MetadataUtilities
0x00007fff6387f000 	/usr/lib/libmecabra.dylib
0x00007fff637d7000 	/usr/lib/libmecab.dylib
0x00007fff63437000 	/usr/lib/libgermantok.dylib
0x00007fff6271b000 	/usr/lib/libThaiTokenizer.dylib
0x00007fff6212c000 	/usr/lib/libChineseTokenizer.dylib
0x00007fff2a2e3000 	/System/Library/Frameworks/Accelerate.framework/Versions/A/Frameworks/vImage.framework/Versions/A/vImage
0x00007fff2b585000 	/System/Library/Frameworks/Accelerate.framework/Versions/A/Frameworks/vecLib.framework/Versions/A/vecLib
0x00007fff2b4c9000 	/System/Library/Frameworks/Accelerate.framework/Versions/A/Frameworks/vecLib.framework/Versions/A/libvMisc.dylib
0x00007fff2b2ef000 	/System/Library/Frameworks/Accelerate.framework/Versions/A/Frameworks/vecLib.framework/Versions/A/libvDSP.dylib
0x00007fff2a94f000 	/System/Library/Frameworks/Accelerate.framework/Versions/A/Frameworks/vecLib.framework/Versions/A/libBLAS.dylib
0x00007fff2aea9000 	/System/Library/Frameworks/Accelerate.framework/Versions/A/Frameworks/vecLib.framework/Versions/A/libLAPACK.dylib
0x00007fff2b24f000 	/System/Library/Frameworks/Accelerate.framework/Versions/A/Frameworks/vecLib.framework/Versions/A/libLinearAlgebra.dylib
0x00007fff2b2dc000 	/System/Library/Frameworks/Accelerate.framework/Versions/A/Frameworks/vecLib.framework/Versions/A/libSparseBLAS.dylib
0x00007fff2b265000 	/System/Library/Frameworks/Accelerate.framework/Versions/A/Frameworks/vecLib.framework/Versions/A/libQuadrature.dylib
0x00007fff2abb8000 	/System/Library/Frameworks/Accelerate.framework/Versions/A/Frameworks/vecLib.framework/Versions/A/libBNNS.dylib
0x00007fff2b26b000 	/System/Library/Frameworks/Accelerate.framework/Versions/A/Frameworks/vecLib.framework/Versions/A/libSparse.dylib
0x00007fff52ed8000 	/System/Library/PrivateFrameworks/LanguageModeling.framework/Versions/A/LanguageModeling
0x00007fff45c26000 	/System/Library/PrivateFrameworks/CoreEmoji.framework/Versions/A/CoreEmoji
0x00007fff52ff5000 	/System/Library/PrivateFrameworks/LinguisticData.framework/Versions/A/LinguisticData
0x00007fff52fa6000 	/System/Library/PrivateFrameworks/Lexicon.framework/Versions/A/Lexicon
0x00007fff629d2000 	/usr/lib/libcmph.dylib
0x00007fff3777d000 	/System/Library/Frameworks/OpenDirectory.framework/Versions/A/Frameworks/CFOpenDirectory.framework/Versions/A/CFOpenDirectory
0x00007fff3779a000 	/System/Library/Frameworks/OpenDirectory.framework/Versions/A/OpenDirectory
0x00007fff3faf9000 	/System/Library/PrivateFrameworks/APFS.framework/Versions/A/APFS
0x00007fff3ae6c000 	/System/Library/Frameworks/SecurityFoundation.framework/Versions/A/SecurityFoundation
0x00007fff64a5c000 	/usr/lib/libutil.dylib
0x00007fff46efc000 	/System/Library/PrivateFrameworks/CoreServicesStore.framework/Versions/A/CoreServicesStore
0x00007fff3af4d000 	/System/Library/Frameworks/ServiceManagement.framework/Versions/A/ServiceManagement
0x00007fff42edc000 	/System/Library/PrivateFrameworks/BackgroundTaskManagement.framework/Versions/A/BackgroundTaskManagement
0x00007fff64b59000 	/usr/lib/libxslt.1.dylib
0x00007fff41d9f000 	/System/Library/PrivateFrameworks/AppleSystemInfo.framework/Versions/A/AppleSystemInfo
0x00007fff315fc000 	/System/Library/Frameworks/ImageIO.framework/Versions/A/Resources/libJPEG.dylib
0x00007fff318bb000 	/System/Library/Frameworks/ImageIO.framework/Versions/A/Resources/libTIFF.dylib
0x00007fff3189e000 	/System/Library/Frameworks/ImageIO.framework/Versions/A/Resources/libPng.dylib
0x00007fff3153d000 	/System/Library/Frameworks/ImageIO.framework/Versions/A/Resources/libGIF.dylib
0x00007fff31541000 	/System/Library/Frameworks/ImageIO.framework/Versions/A/Resources/libJP2.dylib
0x00007fff318b9000 	/System/Library/Frameworks/ImageIO.framework/Versions/A/Resources/libRadiance.dylib
0x00007fff633ff000 	/usr/lib/libexpat.1.dylib
0x00007fff4189c000 	/System/Library/PrivateFrameworks/AppleJPEG.framework/Versions/A/AppleJPEG
0x00007fff4a114000 	/System/Library/PrivateFrameworks/FontServices.framework/libFontParser.dylib
0x00007fff60ddf000 	/System/Library/PrivateFrameworks/WatchdogClient.framework/Versions/A/WatchdogClient
0x00007fff5256b000 	/System/Library/PrivateFrameworks/IOAccelerator.framework/Versions/A/IOAccelerator
0x00007fff33c66000 	/System/Library/Frameworks/MetalPerformanceShaders.framework/Versions/A/MetalPerformanceShaders
0x00007fff4ee61000 	/System/Library/PrivateFrameworks/GPUWrangler.framework/Versions/A/GPUWrangler
0x00007fff52576000 	/System/Library/PrivateFrameworks/IOPresentment.framework/Versions/A/IOPresentment
0x00007fff47bd4000 	/System/Library/PrivateFrameworks/DSExternalDisplay.framework/Versions/A/DSExternalDisplay
0x00007fff38103000 	/System/Library/Frameworks/OpenGL.framework/Versions/A/Libraries/libCoreFSCache.dylib
0x00007fff339b7000 	/System/Library/Frameworks/MetalPerformanceShaders.framework/Frameworks/MPSCore.framework/Versions/A/MPSCore
0x00007fff339f4000 	/System/Library/Frameworks/MetalPerformanceShaders.framework/Frameworks/MPSImage.framework/Versions/A/MPSImage
0x00007fff33ab7000 	/System/Library/Frameworks/MetalPerformanceShaders.framework/Frameworks/MPSNeuralNetwork.framework/Versions/A/MPSNeuralNetwork
0x00007fff33a7b000 	/System/Library/Frameworks/MetalPerformanceShaders.framework/Frameworks/MPSMatrix.framework/Versions/A/MPSMatrix
0x00007fff33c17000 	/System/Library/Frameworks/MetalPerformanceShaders.framework/Frameworks/MPSRayIntersector.framework/Versions/A/MPSRayIntersector
0x00007fff33aa1000 	/System/Library/Frameworks/MetalPerformanceShaders.framework/Frameworks/MPSNDArray.framework/Versions/A/MPSNDArray
0x00007fff54477000 	/System/Library/PrivateFrameworks/MetalTools.framework/Versions/A/MetalTools
0x00007fff40bd8000 	/System/Library/PrivateFrameworks/AggregateDictionary.framework/Versions/A/AggregateDictionary
0x00007fff456bd000 	/System/Library/PrivateFrameworks/CoreAnalytics.framework/Versions/A/CoreAnalytics
0x00007fff41cbd000 	/System/Library/PrivateFrameworks/AppleSauce.framework/Versions/A/AppleSauce
0x00007fff623e7000 	/usr/lib/libIOReport.dylib
0x00007fff304f5000 	/System/Library/Frameworks/CoreVideo.framework/Versions/A/CoreVideo
0x00007fff5024e000 	/System/Library/PrivateFrameworks/GraphVisualizer.framework/Versions/A/GraphVisualizer
0x00007fff49696000 	/System/Library/PrivateFrameworks/FaceCore.framework/Versions/A/FaceCore
0x00007fff37724000 	/System/Library/Frameworks/OpenCL.framework/Versions/A/OpenCL
0x00007fff62209000 	/usr/lib/libFosl_dynamic.dylib
0x00007fff5588f000 	/System/Library/PrivateFrameworks/OTSVG.framework/Versions/A/OTSVG
0x00007fff2c62b000 	/System/Library/Frameworks/ApplicationServices.framework/Versions/A/Frameworks/ATS.framework/Versions/A/Resources/libFontRegistry.dylib
0x00007fff4a2e5000 	/System/Library/PrivateFrameworks/FontServices.framework/libhvf.dylib
0x00007fff3810e000 	/System/Library/Frameworks/OpenGL.framework/Versions/A/Libraries/libGFXShared.dylib
0x00007fff382eb000 	/System/Library/Frameworks/OpenGL.framework/Versions/A/Libraries/libGLU.dylib
0x00007fff38117000 	/System/Library/Frameworks/OpenGL.framework/Versions/A/Libraries/libGL.dylib
0x00007fff38122000 	/System/Library/Frameworks/OpenGL.framework/Versions/A/Libraries/libGLImage.dylib
0x00007fff38100000 	/System/Library/Frameworks/OpenGL.framework/Versions/A/Libraries/libCVMSPluginSupport.dylib
0x00007fff38109000 	/System/Library/Frameworks/OpenGL.framework/Versions/A/Libraries/libCoreVMClient.dylib
0x00007fff63e3f000 	/usr/lib/libncurses.5.4.dylib
0x00007fff2c527000 	/System/Library/Frameworks/ApplicationServices.framework/Versions/A/Frameworks/ATS.framework/Versions/A/ATS
0x00007fff2c6f4000 	/System/Library/Frameworks/ApplicationServices.framework/Versions/A/Frameworks/ColorSyncLegacy.framework/Versions/A/ColorSyncLegacy
0x00007fff2c793000 	/System/Library/Frameworks/ApplicationServices.framework/Versions/A/Frameworks/HIServices.framework/Versions/A/HIServices
0x00007fff2c7ea000 	/System/Library/Frameworks/ApplicationServices.framework/Versions/A/Frameworks/LangAnalysis.framework/Versions/A/LangAnalysis
0x00007fff2c7f9000 	/System/Library/Frameworks/ApplicationServices.framework/Versions/A/Frameworks/PrintCore.framework/Versions/A/PrintCore
0x00007fff2c83f000 	/System/Library/Frameworks/ApplicationServices.framework/Versions/A/Frameworks/QD.framework/Versions/A/QD
0x00007fff2c84a000 	/System/Library/Frameworks/ApplicationServices.framework/Versions/A/Frameworks/SpeechSynthesis.framework/Versions/A/SpeechSynthesis
0x00007fff2c6c4000 	/System/Library/Frameworks/ApplicationServices.framework/Versions/A/Frameworks/ATSUI.framework/Versions/A/ATSUI
0x00007fff63293000 	/usr/lib/libcups.2.dylib
0x00007fff32d1f000 	/System/Library/Frameworks/Kerberos.framework/Versions/A/Kerberos
0x00007fff30fd4000 	/System/Library/Frameworks/GSS.framework/Versions/A/GSS
0x00007fff645ad000 	/usr/lib/libresolv.9.dylib
0x00007fff503ef000 	/System/Library/PrivateFrameworks/Heimdal.framework/Versions/A/Heimdal
0x00007fff32d32000 	/System/Library/Frameworks/Kerberos.framework/Versions/A/Libraries/libHeimdalProxy.dylib
0x00007fff6343d000 	/usr/lib/libheimdal-asn1.dylib
0x00007fff44b83000 	/System/Library/PrivateFrameworks/CommonAuth.framework/Versions/A/CommonAuth
0x00007fff41e3c000 	/System/Library/PrivateFrameworks/AssertionServices.framework/Versions/A/AssertionServices
0x00007fff429d2000 	/System/Library/PrivateFrameworks/AudioToolboxCore.framework/Versions/A/AudioToolboxCore
0x00007fff61a37000 	/System/Library/PrivateFrameworks/caulk.framework/Versions/A/caulk
0x00007fff42f88000 	/System/Library/PrivateFrameworks/BaseBoard.framework/Versions/A/BaseBoard
0x00007fff59967000 	/System/Library/PrivateFrameworks/RunningBoardServices.framework/Versions/A/RunningBoardServices
0x00007fff56a5a000 	/System/Library/PrivateFrameworks/PersistentConnection.framework/Versions/A/PersistentConnection
0x00007fff59374000 	/System/Library/PrivateFrameworks/ProtocolBuffer.framework/Versions/A/ProtocolBuffer
0x00007fff44ba0000 	/System/Library/PrivateFrameworks/CommonUtilities.framework/Versions/A/CommonUtilities
0x00007fff43107000 	/System/Library/PrivateFrameworks/Bom.framework/Versions/A/Bom
0x00007fff620b8000 	/usr/lib/libAudioToolboxUtility.dylib
0x00007fff42ee6000 	/System/Library/PrivateFrameworks/Backup.framework/Versions/A/Backup
0x00007fff47943000 	/System/Library/PrivateFrameworks/CrashReporterSupport.framework/Versions/A/CrashReporterSupport
0x00007fff5b3f0000 	/System/Library/PrivateFrameworks/Sharing.framework/Versions/A/Sharing
0x00007fff415e9000 	/System/Library/PrivateFrameworks/Apple80211.framework/Versions/A/Apple80211
0x00007fff42c0e000 	/System/Library/PrivateFrameworks/AuthKit.framework/Versions/A/AuthKit
0x00007fff47671000 	/System/Library/PrivateFrameworks/CoreUtils.framework/Versions/A/CoreUtils
0x00007fff3053a000 	/System/Library/Frameworks/CoreWLAN.framework/Versions/A/CoreWLAN
0x00007fff3113d000 	/System/Library/Frameworks/IOBluetooth.framework/Versions/A/IOBluetooth
0x00007fff54775000 	/System/Library/PrivateFrameworks/MobileKeyBag.framework/Versions/A/MobileKeyBag
0x00007fff46752000 	/System/Library/PrivateFrameworks/CorePhoneNumbers.framework/Versions/A/CorePhoneNumbers
0x00007fff4184f000 	/System/Library/PrivateFrameworks/AppleIDAuthSupport.framework/Versions/A/AppleIDAuthSupport
0x00007fff34bba000 	/System/Library/Frameworks/Network.framework/Versions/A/Network
0x00007fff52d61000 	/System/Library/PrivateFrameworks/KeychainCircle.framework/Versions/A/KeychainCircle
0x00007fff2dfc7000 	/System/Library/Frameworks/CoreBluetooth.framework/Versions/A/CoreBluetooth
0x00007fff5d04a000 	/System/Library/PrivateFrameworks/SpeechRecognitionCore.framework/Versions/A/SpeechRecognitionCore
0x000000010f800000 	/Library/Java/JavaVirtualMachines/jdk-13.0.1.jdk/Contents/Home/lib/server/libjvm.dylib
0x000000010ee4a000 	/Library/Java/JavaVirtualMachines/jdk-13.0.1.jdk/Contents/Home/lib/libverify.dylib
0x000000010ee56000 	/Library/Java/JavaVirtualMachines/jdk-13.0.1.jdk/Contents/Home/lib/libjava.dylib
0x000000010eedb000 	/Library/Java/JavaVirtualMachines/jdk-13.0.1.jdk/Contents/Home/lib/libzip.dylib
0x000000010eee2000 	/Library/Java/JavaVirtualMachines/jdk-13.0.1.jdk/Contents/Home/lib/libjimage.dylib
0x000000011c96d000 	/Library/Java/JavaVirtualMachines/jdk-13.0.1.jdk/Contents/Home/lib/libnio.dylib
0x000000011c97b000 	/Library/Java/JavaVirtualMachines/jdk-13.0.1.jdk/Contents/Home/lib/libnet.dylib
0x000000011ca16000 	/Library/Java/JavaVirtualMachines/jdk-13.0.1.jdk/Contents/Home/lib/libawt.dylib
0x000000011caac000 	/Library/Java/JavaVirtualMachines/jdk-13.0.1.jdk/Contents/Home/lib/libmlib_image.dylib
0x00007fff32d08000 	/System/Library/Frameworks/JavaVM.framework/Versions/A/Frameworks/JavaNativeFoundation.framework/Versions/A/JavaNativeFoundation
0x00007fff32d11000 	/System/Library/Frameworks/JavaVM.framework/Versions/A/Frameworks/JavaRuntimeSupport.framework/Versions/A/JavaRuntimeSupport
0x00007fff32d1a000 	/System/Library/Frameworks/JavaVM.framework/Versions/A/JavaVM
0x00007fff52bc3000 	/System/Library/PrivateFrameworks/JavaLaunching.framework/Versions/A/JavaLaunching
0x00007fff2d09c000 	/System/Library/Frameworks/Carbon.framework/Versions/A/Carbon
0x00007fff47425000 	/System/Library/PrivateFrameworks/CoreSymbolication.framework/Versions/A/CoreSymbolication
0x00007fff2d09d000 	/System/Library/Frameworks/Carbon.framework/Versions/A/Frameworks/CommonPanels.framework/Versions/A/CommonPanels
0x00007fff2d396000 	/System/Library/Frameworks/Carbon.framework/Versions/A/Frameworks/Help.framework/Versions/A/Help
0x00007fff2d39a000 	/System/Library/Frameworks/Carbon.framework/Versions/A/Frameworks/ImageCapture.framework/Versions/A/ImageCapture
0x00007fff2d3a1000 	/System/Library/Frameworks/Carbon.framework/Versions/A/Frameworks/OpenScripting.framework/Versions/A/OpenScripting
0x00007fff2d3a0000 	/System/Library/Frameworks/Carbon.framework/Versions/A/Frameworks/Ink.framework/Versions/A/Ink
0x00007fff2d3dc000 	/System/Library/Frameworks/Carbon.framework/Versions/A/Frameworks/Print.framework/Versions/A/Print
0x00007fff2d3dd000 	/System/Library/Frameworks/Carbon.framework/Versions/A/Frameworks/SecurityHI.framework/Versions/A/SecurityHI
0x00007fff47d09000 	/System/Library/PrivateFrameworks/DebugSymbols.framework/Versions/A/DebugSymbols
0x000000011cb12000 	/Library/Java/JavaVirtualMachines/jdk-13.0.1.jdk/Contents/Home/lib/libawt_lwawt.dylib
0x000000011cbbc000 	/Library/Java/JavaVirtualMachines/jdk-13.0.1.jdk/Contents/Home/lib/libosxapp.dylib
0x00007fff30a47000 	/System/Library/Frameworks/ExceptionHandling.framework/Versions/A/ExceptionHandling
0x000000011cbf0000 	/Library/Java/JavaVirtualMachines/jdk-13.0.1.jdk/Contents/Home/lib/libfontmanager.dylib
0x000000011ccee000 	/Library/Java/JavaVirtualMachines/jdk-13.0.1.jdk/Contents/Home/lib/libfreetype.dylib
0x00007fff46ec8000 	/System/Library/PrivateFrameworks/CoreServicesInternal.framework/Versions/A/CoreServicesInternal
0x00007fff30a66000 	/System/Library/Frameworks/FileProvider.framework/Versions/A/FileProvider
0x00007fff2b586000 	/System/Library/Frameworks/Accounts.framework/Versions/A/Accounts
0x00007fff4f181000 	/System/Library/PrivateFrameworks/GenerationalStorage.framework/Versions/A/GenerationalStorage
0x00007fff5d877000 	/System/Library/PrivateFrameworks/SymptomDiagnosticReporter.framework/Versions/A/SymptomDiagnosticReporter
0x00007fff410e6000 	/System/Library/PrivateFrameworks/AppContainer.framework/Versions/A/AppContainer
0x00007fff645c7000 	/usr/lib/libsandbox.1.dylib
0x00007fff5fd83000 	/System/Library/PrivateFrameworks/UserManagement.framework/Versions/A/UserManagement
0x00007fff43cae000 	/System/Library/PrivateFrameworks/ChunkingLibrary.framework/Versions/A/ChunkingLibrary
0x00007fff41157000 	/System/Library/PrivateFrameworks/AppSandbox.framework/Versions/A/AppSandbox
0x00007fff5b2a5000 	/System/Library/PrivateFrameworks/SecCodeWrapper.framework/Versions/A/SecCodeWrapper
0x00007fff624cd000 	/usr/lib/libMatch.1.dylib
0x00007fff21abb000 	/System/Library/CoreServices/RawCamera.bundle/Contents/MacOS/RawCamera
0x00007fff5459f000 	/System/Library/PrivateFrameworks/MobileAsset.framework/Versions/A/MobileAsset
0x00007fff5d725000 	/System/Library/PrivateFrameworks/StreamingZip.framework/Versions/A/StreamingZip
0x00007fff33196000 	/System/Library/Frameworks/MediaToolbox.framework/Versions/A/MediaToolbox
0x00007fff4566d000 	/System/Library/PrivateFrameworks/CoreAVCHD.framework/Versions/A/CoreAVCHD
0x00007fff330c3000 	/System/Library/Frameworks/MediaAccessibility.framework/Versions/A/MediaAccessibility
0x00007fff53993000 	/System/Library/PrivateFrameworks/Mangrove.framework/Versions/A/Mangrove
0x00007fff2f708000 	/System/Library/Frameworks/CoreMedia.framework/Versions/A/CoreMedia
0x00007fff53bee000 	/System/Library/PrivateFrameworks/MediaExperience.framework/Versions/A/MediaExperience
0x00007fff3c021000 	/System/Library/Frameworks/VideoToolbox.framework/Versions/A/VideoToolbox
0x00007fff45297000 	/System/Library/PrivateFrameworks/CoreAUC.framework/Versions/A/CoreAUC
0x00007fff6461e000 	/usr/lib/libspindump.dylib
0x00007fff4237d000 	/System/Library/PrivateFrameworks/AudioResourceArbitration.framework/Versions/A/AudioResourceArbitration
0x00007fff41da3000 	/System/Library/PrivateFrameworks/AppleVA.framework/Versions/A/AppleVA
0x00007fff2a2cc000 	/System/Library/Frameworks/Accelerate.framework/Versions/A/Frameworks/vImage.framework/Versions/A/Libraries/libCGInterfaces.dylib
0x000000011dacb000 	/usr/lib/libobjc-trampolines.dylib
0x00007fff4a24c000 	/System/Library/PrivateFrameworks/FontServices.framework/libTrueTypeScaler.dylib
0x00007fff25705000 	/System/Library/Extensions/AppleIntelBDWGraphicsMTLDriver.bundle/Contents/MacOS/AppleIntelBDWGraphicsMTLDriver
0x00007fff4d7b9000 	/System/Library/PrivateFrameworks/GPUCompiler.framework/Versions/3902/Libraries/libmetal_timestamp.dylib
0x00007fff60b51000 	/System/Library/PrivateFrameworks/ViewBridge.framework/Versions/A/ViewBridge
0x0000000133f44000 	/Users/fabrizio/NetBeansProjects/SEProject/Slick2D/liblwjgl.dylib
0x000000011db28000 	/Library/Java/JavaVirtualMachines/jdk-13.0.1.jdk/Contents/Home/lib/libjawt.dylib
0x00007fff38d67000 	/System/Library/Frameworks/OpenGL.framework/Versions/A/Resources/GLEngine.bundle/GLEngine
0x00007fff38158000 	/System/Library/Frameworks/OpenGL.framework/Versions/A/Libraries/libGLProgrammability.dylib
0x00007fff25200000 	/System/Library/Extensions/AppleIntelBDWGraphicsGLDriver.bundle/Contents/MacOS/AppleIntelBDWGraphicsGLDriver
0x00007fff4ee55000 	/System/Library/PrivateFrameworks/GPUSupport.framework/Versions/A/Libraries/libGPUSupportMercury.dylib
0x00007fff38ee1000 	/System/Library/Frameworks/OpenGL.framework/Versions/A/Resources/GLRendererFloat.bundle/GLRendererFloat
0x00007fff3771b000 	/System/Library/Frameworks/OpenCL.framework/Versions/A/Libraries/libcldcpuengine.dylib
0x00007fff62e78000 	/usr/lib/libcrypto.35.dylib
0x00007fff5e263000 	/System/Library/PrivateFrameworks/TrustEvaluationAgent.framework/Versions/A/TrustEvaluationAgent
0x00007fff61d87000 	/System/Library/PrivateFrameworks/login.framework/Versions/A/login


VM Arguments:
jvm_args: -Dfile.encoding=UTF-8 -Djava.library.path=./Slick2D 
java_command: IsaacMain.Main
java_class_path (initial): /Applications/NetBeans/Apache NetBeans 11.2.app/Contents/Resources/NetBeans/netbeans/java/modules/ext/AbsoluteLayout.jar:/Users/fabrizio/Downloads/lwjgl-2.9.3/jar/jinput.jar:/Users/fabrizio/Downloads/lwjgl-2.9.3/jar/lwjgl.jar:/Users/fabrizio/Downloads/lwjgl-2.9.3/jar/lwjgl_util.jar:/Users/fabrizio/Downloads/slick/lib/slick.jar:/Users/fabrizio/NetBeansProjects/SEProject/build/classes
Launcher Type: SUN_STANDARD

[Global flags]
     intx CICompilerCount                          = 3                                         {product} {ergonomic}
     uint ConcGCThreads                            = 1                                         {product} {ergonomic}
     uint G1ConcRefinementThreads                  = 4                                         {product} {ergonomic}
   size_t G1HeapRegionSize                         = 1048576                                   {product} {ergonomic}
    uintx GCDrainStackTargetSize                   = 64                                        {product} {ergonomic}
   size_t InitialHeapSize                          = 134217728                                 {product} {ergonomic}
   size_t MarkStackSize                            = 4194304                                   {product} {ergonomic}
   size_t MaxHeapSize                              = 2147483648                                {product} {ergonomic}
   size_t MaxNewSize                               = 1287651328                                {product} {ergonomic}
   size_t MinHeapDeltaBytes                        = 1048576                                   {product} {ergonomic}
   size_t MinHeapSize                              = 8388608                                   {product} {ergonomic}
    uintx NonNMethodCodeHeapSize                   = 5830732                                {pd product} {ergonomic}
    uintx NonProfiledCodeHeapSize                  = 122913754                              {pd product} {ergonomic}
    uintx ProfiledCodeHeapSize                     = 122913754                              {pd product} {ergonomic}
    uintx ReservedCodeCacheSize                    = 251658240                              {pd product} {ergonomic}
     bool SegmentedCodeCache                       = true                                      {product} {ergonomic}
   size_t SoftMaxHeapSize                          = 2147483648                             {manageable} {ergonomic}
     bool UseCompressedClassPointers               = true                                 {lp64_product} {ergonomic}
     bool UseCompressedOops                        = true                                 {lp64_product} {ergonomic}
     bool UseG1GC                                  = true                                      {product} {ergonomic}

Logging:
Log output configuration:
 #0: stdout all=warning uptime,level,tags
 #1: stderr all=off uptime,level,tags

Environment Variables:
PATH=/usr/bin:/bin:/usr/sbin:/sbin
SHELL=/bin/zsh
DISPLAY=/private/tmp/com.apple.launchd.h7JETMz4ey/org.macosforge.xquartz:0

Signal Handlers:
SIGSEGV: [libjvm.dylib+0x781570], sa_mask[0]=11111111011111110111111111111111, sa_flags=SA_ONSTACK|SA_RESTART|SA_SIGINFO
SIGBUS: [libjvm.dylib+0x781570], sa_mask[0]=11111111011111110111111111111111, sa_flags=SA_RESTART|SA_SIGINFO
SIGFPE: [libjvm.dylib+0x781570], sa_mask[0]=11111111011111110111111111111111, sa_flags=SA_RESTART|SA_SIGINFO
SIGPIPE: [libjvm.dylib+0x627f75], sa_mask[0]=11111111011111110111111111111111, sa_flags=SA_RESTART|SA_SIGINFO
SIGXFSZ: [libjvm.dylib+0x627f75], sa_mask[0]=11111111011111110111111111111111, sa_flags=SA_RESTART|SA_SIGINFO
SIGILL: [libjvm.dylib+0x781570], sa_mask[0]=11111111011111110111111111111111, sa_flags=SA_RESTART|SA_SIGINFO
SIGUSR2: [libjvm.dylib+0x62855f], sa_mask[0]=00100000000000000000000000000000, sa_flags=SA_RESTART|SA_SIGINFO
SIGHUP: [libjvm.dylib+0x62754d], sa_mask[0]=11111111011111110111111111111111, sa_flags=SA_RESTART|SA_SIGINFO
SIGINT: SIG_IGN, sa_mask[0]=00000000000000000000000000000000, sa_flags=none
SIGTERM: [libjvm.dylib+0x62754d], sa_mask[0]=11111111011111110111111111111111, sa_flags=SA_RESTART|SA_SIGINFO
SIGQUIT: [libjvm.dylib+0x62754d], sa_mask[0]=11111111011111110111111111111111, sa_flags=SA_RESTART|SA_SIGINFO


---------------  S Y S T E M  ---------------

OS:uname:Darwin 19.0.0 Darwin Kernel Version 19.0.0: Wed Sep 25 20:18:50 PDT 2019; root:xnu-6153.11.26~2/RELEASE_X86_64 x86_64
rlimit: STACK 8192k, CORE 0k, NPROC 1392, NOFILE 10240, AS infinity, DATA infinity, FSIZE infinity
load average:2.29 2.20 2.29

CPU:total 4 (initial active 4) (2 cores per cpu, 2 threads per core) family 6 model 61 stepping 4, cmov, cx8, fxsr, mmx, sse, sse2, sse3, ssse3, sse4.1, sse4.2, popcnt, avx, avx2, aes, clmul, erms, rtm, 3dnowpref, lzcnt, ht, tsc, tscinvbit, bmi1, bmi2, adx, fma

Memory: 4k page, physical 8388608k(414844k free), swap 0k(0k free)

vm_info: Java HotSpot(TM) 64-Bit Server VM (13.0.1+9) for bsd-amd64 JRE (13.0.1+9), built on Oct  6 2019 11:43:59 by "mach5one" with clang 4.2.1 Compatible Apple LLVM 10.0.0 (clang-1000.11.45.5)

END.
