#
# A fatal error has been detected by the Java Runtime Environment:
#
#  SIGSEGV (0xb) at pc=0x00007fff645dc598, pid=4886, tid=10243
#
# JRE version: Java(TM) SE Runtime Environment (13.0.1+9) (build 13.0.1+9)
# Java VM: Java HotSpot(TM) 64-Bit Server VM (13.0.1+9, mixed mode, sharing, tiered, compressed oops, g1 gc, bsd-amd64)
# Problematic frame:
# C  [libobjc.A.dylib+0x8598]  objc_release+0x18
#
# No core dump will be written. Core dumps have been disabled. To enable core dumping, try "ulimit -c unlimited" before starting Java again
#
# If you would like to submit a bug report, please visit:
#   http://bugreport.java.com/bugreport/crash.jsp
# The crash happened outside the Java Virtual Machine in native code.
# See problematic frame for where to report the bug.
#

---------------  S U M M A R Y ------------

Command Line: -Dfile.encoding=UTF-8 -Djava.library.path=./lib IsaacMain.Main

Host: MacBookAir7,2 x86_64 2200 MHz, 4 cores, 8G, Darwin 19.0.0
Time: Sun Dec 29 14:51:46 2019 CET elapsed time: 0 seconds (0d 0h 0m 0s)

---------------  T H R E A D  ---------------

Current thread (0x00007fe1b200d800):  JavaThread "main" [_thread_in_native, id=10243, stack(0x0000700001841000,0x0000700001941000)]

Stack: [0x0000700001841000,0x0000700001941000],  sp=0x0000700001940268,  free space=1020k
Native frames: (J=compiled Java code, A=aot compiled Java code, j=interpreted, Vv=VM code, C=native code)
C  [libobjc.A.dylib+0x8598]  objc_release+0x18
C  [libobjc.A.dylib+0x8c70]  objc_autoreleasePoolPop+0xaf
C  [CoreFoundation+0xc67e]  _CFAutoreleasePoolPop+0x16
C  [Foundation+0x4105]  -[NSAutoreleasePool release]+0x81
C  [liblwjgl.dylib+0x16cce]  Java_org_lwjgl_opengl_MacOSXContextImplementation_setView+0x10e
j  org.lwjgl.opengl.MacOSXContextImplementation.setView(Ljava/nio/ByteBuffer;Ljava/nio/ByteBuffer;)V+0
j  org.lwjgl.opengl.MacOSXContextImplementation.makeCurrent(Lorg/lwjgl/opengl/PeerInfo;Ljava/nio/ByteBuffer;)V+7
j  org.lwjgl.opengl.ContextGL.makeCurrent()V+46
j  org.lwjgl.opengl.DrawableGL.makeCurrent()V+14
j  org.lwjgl.opengl.Display.makeCurrent()V+3
j  org.lwjgl.opengl.Display.makeCurrentAndSetSwapInterval()V+0
j  org.lwjgl.opengl.Display.create(Lorg/lwjgl/opengl/PixelFormat;Lorg/lwjgl/opengl/Drawable;Lorg/lwjgl/opengl/ContextAttribs;)V+108
j  org.lwjgl.opengl.Display.create(Lorg/lwjgl/opengl/PixelFormat;)V+12
j  org.newdawn.slick.AppGameContainer.tryCreateDisplay(Lorg/lwjgl/opengl/PixelFormat;)V+7
j  org.newdawn.slick.AppGameContainer.access$000(Lorg/newdawn/slick/AppGameContainer;Lorg/lwjgl/opengl/PixelFormat;)V+2
j  org.newdawn.slick.AppGameContainer$2.run()Ljava/lang/Object;+36
j  java.security.AccessController.executePrivileged(Ljava/security/PrivilegedAction;Ljava/security/AccessControlContext;Ljava/lang/Class;)Ljava/lang/Object;+29 java.base@13.0.1
j  java.security.AccessController.doPrivileged(Ljava/security/PrivilegedAction;)Ljava/lang/Object;+5 java.base@13.0.1
j  org.newdawn.slick.AppGameContainer.setup()V+112
j  org.newdawn.slick.AppGameContainer.start()V+1
j  IsaacMain.Window.showWindow()V+50
j  IsaacMain.Main.main([Ljava/lang/String;)V+5
v  ~StubRoutines::call_stub
V  [libjvm.dylib+0x39910f]  _ZN9JavaCalls11call_helperEP9JavaValueRK12methodHandleP17JavaCallArgumentsP6Thread+0x285
V  [libjvm.dylib+0x3da7c1]  _ZL17jni_invoke_staticP7JNIEnv_P9JavaValueP8_jobject11JNICallTypeP10_jmethodIDP18JNI_ArgumentPusherP6Thread+0x11c
V  [libjvm.dylib+0x3ddf84]  jni_CallStaticVoidMethod+0x1c9
C  [libjli.dylib+0x4a66]  JavaMain+0xab4
C  [libjli.dylib+0x6d64]  ThreadJavaMain+0x9
C  [libsystem_pthread.dylib+0x5d76]  _pthread_start+0x7d
C  [libsystem_pthread.dylib+0x25d7]  thread_start+0xf

Java frames: (J=compiled Java code, j=interpreted, Vv=VM code)
j  org.lwjgl.opengl.MacOSXContextImplementation.setView(Ljava/nio/ByteBuffer;Ljava/nio/ByteBuffer;)V+0
j  org.lwjgl.opengl.MacOSXContextImplementation.makeCurrent(Lorg/lwjgl/opengl/PeerInfo;Ljava/nio/ByteBuffer;)V+7
j  org.lwjgl.opengl.ContextGL.makeCurrent()V+46
j  org.lwjgl.opengl.DrawableGL.makeCurrent()V+14
j  org.lwjgl.opengl.Display.makeCurrent()V+3
j  org.lwjgl.opengl.Display.makeCurrentAndSetSwapInterval()V+0
j  org.lwjgl.opengl.Display.create(Lorg/lwjgl/opengl/PixelFormat;Lorg/lwjgl/opengl/Drawable;Lorg/lwjgl/opengl/ContextAttribs;)V+108
j  org.lwjgl.opengl.Display.create(Lorg/lwjgl/opengl/PixelFormat;)V+12
j  org.newdawn.slick.AppGameContainer.tryCreateDisplay(Lorg/lwjgl/opengl/PixelFormat;)V+7
j  org.newdawn.slick.AppGameContainer.access$000(Lorg/newdawn/slick/AppGameContainer;Lorg/lwjgl/opengl/PixelFormat;)V+2
j  org.newdawn.slick.AppGameContainer$2.run()Ljava/lang/Object;+36
j  java.security.AccessController.executePrivileged(Ljava/security/PrivilegedAction;Ljava/security/AccessControlContext;Ljava/lang/Class;)Ljava/lang/Object;+29 java.base@13.0.1
j  java.security.AccessController.doPrivileged(Ljava/security/PrivilegedAction;)Ljava/lang/Object;+5 java.base@13.0.1
j  org.newdawn.slick.AppGameContainer.setup()V+112
j  org.newdawn.slick.AppGameContainer.start()V+1
j  IsaacMain.Window.showWindow()V+50
j  IsaacMain.Main.main([Ljava/lang/String;)V+5
v  ~StubRoutines::call_stub

siginfo: si_signo: 11 (SIGSEGV), si_code: 1 (SEGV_MAPERR), si_addr: 0x0000000000000020

Register to memory mapping:

RAX=0x0 is NULL
RBX=0x00007fe1b2801000 points into unknown readable memory: a1 a1 a1 a1 41 55 54 4f
RCX=0x00007fe1b2801178 points into unknown readable memory: a3 a3 a3 a3 a3 a3 a3 a3
RDX=0x0000000000000006 is an unknown value
RSP=0x0000700001940268 is pointing into the stack for thread: 0x00007fe1b200d800
RBP=0x0000700001940290 is pointing into the stack for thread: 0x00007fe1b200d800
RSI=0x00007fe1b0dba780 points into unknown readable memory: 65 5c 8b 2a 01 80 3d 00
RDI=0x00007fe1b0ee6a50 points into unknown readable memory: 00 00 00 00 00 00 00 a0
R8 =0x00000000000130a8 is an unknown value
R9 =0x0 is NULL
R10=0x000000012a8b5c60: OBJC_CLASS_$_MacOSXOpenGLView+0 in /Users/fabrizio/NetBeansProjects/SEProject/lib/liblwjgl.dylib at 0x000000012a877000
R11=0x00007fff2bf586cc: -[NSResponder release]+0 in /System/Library/Frameworks/AppKit.framework/Versions/C/AppKit at 0x00007fff2b851000
R12=0x00007fe1b0f2a690 points into unknown readable memory: 51 46 6a 8a ff ff 1d 00
R13=0x0000000125efde68 is pointing into metadata
R14=0x00007fe1b2801108 points into unknown readable memory: 00 00 00 00 00 00 00 00
R15=0xa3a3a3a3a3a3a3a3 is an unknown value


Registers:
RAX=0x0000000000000000, RBX=0x00007fe1b2801000, RCX=0x00007fe1b2801178, RDX=0x0000000000000006
RSP=0x0000700001940268, RBP=0x0000700001940290, RSI=0x00007fe1b0dba780, RDI=0x00007fe1b0ee6a50
R8 =0x00000000000130a8, R9 =0x0000000000000000, R10=0x000000012a8b5c60, R11=0x00007fff2bf586cc
R12=0x00007fe1b0f2a690, R13=0x0000000125efde68, R14=0x00007fe1b2801108, R15=0xa3a3a3a3a3a3a3a3
RIP=0x00007fff645dc598, EFLAGS=0x0000000000010246, ERR=0x0000000000000004
  TRAPNO=0x000000000000000e

Top of Stack: (sp=0x0000700001940268)
0x0000700001940268:   00007fff645f653a 0000000000000000
0x0000700001940278:   00007fe1b2801000 00007fff6f3d086e
0x0000700001940288:   00007fe1b200db10 00007000019402b0
0x0000700001940298:   00007fff645dcc70 0000000000000000
0x00007000019402a8:   00007fe1b2801108 00007000019402d0
0x00007000019402b8:   00007fff2e61867e 0000000000000000
0x00007000019402c8:   00007fe1b0f2a690 0000700001940310
0x00007000019402d8:   00007fff30ccb105 0000000000000000
0x00007000019402e8:   00007fe1b0f46a40 00007fe1b0dba780
0x00007000019402f8:   a5d682e1ceb3008e 00007fe1b0f3bf30
0x0000700001940308:   00007fe1b0c71000 0000700001940340
0x0000700001940318:   000000012a88dcce 0000000125efde70
0x0000700001940328:   0000000000000000 00007000019403d8
0x0000700001940338:   00007fe1b200d800 00007000019403b0
0x0000700001940348:   000000010f780c90 00007000019403b0
0x0000700001940358:   000000010f7809de 000000010f780996
0x0000700001940368:   0000700001940368 0000000125efde68
0x0000700001940378:   00007000019403d8 0000000125efe418
0x0000700001940388:   0000000000000000 0000000787ca25d8
0x0000700001940398:   0000000125efde70 0000000000000000
0x00007000019403a8:   00007000019403d0 0000700001940428
0x00007000019403b8:   000000010f77afb3 0000000787ca25d8
0x00007000019403c8:   000000010f77dbb8 0000000787cabf78
0x00007000019403d8:   0000000787c2b6b0 00007000019403e0
0x00007000019403e8:   0000000125efdd67 0000700001940458
0x00007000019403f8:   0000000125efe418 0000000000000000
0x0000700001940408:   0000000787ca25d8 0000000125efddd8
0x0000700001940418:   00007000019403d0 0000700001940448
0x0000700001940428:   00007000019404b8 000000010f77aff8
0x0000700001940438:   0000000000000000 0000000787c2b6b0
0x0000700001940448:   0000000787cabf78 0000000787c2b5f0
0x0000700001940458:   0000000787ca2700 00007000019404a0 

Instructions: (pc=0x00007fff645dc598)
0x00007fff645dc498:   90 90 90 90 66 83 7f 0e 00 74 03 31 c0 c3 48 8b
0x00007fff645dc4a8:   07 8b 4f 08 48 8d 15 4d bf 01 00 85 c9 74 3c 8b
0x00007fff645dc4b8:   4f 08 8d 71 02 81 fe 02 04 00 00 72 2e ff c1 31
0x00007fff645dc4c8:   f6 89 cf 48 89 f2 d1 ef 48 8d 76 01 83 f9 03 89
0x00007fff645dc4d8:   f9 77 f0 3b 35 b7 48 04 2e 73 0e 48 8b 0d b6 48
0x00007fff645dc4e8:   04 2e 48 8b 54 d1 08 eb 02 31 d2 48 39 c2 0f 94
0x00007fff645dc4f8:   c0 c3 90 90 90 90 90 90 90 90 90 55 48 89 e5 41
0x00007fff645dc508:   56 53 89 fb 44 8d 73 01 49 c1 e6 04 be 01 00 00
0x00007fff645dc518:   00 4c 89 f7 e8 03 b8 01 00 49 89 44 06 f8 49 c7
0x00007fff645dc528:   44 06 f0 01 00 00 00 80 3d 34 4a 04 2e 00 74 2e
0x00007fff645dc538:   31 c9 83 fb 02 72 14 31 c9 89 da d1 ea ff c1 83
0x00007fff645dc548:   fb 03 89 d3 77 f5 83 f9 0f 77 0c 89 c9 48 8d 15
0x00007fff645dc558:   f4 47 04 2e ff 04 8a 48 ff 05 2a 48 04 2e 5b 41
0x00007fff645dc568:   5e 5d c3 90 90 90 90 90 90 90 90 e9 f3 38 00 00
0x00007fff645dc578:   90 90 90 90 90 90 90 90 48 85 ff 74 64 40 f6 c7
0x00007fff645dc588:   01 75 5e 48 b8 f8 ff ff ff ff 7f 00 00 48 23 07
0x00007fff645dc598:   f6 40 20 04 74 69 48 b9 00 00 00 00 00 00 00 01
0x00007fff645dc5a8:   48 ba 00 00 00 00 00 00 40 00 48 8b 07 a8 01 74
0x00007fff645dc5b8:   3e 48 89 c6 48 29 ce 73 21 48 0f ba e0 37 72 4c
0x00007fff645dc5c8:   48 0f ba e0 36 0f 82 49 96 01 00 48 89 c6 48 09
0x00007fff645dc5d8:   d6 f0 48 0f b1 37 75 d2 eb 08 f0 48 0f b1 37 75
0x00007fff645dc5e8:   c9 c3 48 8b 35 ff 38 04 2e ff 25 81 1a 04 2e f6
0x00007fff645dc5f8:   40 1c 01 75 ec be 01 00 00 00 e9 f7 4f 00 00 48
0x00007fff645dc608:   8b 35 12 38 04 2e ff 25 64 1a 04 2e be 01 00 00
0x00007fff645dc618:   00 e9 e8 52 00 00 90 90 90 90 90 90 90 90 90 90
0x00007fff645dc628:   90 90 e9 04 00 00 00 90 90 90 90 55 48 89 e5 53
0x00007fff645dc638:   50 48 89 fb f6 c3 01 75 21 48 b8 07 00 00 00 00
0x00007fff645dc648:   00 a0 00 48 23 03 48 83 f8 01 75 15 48 89 df 48
0x00007fff645dc658:   83 c4 08 5b 5d e9 16 b7 01 00 48 83 c4 08 5b 5d
0x00007fff645dc668:   c3 48 89 df e8 34 00 00 00 eb e1 48 85 ff 74 1c
0x00007fff645dc678:   55 48 89 e5 53 50 48 89 fb e8 1f 00 00 00 48 89
0x00007fff645dc688:   df e8 ea b6 01 00 48 83 c4 08 5b 5d 31 c0 c3 90 


Stack slot to memory mapping:
stack at sp + 0 slots: 0x00007fff645f653a: _ZN19AutoreleasePoolPage12releaseUntilEPP11objc_object+0x86 in /usr/lib/libobjc.A.dylib at 0x00007fff645d4000
stack at sp + 1 slots: 0x0 is NULL
stack at sp + 2 slots: 0x00007fe1b2801000 points into unknown readable memory: a1 a1 a1 a1 41 55 54 4f
stack at sp + 3 slots: 0x00007fff6f3d086e: GCC_except_table728+0xadce9de in /usr/lib/libobjc.A.dylib at 0x00007fff645d4000
stack at sp + 4 slots: 0x00007fe1b200db10 points into unknown readable memory: e0 ad df 06 01 00 00 00
stack at sp + 5 slots: 0x00007000019402b0 is pointing into the stack for thread: 0x00007fe1b200d800
stack at sp + 6 slots: 0x00007fff645dcc70: objc_autoreleasePoolPop+0xaf in /usr/lib/libobjc.A.dylib at 0x00007fff645d4000
stack at sp + 7 slots: 0x0 is NULL


---------------  P R O C E S S  ---------------

Threads class SMR info:
_java_thread_list=0x00007fe1b0e731b0, length=11, elements={
0x00007fe1b200d800, 0x00007fe1b182b000, 0x00007fe1b2025800, 0x00007fe1b2036800,
0x00007fe1b2039800, 0x00007fe1b203a800, 0x00007fe1b203b800, 0x00007fe1b2037800,
0x00007fe1b182d000, 0x00007fe1b20b1000, 0x00007fe1b2105000
}

Java Threads: ( => current thread )
=>0x00007fe1b200d800 JavaThread "main" [_thread_in_native, id=10243, stack(0x0000700001841000,0x0000700001941000)]
  0x00007fe1b182b000 JavaThread "Reference Handler" daemon [_thread_blocked, id=14339, stack(0x0000700001f56000,0x0000700002056000)]
  0x00007fe1b2025800 JavaThread "Finalizer" daemon [_thread_blocked, id=14851, stack(0x0000700002059000,0x0000700002159000)]
  0x00007fe1b2036800 JavaThread "Signal Dispatcher" daemon [_thread_blocked, id=21763, stack(0x0000700002262000,0x0000700002362000)]
  0x00007fe1b2039800 JavaThread "C2 CompilerThread0" daemon [_thread_blocked, id=42755, stack(0x0000700002365000,0x0000700002465000)]
  0x00007fe1b203a800 JavaThread "C1 CompilerThread0" daemon [_thread_blocked, id=22275, stack(0x0000700002468000,0x0000700002568000)]
  0x00007fe1b203b800 JavaThread "Sweeper thread" daemon [_thread_blocked, id=42243, stack(0x000070000256b000,0x000070000266b000)]
  0x00007fe1b2037800 JavaThread "Service Thread" daemon [_thread_blocked, id=23043, stack(0x000070000266e000,0x000070000276e000)]
  0x00007fe1b182d000 JavaThread "Common-Cleaner" daemon [_thread_blocked, id=41219, stack(0x0000700002874000,0x0000700002974000)]
  0x00007fe1b20b1000 JavaThread "AppKit Thread" daemon [_thread_in_native, id=775, stack(0x00007ffee9ce9000,0x00007ffeea4e9000)]
  0x00007fe1b2105000 JavaThread "AWT-Shutdown" [_thread_blocked, id=30211, stack(0x0000700002977000,0x0000700002a77000)]

Other Threads:
  0x00007fe1b182a800 VMThread "VM Thread" [stack: 0x0000700001e53000,0x0000700001f53000] [id=18947]
  0x00007fe1b1802000 WatcherThread [stack: 0x0000700002771000,0x0000700002871000] [id=23555]
  0x00007fe1b1028800 GCTaskThread "GC Thread#0" [stack: 0x0000700001944000,0x0000700001a44000] [id=11779]
  0x00007fe1b1813800 ConcurrentGCThread "G1 Main Marker" [stack: 0x0000700001a47000,0x0000700001b47000] [id=12291]
  0x00007fe1b1814000 ConcurrentGCThread "G1 Conc#0" [stack: 0x0000700001b4a000,0x0000700001c4a000] [id=20483]
  0x00007fe1b1069800 ConcurrentGCThread "G1 Refine#0" [stack: 0x0000700001c4d000,0x0000700001d4d000] [id=19971]
  0x00007fe1b106a000 ConcurrentGCThread "G1 Young RemSet Sampling" [stack: 0x0000700001d50000,0x0000700001e50000] [id=19715]

Threads with active compile tasks:

VM state:not at safepoint (normal execution)

VM Mutex/Monitor currently owned by a thread: None

Heap address: 0x0000000780000000, size: 2048 MB, Compressed Oops mode: Zero based, Oop shift amount: 3
Narrow klass base: 0x0000000800000000, Narrow klass shift: 3
Compressed class space size: 1073741824 Address: 0x0000000800ae0000

Heap:
 garbage-first heap   total 133120K, used 3832K [0x0000000780000000, 0x0000000800000000)
  region size 1024K, 4 young (4096K), 0 survivors (0K)
 Metaspace       used 2486K, capacity 5202K, committed 5376K, reserved 1056768K
  class space    used 244K, capacity 500K, committed 512K, reserved 1048576K
Heap Regions: E=young(eden), S=young(survivor), O=old, HS=humongous(starts), HC=humongous(continues), CS=collection set, F=free, A=archive, TAMS=top-at-mark-start (previous, next)
|   0|0x0000000780000000, 0x0000000780000000, 0x0000000780100000|  0%| F|  |TAMS 0x0000000780000000, 0x0000000780000000| Untracked 
|   1|0x0000000780100000, 0x0000000780100000, 0x0000000780200000|  0%| F|  |TAMS 0x0000000780100000, 0x0000000780100000| Untracked 
|   2|0x0000000780200000, 0x0000000780200000, 0x0000000780300000|  0%| F|  |TAMS 0x0000000780200000, 0x0000000780200000| Untracked 
|   3|0x0000000780300000, 0x0000000780300000, 0x0000000780400000|  0%| F|  |TAMS 0x0000000780300000, 0x0000000780300000| Untracked 
|   4|0x0000000780400000, 0x0000000780400000, 0x0000000780500000|  0%| F|  |TAMS 0x0000000780400000, 0x0000000780400000| Untracked 
|   5|0x0000000780500000, 0x0000000780500000, 0x0000000780600000|  0%| F|  |TAMS 0x0000000780500000, 0x0000000780500000| Untracked 
|   6|0x0000000780600000, 0x0000000780600000, 0x0000000780700000|  0%| F|  |TAMS 0x0000000780600000, 0x0000000780600000| Untracked 
|   7|0x0000000780700000, 0x0000000780700000, 0x0000000780800000|  0%| F|  |TAMS 0x0000000780700000, 0x0000000780700000| Untracked 
|   8|0x0000000780800000, 0x0000000780800000, 0x0000000780900000|  0%| F|  |TAMS 0x0000000780800000, 0x0000000780800000| Untracked 
|   9|0x0000000780900000, 0x0000000780900000, 0x0000000780a00000|  0%| F|  |TAMS 0x0000000780900000, 0x0000000780900000| Untracked 
|  10|0x0000000780a00000, 0x0000000780a00000, 0x0000000780b00000|  0%| F|  |TAMS 0x0000000780a00000, 0x0000000780a00000| Untracked 
|  11|0x0000000780b00000, 0x0000000780b00000, 0x0000000780c00000|  0%| F|  |TAMS 0x0000000780b00000, 0x0000000780b00000| Untracked 
|  12|0x0000000780c00000, 0x0000000780c00000, 0x0000000780d00000|  0%| F|  |TAMS 0x0000000780c00000, 0x0000000780c00000| Untracked 
|  13|0x0000000780d00000, 0x0000000780d00000, 0x0000000780e00000|  0%| F|  |TAMS 0x0000000780d00000, 0x0000000780d00000| Untracked 
|  14|0x0000000780e00000, 0x0000000780e00000, 0x0000000780f00000|  0%| F|  |TAMS 0x0000000780e00000, 0x0000000780e00000| Untracked 
|  15|0x0000000780f00000, 0x0000000780f00000, 0x0000000781000000|  0%| F|  |TAMS 0x0000000780f00000, 0x0000000780f00000| Untracked 
|  16|0x0000000781000000, 0x0000000781000000, 0x0000000781100000|  0%| F|  |TAMS 0x0000000781000000, 0x0000000781000000| Untracked 
|  17|0x0000000781100000, 0x0000000781100000, 0x0000000781200000|  0%| F|  |TAMS 0x0000000781100000, 0x0000000781100000| Untracked 
|  18|0x0000000781200000, 0x0000000781200000, 0x0000000781300000|  0%| F|  |TAMS 0x0000000781200000, 0x0000000781200000| Untracked 
|  19|0x0000000781300000, 0x0000000781300000, 0x0000000781400000|  0%| F|  |TAMS 0x0000000781300000, 0x0000000781300000| Untracked 
|  20|0x0000000781400000, 0x0000000781400000, 0x0000000781500000|  0%| F|  |TAMS 0x0000000781400000, 0x0000000781400000| Untracked 
|  21|0x0000000781500000, 0x0000000781500000, 0x0000000781600000|  0%| F|  |TAMS 0x0000000781500000, 0x0000000781500000| Untracked 
|  22|0x0000000781600000, 0x0000000781600000, 0x0000000781700000|  0%| F|  |TAMS 0x0000000781600000, 0x0000000781600000| Untracked 
|  23|0x0000000781700000, 0x0000000781700000, 0x0000000781800000|  0%| F|  |TAMS 0x0000000781700000, 0x0000000781700000| Untracked 
|  24|0x0000000781800000, 0x0000000781800000, 0x0000000781900000|  0%| F|  |TAMS 0x0000000781800000, 0x0000000781800000| Untracked 
|  25|0x0000000781900000, 0x0000000781900000, 0x0000000781a00000|  0%| F|  |TAMS 0x0000000781900000, 0x0000000781900000| Untracked 
|  26|0x0000000781a00000, 0x0000000781a00000, 0x0000000781b00000|  0%| F|  |TAMS 0x0000000781a00000, 0x0000000781a00000| Untracked 
|  27|0x0000000781b00000, 0x0000000781b00000, 0x0000000781c00000|  0%| F|  |TAMS 0x0000000781b00000, 0x0000000781b00000| Untracked 
|  28|0x0000000781c00000, 0x0000000781c00000, 0x0000000781d00000|  0%| F|  |TAMS 0x0000000781c00000, 0x0000000781c00000| Untracked 
|  29|0x0000000781d00000, 0x0000000781d00000, 0x0000000781e00000|  0%| F|  |TAMS 0x0000000781d00000, 0x0000000781d00000| Untracked 
|  30|0x0000000781e00000, 0x0000000781e00000, 0x0000000781f00000|  0%| F|  |TAMS 0x0000000781e00000, 0x0000000781e00000| Untracked 
|  31|0x0000000781f00000, 0x0000000781f00000, 0x0000000782000000|  0%| F|  |TAMS 0x0000000781f00000, 0x0000000781f00000| Untracked 
|  32|0x0000000782000000, 0x0000000782000000, 0x0000000782100000|  0%| F|  |TAMS 0x0000000782000000, 0x0000000782000000| Untracked 
|  33|0x0000000782100000, 0x0000000782100000, 0x0000000782200000|  0%| F|  |TAMS 0x0000000782100000, 0x0000000782100000| Untracked 
|  34|0x0000000782200000, 0x0000000782200000, 0x0000000782300000|  0%| F|  |TAMS 0x0000000782200000, 0x0000000782200000| Untracked 
|  35|0x0000000782300000, 0x0000000782300000, 0x0000000782400000|  0%| F|  |TAMS 0x0000000782300000, 0x0000000782300000| Untracked 
|  36|0x0000000782400000, 0x0000000782400000, 0x0000000782500000|  0%| F|  |TAMS 0x0000000782400000, 0x0000000782400000| Untracked 
|  37|0x0000000782500000, 0x0000000782500000, 0x0000000782600000|  0%| F|  |TAMS 0x0000000782500000, 0x0000000782500000| Untracked 
|  38|0x0000000782600000, 0x0000000782600000, 0x0000000782700000|  0%| F|  |TAMS 0x0000000782600000, 0x0000000782600000| Untracked 
|  39|0x0000000782700000, 0x0000000782700000, 0x0000000782800000|  0%| F|  |TAMS 0x0000000782700000, 0x0000000782700000| Untracked 
|  40|0x0000000782800000, 0x0000000782800000, 0x0000000782900000|  0%| F|  |TAMS 0x0000000782800000, 0x0000000782800000| Untracked 
|  41|0x0000000782900000, 0x0000000782900000, 0x0000000782a00000|  0%| F|  |TAMS 0x0000000782900000, 0x0000000782900000| Untracked 
|  42|0x0000000782a00000, 0x0000000782a00000, 0x0000000782b00000|  0%| F|  |TAMS 0x0000000782a00000, 0x0000000782a00000| Untracked 
|  43|0x0000000782b00000, 0x0000000782b00000, 0x0000000782c00000|  0%| F|  |TAMS 0x0000000782b00000, 0x0000000782b00000| Untracked 
|  44|0x0000000782c00000, 0x0000000782c00000, 0x0000000782d00000|  0%| F|  |TAMS 0x0000000782c00000, 0x0000000782c00000| Untracked 
|  45|0x0000000782d00000, 0x0000000782d00000, 0x0000000782e00000|  0%| F|  |TAMS 0x0000000782d00000, 0x0000000782d00000| Untracked 
|  46|0x0000000782e00000, 0x0000000782e00000, 0x0000000782f00000|  0%| F|  |TAMS 0x0000000782e00000, 0x0000000782e00000| Untracked 
|  47|0x0000000782f00000, 0x0000000782f00000, 0x0000000783000000|  0%| F|  |TAMS 0x0000000782f00000, 0x0000000782f00000| Untracked 
|  48|0x0000000783000000, 0x0000000783000000, 0x0000000783100000|  0%| F|  |TAMS 0x0000000783000000, 0x0000000783000000| Untracked 
|  49|0x0000000783100000, 0x0000000783100000, 0x0000000783200000|  0%| F|  |TAMS 0x0000000783100000, 0x0000000783100000| Untracked 
|  50|0x0000000783200000, 0x0000000783200000, 0x0000000783300000|  0%| F|  |TAMS 0x0000000783200000, 0x0000000783200000| Untracked 
|  51|0x0000000783300000, 0x0000000783300000, 0x0000000783400000|  0%| F|  |TAMS 0x0000000783300000, 0x0000000783300000| Untracked 
|  52|0x0000000783400000, 0x0000000783400000, 0x0000000783500000|  0%| F|  |TAMS 0x0000000783400000, 0x0000000783400000| Untracked 
|  53|0x0000000783500000, 0x0000000783500000, 0x0000000783600000|  0%| F|  |TAMS 0x0000000783500000, 0x0000000783500000| Untracked 
|  54|0x0000000783600000, 0x0000000783600000, 0x0000000783700000|  0%| F|  |TAMS 0x0000000783600000, 0x0000000783600000| Untracked 
|  55|0x0000000783700000, 0x0000000783700000, 0x0000000783800000|  0%| F|  |TAMS 0x0000000783700000, 0x0000000783700000| Untracked 
|  56|0x0000000783800000, 0x0000000783800000, 0x0000000783900000|  0%| F|  |TAMS 0x0000000783800000, 0x0000000783800000| Untracked 
|  57|0x0000000783900000, 0x0000000783900000, 0x0000000783a00000|  0%| F|  |TAMS 0x0000000783900000, 0x0000000783900000| Untracked 
|  58|0x0000000783a00000, 0x0000000783a00000, 0x0000000783b00000|  0%| F|  |TAMS 0x0000000783a00000, 0x0000000783a00000| Untracked 
|  59|0x0000000783b00000, 0x0000000783b00000, 0x0000000783c00000|  0%| F|  |TAMS 0x0000000783b00000, 0x0000000783b00000| Untracked 
|  60|0x0000000783c00000, 0x0000000783c00000, 0x0000000783d00000|  0%| F|  |TAMS 0x0000000783c00000, 0x0000000783c00000| Untracked 
|  61|0x0000000783d00000, 0x0000000783d00000, 0x0000000783e00000|  0%| F|  |TAMS 0x0000000783d00000, 0x0000000783d00000| Untracked 
|  62|0x0000000783e00000, 0x0000000783e00000, 0x0000000783f00000|  0%| F|  |TAMS 0x0000000783e00000, 0x0000000783e00000| Untracked 
|  63|0x0000000783f00000, 0x0000000783f00000, 0x0000000784000000|  0%| F|  |TAMS 0x0000000783f00000, 0x0000000783f00000| Untracked 
|  64|0x0000000784000000, 0x0000000784000000, 0x0000000784100000|  0%| F|  |TAMS 0x0000000784000000, 0x0000000784000000| Untracked 
|  65|0x0000000784100000, 0x0000000784100000, 0x0000000784200000|  0%| F|  |TAMS 0x0000000784100000, 0x0000000784100000| Untracked 
|  66|0x0000000784200000, 0x0000000784200000, 0x0000000784300000|  0%| F|  |TAMS 0x0000000784200000, 0x0000000784200000| Untracked 
|  67|0x0000000784300000, 0x0000000784300000, 0x0000000784400000|  0%| F|  |TAMS 0x0000000784300000, 0x0000000784300000| Untracked 
|  68|0x0000000784400000, 0x0000000784400000, 0x0000000784500000|  0%| F|  |TAMS 0x0000000784400000, 0x0000000784400000| Untracked 
|  69|0x0000000784500000, 0x0000000784500000, 0x0000000784600000|  0%| F|  |TAMS 0x0000000784500000, 0x0000000784500000| Untracked 
|  70|0x0000000784600000, 0x0000000784600000, 0x0000000784700000|  0%| F|  |TAMS 0x0000000784600000, 0x0000000784600000| Untracked 
|  71|0x0000000784700000, 0x0000000784700000, 0x0000000784800000|  0%| F|  |TAMS 0x0000000784700000, 0x0000000784700000| Untracked 
|  72|0x0000000784800000, 0x0000000784800000, 0x0000000784900000|  0%| F|  |TAMS 0x0000000784800000, 0x0000000784800000| Untracked 
|  73|0x0000000784900000, 0x0000000784900000, 0x0000000784a00000|  0%| F|  |TAMS 0x0000000784900000, 0x0000000784900000| Untracked 
|  74|0x0000000784a00000, 0x0000000784a00000, 0x0000000784b00000|  0%| F|  |TAMS 0x0000000784a00000, 0x0000000784a00000| Untracked 
|  75|0x0000000784b00000, 0x0000000784b00000, 0x0000000784c00000|  0%| F|  |TAMS 0x0000000784b00000, 0x0000000784b00000| Untracked 
|  76|0x0000000784c00000, 0x0000000784c00000, 0x0000000784d00000|  0%| F|  |TAMS 0x0000000784c00000, 0x0000000784c00000| Untracked 
|  77|0x0000000784d00000, 0x0000000784d00000, 0x0000000784e00000|  0%| F|  |TAMS 0x0000000784d00000, 0x0000000784d00000| Untracked 
|  78|0x0000000784e00000, 0x0000000784e00000, 0x0000000784f00000|  0%| F|  |TAMS 0x0000000784e00000, 0x0000000784e00000| Untracked 
|  79|0x0000000784f00000, 0x0000000784f00000, 0x0000000785000000|  0%| F|  |TAMS 0x0000000784f00000, 0x0000000784f00000| Untracked 
|  80|0x0000000785000000, 0x0000000785000000, 0x0000000785100000|  0%| F|  |TAMS 0x0000000785000000, 0x0000000785000000| Untracked 
|  81|0x0000000785100000, 0x0000000785100000, 0x0000000785200000|  0%| F|  |TAMS 0x0000000785100000, 0x0000000785100000| Untracked 
|  82|0x0000000785200000, 0x0000000785200000, 0x0000000785300000|  0%| F|  |TAMS 0x0000000785200000, 0x0000000785200000| Untracked 
|  83|0x0000000785300000, 0x0000000785300000, 0x0000000785400000|  0%| F|  |TAMS 0x0000000785300000, 0x0000000785300000| Untracked 
|  84|0x0000000785400000, 0x0000000785400000, 0x0000000785500000|  0%| F|  |TAMS 0x0000000785400000, 0x0000000785400000| Untracked 
|  85|0x0000000785500000, 0x0000000785500000, 0x0000000785600000|  0%| F|  |TAMS 0x0000000785500000, 0x0000000785500000| Untracked 
|  86|0x0000000785600000, 0x0000000785600000, 0x0000000785700000|  0%| F|  |TAMS 0x0000000785600000, 0x0000000785600000| Untracked 
|  87|0x0000000785700000, 0x0000000785700000, 0x0000000785800000|  0%| F|  |TAMS 0x0000000785700000, 0x0000000785700000| Untracked 
|  88|0x0000000785800000, 0x0000000785800000, 0x0000000785900000|  0%| F|  |TAMS 0x0000000785800000, 0x0000000785800000| Untracked 
|  89|0x0000000785900000, 0x0000000785900000, 0x0000000785a00000|  0%| F|  |TAMS 0x0000000785900000, 0x0000000785900000| Untracked 
|  90|0x0000000785a00000, 0x0000000785a00000, 0x0000000785b00000|  0%| F|  |TAMS 0x0000000785a00000, 0x0000000785a00000| Untracked 
|  91|0x0000000785b00000, 0x0000000785b00000, 0x0000000785c00000|  0%| F|  |TAMS 0x0000000785b00000, 0x0000000785b00000| Untracked 
|  92|0x0000000785c00000, 0x0000000785c00000, 0x0000000785d00000|  0%| F|  |TAMS 0x0000000785c00000, 0x0000000785c00000| Untracked 
|  93|0x0000000785d00000, 0x0000000785d00000, 0x0000000785e00000|  0%| F|  |TAMS 0x0000000785d00000, 0x0000000785d00000| Untracked 
|  94|0x0000000785e00000, 0x0000000785e00000, 0x0000000785f00000|  0%| F|  |TAMS 0x0000000785e00000, 0x0000000785e00000| Untracked 
|  95|0x0000000785f00000, 0x0000000785f00000, 0x0000000786000000|  0%| F|  |TAMS 0x0000000785f00000, 0x0000000785f00000| Untracked 
|  96|0x0000000786000000, 0x0000000786000000, 0x0000000786100000|  0%| F|  |TAMS 0x0000000786000000, 0x0000000786000000| Untracked 
|  97|0x0000000786100000, 0x0000000786100000, 0x0000000786200000|  0%| F|  |TAMS 0x0000000786100000, 0x0000000786100000| Untracked 
|  98|0x0000000786200000, 0x0000000786200000, 0x0000000786300000|  0%| F|  |TAMS 0x0000000786200000, 0x0000000786200000| Untracked 
|  99|0x0000000786300000, 0x0000000786300000, 0x0000000786400000|  0%| F|  |TAMS 0x0000000786300000, 0x0000000786300000| Untracked 
| 100|0x0000000786400000, 0x0000000786400000, 0x0000000786500000|  0%| F|  |TAMS 0x0000000786400000, 0x0000000786400000| Untracked 
| 101|0x0000000786500000, 0x0000000786500000, 0x0000000786600000|  0%| F|  |TAMS 0x0000000786500000, 0x0000000786500000| Untracked 
| 102|0x0000000786600000, 0x0000000786600000, 0x0000000786700000|  0%| F|  |TAMS 0x0000000786600000, 0x0000000786600000| Untracked 
| 103|0x0000000786700000, 0x0000000786700000, 0x0000000786800000|  0%| F|  |TAMS 0x0000000786700000, 0x0000000786700000| Untracked 
| 104|0x0000000786800000, 0x0000000786800000, 0x0000000786900000|  0%| F|  |TAMS 0x0000000786800000, 0x0000000786800000| Untracked 
| 105|0x0000000786900000, 0x0000000786900000, 0x0000000786a00000|  0%| F|  |TAMS 0x0000000786900000, 0x0000000786900000| Untracked 
| 106|0x0000000786a00000, 0x0000000786a00000, 0x0000000786b00000|  0%| F|  |TAMS 0x0000000786a00000, 0x0000000786a00000| Untracked 
| 107|0x0000000786b00000, 0x0000000786b00000, 0x0000000786c00000|  0%| F|  |TAMS 0x0000000786b00000, 0x0000000786b00000| Untracked 
| 108|0x0000000786c00000, 0x0000000786c00000, 0x0000000786d00000|  0%| F|  |TAMS 0x0000000786c00000, 0x0000000786c00000| Untracked 
| 109|0x0000000786d00000, 0x0000000786d00000, 0x0000000786e00000|  0%| F|  |TAMS 0x0000000786d00000, 0x0000000786d00000| Untracked 
| 110|0x0000000786e00000, 0x0000000786e00000, 0x0000000786f00000|  0%| F|  |TAMS 0x0000000786e00000, 0x0000000786e00000| Untracked 
| 111|0x0000000786f00000, 0x0000000786f00000, 0x0000000787000000|  0%| F|  |TAMS 0x0000000786f00000, 0x0000000786f00000| Untracked 
| 112|0x0000000787000000, 0x0000000787000000, 0x0000000787100000|  0%| F|  |TAMS 0x0000000787000000, 0x0000000787000000| Untracked 
| 113|0x0000000787100000, 0x0000000787100000, 0x0000000787200000|  0%| F|  |TAMS 0x0000000787100000, 0x0000000787100000| Untracked 
| 114|0x0000000787200000, 0x0000000787200000, 0x0000000787300000|  0%| F|  |TAMS 0x0000000787200000, 0x0000000787200000| Untracked 
| 115|0x0000000787300000, 0x0000000787300000, 0x0000000787400000|  0%| F|  |TAMS 0x0000000787300000, 0x0000000787300000| Untracked 
| 116|0x0000000787400000, 0x0000000787400000, 0x0000000787500000|  0%| F|  |TAMS 0x0000000787400000, 0x0000000787400000| Untracked 
| 117|0x0000000787500000, 0x0000000787500000, 0x0000000787600000|  0%| F|  |TAMS 0x0000000787500000, 0x0000000787500000| Untracked 
| 118|0x0000000787600000, 0x0000000787600000, 0x0000000787700000|  0%| F|  |TAMS 0x0000000787600000, 0x0000000787600000| Untracked 
| 119|0x0000000787700000, 0x0000000787700000, 0x0000000787800000|  0%| F|  |TAMS 0x0000000787700000, 0x0000000787700000| Untracked 
| 120|0x0000000787800000, 0x0000000787800000, 0x0000000787900000|  0%| F|  |TAMS 0x0000000787800000, 0x0000000787800000| Untracked 
| 121|0x0000000787900000, 0x0000000787900000, 0x0000000787a00000|  0%| F|  |TAMS 0x0000000787900000, 0x0000000787900000| Untracked 
| 122|0x0000000787a00000, 0x0000000787a00000, 0x0000000787b00000|  0%| F|  |TAMS 0x0000000787a00000, 0x0000000787a00000| Untracked 
| 123|0x0000000787b00000, 0x0000000787b00000, 0x0000000787c00000|  0%| F|  |TAMS 0x0000000787b00000, 0x0000000787b00000| Untracked 
| 124|0x0000000787c00000, 0x0000000787cd7908, 0x0000000787d00000| 84%| E|  |TAMS 0x0000000787c00000, 0x0000000787c00000| Complete 
| 125|0x0000000787d00000, 0x0000000787e00000, 0x0000000787e00000|100%| E|CS|TAMS 0x0000000787d00000, 0x0000000787d00000| Complete 
| 126|0x0000000787e00000, 0x0000000787f00000, 0x0000000787f00000|100%| E|CS|TAMS 0x0000000787e00000, 0x0000000787e00000| Complete 
| 127|0x0000000787f00000, 0x0000000788000000, 0x0000000788000000|100%| E|CS|TAMS 0x0000000787f00000, 0x0000000787f00000| Complete 
|1022|0x00000007bfe00000, 0x00000007bfe47000, 0x00000007bff00000| 27%|OA|  |TAMS 0x00000007bfe00000, 0x00000007bfe00000| Untracked 
|1023|0x00000007bff00000, 0x00000007bff77000, 0x00000007c0000000| 46%|CA|  |TAMS 0x00000007bff00000, 0x00000007bff00000| Untracked 

Card table byte_map: [0x000000011ee71000,0x000000011f271000] _byte_map_base: 0x000000011b271000

Marking Bits (Prev, Next): (CMBitMap*) 0x00007fe1b1802e18, (CMBitMap*) 0x00007fe1b1802e58
 Prev Bits: [0x000000011f671000, 0x0000000121671000)
 Next Bits: [0x0000000121671000, 0x0000000123671000)

Polling page: 0x0000000105787000

Metaspace:

Usage:
  Non-class:      4.59 MB capacity,     2.19 MB ( 48%) used,     2.40 MB ( 52%) free+waste,     5.31 KB ( <1%) overhead. 
      Class:    500.00 KB capacity,   244.34 KB ( 49%) used,   252.54 KB ( 51%) free+waste,     3.12 KB ( <1%) overhead. 
       Both:      5.08 MB capacity,     2.43 MB ( 48%) used,     2.64 MB ( 52%) free+waste,     8.44 KB ( <1%) overhead. 

Virtual space:
  Non-class space:        8.00 MB reserved,       4.75 MB ( 59%) committed 
      Class space:        1.00 GB reserved,     512.00 KB ( <1%) committed 
             Both:        1.01 GB reserved,       5.25 MB ( <1%) committed 

Chunk freelists:
   Non-Class:  30.00 KB
       Class:  12.00 KB
        Both:  42.00 KB

MaxMetaspaceSize: unlimited
CompressedClassSpaceSize: 1.00 GB

CodeHeap 'non-profiled nmethods': size=120032Kb used=128Kb max_used=128Kb free=119903Kb
 bounds [0x0000000117239000, 0x00000001174a9000, 0x000000011e771000]
CodeHeap 'profiled nmethods': size=120032Kb used=670Kb max_used=670Kb free=119361Kb
 bounds [0x000000010fd01000, 0x000000010ff71000, 0x0000000117239000]
CodeHeap 'non-nmethods': size=5696Kb used=1144Kb max_used=1151Kb free=4551Kb
 bounds [0x000000010f771000, 0x000000010f9e1000, 0x000000010fd01000]
 total_blobs=907 nmethods=433 adapters=300
 compilation: enabled
              stopped_count=0, restarted_count=0
 full_count=0

Compilation events (20 events):
Event: 0.683 Thread 0x00007fe1b203a800  425       3       java.lang.reflect.Modifier::isPublic (12 bytes)
Event: 0.683 Thread 0x00007fe1b203a800 nmethod 425 0x000000010fda1c10 code [0x000000010fda1da0, 0x000000010fda1f30]
Event: 0.683 Thread 0x00007fe1b203a800  426       1       java.lang.reflect.Field::getRoot (5 bytes)
Event: 0.683 Thread 0x00007fe1b203a800 nmethod 426 0x0000000117259010 code [0x00000001172591a0, 0x00000001172592d0]
Event: 0.683 Thread 0x00007fe1b203a800  427       3       java.lang.Class::getPackageName (82 bytes)
Event: 0.684 Thread 0x00007fe1b203a800 nmethod 427 0x000000010fda1f90 code [0x000000010fda2200, 0x000000010fda2b88]
Event: 0.686 Thread 0x00007fe1b203a800  428       3       java.nio.Buffer::remaining (10 bytes)
Event: 0.687 Thread 0x00007fe1b203a800 nmethod 428 0x000000010fda2f10 code [0x000000010fda30a0, 0x000000010fda3210]
Event: 0.689 Thread 0x00007fe1b203a800  429       3       java.util.zip.ZipFile$Source::getEntryPos (208 bytes)
Event: 0.690 Thread 0x00007fe1b203a800 nmethod 429 0x000000010fda3290 code [0x000000010fda3500, 0x000000010fda4258]
Event: 0.690 Thread 0x00007fe1b203a800  430       3       java.util.jar.JarFile::getEntry0 (24 bytes)
Event: 0.690 Thread 0x00007fe1b203a800 nmethod 430 0x000000010fda4890 code [0x000000010fda4a60, 0x000000010fda5008]
Event: 0.690 Thread 0x00007fe1b203a800  431       3       java.util.zip.ZipFile$1::getEntry (10 bytes)
Event: 0.690 Thread 0x00007fe1b203a800 nmethod 431 0x000000010fda5190 code [0x000000010fda5340, 0x000000010fda5608]
Event: 0.690 Thread 0x00007fe1b203a800  432   !   3       java.util.zip.ZipFile::getEntry (73 bytes)
Event: 0.691 Thread 0x00007fe1b203a800 nmethod 432 0x000000010fda5710 code [0x000000010fda5920, 0x000000010fda6048]
Event: 0.693 Thread 0x00007fe1b203a800  433       3       sun.net.www.ParseUtil::firstEncodeIndex (86 bytes)
Event: 0.694 Thread 0x00007fe1b203a800 nmethod 433 0x000000010fda6390 code [0x000000010fda65e0, 0x000000010fda6fe8]
Event: 0.694 Thread 0x00007fe1b203a800  434       3       java.nio.Buffer::<init> (99 bytes)
Event: 0.695 Thread 0x00007fe1b203a800 nmethod 434 0x000000010fda7390 code [0x000000010fda7660, 0x000000010fda8458]

GC Heap History (0 events):
No events

Deoptimization events (2 events):
Event: 0.689 Thread 0x00007fe1b200d800 DEOPT PACKING pc=0x000000010fd26f90 sp=0x000070000193f430
Event: 0.689 Thread 0x00007fe1b200d800 DEOPT UNPACKING pc=0x000000010f7ba33a sp=0x000070000193e8c0 mode 0

Classes unloaded (0 events):
No events

Classes redefined (0 events):
No events

Internal exceptions (4 events):
Event: 0.169 Thread 0x00007fe1b200d800 Exception <a 'java/lang/ClassNotFoundException'{0x0000000787e5a5e0}: sun/awt/resources/spi/awtProvider> (0x0000000787e5a5e0) 
thrown [/scratch/mesos/slaves/fcf4c0c4-d73e-4321-860c-6613427db92b-S2452/frameworks/1735e8a2-a1db-478c-8104-60c8b0af87dd-0196/executors/ab12d1f8-defd-4a26-b83a-82b67c14bc8d/runs/ad8904cf-d9a8-428f-8f86-4d88be7b86bd/workspace/open/src/hotspot/share/classfile/systemDictionary.cpp, line 232]
Event: 0.226 Thread 0x00007fe1b200d800 Exception <a 'java/io/FileNotFoundException'{0x0000000787eaad58}> (0x0000000787eaad58) 
thrown [/scratch/mesos/slaves/fcf4c0c4-d73e-4321-860c-6613427db92b-S2452/frameworks/1735e8a2-a1db-478c-8104-60c8b0af87dd-0196/executors/ab12d1f8-defd-4a26-b83a-82b67c14bc8d/runs/ad8904cf-d9a8-428f-8f86-4d88be7b86bd/workspace/open/src/hotspot/share/prims/jni.cpp, line 598]
Event: 0.242 Thread 0x00007fe1b200d800 Exception <a 'java/io/FileNotFoundException'{0x0000000787ed1228}> (0x0000000787ed1228) 
thrown [/scratch/mesos/slaves/fcf4c0c4-d73e-4321-860c-6613427db92b-S2452/frameworks/1735e8a2-a1db-478c-8104-60c8b0af87dd-0196/executors/ab12d1f8-defd-4a26-b83a-82b67c14bc8d/runs/ad8904cf-d9a8-428f-8f86-4d88be7b86bd/workspace/open/src/hotspot/share/prims/jni.cpp, line 598]
Event: 0.253 Thread 0x00007fe1b200d800 Exception <a 'java/lang/ClassNotFoundException'{0x0000000787edfc90}: sun/awt/resources/spi/awtosxProvider> (0x0000000787edfc90) 
thrown [/scratch/mesos/slaves/fcf4c0c4-d73e-4321-860c-6613427db92b-S2452/frameworks/1735e8a2-a1db-478c-8104-60c8b0af87dd-0196/executors/ab12d1f8-defd-4a26-b83a-82b67c14bc8d/runs/ad8904cf-d9a8-428f-8f86-4d88be7b86bd/workspace/open/src/hotspot/share/classfile/systemDictionary.cpp, line 232]

Events (20 events):
Event: 0.679 loading class java/util/LinkedHashMap$LinkedKeyIterator
Event: 0.679 loading class java/util/LinkedHashMap$LinkedKeyIterator done
Event: 0.680 loading class jdk/internal/reflect/UnsafeQualifiedStaticIntegerFieldAccessorImpl
Event: 0.680 loading class jdk/internal/reflect/UnsafeQualifiedStaticIntegerFieldAccessorImpl done
Event: 0.683 loading class org/lwjgl/input/Keyboard$KeyEvent
Event: 0.683 loading class org/lwjgl/input/Keyboard$KeyEvent done
Event: 0.684 loading class org/lwjgl/opengl/MacOSXNativeKeyboard
Event: 0.684 loading class org/lwjgl/opengl/MacOSXNativeKeyboard done
Event: 0.687 loading class org/lwjgl/opengl/ContextGL
Event: 0.687 loading class org/lwjgl/opengl/ContextGL done
Event: 0.688 loading class org/lwjgl/opengl/ContextImplementation
Event: 0.688 loading class org/lwjgl/opengl/ContextImplementation done
Event: 0.689 loading class org/lwjgl/opengl/MacOSXContextImplementation
Event: 0.689 loading class org/lwjgl/opengl/MacOSXContextImplementation done
Event: 0.690 loading class org/lwjgl/opengl/GLContext
Event: 0.690 loading class org/lwjgl/opengl/GLContext done
Event: 0.692 loading class java/lang/NumberFormatException
Event: 0.693 loading class java/lang/NumberFormatException done
Event: 0.693 loading class org/lwjgl/opengl/GLContext$CapabilitiesCacheEntry
Event: 0.693 loading class org/lwjgl/opengl/GLContext$CapabilitiesCacheEntry done


Dynamic libraries:
0x00007fff64ca9000 	/usr/lib/libz.1.dylib
0x0000000105725000 	/Library/Java/JavaVirtualMachines/jdk-13.0.1.jdk/Contents/Home/lib/libjli.dylib
0x00007fff2d6a7000 	/System/Library/Frameworks/Cocoa.framework/Versions/A/Cocoa
0x00007fff3ac4e000 	/System/Library/Frameworks/Security.framework/Versions/A/Security
0x00007fff2c64d000 	/System/Library/Frameworks/ApplicationServices.framework/Versions/A/ApplicationServices
0x00007fff627b1000 	/usr/lib/libSystem.B.dylib
0x00007fff65720000 	/usr/lib/system/libcache.dylib
0x00007fff65726000 	/usr/lib/system/libcommonCrypto.dylib
0x00007fff65732000 	/usr/lib/system/libcompiler_rt.dylib
0x00007fff6573a000 	/usr/lib/system/libcopyfile.dylib
0x00007fff65744000 	/usr/lib/system/libcorecrypto.dylib
0x00007fff658f2000 	/usr/lib/system/libdispatch.dylib
0x00007fff65934000 	/usr/lib/system/libdyld.dylib
0x00007fff6596a000 	/usr/lib/system/libkeymgr.dylib
0x00007fff65978000 	/usr/lib/system/liblaunch.dylib
0x00007fff65979000 	/usr/lib/system/libmacho.dylib
0x00007fff6597f000 	/usr/lib/system/libquarantine.dylib
0x00007fff65982000 	/usr/lib/system/libremovefile.dylib
0x00007fff65984000 	/usr/lib/system/libsystem_asl.dylib
0x00007fff6599c000 	/usr/lib/system/libsystem_blocks.dylib
0x00007fff6599d000 	/usr/lib/system/libsystem_c.dylib
0x00007fff65a25000 	/usr/lib/system/libsystem_configuration.dylib
0x00007fff65a29000 	/usr/lib/system/libsystem_coreservices.dylib
0x00007fff65a2d000 	/usr/lib/system/libsystem_darwin.dylib
0x00007fff65a35000 	/usr/lib/system/libsystem_dnssd.dylib
0x00007fff65a3d000 	/usr/lib/system/libsystem_featureflags.dylib
0x00007fff65a3f000 	/usr/lib/system/libsystem_info.dylib
0x00007fff65aba000 	/usr/lib/system/libsystem_m.dylib
0x00007fff65b02000 	/usr/lib/system/libsystem_malloc.dylib
0x00007fff65b2a000 	/usr/lib/system/libsystem_networkextension.dylib
0x00007fff65b38000 	/usr/lib/system/libsystem_notify.dylib
0x00007fff65b57000 	/usr/lib/system/libsystem_sandbox.dylib
0x00007fff65b5c000 	/usr/lib/system/libsystem_secinit.dylib
0x00007fff65a8d000 	/usr/lib/system/libsystem_kernel.dylib
0x00007fff65b42000 	/usr/lib/system/libsystem_platform.dylib
0x00007fff65b4c000 	/usr/lib/system/libsystem_pthread.dylib
0x00007fff65b5f000 	/usr/lib/system/libsystem_symptoms.dylib
0x00007fff65b67000 	/usr/lib/system/libsystem_trace.dylib
0x00007fff65b7f000 	/usr/lib/system/libunwind.dylib
0x00007fff65b85000 	/usr/lib/system/libxpc.dylib
0x00007fff645d4000 	/usr/lib/libobjc.A.dylib
0x00007fff62ae3000 	/usr/lib/libc++abi.dylib
0x00007fff62a8f000 	/usr/lib/libc++.1.dylib
0x00007fff2e60c000 	/System/Library/Frameworks/CoreFoundation.framework/Versions/A/CoreFoundation
0x00007fff30cc7000 	/System/Library/Frameworks/Foundation.framework/Versions/C/Foundation
0x00007fff2b851000 	/System/Library/Frameworks/AppKit.framework/Versions/C/AppKit
0x00007fff2e126000 	/System/Library/Frameworks/CoreData.framework/Versions/A/CoreData
0x00007fff5f062000 	/System/Library/PrivateFrameworks/UIFoundation.framework/Versions/A/UIFoundation
0x00007fff59902000 	/System/Library/PrivateFrameworks/RemoteViewServices.framework/Versions/A/RemoteViewServices
0x00007fff61ae2000 	/System/Library/PrivateFrameworks/XCTTargetBootstrap.framework/Versions/A/XCTTargetBootstrap
0x00007fff2e501000 	/System/Library/Frameworks/CoreDisplay.framework/Versions/A/CoreDisplay
0x00007fff339ff000 	/System/Library/Frameworks/Metal.framework/Versions/A/Metal
0x00007fff47e6f000 	/System/Library/PrivateFrameworks/DesktopServicesPriv.framework/Versions/A/DesktopServicesPriv
0x00007fff638cc000 	/usr/lib/liblangid.dylib
0x00007fff46fcb000 	/System/Library/PrivateFrameworks/CoreSVG.framework/Versions/A/CoreSVG
0x00007fff5c632000 	/System/Library/PrivateFrameworks/SkyLight.framework/Versions/A/SkyLight
0x00007fff2ea8d000 	/System/Library/Frameworks/CoreGraphics.framework/Versions/A/CoreGraphics
0x00007fff2a3f2000 	/System/Library/Frameworks/Accelerate.framework/Versions/A/Accelerate
0x00007fff64b9a000 	/usr/lib/libxml2.2.dylib
0x00007fff52a3a000 	/System/Library/PrivateFrameworks/IconServices.framework/Versions/A/IconServices
0x00007fff31485000 	/System/Library/Frameworks/IOSurface.framework/Versions/A/IOSurface
0x00007fff622ea000 	/usr/lib/libDiagnosticMessagesClient.dylib
0x00007fff47ce9000 	/System/Library/PrivateFrameworks/DFRFoundation.framework/Versions/A/DFRFoundation
0x00007fff6365a000 	/usr/lib/libicucore.A.dylib
0x00007fff2c97f000 	/System/Library/Frameworks/AudioToolbox.framework/Versions/A/AudioToolbox
0x00007fff2ca61000 	/System/Library/Frameworks/AudioUnit.framework/Versions/A/AudioUnit
0x00007fff629b3000 	/usr/lib/libauto.dylib
0x00007fff47d69000 	/System/Library/PrivateFrameworks/DataDetectorsCore.framework/Versions/A/DataDetectorsCore
0x00007fff2d1c8000 	/System/Library/Frameworks/Carbon.framework/Versions/A/Frameworks/HIToolbox.framework/Versions/A/HIToolbox
0x00007fff39e46000 	/System/Library/Frameworks/QuartzCore.framework/Versions/A/QuartzCore
0x00007fff2d507000 	/System/Library/Frameworks/Carbon.framework/Versions/A/Frameworks/SpeechRecognition.framework/Versions/A/SpeechRecognition
0x00007fff4766b000 	/System/Library/PrivateFrameworks/CoreUI.framework/Versions/A/CoreUI
0x00007fff2db8c000 	/System/Library/Frameworks/CoreAudio.framework/Versions/A/CoreAudio
0x00007fff30994000 	/System/Library/Frameworks/DiskArbitration.framework/Versions/A/DiskArbitration
0x00007fff54b20000 	/System/Library/PrivateFrameworks/MultitouchSupport.framework/Versions/A/MultitouchSupport
0x00007fff63525000 	/usr/lib/libenergytrace.dylib
0x00007fff313e0000 	/System/Library/Frameworks/IOKit.framework/Versions/A/IOKit
0x00007fff2f9f3000 	/System/Library/Frameworks/CoreServices.framework/Versions/A/CoreServices
0x00007fff56b75000 	/System/Library/PrivateFrameworks/PerformanceAnalysis.framework/Versions/A/PerformanceAnalysis
0x00007fff38e7e000 	/System/Library/Frameworks/OpenGL.framework/Versions/A/OpenGL
0x00007fff2d6b5000 	/System/Library/Frameworks/ColorSync.framework/Versions/A/ColorSync
0x00007fff2f114000 	/System/Library/Frameworks/CoreImage.framework/Versions/A/CoreImage
0x00007fff30467000 	/System/Library/Frameworks/CoreText.framework/Versions/A/CoreText
0x00007fff31508000 	/System/Library/Frameworks/ImageIO.framework/Versions/A/ImageIO
0x00007fff62b0b000 	/usr/lib/libcompression.dylib
0x00007fff6262b000 	/usr/lib/libMobileGestalt.dylib
0x00007fff5e155000 	/System/Library/PrivateFrameworks/TextureIO.framework/Versions/A/TextureIO
0x00007fff62919000 	/usr/lib/libate.dylib
0x00007fff52c40000 	/System/Library/PrivateFrameworks/InternationalSupport.framework/Versions/A/InternationalSupport
0x00007fff638ce000 	/usr/lib/liblzma.5.dylib
0x00007fff6354d000 	/usr/lib/libfakelink.dylib
0x00007fff628a6000 	/usr/lib/libarchive.2.dylib
0x00007fff3be62000 	/System/Library/Frameworks/SystemConfiguration.framework/Versions/A/SystemConfiguration
0x00007fff6221b000 	/usr/lib/libCRFSuite.dylib
0x00007fff2cdd7000 	/System/Library/Frameworks/CFNetwork.framework/Versions/A/CFNetwork
0x00007fff62a71000 	/usr/lib/libbsm.0.dylib
0x00007fff6596b000 	/usr/lib/system/libkxld.dylib
0x00007fff41868000 	/System/Library/PrivateFrameworks/AppleFSCompression.framework/Versions/A/AppleFSCompression
0x00007fff62de4000 	/usr/lib/libcoretls.dylib
0x00007fff62dfb000 	/usr/lib/libcoretls_cfhelpers.dylib
0x00007fff64618000 	/usr/lib/libpam.2.dylib
0x00007fff64747000 	/usr/lib/libsqlite3.dylib
0x00007fff64b87000 	/usr/lib/libxar.1.dylib
0x00007fff62a82000 	/usr/lib/libbz2.1.0.dylib
0x00007fff63569000 	/usr/lib/libiconv.2.dylib
0x00007fff62af8000 	/usr/lib/libcharset.1.dylib
0x00007fff640c4000 	/usr/lib/libnetwork.dylib
0x00007fff6461f000 	/usr/lib/libpcap.A.dylib
0x00007fff6285b000 	/usr/lib/libapple_nghttp2.dylib
0x00007fff2fdaa000 	/System/Library/Frameworks/CoreServices.framework/Versions/A/Frameworks/FSEvents.framework/Versions/A/FSEvents
0x00007fff2fa7a000 	/System/Library/Frameworks/CoreServices.framework/Versions/A/Frameworks/CarbonCore.framework/Versions/A/CarbonCore
0x00007fff2ffec000 	/System/Library/Frameworks/CoreServices.framework/Versions/A/Frameworks/Metadata.framework/Versions/A/Metadata
0x00007fff30085000 	/System/Library/Frameworks/CoreServices.framework/Versions/A/Frameworks/OSServices.framework/Versions/A/OSServices
0x00007fff300b3000 	/System/Library/Frameworks/CoreServices.framework/Versions/A/Frameworks/SearchKit.framework/Versions/A/SearchKit
0x00007fff2f9f4000 	/System/Library/Frameworks/CoreServices.framework/Versions/A/Frameworks/AE.framework/Versions/A/AE
0x00007fff2fdb3000 	/System/Library/Frameworks/CoreServices.framework/Versions/A/Frameworks/LaunchServices.framework/Versions/A/LaunchServices
0x00007fff2fd5c000 	/System/Library/Frameworks/CoreServices.framework/Versions/A/Frameworks/DictionaryServices.framework/Versions/A/DictionaryServices
0x00007fff3011b000 	/System/Library/Frameworks/CoreServices.framework/Versions/A/Frameworks/SharedFileList.framework/Versions/A/SharedFileList
0x00007fff34cd4000 	/System/Library/Frameworks/NetFS.framework/Versions/A/NetFS
0x00007fff54fc0000 	/System/Library/PrivateFrameworks/NetAuth.framework/Versions/A/NetAuth
0x00007fff61eab000 	/System/Library/PrivateFrameworks/login.framework/Versions/A/Frameworks/loginsupport.framework/Versions/A/loginsupport
0x00007fff5dc5b000 	/System/Library/PrivateFrameworks/TCC.framework/Versions/A/TCC
0x00007fff463a9000 	/System/Library/PrivateFrameworks/CoreNLP.framework/Versions/A/CoreNLP
0x00007fff54551000 	/System/Library/PrivateFrameworks/MetadataUtilities.framework/Versions/A/MetadataUtilities
0x00007fff639a6000 	/usr/lib/libmecabra.dylib
0x00007fff638fe000 	/usr/lib/libmecab.dylib
0x00007fff6355e000 	/usr/lib/libgermantok.dylib
0x00007fff62842000 	/usr/lib/libThaiTokenizer.dylib
0x00007fff62253000 	/usr/lib/libChineseTokenizer.dylib
0x00007fff2a40a000 	/System/Library/Frameworks/Accelerate.framework/Versions/A/Frameworks/vImage.framework/Versions/A/vImage
0x00007fff2b6ac000 	/System/Library/Frameworks/Accelerate.framework/Versions/A/Frameworks/vecLib.framework/Versions/A/vecLib
0x00007fff2b5f0000 	/System/Library/Frameworks/Accelerate.framework/Versions/A/Frameworks/vecLib.framework/Versions/A/libvMisc.dylib
0x00007fff2b416000 	/System/Library/Frameworks/Accelerate.framework/Versions/A/Frameworks/vecLib.framework/Versions/A/libvDSP.dylib
0x00007fff2aa76000 	/System/Library/Frameworks/Accelerate.framework/Versions/A/Frameworks/vecLib.framework/Versions/A/libBLAS.dylib
0x00007fff2afd0000 	/System/Library/Frameworks/Accelerate.framework/Versions/A/Frameworks/vecLib.framework/Versions/A/libLAPACK.dylib
0x00007fff2b376000 	/System/Library/Frameworks/Accelerate.framework/Versions/A/Frameworks/vecLib.framework/Versions/A/libLinearAlgebra.dylib
0x00007fff2b403000 	/System/Library/Frameworks/Accelerate.framework/Versions/A/Frameworks/vecLib.framework/Versions/A/libSparseBLAS.dylib
0x00007fff2b38c000 	/System/Library/Frameworks/Accelerate.framework/Versions/A/Frameworks/vecLib.framework/Versions/A/libQuadrature.dylib
0x00007fff2acdf000 	/System/Library/Frameworks/Accelerate.framework/Versions/A/Frameworks/vecLib.framework/Versions/A/libBNNS.dylib
0x00007fff2b392000 	/System/Library/Frameworks/Accelerate.framework/Versions/A/Frameworks/vecLib.framework/Versions/A/libSparse.dylib
0x00007fff52fff000 	/System/Library/PrivateFrameworks/LanguageModeling.framework/Versions/A/LanguageModeling
0x00007fff45d4d000 	/System/Library/PrivateFrameworks/CoreEmoji.framework/Versions/A/CoreEmoji
0x00007fff5311c000 	/System/Library/PrivateFrameworks/LinguisticData.framework/Versions/A/LinguisticData
0x00007fff530cd000 	/System/Library/PrivateFrameworks/Lexicon.framework/Versions/A/Lexicon
0x00007fff62af9000 	/usr/lib/libcmph.dylib
0x00007fff378a4000 	/System/Library/Frameworks/OpenDirectory.framework/Versions/A/Frameworks/CFOpenDirectory.framework/Versions/A/CFOpenDirectory
0x00007fff378c1000 	/System/Library/Frameworks/OpenDirectory.framework/Versions/A/OpenDirectory
0x00007fff3fc20000 	/System/Library/PrivateFrameworks/APFS.framework/Versions/A/APFS
0x00007fff3af93000 	/System/Library/Frameworks/SecurityFoundation.framework/Versions/A/SecurityFoundation
0x00007fff64b83000 	/usr/lib/libutil.dylib
0x00007fff47023000 	/System/Library/PrivateFrameworks/CoreServicesStore.framework/Versions/A/CoreServicesStore
0x00007fff3b074000 	/System/Library/Frameworks/ServiceManagement.framework/Versions/A/ServiceManagement
0x00007fff43003000 	/System/Library/PrivateFrameworks/BackgroundTaskManagement.framework/Versions/A/BackgroundTaskManagement
0x00007fff64c80000 	/usr/lib/libxslt.1.dylib
0x00007fff41ec6000 	/System/Library/PrivateFrameworks/AppleSystemInfo.framework/Versions/A/AppleSystemInfo
0x00007fff31723000 	/System/Library/Frameworks/ImageIO.framework/Versions/A/Resources/libJPEG.dylib
0x00007fff319e2000 	/System/Library/Frameworks/ImageIO.framework/Versions/A/Resources/libTIFF.dylib
0x00007fff319c5000 	/System/Library/Frameworks/ImageIO.framework/Versions/A/Resources/libPng.dylib
0x00007fff31664000 	/System/Library/Frameworks/ImageIO.framework/Versions/A/Resources/libGIF.dylib
0x00007fff31668000 	/System/Library/Frameworks/ImageIO.framework/Versions/A/Resources/libJP2.dylib
0x00007fff319e0000 	/System/Library/Frameworks/ImageIO.framework/Versions/A/Resources/libRadiance.dylib
0x00007fff63526000 	/usr/lib/libexpat.1.dylib
0x00007fff419c3000 	/System/Library/PrivateFrameworks/AppleJPEG.framework/Versions/A/AppleJPEG
0x00007fff4a23b000 	/System/Library/PrivateFrameworks/FontServices.framework/libFontParser.dylib
0x00007fff60f06000 	/System/Library/PrivateFrameworks/WatchdogClient.framework/Versions/A/WatchdogClient
0x00007fff52692000 	/System/Library/PrivateFrameworks/IOAccelerator.framework/Versions/A/IOAccelerator
0x00007fff33d8d000 	/System/Library/Frameworks/MetalPerformanceShaders.framework/Versions/A/MetalPerformanceShaders
0x00007fff4ef88000 	/System/Library/PrivateFrameworks/GPUWrangler.framework/Versions/A/GPUWrangler
0x00007fff5269d000 	/System/Library/PrivateFrameworks/IOPresentment.framework/Versions/A/IOPresentment
0x00007fff47cfb000 	/System/Library/PrivateFrameworks/DSExternalDisplay.framework/Versions/A/DSExternalDisplay
0x00007fff3822a000 	/System/Library/Frameworks/OpenGL.framework/Versions/A/Libraries/libCoreFSCache.dylib
0x00007fff33ade000 	/System/Library/Frameworks/MetalPerformanceShaders.framework/Frameworks/MPSCore.framework/Versions/A/MPSCore
0x00007fff33b1b000 	/System/Library/Frameworks/MetalPerformanceShaders.framework/Frameworks/MPSImage.framework/Versions/A/MPSImage
0x00007fff33bde000 	/System/Library/Frameworks/MetalPerformanceShaders.framework/Frameworks/MPSNeuralNetwork.framework/Versions/A/MPSNeuralNetwork
0x00007fff33ba2000 	/System/Library/Frameworks/MetalPerformanceShaders.framework/Frameworks/MPSMatrix.framework/Versions/A/MPSMatrix
0x00007fff33d3e000 	/System/Library/Frameworks/MetalPerformanceShaders.framework/Frameworks/MPSRayIntersector.framework/Versions/A/MPSRayIntersector
0x00007fff33bc8000 	/System/Library/Frameworks/MetalPerformanceShaders.framework/Frameworks/MPSNDArray.framework/Versions/A/MPSNDArray
0x00007fff5459e000 	/System/Library/PrivateFrameworks/MetalTools.framework/Versions/A/MetalTools
0x00007fff40cff000 	/System/Library/PrivateFrameworks/AggregateDictionary.framework/Versions/A/AggregateDictionary
0x00007fff457e4000 	/System/Library/PrivateFrameworks/CoreAnalytics.framework/Versions/A/CoreAnalytics
0x00007fff41de4000 	/System/Library/PrivateFrameworks/AppleSauce.framework/Versions/A/AppleSauce
0x00007fff6250e000 	/usr/lib/libIOReport.dylib
0x00007fff3061c000 	/System/Library/Frameworks/CoreVideo.framework/Versions/A/CoreVideo
0x00007fff50375000 	/System/Library/PrivateFrameworks/GraphVisualizer.framework/Versions/A/GraphVisualizer
0x00007fff497bd000 	/System/Library/PrivateFrameworks/FaceCore.framework/Versions/A/FaceCore
0x00007fff3784b000 	/System/Library/Frameworks/OpenCL.framework/Versions/A/OpenCL
0x00007fff62330000 	/usr/lib/libFosl_dynamic.dylib
0x00007fff559b6000 	/System/Library/PrivateFrameworks/OTSVG.framework/Versions/A/OTSVG
0x00007fff2c752000 	/System/Library/Frameworks/ApplicationServices.framework/Versions/A/Frameworks/ATS.framework/Versions/A/Resources/libFontRegistry.dylib
0x00007fff4a40c000 	/System/Library/PrivateFrameworks/FontServices.framework/libhvf.dylib
0x00007fff38235000 	/System/Library/Frameworks/OpenGL.framework/Versions/A/Libraries/libGFXShared.dylib
0x00007fff38412000 	/System/Library/Frameworks/OpenGL.framework/Versions/A/Libraries/libGLU.dylib
0x00007fff3823e000 	/System/Library/Frameworks/OpenGL.framework/Versions/A/Libraries/libGL.dylib
0x00007fff38249000 	/System/Library/Frameworks/OpenGL.framework/Versions/A/Libraries/libGLImage.dylib
0x00007fff38227000 	/System/Library/Frameworks/OpenGL.framework/Versions/A/Libraries/libCVMSPluginSupport.dylib
0x00007fff38230000 	/System/Library/Frameworks/OpenGL.framework/Versions/A/Libraries/libCoreVMClient.dylib
0x00007fff63f66000 	/usr/lib/libncurses.5.4.dylib
0x00007fff2c64e000 	/System/Library/Frameworks/ApplicationServices.framework/Versions/A/Frameworks/ATS.framework/Versions/A/ATS
0x00007fff2c81b000 	/System/Library/Frameworks/ApplicationServices.framework/Versions/A/Frameworks/ColorSyncLegacy.framework/Versions/A/ColorSyncLegacy
0x00007fff2c8ba000 	/System/Library/Frameworks/ApplicationServices.framework/Versions/A/Frameworks/HIServices.framework/Versions/A/HIServices
0x00007fff2c911000 	/System/Library/Frameworks/ApplicationServices.framework/Versions/A/Frameworks/LangAnalysis.framework/Versions/A/LangAnalysis
0x00007fff2c920000 	/System/Library/Frameworks/ApplicationServices.framework/Versions/A/Frameworks/PrintCore.framework/Versions/A/PrintCore
0x00007fff2c966000 	/System/Library/Frameworks/ApplicationServices.framework/Versions/A/Frameworks/QD.framework/Versions/A/QD
0x00007fff2c971000 	/System/Library/Frameworks/ApplicationServices.framework/Versions/A/Frameworks/SpeechSynthesis.framework/Versions/A/SpeechSynthesis
0x00007fff2c7eb000 	/System/Library/Frameworks/ApplicationServices.framework/Versions/A/Frameworks/ATSUI.framework/Versions/A/ATSUI
0x00007fff633ba000 	/usr/lib/libcups.2.dylib
0x00007fff32e46000 	/System/Library/Frameworks/Kerberos.framework/Versions/A/Kerberos
0x00007fff310fb000 	/System/Library/Frameworks/GSS.framework/Versions/A/GSS
0x00007fff646d4000 	/usr/lib/libresolv.9.dylib
0x00007fff50516000 	/System/Library/PrivateFrameworks/Heimdal.framework/Versions/A/Heimdal
0x00007fff32e59000 	/System/Library/Frameworks/Kerberos.framework/Versions/A/Libraries/libHeimdalProxy.dylib
0x00007fff63564000 	/usr/lib/libheimdal-asn1.dylib
0x00007fff44caa000 	/System/Library/PrivateFrameworks/CommonAuth.framework/Versions/A/CommonAuth
0x00007fff41f63000 	/System/Library/PrivateFrameworks/AssertionServices.framework/Versions/A/AssertionServices
0x00007fff42af9000 	/System/Library/PrivateFrameworks/AudioToolboxCore.framework/Versions/A/AudioToolboxCore
0x00007fff61b5e000 	/System/Library/PrivateFrameworks/caulk.framework/Versions/A/caulk
0x00007fff430af000 	/System/Library/PrivateFrameworks/BaseBoard.framework/Versions/A/BaseBoard
0x00007fff59a8e000 	/System/Library/PrivateFrameworks/RunningBoardServices.framework/Versions/A/RunningBoardServices
0x00007fff56b81000 	/System/Library/PrivateFrameworks/PersistentConnection.framework/Versions/A/PersistentConnection
0x00007fff5949b000 	/System/Library/PrivateFrameworks/ProtocolBuffer.framework/Versions/A/ProtocolBuffer
0x00007fff44cc7000 	/System/Library/PrivateFrameworks/CommonUtilities.framework/Versions/A/CommonUtilities
0x00007fff4322e000 	/System/Library/PrivateFrameworks/Bom.framework/Versions/A/Bom
0x00007fff621df000 	/usr/lib/libAudioToolboxUtility.dylib
0x00007fff4300d000 	/System/Library/PrivateFrameworks/Backup.framework/Versions/A/Backup
0x00007fff47a6a000 	/System/Library/PrivateFrameworks/CrashReporterSupport.framework/Versions/A/CrashReporterSupport
0x00007fff5b517000 	/System/Library/PrivateFrameworks/Sharing.framework/Versions/A/Sharing
0x00007fff41710000 	/System/Library/PrivateFrameworks/Apple80211.framework/Versions/A/Apple80211
0x00007fff42d35000 	/System/Library/PrivateFrameworks/AuthKit.framework/Versions/A/AuthKit
0x00007fff47798000 	/System/Library/PrivateFrameworks/CoreUtils.framework/Versions/A/CoreUtils
0x00007fff30661000 	/System/Library/Frameworks/CoreWLAN.framework/Versions/A/CoreWLAN
0x00007fff31264000 	/System/Library/Frameworks/IOBluetooth.framework/Versions/A/IOBluetooth
0x00007fff5489c000 	/System/Library/PrivateFrameworks/MobileKeyBag.framework/Versions/A/MobileKeyBag
0x00007fff46879000 	/System/Library/PrivateFrameworks/CorePhoneNumbers.framework/Versions/A/CorePhoneNumbers
0x00007fff41976000 	/System/Library/PrivateFrameworks/AppleIDAuthSupport.framework/Versions/A/AppleIDAuthSupport
0x00007fff34ce1000 	/System/Library/Frameworks/Network.framework/Versions/A/Network
0x00007fff52e88000 	/System/Library/PrivateFrameworks/KeychainCircle.framework/Versions/A/KeychainCircle
0x00007fff2e0ee000 	/System/Library/Frameworks/CoreBluetooth.framework/Versions/A/CoreBluetooth
0x00007fff5d171000 	/System/Library/PrivateFrameworks/SpeechRecognitionCore.framework/Versions/A/SpeechRecognitionCore
0x00000001064a9000 	/Library/Java/JavaVirtualMachines/jdk-13.0.1.jdk/Contents/Home/lib/server/libjvm.dylib
0x0000000105741000 	/Library/Java/JavaVirtualMachines/jdk-13.0.1.jdk/Contents/Home/lib/libverify.dylib
0x000000010574d000 	/Library/Java/JavaVirtualMachines/jdk-13.0.1.jdk/Contents/Home/lib/libjava.dylib
0x00000001057d1000 	/Library/Java/JavaVirtualMachines/jdk-13.0.1.jdk/Contents/Home/lib/libzip.dylib
0x00000001057d8000 	/Library/Java/JavaVirtualMachines/jdk-13.0.1.jdk/Contents/Home/lib/libjimage.dylib
0x0000000127f5b000 	/Library/Java/JavaVirtualMachines/jdk-13.0.1.jdk/Contents/Home/lib/libnio.dylib
0x0000000127f69000 	/Library/Java/JavaVirtualMachines/jdk-13.0.1.jdk/Contents/Home/lib/libnet.dylib
0x0000000128004000 	/Library/Java/JavaVirtualMachines/jdk-13.0.1.jdk/Contents/Home/lib/libawt.dylib
0x000000012809a000 	/Library/Java/JavaVirtualMachines/jdk-13.0.1.jdk/Contents/Home/lib/libmlib_image.dylib
0x00007fff32e2f000 	/System/Library/Frameworks/JavaVM.framework/Versions/A/Frameworks/JavaNativeFoundation.framework/Versions/A/JavaNativeFoundation
0x00007fff32e38000 	/System/Library/Frameworks/JavaVM.framework/Versions/A/Frameworks/JavaRuntimeSupport.framework/Versions/A/JavaRuntimeSupport
0x00007fff32e41000 	/System/Library/Frameworks/JavaVM.framework/Versions/A/JavaVM
0x00007fff52cea000 	/System/Library/PrivateFrameworks/JavaLaunching.framework/Versions/A/JavaLaunching
0x00007fff2d1c3000 	/System/Library/Frameworks/Carbon.framework/Versions/A/Carbon
0x00007fff4754c000 	/System/Library/PrivateFrameworks/CoreSymbolication.framework/Versions/A/CoreSymbolication
0x00007fff2d1c4000 	/System/Library/Frameworks/Carbon.framework/Versions/A/Frameworks/CommonPanels.framework/Versions/A/CommonPanels
0x00007fff2d4bd000 	/System/Library/Frameworks/Carbon.framework/Versions/A/Frameworks/Help.framework/Versions/A/Help
0x00007fff2d4c1000 	/System/Library/Frameworks/Carbon.framework/Versions/A/Frameworks/ImageCapture.framework/Versions/A/ImageCapture
0x00007fff2d4c8000 	/System/Library/Frameworks/Carbon.framework/Versions/A/Frameworks/OpenScripting.framework/Versions/A/OpenScripting
0x00007fff2d4c7000 	/System/Library/Frameworks/Carbon.framework/Versions/A/Frameworks/Ink.framework/Versions/A/Ink
0x00007fff2d503000 	/System/Library/Frameworks/Carbon.framework/Versions/A/Frameworks/Print.framework/Versions/A/Print
0x00007fff2d504000 	/System/Library/Frameworks/Carbon.framework/Versions/A/Frameworks/SecurityHI.framework/Versions/A/SecurityHI
0x00007fff47e30000 	/System/Library/PrivateFrameworks/DebugSymbols.framework/Versions/A/DebugSymbols
0x0000000128100000 	/Library/Java/JavaVirtualMachines/jdk-13.0.1.jdk/Contents/Home/lib/libawt_lwawt.dylib
0x00000001281aa000 	/Library/Java/JavaVirtualMachines/jdk-13.0.1.jdk/Contents/Home/lib/libosxapp.dylib
0x00007fff30b6e000 	/System/Library/Frameworks/ExceptionHandling.framework/Versions/A/ExceptionHandling
0x00000001281de000 	/Library/Java/JavaVirtualMachines/jdk-13.0.1.jdk/Contents/Home/lib/libfontmanager.dylib
0x00000001282dc000 	/Library/Java/JavaVirtualMachines/jdk-13.0.1.jdk/Contents/Home/lib/libfreetype.dylib
0x00007fff46fef000 	/System/Library/PrivateFrameworks/CoreServicesInternal.framework/Versions/A/CoreServicesInternal
0x00007fff30b8d000 	/System/Library/Frameworks/FileProvider.framework/Versions/A/FileProvider
0x00007fff2b6ad000 	/System/Library/Frameworks/Accounts.framework/Versions/A/Accounts
0x00007fff4f2a8000 	/System/Library/PrivateFrameworks/GenerationalStorage.framework/Versions/A/GenerationalStorage
0x00007fff5d99e000 	/System/Library/PrivateFrameworks/SymptomDiagnosticReporter.framework/Versions/A/SymptomDiagnosticReporter
0x00007fff4120d000 	/System/Library/PrivateFrameworks/AppContainer.framework/Versions/A/AppContainer
0x00007fff646ee000 	/usr/lib/libsandbox.1.dylib
0x00007fff5feaa000 	/System/Library/PrivateFrameworks/UserManagement.framework/Versions/A/UserManagement
0x00007fff43dd5000 	/System/Library/PrivateFrameworks/ChunkingLibrary.framework/Versions/A/ChunkingLibrary
0x00007fff4127e000 	/System/Library/PrivateFrameworks/AppSandbox.framework/Versions/A/AppSandbox
0x00007fff5b3cc000 	/System/Library/PrivateFrameworks/SecCodeWrapper.framework/Versions/A/SecCodeWrapper
0x00007fff625f4000 	/usr/lib/libMatch.1.dylib
0x00007fff21be2000 	/System/Library/CoreServices/RawCamera.bundle/Contents/MacOS/RawCamera
0x00007fff546c6000 	/System/Library/PrivateFrameworks/MobileAsset.framework/Versions/A/MobileAsset
0x00007fff5d84c000 	/System/Library/PrivateFrameworks/StreamingZip.framework/Versions/A/StreamingZip
0x00007fff332bd000 	/System/Library/Frameworks/MediaToolbox.framework/Versions/A/MediaToolbox
0x00007fff45794000 	/System/Library/PrivateFrameworks/CoreAVCHD.framework/Versions/A/CoreAVCHD
0x00007fff331ea000 	/System/Library/Frameworks/MediaAccessibility.framework/Versions/A/MediaAccessibility
0x00007fff53aba000 	/System/Library/PrivateFrameworks/Mangrove.framework/Versions/A/Mangrove
0x00007fff2f82f000 	/System/Library/Frameworks/CoreMedia.framework/Versions/A/CoreMedia
0x00007fff53d15000 	/System/Library/PrivateFrameworks/MediaExperience.framework/Versions/A/MediaExperience
0x00007fff3c148000 	/System/Library/Frameworks/VideoToolbox.framework/Versions/A/VideoToolbox
0x00007fff453be000 	/System/Library/PrivateFrameworks/CoreAUC.framework/Versions/A/CoreAUC
0x00007fff64745000 	/usr/lib/libspindump.dylib
0x00007fff424a4000 	/System/Library/PrivateFrameworks/AudioResourceArbitration.framework/Versions/A/AudioResourceArbitration
0x00007fff41eca000 	/System/Library/PrivateFrameworks/AppleVA.framework/Versions/A/AppleVA
0x00007fff2a3f3000 	/System/Library/Frameworks/Accelerate.framework/Versions/A/Frameworks/vImage.framework/Versions/A/Libraries/libCGInterfaces.dylib
0x0000000129984000 	/usr/lib/libobjc-trampolines.dylib
0x00007fff4a373000 	/System/Library/PrivateFrameworks/FontServices.framework/libTrueTypeScaler.dylib
0x00007fff2582c000 	/System/Library/Extensions/AppleIntelBDWGraphicsMTLDriver.bundle/Contents/MacOS/AppleIntelBDWGraphicsMTLDriver
0x00007fff4d8e0000 	/System/Library/PrivateFrameworks/GPUCompiler.framework/Versions/3902/Libraries/libmetal_timestamp.dylib
0x00007fff60c78000 	/System/Library/PrivateFrameworks/ViewBridge.framework/Versions/A/ViewBridge
0x000000012a877000 	/Users/fabrizio/NetBeansProjects/SEProject/lib/liblwjgl.dylib
0x000000012a120000 	/Library/Java/JavaVirtualMachines/jdk-13.0.1.jdk/Contents/Home/lib/libjawt.dylib
0x00007fff38e8e000 	/System/Library/Frameworks/OpenGL.framework/Versions/A/Resources/GLEngine.bundle/GLEngine
0x00007fff3827f000 	/System/Library/Frameworks/OpenGL.framework/Versions/A/Libraries/libGLProgrammability.dylib
0x00007fff25327000 	/System/Library/Extensions/AppleIntelBDWGraphicsGLDriver.bundle/Contents/MacOS/AppleIntelBDWGraphicsGLDriver
0x00007fff4ef7c000 	/System/Library/PrivateFrameworks/GPUSupport.framework/Versions/A/Libraries/libGPUSupportMercury.dylib
0x00007fff39008000 	/System/Library/Frameworks/OpenGL.framework/Versions/A/Resources/GLRendererFloat.bundle/GLRendererFloat
0x00007fff37842000 	/System/Library/Frameworks/OpenCL.framework/Versions/A/Libraries/libcldcpuengine.dylib
0x00007fff62f9f000 	/usr/lib/libcrypto.35.dylib
0x00007fff5e38a000 	/System/Library/PrivateFrameworks/TrustEvaluationAgent.framework/Versions/A/TrustEvaluationAgent
0x00007fff61eae000 	/System/Library/PrivateFrameworks/login.framework/Versions/A/login


VM Arguments:
jvm_args: -Dfile.encoding=UTF-8 -Djava.library.path=./lib 
java_command: IsaacMain.Main
java_class_path (initial): /Users/fabrizio/NetBeansProjects/SEProject/lib/absolutelayout/AbsoluteLayout.jar:/Users/fabrizio/NetBeansProjects/SEProject/lib/jinput.jar:/Users/fabrizio/NetBeansProjects/SEProject/lib/lwjgl.jar:/Users/fabrizio/NetBeansProjects/SEProject/lib/lwjgl_util.jar:/Users/fabrizio/NetBeansProjects/SEProject/lib/slick.jar:/Users/fabrizio/NetBeansProjects/SEProject/build/classes
Launcher Type: SUN_STANDARD

[Global flags]
     intx CICompilerCount                          = 3                                         {product} {ergonomic}
     uint ConcGCThreads                            = 1                                         {product} {ergonomic}
     uint G1ConcRefinementThreads                  = 4                                         {product} {ergonomic}
   size_t G1HeapRegionSize                         = 1048576                                   {product} {ergonomic}
    uintx GCDrainStackTargetSize                   = 64                                        {product} {ergonomic}
   size_t InitialHeapSize                          = 134217728                                 {product} {ergonomic}
   size_t MarkStackSize                            = 4194304                                   {product} {ergonomic}
   size_t MaxHeapSize                              = 2147483648                                {product} {ergonomic}
   size_t MaxNewSize                               = 1287651328                                {product} {ergonomic}
   size_t MinHeapDeltaBytes                        = 1048576                                   {product} {ergonomic}
   size_t MinHeapSize                              = 8388608                                   {product} {ergonomic}
    uintx NonNMethodCodeHeapSize                   = 5830732                                {pd product} {ergonomic}
    uintx NonProfiledCodeHeapSize                  = 122913754                              {pd product} {ergonomic}
    uintx ProfiledCodeHeapSize                     = 122913754                              {pd product} {ergonomic}
    uintx ReservedCodeCacheSize                    = 251658240                              {pd product} {ergonomic}
     bool SegmentedCodeCache                       = true                                      {product} {ergonomic}
   size_t SoftMaxHeapSize                          = 2147483648                             {manageable} {ergonomic}
     bool UseCompressedClassPointers               = true                                 {lp64_product} {ergonomic}
     bool UseCompressedOops                        = true                                 {lp64_product} {ergonomic}
     bool UseG1GC                                  = true                                      {product} {ergonomic}

Logging:
Log output configuration:
 #0: stdout all=warning uptime,level,tags
 #1: stderr all=off uptime,level,tags

Environment Variables:
PATH=/usr/bin:/bin:/usr/sbin:/sbin
SHELL=/bin/zsh
DISPLAY=/private/tmp/com.apple.launchd.6JnkSiO2yZ/org.macosforge.xquartz:0

Signal Handlers:
SIGSEGV: [libjvm.dylib+0x781570], sa_mask[0]=11111111011111110111111111111111, sa_flags=SA_ONSTACK|SA_RESTART|SA_SIGINFO
SIGBUS: [libjvm.dylib+0x781570], sa_mask[0]=11111111011111110111111111111111, sa_flags=SA_RESTART|SA_SIGINFO
SIGFPE: [libjvm.dylib+0x781570], sa_mask[0]=11111111011111110111111111111111, sa_flags=SA_RESTART|SA_SIGINFO
SIGPIPE: [libjvm.dylib+0x627f75], sa_mask[0]=11111111011111110111111111111111, sa_flags=SA_RESTART|SA_SIGINFO
SIGXFSZ: [libjvm.dylib+0x627f75], sa_mask[0]=11111111011111110111111111111111, sa_flags=SA_RESTART|SA_SIGINFO
SIGILL: [libjvm.dylib+0x781570], sa_mask[0]=11111111011111110111111111111111, sa_flags=SA_RESTART|SA_SIGINFO
SIGUSR2: [libjvm.dylib+0x62855f], sa_mask[0]=00100000000000000000000000000000, sa_flags=SA_RESTART|SA_SIGINFO
SIGHUP: [libjvm.dylib+0x62754d], sa_mask[0]=11111111011111110111111111111111, sa_flags=SA_RESTART|SA_SIGINFO
SIGINT: SIG_IGN, sa_mask[0]=00000000000000000000000000000000, sa_flags=none
SIGTERM: [libjvm.dylib+0x62754d], sa_mask[0]=11111111011111110111111111111111, sa_flags=SA_RESTART|SA_SIGINFO
SIGQUIT: [libjvm.dylib+0x62754d], sa_mask[0]=11111111011111110111111111111111, sa_flags=SA_RESTART|SA_SIGINFO


---------------  S Y S T E M  ---------------

OS:uname:Darwin 19.0.0 Darwin Kernel Version 19.0.0: Wed Sep 25 20:18:50 PDT 2019; root:xnu-6153.11.26~2/RELEASE_X86_64 x86_64
rlimit: STACK 8192k, CORE 0k, NPROC 1392, NOFILE 10240, AS infinity, DATA infinity, FSIZE infinity
load average:11.63 4.36 2.63

CPU:total 4 (initial active 4) (2 cores per cpu, 2 threads per core) family 6 model 61 stepping 4, cmov, cx8, fxsr, mmx, sse, sse2, sse3, ssse3, sse4.1, sse4.2, popcnt, avx, avx2, aes, clmul, erms, rtm, 3dnowpref, lzcnt, ht, tsc, tscinvbit, bmi1, bmi2, adx, fma

Memory: 4k page, physical 8388608k(207844k free), swap 1048576k(897536k free)

vm_info: Java HotSpot(TM) 64-Bit Server VM (13.0.1+9) for bsd-amd64 JRE (13.0.1+9), built on Oct  6 2019 11:43:59 by "mach5one" with clang 4.2.1 Compatible Apple LLVM 10.0.0 (clang-1000.11.45.5)

END.
