#
# A fatal error has been detected by the Java Runtime Environment:
#
#  SIGSEGV (0xb) at pc=0x00007fff67321598, pid=1414, tid=10243
#
# JRE version: Java(TM) SE Runtime Environment (13.0.1+9) (build 13.0.1+9)
# Java VM: Java HotSpot(TM) 64-Bit Server VM (13.0.1+9, mixed mode, sharing, tiered, compressed oops, g1 gc, bsd-amd64)
# Problematic frame:
# C  [libobjc.A.dylib+0x8598]  objc_release+0x18
#
# No core dump will be written. Core dumps have been disabled. To enable core dumping, try "ulimit -c unlimited" before starting Java again
#
# If you would like to submit a bug report, please visit:
#   http://bugreport.java.com/bugreport/crash.jsp
# The crash happened outside the Java Virtual Machine in native code.
# See problematic frame for where to report the bug.
#

---------------  S U M M A R Y ------------

Command Line: -Dfile.encoding=UTF-8 -Djava.library.path=./lib IsaacMain.Main

Host: MacBookAir7,2 x86_64 2200 MHz, 4 cores, 8G, Darwin 19.0.0
Time: Mon Dec 30 12:51:50 2019 CET elapsed time: 0 seconds (0d 0h 0m 0s)

---------------  T H R E A D  ---------------

Current thread (0x00007f938d011800):  JavaThread "main" [_thread_in_native, id=10243, stack(0x0000700006f4d000,0x000070000704d000)]

Stack: [0x0000700006f4d000,0x000070000704d000],  sp=0x000070000704c268,  free space=1020k
Native frames: (J=compiled Java code, A=aot compiled Java code, j=interpreted, Vv=VM code, C=native code)
C  [libobjc.A.dylib+0x8598]  objc_release+0x18
C  [libobjc.A.dylib+0x8c70]  objc_autoreleasePoolPop+0xaf
C  [CoreFoundation+0xc67e]  _CFAutoreleasePoolPop+0x16
C  [Foundation+0x4105]  -[NSAutoreleasePool release]+0x81
C  [liblwjgl.dylib+0x16cce]  Java_org_lwjgl_opengl_MacOSXContextImplementation_setView+0x10e
j  org.lwjgl.opengl.MacOSXContextImplementation.setView(Ljava/nio/ByteBuffer;Ljava/nio/ByteBuffer;)V+0
j  org.lwjgl.opengl.MacOSXContextImplementation.makeCurrent(Lorg/lwjgl/opengl/PeerInfo;Ljava/nio/ByteBuffer;)V+7
j  org.lwjgl.opengl.ContextGL.makeCurrent()V+46
j  org.lwjgl.opengl.DrawableGL.makeCurrent()V+14
j  org.lwjgl.opengl.Display.makeCurrent()V+3
j  org.lwjgl.opengl.Display.makeCurrentAndSetSwapInterval()V+0
j  org.lwjgl.opengl.Display.create(Lorg/lwjgl/opengl/PixelFormat;Lorg/lwjgl/opengl/Drawable;Lorg/lwjgl/opengl/ContextAttribs;)V+108
j  org.lwjgl.opengl.Display.create(Lorg/lwjgl/opengl/PixelFormat;)V+12
j  org.newdawn.slick.AppGameContainer.tryCreateDisplay(Lorg/lwjgl/opengl/PixelFormat;)V+7
j  org.newdawn.slick.AppGameContainer.access$000(Lorg/newdawn/slick/AppGameContainer;Lorg/lwjgl/opengl/PixelFormat;)V+2
j  org.newdawn.slick.AppGameContainer$2.run()Ljava/lang/Object;+36
j  java.security.AccessController.executePrivileged(Ljava/security/PrivilegedAction;Ljava/security/AccessControlContext;Ljava/lang/Class;)Ljava/lang/Object;+29 java.base@13.0.1
j  java.security.AccessController.doPrivileged(Ljava/security/PrivilegedAction;)Ljava/lang/Object;+5 java.base@13.0.1
j  org.newdawn.slick.AppGameContainer.setup()V+112
j  org.newdawn.slick.AppGameContainer.start()V+1
j  IsaacMain.Window.showWindow()V+50
j  IsaacMain.Main.main([Ljava/lang/String;)V+5
v  ~StubRoutines::call_stub
V  [libjvm.dylib+0x39910f]  _ZN9JavaCalls11call_helperEP9JavaValueRK12methodHandleP17JavaCallArgumentsP6Thread+0x285
V  [libjvm.dylib+0x3da7c1]  _ZL17jni_invoke_staticP7JNIEnv_P9JavaValueP8_jobject11JNICallTypeP10_jmethodIDP18JNI_ArgumentPusherP6Thread+0x11c
V  [libjvm.dylib+0x3ddf84]  jni_CallStaticVoidMethod+0x1c9
C  [libjli.dylib+0x4a66]  JavaMain+0xab4
C  [libjli.dylib+0x6d64]  ThreadJavaMain+0x9
C  [libsystem_pthread.dylib+0x5d76]  _pthread_start+0x7d
C  [libsystem_pthread.dylib+0x25d7]  thread_start+0xf

Java frames: (J=compiled Java code, j=interpreted, Vv=VM code)
j  org.lwjgl.opengl.MacOSXContextImplementation.setView(Ljava/nio/ByteBuffer;Ljava/nio/ByteBuffer;)V+0
j  org.lwjgl.opengl.MacOSXContextImplementation.makeCurrent(Lorg/lwjgl/opengl/PeerInfo;Ljava/nio/ByteBuffer;)V+7
j  org.lwjgl.opengl.ContextGL.makeCurrent()V+46
j  org.lwjgl.opengl.DrawableGL.makeCurrent()V+14
j  org.lwjgl.opengl.Display.makeCurrent()V+3
j  org.lwjgl.opengl.Display.makeCurrentAndSetSwapInterval()V+0
j  org.lwjgl.opengl.Display.create(Lorg/lwjgl/opengl/PixelFormat;Lorg/lwjgl/opengl/Drawable;Lorg/lwjgl/opengl/ContextAttribs;)V+108
j  org.lwjgl.opengl.Display.create(Lorg/lwjgl/opengl/PixelFormat;)V+12
j  org.newdawn.slick.AppGameContainer.tryCreateDisplay(Lorg/lwjgl/opengl/PixelFormat;)V+7
j  org.newdawn.slick.AppGameContainer.access$000(Lorg/newdawn/slick/AppGameContainer;Lorg/lwjgl/opengl/PixelFormat;)V+2
j  org.newdawn.slick.AppGameContainer$2.run()Ljava/lang/Object;+36
j  java.security.AccessController.executePrivileged(Ljava/security/PrivilegedAction;Ljava/security/AccessControlContext;Ljava/lang/Class;)Ljava/lang/Object;+29 java.base@13.0.1
j  java.security.AccessController.doPrivileged(Ljava/security/PrivilegedAction;)Ljava/lang/Object;+5 java.base@13.0.1
j  org.newdawn.slick.AppGameContainer.setup()V+112
j  org.newdawn.slick.AppGameContainer.start()V+1
j  IsaacMain.Window.showWindow()V+50
j  IsaacMain.Main.main([Ljava/lang/String;)V+5
v  ~StubRoutines::call_stub

siginfo: si_signo: 11 (SIGSEGV), si_code: 1 (SEGV_MAPERR), si_addr: 0x0000000000000020

Register to memory mapping:

RAX=0x0 is NULL
RBX=0x00007f938c006000 points into unknown readable memory: a1 a1 a1 a1 41 55 54 4f
RCX=0x00007f938c006178 points into unknown readable memory: a3 a3 a3 a3 a3 a3 a3 a3
RDX=0x0000000000000005 is an unknown value
RSP=0x000070000704c268 is pointing into the stack for thread: 0x00007f938d011800
RBP=0x000070000704c290 is pointing into the stack for thread: 0x00007f938d011800
RSI=0x00007f938bc9dae0 points into unknown readable memory: 65 0c ab 27 01 80 3d 00
RDI=0x00007f938bf7cd80 points into unknown readable memory: 00 00 00 00 00 00 00 10
R8 =0x00000000000130a8 is an unknown value
R9 =0x0 is NULL
R10=0x0000000127ab0c60: OBJC_CLASS_$_MacOSXOpenGLView+0 in /Users/fabrizio/NetBeansProjects/SEProject/lib/liblwjgl.dylib at 0x0000000127a72000
R11=0x00007fff2ec9d6cc: -[NSResponder release]+0 in /System/Library/Frameworks/AppKit.framework/Versions/C/AppKit at 0x00007fff2e596000
R12=0x00007f938bc20a60 points into unknown readable memory: 51 96 3e 8d ff ff 1d 00
R13=0x000000010dfade68 is pointing into metadata
R14=0x00007f938c006108 points into unknown readable memory: 00 00 00 00 00 00 00 00
R15=0xa3a3a3a3a3a3a3a3 is an unknown value


Registers:
RAX=0x0000000000000000, RBX=0x00007f938c006000, RCX=0x00007f938c006178, RDX=0x0000000000000005
RSP=0x000070000704c268, RBP=0x000070000704c290, RSI=0x00007f938bc9dae0, RDI=0x00007f938bf7cd80
R8 =0x00000000000130a8, R9 =0x0000000000000000, R10=0x0000000127ab0c60, R11=0x00007fff2ec9d6cc
R12=0x00007f938bc20a60, R13=0x000000010dfade68, R14=0x00007f938c006108, R15=0xa3a3a3a3a3a3a3a3
RIP=0x00007fff67321598, EFLAGS=0x0000000000010246, ERR=0x0000000000000004
  TRAPNO=0x000000000000000e

Top of Stack: (sp=0x000070000704c268)
0x000070000704c268:   00007fff6733b53a 0000000000000000
0x000070000704c278:   00007f938c006000 00007fff7211586e
0x000070000704c288:   00007f938d011b10 000070000704c2b0
0x000070000704c298:   00007fff67321c70 0000000000000000
0x000070000704c2a8:   00007f938c006108 000070000704c2d0
0x000070000704c2b8:   00007fff3135d67e 0000000000000000
0x000070000704c2c8:   00007f938bc20a60 000070000704c310
0x000070000704c2d8:   00007fff33a10105 0000000000000000
0x000070000704c2e8:   00007f938bf91f70 00007f938bc9dae0
0x000070000704c2f8:   4333f84c2bc3004e 00007f938bf75780
0x000070000704c308:   00007f938be616e0 000070000704c340
0x000070000704c318:   0000000127a88cce 000000010dfade70
0x000070000704c328:   0000000000000000 000070000704c3d8
0x000070000704c338:   00007f938d011800 000070000704c3b0
0x000070000704c348:   000000010eac4c90 000070000704c3b0
0x000070000704c358:   000000010eac49de 000000010eac4996
0x000070000704c368:   000070000704c368 000000010dfade68
0x000070000704c378:   000070000704c3d8 000000010dfae418
0x000070000704c388:   0000000000000000 0000000787ca25d8
0x000070000704c398:   000000010dfade70 0000000000000000
0x000070000704c3a8:   000070000704c3d0 000070000704c428
0x000070000704c3b8:   000000010eabefb3 0000000787ca25d8
0x000070000704c3c8:   000000010eac1bb8 0000000787cabf78
0x000070000704c3d8:   0000000787c2b6b0 000070000704c3e0
0x000070000704c3e8:   000000010dfadd67 000070000704c458
0x000070000704c3f8:   000000010dfae418 0000000000000000
0x000070000704c408:   0000000787ca25d8 000000010dfaddd8
0x000070000704c418:   000070000704c3d0 000070000704c448
0x000070000704c428:   000070000704c4b8 000000010eabeff8
0x000070000704c438:   0000000000000000 0000000787c2b6b0
0x000070000704c448:   0000000787cabf78 0000000787c2b5f0
0x000070000704c458:   0000000787ca2700 000070000704c4a0 

Instructions: (pc=0x00007fff67321598)
0x00007fff67321498:   90 90 90 90 66 83 7f 0e 00 74 03 31 c0 c3 48 8b
0x00007fff673214a8:   07 8b 4f 08 48 8d 15 4d bf 01 00 85 c9 74 3c 8b
0x00007fff673214b8:   4f 08 8d 71 02 81 fe 02 04 00 00 72 2e ff c1 31
0x00007fff673214c8:   f6 89 cf 48 89 f2 d1 ef 48 8d 76 01 83 f9 03 89
0x00007fff673214d8:   f9 77 f0 3b 35 b7 48 04 2e 73 0e 48 8b 0d b6 48
0x00007fff673214e8:   04 2e 48 8b 54 d1 08 eb 02 31 d2 48 39 c2 0f 94
0x00007fff673214f8:   c0 c3 90 90 90 90 90 90 90 90 90 55 48 89 e5 41
0x00007fff67321508:   56 53 89 fb 44 8d 73 01 49 c1 e6 04 be 01 00 00
0x00007fff67321518:   00 4c 89 f7 e8 03 b8 01 00 49 89 44 06 f8 49 c7
0x00007fff67321528:   44 06 f0 01 00 00 00 80 3d 34 4a 04 2e 00 74 2e
0x00007fff67321538:   31 c9 83 fb 02 72 14 31 c9 89 da d1 ea ff c1 83
0x00007fff67321548:   fb 03 89 d3 77 f5 83 f9 0f 77 0c 89 c9 48 8d 15
0x00007fff67321558:   f4 47 04 2e ff 04 8a 48 ff 05 2a 48 04 2e 5b 41
0x00007fff67321568:   5e 5d c3 90 90 90 90 90 90 90 90 e9 f3 38 00 00
0x00007fff67321578:   90 90 90 90 90 90 90 90 48 85 ff 74 64 40 f6 c7
0x00007fff67321588:   01 75 5e 48 b8 f8 ff ff ff ff 7f 00 00 48 23 07
0x00007fff67321598:   f6 40 20 04 74 69 48 b9 00 00 00 00 00 00 00 01
0x00007fff673215a8:   48 ba 00 00 00 00 00 00 40 00 48 8b 07 a8 01 74
0x00007fff673215b8:   3e 48 89 c6 48 29 ce 73 21 48 0f ba e0 37 72 4c
0x00007fff673215c8:   48 0f ba e0 36 0f 82 49 96 01 00 48 89 c6 48 09
0x00007fff673215d8:   d6 f0 48 0f b1 37 75 d2 eb 08 f0 48 0f b1 37 75
0x00007fff673215e8:   c9 c3 48 8b 35 ff 38 04 2e ff 25 81 1a 04 2e f6
0x00007fff673215f8:   40 1c 01 75 ec be 01 00 00 00 e9 f7 4f 00 00 48
0x00007fff67321608:   8b 35 12 38 04 2e ff 25 64 1a 04 2e be 01 00 00
0x00007fff67321618:   00 e9 e8 52 00 00 90 90 90 90 90 90 90 90 90 90
0x00007fff67321628:   90 90 e9 04 00 00 00 90 90 90 90 55 48 89 e5 53
0x00007fff67321638:   50 48 89 fb f6 c3 01 75 21 48 b8 07 00 00 00 00
0x00007fff67321648:   00 a0 00 48 23 03 48 83 f8 01 75 15 48 89 df 48
0x00007fff67321658:   83 c4 08 5b 5d e9 16 b7 01 00 48 83 c4 08 5b 5d
0x00007fff67321668:   c3 48 89 df e8 34 00 00 00 eb e1 48 85 ff 74 1c
0x00007fff67321678:   55 48 89 e5 53 50 48 89 fb e8 1f 00 00 00 48 89
0x00007fff67321688:   df e8 ea b6 01 00 48 83 c4 08 5b 5d 31 c0 c3 90 


Stack slot to memory mapping:
stack at sp + 0 slots: 0x00007fff6733b53a: _ZN19AutoreleasePoolPage12releaseUntilEPP11objc_object+0x86 in /usr/lib/libobjc.A.dylib at 0x00007fff67319000
stack at sp + 1 slots: 0x0 is NULL
stack at sp + 2 slots: 0x00007f938c006000 points into unknown readable memory: a1 a1 a1 a1 41 55 54 4f
stack at sp + 3 slots: 0x00007fff7211586e: GCC_except_table728+0xadce9de in /usr/lib/libobjc.A.dylib at 0x00007fff67319000
stack at sp + 4 slots: 0x00007f938d011b10 points into unknown readable memory: e0 1d b5 03 01 00 00 00
stack at sp + 5 slots: 0x000070000704c2b0 is pointing into the stack for thread: 0x00007f938d011800
stack at sp + 6 slots: 0x00007fff67321c70: objc_autoreleasePoolPop+0xaf in /usr/lib/libobjc.A.dylib at 0x00007fff67319000
stack at sp + 7 slots: 0x0 is NULL


---------------  P R O C E S S  ---------------

Threads class SMR info:
_java_thread_list=0x00007f938bd45780, length=11, elements={
0x00007f938d011800, 0x00007f938d06b000, 0x00007f938d06e000, 0x00007f938d06f000,
0x00007f938d072800, 0x00007f938c833000, 0x00007f938c836000, 0x00007f938c834000,
0x00007f938d801800, 0x00007f938d0e8000, 0x00007f938d176000
}

Java Threads: ( => current thread )
=>0x00007f938d011800 JavaThread "main" [_thread_in_native, id=10243, stack(0x0000700006f4d000,0x000070000704d000)]
  0x00007f938d06b000 JavaThread "Reference Handler" daemon [_thread_blocked, id=13571, stack(0x0000700007662000,0x0000700007762000)]
  0x00007f938d06e000 JavaThread "Finalizer" daemon [_thread_blocked, id=17411, stack(0x0000700007765000,0x0000700007865000)]
  0x00007f938d06f000 JavaThread "Signal Dispatcher" daemon [_thread_blocked, id=21763, stack(0x000070000796e000,0x0000700007a6e000)]
  0x00007f938d072800 JavaThread "C2 CompilerThread0" daemon [_thread_blocked, id=22531, stack(0x0000700007a71000,0x0000700007b71000)]
  0x00007f938c833000 JavaThread "C1 CompilerThread0" daemon [_thread_blocked, id=23043, stack(0x0000700007b74000,0x0000700007c74000)]
  0x00007f938c836000 JavaThread "Sweeper thread" daemon [_thread_blocked, id=23811, stack(0x0000700007c77000,0x0000700007d77000)]
  0x00007f938c834000 JavaThread "Service Thread" daemon [_thread_blocked, id=42755, stack(0x0000700007d7a000,0x0000700007e7a000)]
  0x00007f938d801800 JavaThread "Common-Cleaner" daemon [_thread_blocked, id=41987, stack(0x0000700007f80000,0x0000700008080000)]
  0x00007f938d0e8000 JavaThread "AppKit Thread" daemon [_thread_in_native, id=775, stack(0x00007ffeecaea000,0x00007ffeed2ea000)]
  0x00007f938d176000 JavaThread "AWT-Shutdown" [_thread_blocked, id=34307, stack(0x0000700008083000,0x0000700008183000)]

Other Threads:
  0x00007f938d06a000 VMThread "VM Thread" [stack: 0x000070000755f000,0x000070000765f000] [id=18179]
  0x00007f938c013800 WatcherThread [stack: 0x0000700007e7d000,0x0000700007f7d000] [id=42499]
  0x00007f938c822800 GCTaskThread "GC Thread#0" [stack: 0x0000700007050000,0x0000700007150000] [id=20483]
  0x00007f938d813000 ConcurrentGCThread "G1 Main Marker" [stack: 0x0000700007153000,0x0000700007253000] [id=19971]
  0x00007f938d007000 ConcurrentGCThread "G1 Conc#0" [stack: 0x0000700007256000,0x0000700007356000] [id=19459]
  0x00007f938d056800 ConcurrentGCThread "G1 Refine#0" [stack: 0x0000700007359000,0x0000700007459000] [id=19203]
  0x00007f938d057000 ConcurrentGCThread "G1 Young RemSet Sampling" [stack: 0x000070000745c000,0x000070000755c000] [id=18691]

Threads with active compile tasks:

VM state:not at safepoint (normal execution)

VM Mutex/Monitor currently owned by a thread: None

Heap address: 0x0000000780000000, size: 2048 MB, Compressed Oops mode: Zero based, Oop shift amount: 3
Narrow klass base: 0x0000000800000000, Narrow klass shift: 3
Compressed class space size: 1073741824 Address: 0x0000000800ae0000

Heap:
 garbage-first heap   total 133120K, used 3832K [0x0000000780000000, 0x0000000800000000)
  region size 1024K, 4 young (4096K), 0 survivors (0K)
 Metaspace       used 2485K, capacity 5202K, committed 5376K, reserved 1056768K
  class space    used 244K, capacity 500K, committed 512K, reserved 1048576K
Heap Regions: E=young(eden), S=young(survivor), O=old, HS=humongous(starts), HC=humongous(continues), CS=collection set, F=free, A=archive, TAMS=top-at-mark-start (previous, next)
|   0|0x0000000780000000, 0x0000000780000000, 0x0000000780100000|  0%| F|  |TAMS 0x0000000780000000, 0x0000000780000000| Untracked 
|   1|0x0000000780100000, 0x0000000780100000, 0x0000000780200000|  0%| F|  |TAMS 0x0000000780100000, 0x0000000780100000| Untracked 
|   2|0x0000000780200000, 0x0000000780200000, 0x0000000780300000|  0%| F|  |TAMS 0x0000000780200000, 0x0000000780200000| Untracked 
|   3|0x0000000780300000, 0x0000000780300000, 0x0000000780400000|  0%| F|  |TAMS 0x0000000780300000, 0x0000000780300000| Untracked 
|   4|0x0000000780400000, 0x0000000780400000, 0x0000000780500000|  0%| F|  |TAMS 0x0000000780400000, 0x0000000780400000| Untracked 
|   5|0x0000000780500000, 0x0000000780500000, 0x0000000780600000|  0%| F|  |TAMS 0x0000000780500000, 0x0000000780500000| Untracked 
|   6|0x0000000780600000, 0x0000000780600000, 0x0000000780700000|  0%| F|  |TAMS 0x0000000780600000, 0x0000000780600000| Untracked 
|   7|0x0000000780700000, 0x0000000780700000, 0x0000000780800000|  0%| F|  |TAMS 0x0000000780700000, 0x0000000780700000| Untracked 
|   8|0x0000000780800000, 0x0000000780800000, 0x0000000780900000|  0%| F|  |TAMS 0x0000000780800000, 0x0000000780800000| Untracked 
|   9|0x0000000780900000, 0x0000000780900000, 0x0000000780a00000|  0%| F|  |TAMS 0x0000000780900000, 0x0000000780900000| Untracked 
|  10|0x0000000780a00000, 0x0000000780a00000, 0x0000000780b00000|  0%| F|  |TAMS 0x0000000780a00000, 0x0000000780a00000| Untracked 
|  11|0x0000000780b00000, 0x0000000780b00000, 0x0000000780c00000|  0%| F|  |TAMS 0x0000000780b00000, 0x0000000780b00000| Untracked 
|  12|0x0000000780c00000, 0x0000000780c00000, 0x0000000780d00000|  0%| F|  |TAMS 0x0000000780c00000, 0x0000000780c00000| Untracked 
|  13|0x0000000780d00000, 0x0000000780d00000, 0x0000000780e00000|  0%| F|  |TAMS 0x0000000780d00000, 0x0000000780d00000| Untracked 
|  14|0x0000000780e00000, 0x0000000780e00000, 0x0000000780f00000|  0%| F|  |TAMS 0x0000000780e00000, 0x0000000780e00000| Untracked 
|  15|0x0000000780f00000, 0x0000000780f00000, 0x0000000781000000|  0%| F|  |TAMS 0x0000000780f00000, 0x0000000780f00000| Untracked 
|  16|0x0000000781000000, 0x0000000781000000, 0x0000000781100000|  0%| F|  |TAMS 0x0000000781000000, 0x0000000781000000| Untracked 
|  17|0x0000000781100000, 0x0000000781100000, 0x0000000781200000|  0%| F|  |TAMS 0x0000000781100000, 0x0000000781100000| Untracked 
|  18|0x0000000781200000, 0x0000000781200000, 0x0000000781300000|  0%| F|  |TAMS 0x0000000781200000, 0x0000000781200000| Untracked 
|  19|0x0000000781300000, 0x0000000781300000, 0x0000000781400000|  0%| F|  |TAMS 0x0000000781300000, 0x0000000781300000| Untracked 
|  20|0x0000000781400000, 0x0000000781400000, 0x0000000781500000|  0%| F|  |TAMS 0x0000000781400000, 0x0000000781400000| Untracked 
|  21|0x0000000781500000, 0x0000000781500000, 0x0000000781600000|  0%| F|  |TAMS 0x0000000781500000, 0x0000000781500000| Untracked 
|  22|0x0000000781600000, 0x0000000781600000, 0x0000000781700000|  0%| F|  |TAMS 0x0000000781600000, 0x0000000781600000| Untracked 
|  23|0x0000000781700000, 0x0000000781700000, 0x0000000781800000|  0%| F|  |TAMS 0x0000000781700000, 0x0000000781700000| Untracked 
|  24|0x0000000781800000, 0x0000000781800000, 0x0000000781900000|  0%| F|  |TAMS 0x0000000781800000, 0x0000000781800000| Untracked 
|  25|0x0000000781900000, 0x0000000781900000, 0x0000000781a00000|  0%| F|  |TAMS 0x0000000781900000, 0x0000000781900000| Untracked 
|  26|0x0000000781a00000, 0x0000000781a00000, 0x0000000781b00000|  0%| F|  |TAMS 0x0000000781a00000, 0x0000000781a00000| Untracked 
|  27|0x0000000781b00000, 0x0000000781b00000, 0x0000000781c00000|  0%| F|  |TAMS 0x0000000781b00000, 0x0000000781b00000| Untracked 
|  28|0x0000000781c00000, 0x0000000781c00000, 0x0000000781d00000|  0%| F|  |TAMS 0x0000000781c00000, 0x0000000781c00000| Untracked 
|  29|0x0000000781d00000, 0x0000000781d00000, 0x0000000781e00000|  0%| F|  |TAMS 0x0000000781d00000, 0x0000000781d00000| Untracked 
|  30|0x0000000781e00000, 0x0000000781e00000, 0x0000000781f00000|  0%| F|  |TAMS 0x0000000781e00000, 0x0000000781e00000| Untracked 
|  31|0x0000000781f00000, 0x0000000781f00000, 0x0000000782000000|  0%| F|  |TAMS 0x0000000781f00000, 0x0000000781f00000| Untracked 
|  32|0x0000000782000000, 0x0000000782000000, 0x0000000782100000|  0%| F|  |TAMS 0x0000000782000000, 0x0000000782000000| Untracked 
|  33|0x0000000782100000, 0x0000000782100000, 0x0000000782200000|  0%| F|  |TAMS 0x0000000782100000, 0x0000000782100000| Untracked 
|  34|0x0000000782200000, 0x0000000782200000, 0x0000000782300000|  0%| F|  |TAMS 0x0000000782200000, 0x0000000782200000| Untracked 
|  35|0x0000000782300000, 0x0000000782300000, 0x0000000782400000|  0%| F|  |TAMS 0x0000000782300000, 0x0000000782300000| Untracked 
|  36|0x0000000782400000, 0x0000000782400000, 0x0000000782500000|  0%| F|  |TAMS 0x0000000782400000, 0x0000000782400000| Untracked 
|  37|0x0000000782500000, 0x0000000782500000, 0x0000000782600000|  0%| F|  |TAMS 0x0000000782500000, 0x0000000782500000| Untracked 
|  38|0x0000000782600000, 0x0000000782600000, 0x0000000782700000|  0%| F|  |TAMS 0x0000000782600000, 0x0000000782600000| Untracked 
|  39|0x0000000782700000, 0x0000000782700000, 0x0000000782800000|  0%| F|  |TAMS 0x0000000782700000, 0x0000000782700000| Untracked 
|  40|0x0000000782800000, 0x0000000782800000, 0x0000000782900000|  0%| F|  |TAMS 0x0000000782800000, 0x0000000782800000| Untracked 
|  41|0x0000000782900000, 0x0000000782900000, 0x0000000782a00000|  0%| F|  |TAMS 0x0000000782900000, 0x0000000782900000| Untracked 
|  42|0x0000000782a00000, 0x0000000782a00000, 0x0000000782b00000|  0%| F|  |TAMS 0x0000000782a00000, 0x0000000782a00000| Untracked 
|  43|0x0000000782b00000, 0x0000000782b00000, 0x0000000782c00000|  0%| F|  |TAMS 0x0000000782b00000, 0x0000000782b00000| Untracked 
|  44|0x0000000782c00000, 0x0000000782c00000, 0x0000000782d00000|  0%| F|  |TAMS 0x0000000782c00000, 0x0000000782c00000| Untracked 
|  45|0x0000000782d00000, 0x0000000782d00000, 0x0000000782e00000|  0%| F|  |TAMS 0x0000000782d00000, 0x0000000782d00000| Untracked 
|  46|0x0000000782e00000, 0x0000000782e00000, 0x0000000782f00000|  0%| F|  |TAMS 0x0000000782e00000, 0x0000000782e00000| Untracked 
|  47|0x0000000782f00000, 0x0000000782f00000, 0x0000000783000000|  0%| F|  |TAMS 0x0000000782f00000, 0x0000000782f00000| Untracked 
|  48|0x0000000783000000, 0x0000000783000000, 0x0000000783100000|  0%| F|  |TAMS 0x0000000783000000, 0x0000000783000000| Untracked 
|  49|0x0000000783100000, 0x0000000783100000, 0x0000000783200000|  0%| F|  |TAMS 0x0000000783100000, 0x0000000783100000| Untracked 
|  50|0x0000000783200000, 0x0000000783200000, 0x0000000783300000|  0%| F|  |TAMS 0x0000000783200000, 0x0000000783200000| Untracked 
|  51|0x0000000783300000, 0x0000000783300000, 0x0000000783400000|  0%| F|  |TAMS 0x0000000783300000, 0x0000000783300000| Untracked 
|  52|0x0000000783400000, 0x0000000783400000, 0x0000000783500000|  0%| F|  |TAMS 0x0000000783400000, 0x0000000783400000| Untracked 
|  53|0x0000000783500000, 0x0000000783500000, 0x0000000783600000|  0%| F|  |TAMS 0x0000000783500000, 0x0000000783500000| Untracked 
|  54|0x0000000783600000, 0x0000000783600000, 0x0000000783700000|  0%| F|  |TAMS 0x0000000783600000, 0x0000000783600000| Untracked 
|  55|0x0000000783700000, 0x0000000783700000, 0x0000000783800000|  0%| F|  |TAMS 0x0000000783700000, 0x0000000783700000| Untracked 
|  56|0x0000000783800000, 0x0000000783800000, 0x0000000783900000|  0%| F|  |TAMS 0x0000000783800000, 0x0000000783800000| Untracked 
|  57|0x0000000783900000, 0x0000000783900000, 0x0000000783a00000|  0%| F|  |TAMS 0x0000000783900000, 0x0000000783900000| Untracked 
|  58|0x0000000783a00000, 0x0000000783a00000, 0x0000000783b00000|  0%| F|  |TAMS 0x0000000783a00000, 0x0000000783a00000| Untracked 
|  59|0x0000000783b00000, 0x0000000783b00000, 0x0000000783c00000|  0%| F|  |TAMS 0x0000000783b00000, 0x0000000783b00000| Untracked 
|  60|0x0000000783c00000, 0x0000000783c00000, 0x0000000783d00000|  0%| F|  |TAMS 0x0000000783c00000, 0x0000000783c00000| Untracked 
|  61|0x0000000783d00000, 0x0000000783d00000, 0x0000000783e00000|  0%| F|  |TAMS 0x0000000783d00000, 0x0000000783d00000| Untracked 
|  62|0x0000000783e00000, 0x0000000783e00000, 0x0000000783f00000|  0%| F|  |TAMS 0x0000000783e00000, 0x0000000783e00000| Untracked 
|  63|0x0000000783f00000, 0x0000000783f00000, 0x0000000784000000|  0%| F|  |TAMS 0x0000000783f00000, 0x0000000783f00000| Untracked 
|  64|0x0000000784000000, 0x0000000784000000, 0x0000000784100000|  0%| F|  |TAMS 0x0000000784000000, 0x0000000784000000| Untracked 
|  65|0x0000000784100000, 0x0000000784100000, 0x0000000784200000|  0%| F|  |TAMS 0x0000000784100000, 0x0000000784100000| Untracked 
|  66|0x0000000784200000, 0x0000000784200000, 0x0000000784300000|  0%| F|  |TAMS 0x0000000784200000, 0x0000000784200000| Untracked 
|  67|0x0000000784300000, 0x0000000784300000, 0x0000000784400000|  0%| F|  |TAMS 0x0000000784300000, 0x0000000784300000| Untracked 
|  68|0x0000000784400000, 0x0000000784400000, 0x0000000784500000|  0%| F|  |TAMS 0x0000000784400000, 0x0000000784400000| Untracked 
|  69|0x0000000784500000, 0x0000000784500000, 0x0000000784600000|  0%| F|  |TAMS 0x0000000784500000, 0x0000000784500000| Untracked 
|  70|0x0000000784600000, 0x0000000784600000, 0x0000000784700000|  0%| F|  |TAMS 0x0000000784600000, 0x0000000784600000| Untracked 
|  71|0x0000000784700000, 0x0000000784700000, 0x0000000784800000|  0%| F|  |TAMS 0x0000000784700000, 0x0000000784700000| Untracked 
|  72|0x0000000784800000, 0x0000000784800000, 0x0000000784900000|  0%| F|  |TAMS 0x0000000784800000, 0x0000000784800000| Untracked 
|  73|0x0000000784900000, 0x0000000784900000, 0x0000000784a00000|  0%| F|  |TAMS 0x0000000784900000, 0x0000000784900000| Untracked 
|  74|0x0000000784a00000, 0x0000000784a00000, 0x0000000784b00000|  0%| F|  |TAMS 0x0000000784a00000, 0x0000000784a00000| Untracked 
|  75|0x0000000784b00000, 0x0000000784b00000, 0x0000000784c00000|  0%| F|  |TAMS 0x0000000784b00000, 0x0000000784b00000| Untracked 
|  76|0x0000000784c00000, 0x0000000784c00000, 0x0000000784d00000|  0%| F|  |TAMS 0x0000000784c00000, 0x0000000784c00000| Untracked 
|  77|0x0000000784d00000, 0x0000000784d00000, 0x0000000784e00000|  0%| F|  |TAMS 0x0000000784d00000, 0x0000000784d00000| Untracked 
|  78|0x0000000784e00000, 0x0000000784e00000, 0x0000000784f00000|  0%| F|  |TAMS 0x0000000784e00000, 0x0000000784e00000| Untracked 
|  79|0x0000000784f00000, 0x0000000784f00000, 0x0000000785000000|  0%| F|  |TAMS 0x0000000784f00000, 0x0000000784f00000| Untracked 
|  80|0x0000000785000000, 0x0000000785000000, 0x0000000785100000|  0%| F|  |TAMS 0x0000000785000000, 0x0000000785000000| Untracked 
|  81|0x0000000785100000, 0x0000000785100000, 0x0000000785200000|  0%| F|  |TAMS 0x0000000785100000, 0x0000000785100000| Untracked 
|  82|0x0000000785200000, 0x0000000785200000, 0x0000000785300000|  0%| F|  |TAMS 0x0000000785200000, 0x0000000785200000| Untracked 
|  83|0x0000000785300000, 0x0000000785300000, 0x0000000785400000|  0%| F|  |TAMS 0x0000000785300000, 0x0000000785300000| Untracked 
|  84|0x0000000785400000, 0x0000000785400000, 0x0000000785500000|  0%| F|  |TAMS 0x0000000785400000, 0x0000000785400000| Untracked 
|  85|0x0000000785500000, 0x0000000785500000, 0x0000000785600000|  0%| F|  |TAMS 0x0000000785500000, 0x0000000785500000| Untracked 
|  86|0x0000000785600000, 0x0000000785600000, 0x0000000785700000|  0%| F|  |TAMS 0x0000000785600000, 0x0000000785600000| Untracked 
|  87|0x0000000785700000, 0x0000000785700000, 0x0000000785800000|  0%| F|  |TAMS 0x0000000785700000, 0x0000000785700000| Untracked 
|  88|0x0000000785800000, 0x0000000785800000, 0x0000000785900000|  0%| F|  |TAMS 0x0000000785800000, 0x0000000785800000| Untracked 
|  89|0x0000000785900000, 0x0000000785900000, 0x0000000785a00000|  0%| F|  |TAMS 0x0000000785900000, 0x0000000785900000| Untracked 
|  90|0x0000000785a00000, 0x0000000785a00000, 0x0000000785b00000|  0%| F|  |TAMS 0x0000000785a00000, 0x0000000785a00000| Untracked 
|  91|0x0000000785b00000, 0x0000000785b00000, 0x0000000785c00000|  0%| F|  |TAMS 0x0000000785b00000, 0x0000000785b00000| Untracked 
|  92|0x0000000785c00000, 0x0000000785c00000, 0x0000000785d00000|  0%| F|  |TAMS 0x0000000785c00000, 0x0000000785c00000| Untracked 
|  93|0x0000000785d00000, 0x0000000785d00000, 0x0000000785e00000|  0%| F|  |TAMS 0x0000000785d00000, 0x0000000785d00000| Untracked 
|  94|0x0000000785e00000, 0x0000000785e00000, 0x0000000785f00000|  0%| F|  |TAMS 0x0000000785e00000, 0x0000000785e00000| Untracked 
|  95|0x0000000785f00000, 0x0000000785f00000, 0x0000000786000000|  0%| F|  |TAMS 0x0000000785f00000, 0x0000000785f00000| Untracked 
|  96|0x0000000786000000, 0x0000000786000000, 0x0000000786100000|  0%| F|  |TAMS 0x0000000786000000, 0x0000000786000000| Untracked 
|  97|0x0000000786100000, 0x0000000786100000, 0x0000000786200000|  0%| F|  |TAMS 0x0000000786100000, 0x0000000786100000| Untracked 
|  98|0x0000000786200000, 0x0000000786200000, 0x0000000786300000|  0%| F|  |TAMS 0x0000000786200000, 0x0000000786200000| Untracked 
|  99|0x0000000786300000, 0x0000000786300000, 0x0000000786400000|  0%| F|  |TAMS 0x0000000786300000, 0x0000000786300000| Untracked 
| 100|0x0000000786400000, 0x0000000786400000, 0x0000000786500000|  0%| F|  |TAMS 0x0000000786400000, 0x0000000786400000| Untracked 
| 101|0x0000000786500000, 0x0000000786500000, 0x0000000786600000|  0%| F|  |TAMS 0x0000000786500000, 0x0000000786500000| Untracked 
| 102|0x0000000786600000, 0x0000000786600000, 0x0000000786700000|  0%| F|  |TAMS 0x0000000786600000, 0x0000000786600000| Untracked 
| 103|0x0000000786700000, 0x0000000786700000, 0x0000000786800000|  0%| F|  |TAMS 0x0000000786700000, 0x0000000786700000| Untracked 
| 104|0x0000000786800000, 0x0000000786800000, 0x0000000786900000|  0%| F|  |TAMS 0x0000000786800000, 0x0000000786800000| Untracked 
| 105|0x0000000786900000, 0x0000000786900000, 0x0000000786a00000|  0%| F|  |TAMS 0x0000000786900000, 0x0000000786900000| Untracked 
| 106|0x0000000786a00000, 0x0000000786a00000, 0x0000000786b00000|  0%| F|  |TAMS 0x0000000786a00000, 0x0000000786a00000| Untracked 
| 107|0x0000000786b00000, 0x0000000786b00000, 0x0000000786c00000|  0%| F|  |TAMS 0x0000000786b00000, 0x0000000786b00000| Untracked 
| 108|0x0000000786c00000, 0x0000000786c00000, 0x0000000786d00000|  0%| F|  |TAMS 0x0000000786c00000, 0x0000000786c00000| Untracked 
| 109|0x0000000786d00000, 0x0000000786d00000, 0x0000000786e00000|  0%| F|  |TAMS 0x0000000786d00000, 0x0000000786d00000| Untracked 
| 110|0x0000000786e00000, 0x0000000786e00000, 0x0000000786f00000|  0%| F|  |TAMS 0x0000000786e00000, 0x0000000786e00000| Untracked 
| 111|0x0000000786f00000, 0x0000000786f00000, 0x0000000787000000|  0%| F|  |TAMS 0x0000000786f00000, 0x0000000786f00000| Untracked 
| 112|0x0000000787000000, 0x0000000787000000, 0x0000000787100000|  0%| F|  |TAMS 0x0000000787000000, 0x0000000787000000| Untracked 
| 113|0x0000000787100000, 0x0000000787100000, 0x0000000787200000|  0%| F|  |TAMS 0x0000000787100000, 0x0000000787100000| Untracked 
| 114|0x0000000787200000, 0x0000000787200000, 0x0000000787300000|  0%| F|  |TAMS 0x0000000787200000, 0x0000000787200000| Untracked 
| 115|0x0000000787300000, 0x0000000787300000, 0x0000000787400000|  0%| F|  |TAMS 0x0000000787300000, 0x0000000787300000| Untracked 
| 116|0x0000000787400000, 0x0000000787400000, 0x0000000787500000|  0%| F|  |TAMS 0x0000000787400000, 0x0000000787400000| Untracked 
| 117|0x0000000787500000, 0x0000000787500000, 0x0000000787600000|  0%| F|  |TAMS 0x0000000787500000, 0x0000000787500000| Untracked 
| 118|0x0000000787600000, 0x0000000787600000, 0x0000000787700000|  0%| F|  |TAMS 0x0000000787600000, 0x0000000787600000| Untracked 
| 119|0x0000000787700000, 0x0000000787700000, 0x0000000787800000|  0%| F|  |TAMS 0x0000000787700000, 0x0000000787700000| Untracked 
| 120|0x0000000787800000, 0x0000000787800000, 0x0000000787900000|  0%| F|  |TAMS 0x0000000787800000, 0x0000000787800000| Untracked 
| 121|0x0000000787900000, 0x0000000787900000, 0x0000000787a00000|  0%| F|  |TAMS 0x0000000787900000, 0x0000000787900000| Untracked 
| 122|0x0000000787a00000, 0x0000000787a00000, 0x0000000787b00000|  0%| F|  |TAMS 0x0000000787a00000, 0x0000000787a00000| Untracked 
| 123|0x0000000787b00000, 0x0000000787b00000, 0x0000000787c00000|  0%| F|  |TAMS 0x0000000787b00000, 0x0000000787b00000| Untracked 
| 124|0x0000000787c00000, 0x0000000787cd7908, 0x0000000787d00000| 84%| E|  |TAMS 0x0000000787c00000, 0x0000000787c00000| Complete 
| 125|0x0000000787d00000, 0x0000000787e00000, 0x0000000787e00000|100%| E|CS|TAMS 0x0000000787d00000, 0x0000000787d00000| Complete 
| 126|0x0000000787e00000, 0x0000000787f00000, 0x0000000787f00000|100%| E|CS|TAMS 0x0000000787e00000, 0x0000000787e00000| Complete 
| 127|0x0000000787f00000, 0x0000000788000000, 0x0000000788000000|100%| E|CS|TAMS 0x0000000787f00000, 0x0000000787f00000| Complete 
|1022|0x00000007bfe00000, 0x00000007bfe47000, 0x00000007bff00000| 27%|OA|  |TAMS 0x00000007bfe00000, 0x00000007bfe00000| Untracked 
|1023|0x00000007bff00000, 0x00000007bff77000, 0x00000007c0000000| 46%|CA|  |TAMS 0x00000007bff00000, 0x00000007bff00000| Untracked 

Card table byte_map: [0x000000010ce9e000,0x000000010d29e000] _byte_map_base: 0x000000010929e000

Marking Bits (Prev, Next): (CMBitMap*) 0x00007f938d800018, (CMBitMap*) 0x00007f938d800058
 Prev Bits: [0x000000011dab5000, 0x000000011fab5000)
 Next Bits: [0x000000011fab5000, 0x0000000121ab5000)

Polling page: 0x0000000102986000

Metaspace:

Usage:
  Non-class:      4.59 MB capacity,     2.19 MB ( 48%) used,     2.40 MB ( 52%) free+waste,     5.31 KB ( <1%) overhead. 
      Class:    500.00 KB capacity,   244.34 KB ( 49%) used,   252.54 KB ( 51%) free+waste,     3.12 KB ( <1%) overhead. 
       Both:      5.08 MB capacity,     2.43 MB ( 48%) used,     2.65 MB ( 52%) free+waste,     8.44 KB ( <1%) overhead. 

Virtual space:
  Non-class space:        8.00 MB reserved,       4.75 MB ( 59%) committed 
      Class space:        1.00 GB reserved,     512.00 KB ( <1%) committed 
             Both:        1.01 GB reserved,       5.25 MB ( <1%) committed 

Chunk freelists:
   Non-Class:  22.00 KB
       Class:  12.00 KB
        Both:  34.00 KB

MaxMetaspaceSize: unlimited
CompressedClassSpaceSize: 1.00 GB

CodeHeap 'non-profiled nmethods': size=120032Kb used=122Kb max_used=122Kb free=119909Kb
 bounds [0x000000011657d000, 0x00000001167ed000, 0x000000011dab5000]
CodeHeap 'profiled nmethods': size=120032Kb used=666Kb max_used=666Kb free=119365Kb
 bounds [0x000000010f045000, 0x000000010f2b5000, 0x000000011657d000]
CodeHeap 'non-nmethods': size=5696Kb used=1145Kb max_used=1157Kb free=4550Kb
 bounds [0x000000010eab5000, 0x000000010ed25000, 0x000000010f045000]
 total_blobs=903 nmethods=433 adapters=300
 compilation: enabled
              stopped_count=0, restarted_count=0
 full_count=0

Compilation events (20 events):
Event: 0.574 Thread 0x00007f938c833000  425       3       java.lang.StringCoding::encodeUTF8 (132 bytes)
Event: 0.574 Thread 0x00007f938d072800  429       4       java.lang.String::coder (15 bytes)
Event: 0.574 Thread 0x00007f938c833000 nmethod 425 0x000000010f0e3b90 code [0x000000010f0e3dc0, 0x000000010f0e4848]
Event: 0.574 Thread 0x00007f938c833000  426       3       java.util.zip.ZipCoder$UTF8::getBytes (10 bytes)
Event: 0.574 Thread 0x00007f938d072800 nmethod 429 0x000000011659b890 code [0x000000011659ba00, 0x000000011659ba78]
Event: 0.575 Thread 0x00007f938c833000 nmethod 426 0x000000010f0e4b90 code [0x000000010f0e4d60, 0x000000010f0e5088]
Event: 0.575 Thread 0x00007f938c833000  427       3       java.lang.System$2::getBytesUTF8NoRepl (5 bytes)
Event: 0.575 Thread 0x00007f938c833000 nmethod 427 0x000000010f0e5210 code [0x000000010f0e53c0, 0x000000010f0e5688]
Event: 0.575 Thread 0x00007f938c833000  430       3       java.lang.StringLatin1::indexOf (121 bytes)
Event: 0.575 Thread 0x00007f938c833000 nmethod 430 0x000000010f0e5790 code [0x000000010f0e5960, 0x000000010f0e5e90]
Event: 0.575 Thread 0x00007f938c833000  428       3       java.lang.StringCoding::getBytesUTF8NoRepl (13 bytes)
Event: 0.576 Thread 0x00007f938c833000 nmethod 428 0x000000010f0e6110 code [0x000000010f0e62c0, 0x000000010f0e64e8]
Event: 0.576 Thread 0x00007f938c833000  431  s!   3       jdk.internal.loader.URLClassPath::getLoader (194 bytes)
Event: 0.579 Thread 0x00007f938c833000 nmethod 431 0x000000010f0e6610 code [0x000000010f0e6a60, 0x000000010f0e8e38]
Event: 0.579 Thread 0x00007f938c833000  432       3       java.util.jar.JarFile::getEntry0 (24 bytes)
Event: 0.579 Thread 0x00007f938c833000 nmethod 432 0x000000010f0e9d90 code [0x000000010f0e9f60, 0x000000010f0ea508]
Event: 0.579 Thread 0x00007f938c833000  433       3       java.util.zip.ZipFile$1::getEntry (10 bytes)
Event: 0.580 Thread 0x00007f938c833000 nmethod 433 0x000000010f0ea690 code [0x000000010f0ea840, 0x000000010f0eab08]
Event: 0.580 Thread 0x00007f938c833000  434   !   3       java.util.zip.ZipFile::getEntry (73 bytes)
Event: 0.580 Thread 0x00007f938c833000 nmethod 434 0x000000010f0eac10 code [0x000000010f0eae20, 0x000000010f0eb548]

GC Heap History (0 events):
No events

Deoptimization events (0 events):
No events

Classes unloaded (0 events):
No events

Classes redefined (0 events):
No events

Internal exceptions (4 events):
Event: 0.115 Thread 0x00007f938d011800 Exception <a 'java/lang/ClassNotFoundException'{0x0000000787e5a5e0}: sun/awt/resources/spi/awtProvider> (0x0000000787e5a5e0) 
thrown [/scratch/mesos/slaves/fcf4c0c4-d73e-4321-860c-6613427db92b-S2452/frameworks/1735e8a2-a1db-478c-8104-60c8b0af87dd-0196/executors/ab12d1f8-defd-4a26-b83a-82b67c14bc8d/runs/ad8904cf-d9a8-428f-8f86-4d88be7b86bd/workspace/open/src/hotspot/share/classfile/systemDictionary.cpp, line 232]
Event: 0.164 Thread 0x00007f938d011800 Exception <a 'java/io/FileNotFoundException'{0x0000000787eaad58}> (0x0000000787eaad58) 
thrown [/scratch/mesos/slaves/fcf4c0c4-d73e-4321-860c-6613427db92b-S2452/frameworks/1735e8a2-a1db-478c-8104-60c8b0af87dd-0196/executors/ab12d1f8-defd-4a26-b83a-82b67c14bc8d/runs/ad8904cf-d9a8-428f-8f86-4d88be7b86bd/workspace/open/src/hotspot/share/prims/jni.cpp, line 598]
Event: 0.177 Thread 0x00007f938d011800 Exception <a 'java/io/FileNotFoundException'{0x0000000787ed1228}> (0x0000000787ed1228) 
thrown [/scratch/mesos/slaves/fcf4c0c4-d73e-4321-860c-6613427db92b-S2452/frameworks/1735e8a2-a1db-478c-8104-60c8b0af87dd-0196/executors/ab12d1f8-defd-4a26-b83a-82b67c14bc8d/runs/ad8904cf-d9a8-428f-8f86-4d88be7b86bd/workspace/open/src/hotspot/share/prims/jni.cpp, line 598]
Event: 0.186 Thread 0x00007f938d011800 Exception <a 'java/lang/ClassNotFoundException'{0x0000000787edfc90}: sun/awt/resources/spi/awtosxProvider> (0x0000000787edfc90) 
thrown [/scratch/mesos/slaves/fcf4c0c4-d73e-4321-860c-6613427db92b-S2452/frameworks/1735e8a2-a1db-478c-8104-60c8b0af87dd-0196/executors/ab12d1f8-defd-4a26-b83a-82b67c14bc8d/runs/ad8904cf-d9a8-428f-8f86-4d88be7b86bd/workspace/open/src/hotspot/share/classfile/systemDictionary.cpp, line 232]

Events (20 events):
Event: 0.565 loading class java/util/LinkedHashMap$LinkedKeyIterator
Event: 0.565 loading class java/util/LinkedHashMap$LinkedKeyIterator done
Event: 0.567 loading class jdk/internal/reflect/UnsafeQualifiedStaticIntegerFieldAccessorImpl
Event: 0.567 loading class jdk/internal/reflect/UnsafeQualifiedStaticIntegerFieldAccessorImpl done
Event: 0.571 loading class org/lwjgl/input/Keyboard$KeyEvent
Event: 0.571 loading class org/lwjgl/input/Keyboard$KeyEvent done
Event: 0.572 loading class org/lwjgl/opengl/MacOSXNativeKeyboard
Event: 0.572 loading class org/lwjgl/opengl/MacOSXNativeKeyboard done
Event: 0.573 loading class org/lwjgl/opengl/ContextGL
Event: 0.573 loading class org/lwjgl/opengl/ContextGL done
Event: 0.574 loading class org/lwjgl/opengl/ContextImplementation
Event: 0.574 loading class org/lwjgl/opengl/ContextImplementation done
Event: 0.575 loading class org/lwjgl/opengl/MacOSXContextImplementation
Event: 0.575 loading class org/lwjgl/opengl/MacOSXContextImplementation done
Event: 0.575 loading class org/lwjgl/opengl/GLContext
Event: 0.575 loading class org/lwjgl/opengl/GLContext done
Event: 0.576 loading class java/lang/NumberFormatException
Event: 0.576 loading class java/lang/NumberFormatException done
Event: 0.576 loading class org/lwjgl/opengl/GLContext$CapabilitiesCacheEntry
Event: 0.576 loading class org/lwjgl/opengl/GLContext$CapabilitiesCacheEntry done


Dynamic libraries:
0x00007fff679ee000 	/usr/lib/libz.1.dylib
0x000000010291f000 	/Library/Java/JavaVirtualMachines/jdk-13.0.1.jdk/Contents/Home/lib/libjli.dylib
0x00007fff303ec000 	/System/Library/Frameworks/Cocoa.framework/Versions/A/Cocoa
0x00007fff3d993000 	/System/Library/Frameworks/Security.framework/Versions/A/Security
0x00007fff2f392000 	/System/Library/Frameworks/ApplicationServices.framework/Versions/A/ApplicationServices
0x00007fff654f6000 	/usr/lib/libSystem.B.dylib
0x00007fff68465000 	/usr/lib/system/libcache.dylib
0x00007fff6846b000 	/usr/lib/system/libcommonCrypto.dylib
0x00007fff68477000 	/usr/lib/system/libcompiler_rt.dylib
0x00007fff6847f000 	/usr/lib/system/libcopyfile.dylib
0x00007fff68489000 	/usr/lib/system/libcorecrypto.dylib
0x00007fff68637000 	/usr/lib/system/libdispatch.dylib
0x00007fff68679000 	/usr/lib/system/libdyld.dylib
0x00007fff686af000 	/usr/lib/system/libkeymgr.dylib
0x00007fff686bd000 	/usr/lib/system/liblaunch.dylib
0x00007fff686be000 	/usr/lib/system/libmacho.dylib
0x00007fff686c4000 	/usr/lib/system/libquarantine.dylib
0x00007fff686c7000 	/usr/lib/system/libremovefile.dylib
0x00007fff686c9000 	/usr/lib/system/libsystem_asl.dylib
0x00007fff686e1000 	/usr/lib/system/libsystem_blocks.dylib
0x00007fff686e2000 	/usr/lib/system/libsystem_c.dylib
0x00007fff6876a000 	/usr/lib/system/libsystem_configuration.dylib
0x00007fff6876e000 	/usr/lib/system/libsystem_coreservices.dylib
0x00007fff68772000 	/usr/lib/system/libsystem_darwin.dylib
0x00007fff6877a000 	/usr/lib/system/libsystem_dnssd.dylib
0x00007fff68782000 	/usr/lib/system/libsystem_featureflags.dylib
0x00007fff68784000 	/usr/lib/system/libsystem_info.dylib
0x00007fff687ff000 	/usr/lib/system/libsystem_m.dylib
0x00007fff68847000 	/usr/lib/system/libsystem_malloc.dylib
0x00007fff6886f000 	/usr/lib/system/libsystem_networkextension.dylib
0x00007fff6887d000 	/usr/lib/system/libsystem_notify.dylib
0x00007fff6889c000 	/usr/lib/system/libsystem_sandbox.dylib
0x00007fff688a1000 	/usr/lib/system/libsystem_secinit.dylib
0x00007fff687d2000 	/usr/lib/system/libsystem_kernel.dylib
0x00007fff68887000 	/usr/lib/system/libsystem_platform.dylib
0x00007fff68891000 	/usr/lib/system/libsystem_pthread.dylib
0x00007fff688a4000 	/usr/lib/system/libsystem_symptoms.dylib
0x00007fff688ac000 	/usr/lib/system/libsystem_trace.dylib
0x00007fff688c4000 	/usr/lib/system/libunwind.dylib
0x00007fff688ca000 	/usr/lib/system/libxpc.dylib
0x00007fff67319000 	/usr/lib/libobjc.A.dylib
0x00007fff65828000 	/usr/lib/libc++abi.dylib
0x00007fff657d4000 	/usr/lib/libc++.1.dylib
0x00007fff31351000 	/System/Library/Frameworks/CoreFoundation.framework/Versions/A/CoreFoundation
0x00007fff33a0c000 	/System/Library/Frameworks/Foundation.framework/Versions/C/Foundation
0x00007fff2e596000 	/System/Library/Frameworks/AppKit.framework/Versions/C/AppKit
0x00007fff30e6b000 	/System/Library/Frameworks/CoreData.framework/Versions/A/CoreData
0x00007fff61da7000 	/System/Library/PrivateFrameworks/UIFoundation.framework/Versions/A/UIFoundation
0x00007fff5c647000 	/System/Library/PrivateFrameworks/RemoteViewServices.framework/Versions/A/RemoteViewServices
0x00007fff64827000 	/System/Library/PrivateFrameworks/XCTTargetBootstrap.framework/Versions/A/XCTTargetBootstrap
0x00007fff31246000 	/System/Library/Frameworks/CoreDisplay.framework/Versions/A/CoreDisplay
0x00007fff36744000 	/System/Library/Frameworks/Metal.framework/Versions/A/Metal
0x00007fff4abb4000 	/System/Library/PrivateFrameworks/DesktopServicesPriv.framework/Versions/A/DesktopServicesPriv
0x00007fff66611000 	/usr/lib/liblangid.dylib
0x00007fff49d10000 	/System/Library/PrivateFrameworks/CoreSVG.framework/Versions/A/CoreSVG
0x00007fff5f377000 	/System/Library/PrivateFrameworks/SkyLight.framework/Versions/A/SkyLight
0x00007fff317d2000 	/System/Library/Frameworks/CoreGraphics.framework/Versions/A/CoreGraphics
0x00007fff2d137000 	/System/Library/Frameworks/Accelerate.framework/Versions/A/Accelerate
0x00007fff678df000 	/usr/lib/libxml2.2.dylib
0x00007fff5577f000 	/System/Library/PrivateFrameworks/IconServices.framework/Versions/A/IconServices
0x00007fff341ca000 	/System/Library/Frameworks/IOSurface.framework/Versions/A/IOSurface
0x00007fff6502f000 	/usr/lib/libDiagnosticMessagesClient.dylib
0x00007fff4aa2e000 	/System/Library/PrivateFrameworks/DFRFoundation.framework/Versions/A/DFRFoundation
0x00007fff6639f000 	/usr/lib/libicucore.A.dylib
0x00007fff2f6c4000 	/System/Library/Frameworks/AudioToolbox.framework/Versions/A/AudioToolbox
0x00007fff2f7a6000 	/System/Library/Frameworks/AudioUnit.framework/Versions/A/AudioUnit
0x00007fff656f8000 	/usr/lib/libauto.dylib
0x00007fff4aaae000 	/System/Library/PrivateFrameworks/DataDetectorsCore.framework/Versions/A/DataDetectorsCore
0x00007fff2ff0d000 	/System/Library/Frameworks/Carbon.framework/Versions/A/Frameworks/HIToolbox.framework/Versions/A/HIToolbox
0x00007fff3cb8b000 	/System/Library/Frameworks/QuartzCore.framework/Versions/A/QuartzCore
0x00007fff3024c000 	/System/Library/Frameworks/Carbon.framework/Versions/A/Frameworks/SpeechRecognition.framework/Versions/A/SpeechRecognition
0x00007fff4a3b0000 	/System/Library/PrivateFrameworks/CoreUI.framework/Versions/A/CoreUI
0x00007fff308d1000 	/System/Library/Frameworks/CoreAudio.framework/Versions/A/CoreAudio
0x00007fff336d9000 	/System/Library/Frameworks/DiskArbitration.framework/Versions/A/DiskArbitration
0x00007fff57865000 	/System/Library/PrivateFrameworks/MultitouchSupport.framework/Versions/A/MultitouchSupport
0x00007fff6626a000 	/usr/lib/libenergytrace.dylib
0x00007fff34125000 	/System/Library/Frameworks/IOKit.framework/Versions/A/IOKit
0x00007fff32738000 	/System/Library/Frameworks/CoreServices.framework/Versions/A/CoreServices
0x00007fff598ba000 	/System/Library/PrivateFrameworks/PerformanceAnalysis.framework/Versions/A/PerformanceAnalysis
0x00007fff3bbc3000 	/System/Library/Frameworks/OpenGL.framework/Versions/A/OpenGL
0x00007fff303fa000 	/System/Library/Frameworks/ColorSync.framework/Versions/A/ColorSync
0x00007fff31e59000 	/System/Library/Frameworks/CoreImage.framework/Versions/A/CoreImage
0x00007fff331ac000 	/System/Library/Frameworks/CoreText.framework/Versions/A/CoreText
0x00007fff3424d000 	/System/Library/Frameworks/ImageIO.framework/Versions/A/ImageIO
0x00007fff65850000 	/usr/lib/libcompression.dylib
0x00007fff65370000 	/usr/lib/libMobileGestalt.dylib
0x00007fff60e9a000 	/System/Library/PrivateFrameworks/TextureIO.framework/Versions/A/TextureIO
0x00007fff6565e000 	/usr/lib/libate.dylib
0x00007fff55985000 	/System/Library/PrivateFrameworks/InternationalSupport.framework/Versions/A/InternationalSupport
0x00007fff66613000 	/usr/lib/liblzma.5.dylib
0x00007fff66292000 	/usr/lib/libfakelink.dylib
0x00007fff655eb000 	/usr/lib/libarchive.2.dylib
0x00007fff3eba7000 	/System/Library/Frameworks/SystemConfiguration.framework/Versions/A/SystemConfiguration
0x00007fff64f60000 	/usr/lib/libCRFSuite.dylib
0x00007fff2fb1c000 	/System/Library/Frameworks/CFNetwork.framework/Versions/A/CFNetwork
0x00007fff657b6000 	/usr/lib/libbsm.0.dylib
0x00007fff686b0000 	/usr/lib/system/libkxld.dylib
0x00007fff445ad000 	/System/Library/PrivateFrameworks/AppleFSCompression.framework/Versions/A/AppleFSCompression
0x00007fff65b29000 	/usr/lib/libcoretls.dylib
0x00007fff65b40000 	/usr/lib/libcoretls_cfhelpers.dylib
0x00007fff6735d000 	/usr/lib/libpam.2.dylib
0x00007fff6748c000 	/usr/lib/libsqlite3.dylib
0x00007fff678cc000 	/usr/lib/libxar.1.dylib
0x00007fff657c7000 	/usr/lib/libbz2.1.0.dylib
0x00007fff662ae000 	/usr/lib/libiconv.2.dylib
0x00007fff6583d000 	/usr/lib/libcharset.1.dylib
0x00007fff66e09000 	/usr/lib/libnetwork.dylib
0x00007fff67364000 	/usr/lib/libpcap.A.dylib
0x00007fff655a0000 	/usr/lib/libapple_nghttp2.dylib
0x00007fff32aef000 	/System/Library/Frameworks/CoreServices.framework/Versions/A/Frameworks/FSEvents.framework/Versions/A/FSEvents
0x00007fff327bf000 	/System/Library/Frameworks/CoreServices.framework/Versions/A/Frameworks/CarbonCore.framework/Versions/A/CarbonCore
0x00007fff32d31000 	/System/Library/Frameworks/CoreServices.framework/Versions/A/Frameworks/Metadata.framework/Versions/A/Metadata
0x00007fff32dca000 	/System/Library/Frameworks/CoreServices.framework/Versions/A/Frameworks/OSServices.framework/Versions/A/OSServices
0x00007fff32df8000 	/System/Library/Frameworks/CoreServices.framework/Versions/A/Frameworks/SearchKit.framework/Versions/A/SearchKit
0x00007fff32739000 	/System/Library/Frameworks/CoreServices.framework/Versions/A/Frameworks/AE.framework/Versions/A/AE
0x00007fff32af8000 	/System/Library/Frameworks/CoreServices.framework/Versions/A/Frameworks/LaunchServices.framework/Versions/A/LaunchServices
0x00007fff32aa1000 	/System/Library/Frameworks/CoreServices.framework/Versions/A/Frameworks/DictionaryServices.framework/Versions/A/DictionaryServices
0x00007fff32e60000 	/System/Library/Frameworks/CoreServices.framework/Versions/A/Frameworks/SharedFileList.framework/Versions/A/SharedFileList
0x00007fff37a19000 	/System/Library/Frameworks/NetFS.framework/Versions/A/NetFS
0x00007fff57d05000 	/System/Library/PrivateFrameworks/NetAuth.framework/Versions/A/NetAuth
0x00007fff64bf0000 	/System/Library/PrivateFrameworks/login.framework/Versions/A/Frameworks/loginsupport.framework/Versions/A/loginsupport
0x00007fff609a0000 	/System/Library/PrivateFrameworks/TCC.framework/Versions/A/TCC
0x00007fff490ee000 	/System/Library/PrivateFrameworks/CoreNLP.framework/Versions/A/CoreNLP
0x00007fff57296000 	/System/Library/PrivateFrameworks/MetadataUtilities.framework/Versions/A/MetadataUtilities
0x00007fff666eb000 	/usr/lib/libmecabra.dylib
0x00007fff66643000 	/usr/lib/libmecab.dylib
0x00007fff662a3000 	/usr/lib/libgermantok.dylib
0x00007fff65587000 	/usr/lib/libThaiTokenizer.dylib
0x00007fff64f98000 	/usr/lib/libChineseTokenizer.dylib
0x00007fff2d14f000 	/System/Library/Frameworks/Accelerate.framework/Versions/A/Frameworks/vImage.framework/Versions/A/vImage
0x00007fff2e3f1000 	/System/Library/Frameworks/Accelerate.framework/Versions/A/Frameworks/vecLib.framework/Versions/A/vecLib
0x00007fff2e335000 	/System/Library/Frameworks/Accelerate.framework/Versions/A/Frameworks/vecLib.framework/Versions/A/libvMisc.dylib
0x00007fff2e15b000 	/System/Library/Frameworks/Accelerate.framework/Versions/A/Frameworks/vecLib.framework/Versions/A/libvDSP.dylib
0x00007fff2d7bb000 	/System/Library/Frameworks/Accelerate.framework/Versions/A/Frameworks/vecLib.framework/Versions/A/libBLAS.dylib
0x00007fff2dd15000 	/System/Library/Frameworks/Accelerate.framework/Versions/A/Frameworks/vecLib.framework/Versions/A/libLAPACK.dylib
0x00007fff2e0bb000 	/System/Library/Frameworks/Accelerate.framework/Versions/A/Frameworks/vecLib.framework/Versions/A/libLinearAlgebra.dylib
0x00007fff2e148000 	/System/Library/Frameworks/Accelerate.framework/Versions/A/Frameworks/vecLib.framework/Versions/A/libSparseBLAS.dylib
0x00007fff2e0d1000 	/System/Library/Frameworks/Accelerate.framework/Versions/A/Frameworks/vecLib.framework/Versions/A/libQuadrature.dylib
0x00007fff2da24000 	/System/Library/Frameworks/Accelerate.framework/Versions/A/Frameworks/vecLib.framework/Versions/A/libBNNS.dylib
0x00007fff2e0d7000 	/System/Library/Frameworks/Accelerate.framework/Versions/A/Frameworks/vecLib.framework/Versions/A/libSparse.dylib
0x00007fff55d44000 	/System/Library/PrivateFrameworks/LanguageModeling.framework/Versions/A/LanguageModeling
0x00007fff48a92000 	/System/Library/PrivateFrameworks/CoreEmoji.framework/Versions/A/CoreEmoji
0x00007fff55e61000 	/System/Library/PrivateFrameworks/LinguisticData.framework/Versions/A/LinguisticData
0x00007fff55e12000 	/System/Library/PrivateFrameworks/Lexicon.framework/Versions/A/Lexicon
0x00007fff6583e000 	/usr/lib/libcmph.dylib
0x00007fff3a5e9000 	/System/Library/Frameworks/OpenDirectory.framework/Versions/A/Frameworks/CFOpenDirectory.framework/Versions/A/CFOpenDirectory
0x00007fff3a606000 	/System/Library/Frameworks/OpenDirectory.framework/Versions/A/OpenDirectory
0x00007fff42965000 	/System/Library/PrivateFrameworks/APFS.framework/Versions/A/APFS
0x00007fff3dcd8000 	/System/Library/Frameworks/SecurityFoundation.framework/Versions/A/SecurityFoundation
0x00007fff678c8000 	/usr/lib/libutil.dylib
0x00007fff49d68000 	/System/Library/PrivateFrameworks/CoreServicesStore.framework/Versions/A/CoreServicesStore
0x00007fff3ddb9000 	/System/Library/Frameworks/ServiceManagement.framework/Versions/A/ServiceManagement
0x00007fff45d48000 	/System/Library/PrivateFrameworks/BackgroundTaskManagement.framework/Versions/A/BackgroundTaskManagement
0x00007fff679c5000 	/usr/lib/libxslt.1.dylib
0x00007fff44c0b000 	/System/Library/PrivateFrameworks/AppleSystemInfo.framework/Versions/A/AppleSystemInfo
0x00007fff34468000 	/System/Library/Frameworks/ImageIO.framework/Versions/A/Resources/libJPEG.dylib
0x00007fff34727000 	/System/Library/Frameworks/ImageIO.framework/Versions/A/Resources/libTIFF.dylib
0x00007fff3470a000 	/System/Library/Frameworks/ImageIO.framework/Versions/A/Resources/libPng.dylib
0x00007fff343a9000 	/System/Library/Frameworks/ImageIO.framework/Versions/A/Resources/libGIF.dylib
0x00007fff343ad000 	/System/Library/Frameworks/ImageIO.framework/Versions/A/Resources/libJP2.dylib
0x00007fff34725000 	/System/Library/Frameworks/ImageIO.framework/Versions/A/Resources/libRadiance.dylib
0x00007fff6626b000 	/usr/lib/libexpat.1.dylib
0x00007fff44708000 	/System/Library/PrivateFrameworks/AppleJPEG.framework/Versions/A/AppleJPEG
0x00007fff4cf80000 	/System/Library/PrivateFrameworks/FontServices.framework/libFontParser.dylib
0x00007fff63c4b000 	/System/Library/PrivateFrameworks/WatchdogClient.framework/Versions/A/WatchdogClient
0x00007fff553d7000 	/System/Library/PrivateFrameworks/IOAccelerator.framework/Versions/A/IOAccelerator
0x00007fff36ad2000 	/System/Library/Frameworks/MetalPerformanceShaders.framework/Versions/A/MetalPerformanceShaders
0x00007fff51ccd000 	/System/Library/PrivateFrameworks/GPUWrangler.framework/Versions/A/GPUWrangler
0x00007fff553e2000 	/System/Library/PrivateFrameworks/IOPresentment.framework/Versions/A/IOPresentment
0x00007fff4aa40000 	/System/Library/PrivateFrameworks/DSExternalDisplay.framework/Versions/A/DSExternalDisplay
0x00007fff3af6f000 	/System/Library/Frameworks/OpenGL.framework/Versions/A/Libraries/libCoreFSCache.dylib
0x00007fff36823000 	/System/Library/Frameworks/MetalPerformanceShaders.framework/Frameworks/MPSCore.framework/Versions/A/MPSCore
0x00007fff36860000 	/System/Library/Frameworks/MetalPerformanceShaders.framework/Frameworks/MPSImage.framework/Versions/A/MPSImage
0x00007fff36923000 	/System/Library/Frameworks/MetalPerformanceShaders.framework/Frameworks/MPSNeuralNetwork.framework/Versions/A/MPSNeuralNetwork
0x00007fff368e7000 	/System/Library/Frameworks/MetalPerformanceShaders.framework/Frameworks/MPSMatrix.framework/Versions/A/MPSMatrix
0x00007fff36a83000 	/System/Library/Frameworks/MetalPerformanceShaders.framework/Frameworks/MPSRayIntersector.framework/Versions/A/MPSRayIntersector
0x00007fff3690d000 	/System/Library/Frameworks/MetalPerformanceShaders.framework/Frameworks/MPSNDArray.framework/Versions/A/MPSNDArray
0x00007fff572e3000 	/System/Library/PrivateFrameworks/MetalTools.framework/Versions/A/MetalTools
0x00007fff43a44000 	/System/Library/PrivateFrameworks/AggregateDictionary.framework/Versions/A/AggregateDictionary
0x00007fff48529000 	/System/Library/PrivateFrameworks/CoreAnalytics.framework/Versions/A/CoreAnalytics
0x00007fff44b29000 	/System/Library/PrivateFrameworks/AppleSauce.framework/Versions/A/AppleSauce
0x00007fff65253000 	/usr/lib/libIOReport.dylib
0x00007fff33361000 	/System/Library/Frameworks/CoreVideo.framework/Versions/A/CoreVideo
0x00007fff530ba000 	/System/Library/PrivateFrameworks/GraphVisualizer.framework/Versions/A/GraphVisualizer
0x00007fff4c502000 	/System/Library/PrivateFrameworks/FaceCore.framework/Versions/A/FaceCore
0x00007fff3a590000 	/System/Library/Frameworks/OpenCL.framework/Versions/A/OpenCL
0x00007fff65075000 	/usr/lib/libFosl_dynamic.dylib
0x00007fff586fb000 	/System/Library/PrivateFrameworks/OTSVG.framework/Versions/A/OTSVG
0x00007fff2f497000 	/System/Library/Frameworks/ApplicationServices.framework/Versions/A/Frameworks/ATS.framework/Versions/A/Resources/libFontRegistry.dylib
0x00007fff4d151000 	/System/Library/PrivateFrameworks/FontServices.framework/libhvf.dylib
0x00007fff3af7a000 	/System/Library/Frameworks/OpenGL.framework/Versions/A/Libraries/libGFXShared.dylib
0x00007fff3b157000 	/System/Library/Frameworks/OpenGL.framework/Versions/A/Libraries/libGLU.dylib
0x00007fff3af83000 	/System/Library/Frameworks/OpenGL.framework/Versions/A/Libraries/libGL.dylib
0x00007fff3af8e000 	/System/Library/Frameworks/OpenGL.framework/Versions/A/Libraries/libGLImage.dylib
0x00007fff3af6c000 	/System/Library/Frameworks/OpenGL.framework/Versions/A/Libraries/libCVMSPluginSupport.dylib
0x00007fff3af75000 	/System/Library/Frameworks/OpenGL.framework/Versions/A/Libraries/libCoreVMClient.dylib
0x00007fff66cab000 	/usr/lib/libncurses.5.4.dylib
0x00007fff2f393000 	/System/Library/Frameworks/ApplicationServices.framework/Versions/A/Frameworks/ATS.framework/Versions/A/ATS
0x00007fff2f560000 	/System/Library/Frameworks/ApplicationServices.framework/Versions/A/Frameworks/ColorSyncLegacy.framework/Versions/A/ColorSyncLegacy
0x00007fff2f5ff000 	/System/Library/Frameworks/ApplicationServices.framework/Versions/A/Frameworks/HIServices.framework/Versions/A/HIServices
0x00007fff2f656000 	/System/Library/Frameworks/ApplicationServices.framework/Versions/A/Frameworks/LangAnalysis.framework/Versions/A/LangAnalysis
0x00007fff2f665000 	/System/Library/Frameworks/ApplicationServices.framework/Versions/A/Frameworks/PrintCore.framework/Versions/A/PrintCore
0x00007fff2f6ab000 	/System/Library/Frameworks/ApplicationServices.framework/Versions/A/Frameworks/QD.framework/Versions/A/QD
0x00007fff2f6b6000 	/System/Library/Frameworks/ApplicationServices.framework/Versions/A/Frameworks/SpeechSynthesis.framework/Versions/A/SpeechSynthesis
0x00007fff2f530000 	/System/Library/Frameworks/ApplicationServices.framework/Versions/A/Frameworks/ATSUI.framework/Versions/A/ATSUI
0x00007fff660ff000 	/usr/lib/libcups.2.dylib
0x00007fff35b8b000 	/System/Library/Frameworks/Kerberos.framework/Versions/A/Kerberos
0x00007fff33e40000 	/System/Library/Frameworks/GSS.framework/Versions/A/GSS
0x00007fff67419000 	/usr/lib/libresolv.9.dylib
0x00007fff5325b000 	/System/Library/PrivateFrameworks/Heimdal.framework/Versions/A/Heimdal
0x00007fff35b9e000 	/System/Library/Frameworks/Kerberos.framework/Versions/A/Libraries/libHeimdalProxy.dylib
0x00007fff662a9000 	/usr/lib/libheimdal-asn1.dylib
0x00007fff479ef000 	/System/Library/PrivateFrameworks/CommonAuth.framework/Versions/A/CommonAuth
0x00007fff44ca8000 	/System/Library/PrivateFrameworks/AssertionServices.framework/Versions/A/AssertionServices
0x00007fff4583e000 	/System/Library/PrivateFrameworks/AudioToolboxCore.framework/Versions/A/AudioToolboxCore
0x00007fff648a3000 	/System/Library/PrivateFrameworks/caulk.framework/Versions/A/caulk
0x00007fff45df4000 	/System/Library/PrivateFrameworks/BaseBoard.framework/Versions/A/BaseBoard
0x00007fff5c7d3000 	/System/Library/PrivateFrameworks/RunningBoardServices.framework/Versions/A/RunningBoardServices
0x00007fff598c6000 	/System/Library/PrivateFrameworks/PersistentConnection.framework/Versions/A/PersistentConnection
0x00007fff5c1e0000 	/System/Library/PrivateFrameworks/ProtocolBuffer.framework/Versions/A/ProtocolBuffer
0x00007fff47a0c000 	/System/Library/PrivateFrameworks/CommonUtilities.framework/Versions/A/CommonUtilities
0x00007fff45f73000 	/System/Library/PrivateFrameworks/Bom.framework/Versions/A/Bom
0x00007fff64f24000 	/usr/lib/libAudioToolboxUtility.dylib
0x00007fff45d52000 	/System/Library/PrivateFrameworks/Backup.framework/Versions/A/Backup
0x00007fff4a7af000 	/System/Library/PrivateFrameworks/CrashReporterSupport.framework/Versions/A/CrashReporterSupport
0x00007fff5e25c000 	/System/Library/PrivateFrameworks/Sharing.framework/Versions/A/Sharing
0x00007fff44455000 	/System/Library/PrivateFrameworks/Apple80211.framework/Versions/A/Apple80211
0x00007fff45a7a000 	/System/Library/PrivateFrameworks/AuthKit.framework/Versions/A/AuthKit
0x00007fff4a4dd000 	/System/Library/PrivateFrameworks/CoreUtils.framework/Versions/A/CoreUtils
0x00007fff333a6000 	/System/Library/Frameworks/CoreWLAN.framework/Versions/A/CoreWLAN
0x00007fff33fa9000 	/System/Library/Frameworks/IOBluetooth.framework/Versions/A/IOBluetooth
0x00007fff575e1000 	/System/Library/PrivateFrameworks/MobileKeyBag.framework/Versions/A/MobileKeyBag
0x00007fff495be000 	/System/Library/PrivateFrameworks/CorePhoneNumbers.framework/Versions/A/CorePhoneNumbers
0x00007fff446bb000 	/System/Library/PrivateFrameworks/AppleIDAuthSupport.framework/Versions/A/AppleIDAuthSupport
0x00007fff37a26000 	/System/Library/Frameworks/Network.framework/Versions/A/Network
0x00007fff55bcd000 	/System/Library/PrivateFrameworks/KeychainCircle.framework/Versions/A/KeychainCircle
0x00007fff30e33000 	/System/Library/Frameworks/CoreBluetooth.framework/Versions/A/CoreBluetooth
0x00007fff5feb6000 	/System/Library/PrivateFrameworks/SpeechRecognitionCore.framework/Versions/A/SpeechRecognitionCore
0x0000000103200000 	/Library/Java/JavaVirtualMachines/jdk-13.0.1.jdk/Contents/Home/lib/server/libjvm.dylib
0x000000010293e000 	/Library/Java/JavaVirtualMachines/jdk-13.0.1.jdk/Contents/Home/lib/libverify.dylib
0x000000010294a000 	/Library/Java/JavaVirtualMachines/jdk-13.0.1.jdk/Contents/Home/lib/libjava.dylib
0x00000001029d0000 	/Library/Java/JavaVirtualMachines/jdk-13.0.1.jdk/Contents/Home/lib/libzip.dylib
0x00000001029d7000 	/Library/Java/JavaVirtualMachines/jdk-13.0.1.jdk/Contents/Home/lib/libjimage.dylib
0x000000010e463000 	/Library/Java/JavaVirtualMachines/jdk-13.0.1.jdk/Contents/Home/lib/libnio.dylib
0x000000010e471000 	/Library/Java/JavaVirtualMachines/jdk-13.0.1.jdk/Contents/Home/lib/libnet.dylib
0x000000010e50c000 	/Library/Java/JavaVirtualMachines/jdk-13.0.1.jdk/Contents/Home/lib/libawt.dylib
0x000000010e5a2000 	/Library/Java/JavaVirtualMachines/jdk-13.0.1.jdk/Contents/Home/lib/libmlib_image.dylib
0x00007fff35b74000 	/System/Library/Frameworks/JavaVM.framework/Versions/A/Frameworks/JavaNativeFoundation.framework/Versions/A/JavaNativeFoundation
0x00007fff35b7d000 	/System/Library/Frameworks/JavaVM.framework/Versions/A/Frameworks/JavaRuntimeSupport.framework/Versions/A/JavaRuntimeSupport
0x00007fff35b86000 	/System/Library/Frameworks/JavaVM.framework/Versions/A/JavaVM
0x00007fff55a2f000 	/System/Library/PrivateFrameworks/JavaLaunching.framework/Versions/A/JavaLaunching
0x00007fff2ff08000 	/System/Library/Frameworks/Carbon.framework/Versions/A/Carbon
0x00007fff4a291000 	/System/Library/PrivateFrameworks/CoreSymbolication.framework/Versions/A/CoreSymbolication
0x00007fff2ff09000 	/System/Library/Frameworks/Carbon.framework/Versions/A/Frameworks/CommonPanels.framework/Versions/A/CommonPanels
0x00007fff30202000 	/System/Library/Frameworks/Carbon.framework/Versions/A/Frameworks/Help.framework/Versions/A/Help
0x00007fff30206000 	/System/Library/Frameworks/Carbon.framework/Versions/A/Frameworks/ImageCapture.framework/Versions/A/ImageCapture
0x00007fff3020d000 	/System/Library/Frameworks/Carbon.framework/Versions/A/Frameworks/OpenScripting.framework/Versions/A/OpenScripting
0x00007fff3020c000 	/System/Library/Frameworks/Carbon.framework/Versions/A/Frameworks/Ink.framework/Versions/A/Ink
0x00007fff30248000 	/System/Library/Frameworks/Carbon.framework/Versions/A/Frameworks/Print.framework/Versions/A/Print
0x00007fff30249000 	/System/Library/Frameworks/Carbon.framework/Versions/A/Frameworks/SecurityHI.framework/Versions/A/SecurityHI
0x00007fff4ab75000 	/System/Library/PrivateFrameworks/DebugSymbols.framework/Versions/A/DebugSymbols
0x000000010e608000 	/Library/Java/JavaVirtualMachines/jdk-13.0.1.jdk/Contents/Home/lib/libawt_lwawt.dylib
0x000000010e6b2000 	/Library/Java/JavaVirtualMachines/jdk-13.0.1.jdk/Contents/Home/lib/libosxapp.dylib
0x00007fff338b3000 	/System/Library/Frameworks/ExceptionHandling.framework/Versions/A/ExceptionHandling
0x000000010e6d9000 	/Library/Java/JavaVirtualMachines/jdk-13.0.1.jdk/Contents/Home/lib/libfontmanager.dylib
0x000000010e7d7000 	/Library/Java/JavaVirtualMachines/jdk-13.0.1.jdk/Contents/Home/lib/libfreetype.dylib
0x00007fff49d34000 	/System/Library/PrivateFrameworks/CoreServicesInternal.framework/Versions/A/CoreServicesInternal
0x00007fff338d2000 	/System/Library/Frameworks/FileProvider.framework/Versions/A/FileProvider
0x00007fff2e3f2000 	/System/Library/Frameworks/Accounts.framework/Versions/A/Accounts
0x00007fff51fed000 	/System/Library/PrivateFrameworks/GenerationalStorage.framework/Versions/A/GenerationalStorage
0x00007fff606e3000 	/System/Library/PrivateFrameworks/SymptomDiagnosticReporter.framework/Versions/A/SymptomDiagnosticReporter
0x00007fff43f52000 	/System/Library/PrivateFrameworks/AppContainer.framework/Versions/A/AppContainer
0x00007fff67433000 	/usr/lib/libsandbox.1.dylib
0x00007fff62bef000 	/System/Library/PrivateFrameworks/UserManagement.framework/Versions/A/UserManagement
0x00007fff46b1a000 	/System/Library/PrivateFrameworks/ChunkingLibrary.framework/Versions/A/ChunkingLibrary
0x00007fff43fc3000 	/System/Library/PrivateFrameworks/AppSandbox.framework/Versions/A/AppSandbox
0x00007fff5e111000 	/System/Library/PrivateFrameworks/SecCodeWrapper.framework/Versions/A/SecCodeWrapper
0x00007fff65339000 	/usr/lib/libMatch.1.dylib
0x00007fff24927000 	/System/Library/CoreServices/RawCamera.bundle/Contents/MacOS/RawCamera
0x00007fff5740b000 	/System/Library/PrivateFrameworks/MobileAsset.framework/Versions/A/MobileAsset
0x00007fff60591000 	/System/Library/PrivateFrameworks/StreamingZip.framework/Versions/A/StreamingZip
0x00007fff36002000 	/System/Library/Frameworks/MediaToolbox.framework/Versions/A/MediaToolbox
0x00007fff484d9000 	/System/Library/PrivateFrameworks/CoreAVCHD.framework/Versions/A/CoreAVCHD
0x00007fff35f2f000 	/System/Library/Frameworks/MediaAccessibility.framework/Versions/A/MediaAccessibility
0x00007fff567ff000 	/System/Library/PrivateFrameworks/Mangrove.framework/Versions/A/Mangrove
0x00007fff32574000 	/System/Library/Frameworks/CoreMedia.framework/Versions/A/CoreMedia
0x00007fff56a5a000 	/System/Library/PrivateFrameworks/MediaExperience.framework/Versions/A/MediaExperience
0x00007fff3ee8d000 	/System/Library/Frameworks/VideoToolbox.framework/Versions/A/VideoToolbox
0x00007fff48103000 	/System/Library/PrivateFrameworks/CoreAUC.framework/Versions/A/CoreAUC
0x00007fff6748a000 	/usr/lib/libspindump.dylib
0x00007fff451e9000 	/System/Library/PrivateFrameworks/AudioResourceArbitration.framework/Versions/A/AudioResourceArbitration
0x00007fff44c0f000 	/System/Library/PrivateFrameworks/AppleVA.framework/Versions/A/AppleVA
0x00007fff2d138000 	/System/Library/Frameworks/Accelerate.framework/Versions/A/Frameworks/vImage.framework/Versions/A/Libraries/libCGInterfaces.dylib
0x000000010e980000 	/usr/lib/libobjc-trampolines.dylib
0x00007fff4d0b8000 	/System/Library/PrivateFrameworks/FontServices.framework/libTrueTypeScaler.dylib
0x00007fff28571000 	/System/Library/Extensions/AppleIntelBDWGraphicsMTLDriver.bundle/Contents/MacOS/AppleIntelBDWGraphicsMTLDriver
0x00007fff50625000 	/System/Library/PrivateFrameworks/GPUCompiler.framework/Versions/3902/Libraries/libmetal_timestamp.dylib
0x00007fff639bd000 	/System/Library/PrivateFrameworks/ViewBridge.framework/Versions/A/ViewBridge
0x0000000127a72000 	/Users/fabrizio/NetBeansProjects/SEProject/lib/liblwjgl.dylib
0x0000000127af4000 	/Library/Java/JavaVirtualMachines/jdk-13.0.1.jdk/Contents/Home/lib/libjawt.dylib
0x00007fff3bbd3000 	/System/Library/Frameworks/OpenGL.framework/Versions/A/Resources/GLEngine.bundle/GLEngine
0x00007fff3afc4000 	/System/Library/Frameworks/OpenGL.framework/Versions/A/Libraries/libGLProgrammability.dylib
0x00007fff2806c000 	/System/Library/Extensions/AppleIntelBDWGraphicsGLDriver.bundle/Contents/MacOS/AppleIntelBDWGraphicsGLDriver
0x00007fff51cc1000 	/System/Library/PrivateFrameworks/GPUSupport.framework/Versions/A/Libraries/libGPUSupportMercury.dylib
0x00007fff3bd4d000 	/System/Library/Frameworks/OpenGL.framework/Versions/A/Resources/GLRendererFloat.bundle/GLRendererFloat
0x00007fff3a587000 	/System/Library/Frameworks/OpenCL.framework/Versions/A/Libraries/libcldcpuengine.dylib
0x00007fff65ce4000 	/usr/lib/libcrypto.35.dylib
0x00007fff610cf000 	/System/Library/PrivateFrameworks/TrustEvaluationAgent.framework/Versions/A/TrustEvaluationAgent
0x00007fff64bf3000 	/System/Library/PrivateFrameworks/login.framework/Versions/A/login


VM Arguments:
jvm_args: -Dfile.encoding=UTF-8 -Djava.library.path=./lib 
java_command: IsaacMain.Main
java_class_path (initial): /Users/fabrizio/NetBeansProjects/SEProject/lib/absolutelayout/AbsoluteLayout.jar:/Users/fabrizio/NetBeansProjects/SEProject/lib/jinput.jar:/Users/fabrizio/NetBeansProjects/SEProject/lib/lwjgl.jar:/Users/fabrizio/NetBeansProjects/SEProject/lib/lwjgl_util.jar:/Users/fabrizio/NetBeansProjects/SEProject/lib/slick.jar:/Users/fabrizio/NetBeansProjects/SEProject/build/classes
Launcher Type: SUN_STANDARD

[Global flags]
     intx CICompilerCount                          = 3                                         {product} {ergonomic}
     uint ConcGCThreads                            = 1                                         {product} {ergonomic}
     uint G1ConcRefinementThreads                  = 4                                         {product} {ergonomic}
   size_t G1HeapRegionSize                         = 1048576                                   {product} {ergonomic}
    uintx GCDrainStackTargetSize                   = 64                                        {product} {ergonomic}
   size_t InitialHeapSize                          = 134217728                                 {product} {ergonomic}
   size_t MarkStackSize                            = 4194304                                   {product} {ergonomic}
   size_t MaxHeapSize                              = 2147483648                                {product} {ergonomic}
   size_t MaxNewSize                               = 1287651328                                {product} {ergonomic}
   size_t MinHeapDeltaBytes                        = 1048576                                   {product} {ergonomic}
   size_t MinHeapSize                              = 8388608                                   {product} {ergonomic}
    uintx NonNMethodCodeHeapSize                   = 5830732                                {pd product} {ergonomic}
    uintx NonProfiledCodeHeapSize                  = 122913754                              {pd product} {ergonomic}
    uintx ProfiledCodeHeapSize                     = 122913754                              {pd product} {ergonomic}
    uintx ReservedCodeCacheSize                    = 251658240                              {pd product} {ergonomic}
     bool SegmentedCodeCache                       = true                                      {product} {ergonomic}
   size_t SoftMaxHeapSize                          = 2147483648                             {manageable} {ergonomic}
     bool UseCompressedClassPointers               = true                                 {lp64_product} {ergonomic}
     bool UseCompressedOops                        = true                                 {lp64_product} {ergonomic}
     bool UseG1GC                                  = true                                      {product} {ergonomic}

Logging:
Log output configuration:
 #0: stdout all=warning uptime,level,tags
 #1: stderr all=off uptime,level,tags

Environment Variables:
PATH=/usr/bin:/bin:/usr/sbin:/sbin
SHELL=/bin/zsh
DISPLAY=/private/tmp/com.apple.launchd.ZTtiZSQNt1/org.macosforge.xquartz:0

Signal Handlers:
SIGSEGV: [libjvm.dylib+0x781570], sa_mask[0]=11111111011111110111111111111111, sa_flags=SA_ONSTACK|SA_RESTART|SA_SIGINFO
SIGBUS: [libjvm.dylib+0x781570], sa_mask[0]=11111111011111110111111111111111, sa_flags=SA_RESTART|SA_SIGINFO
SIGFPE: [libjvm.dylib+0x781570], sa_mask[0]=11111111011111110111111111111111, sa_flags=SA_RESTART|SA_SIGINFO
SIGPIPE: [libjvm.dylib+0x627f75], sa_mask[0]=11111111011111110111111111111111, sa_flags=SA_RESTART|SA_SIGINFO
SIGXFSZ: [libjvm.dylib+0x627f75], sa_mask[0]=11111111011111110111111111111111, sa_flags=SA_RESTART|SA_SIGINFO
SIGILL: [libjvm.dylib+0x781570], sa_mask[0]=11111111011111110111111111111111, sa_flags=SA_RESTART|SA_SIGINFO
SIGUSR2: [libjvm.dylib+0x62855f], sa_mask[0]=00100000000000000000000000000000, sa_flags=SA_RESTART|SA_SIGINFO
SIGHUP: [libjvm.dylib+0x62754d], sa_mask[0]=11111111011111110111111111111111, sa_flags=SA_RESTART|SA_SIGINFO
SIGINT: SIG_IGN, sa_mask[0]=00000000000000000000000000000000, sa_flags=none
SIGTERM: [libjvm.dylib+0x62754d], sa_mask[0]=11111111011111110111111111111111, sa_flags=SA_RESTART|SA_SIGINFO
SIGQUIT: [libjvm.dylib+0x62754d], sa_mask[0]=11111111011111110111111111111111, sa_flags=SA_RESTART|SA_SIGINFO


---------------  S Y S T E M  ---------------

OS:uname:Darwin 19.0.0 Darwin Kernel Version 19.0.0: Wed Sep 25 20:18:50 PDT 2019; root:xnu-6153.11.26~2/RELEASE_X86_64 x86_64
rlimit: STACK 8192k, CORE 0k, NPROC 1392, NOFILE 10240, AS infinity, DATA infinity, FSIZE infinity
load average:3.92 2.65 2.08

CPU:total 4 (initial active 4) (2 cores per cpu, 2 threads per core) family 6 model 61 stepping 4, cmov, cx8, fxsr, mmx, sse, sse2, sse3, ssse3, sse4.1, sse4.2, popcnt, avx, avx2, aes, clmul, erms, rtm, 3dnowpref, lzcnt, ht, tsc, tscinvbit, bmi1, bmi2, adx, fma

Memory: 4k page, physical 8388608k(559468k free), swap 0k(0k free)

vm_info: Java HotSpot(TM) 64-Bit Server VM (13.0.1+9) for bsd-amd64 JRE (13.0.1+9), built on Oct  6 2019 11:43:59 by "mach5one" with clang 4.2.1 Compatible Apple LLVM 10.0.0 (clang-1000.11.45.5)

END.
