#
# A fatal error has been detected by the Java Runtime Environment:
#
#  SIGILL (0x4) at pc=0x00007fff658f4974, pid=5623, tid=17155
#
# JRE version: Java(TM) SE Runtime Environment (13.0.1+9) (build 13.0.1+9)
# Java VM: Java HotSpot(TM) 64-Bit Server VM (13.0.1+9, mixed mode, sharing, tiered, compressed oops, g1 gc, bsd-amd64)
# Problematic frame:
# C  [libdispatch.dylib+0x2974]  _os_object_release_without_xref_dispose+0x2e
#
# No core dump will be written. Core dumps have been disabled. To enable core dumping, try "ulimit -c unlimited" before starting Java again
#
# If you would like to submit a bug report, please visit:
#   http://bugreport.java.com/bugreport/crash.jsp
#

---------------  S U M M A R Y ------------

Command Line: -Dfile.encoding=UTF-8 -Djava.library.path=./lib IsaacMain.Main

Host: MacBookAir7,2 x86_64 2200 MHz, 4 cores, 8G, Darwin 19.0.0
Time: Sun Dec 29 20:15:07 2019 CET elapsed time: 0 seconds (0d 0h 0m 0s)

---------------  T H R E A D  ---------------

Current thread is native thread

Stack: [0x000070000793e000,0x00007000079be000],  sp=0x00007000079bd5c8,  free space=509k
Native frames: (J=compiled Java code, A=aot compiled Java code, j=interpreted, Vv=VM code, C=native code)
C  [libdispatch.dylib+0x2974]  _os_object_release_without_xref_dispose+0x2e
C  [libxpc.dylib+0x494b]  _xpc_dictionary_dispose+0x22
C  [libxpc.dylib+0x45d2]  _xpc_dispose+0x7d
C  [libxpc.dylib+0x228ae]  -[OS_xpc_object dealloc]+0x11
C  [libxpc.dylib+0x9270]  _xpc_connection_mach_event+0x3a7
C  [libdispatch.dylib+0x357e]  _dispatch_client_callout4+0x9
C  [libdispatch.dylib+0x18aeb]  _dispatch_mach_msg_invoke+0x1b3
C  [libdispatch.dylib+0x8950]  _dispatch_lane_serial_drain+0x107
C  [libdispatch.dylib+0x1963e]  _dispatch_mach_invoke+0x1e1
C  [libdispatch.dylib+0x8950]  _dispatch_lane_serial_drain+0x107
C  [libdispatch.dylib+0x9422]  _dispatch_lane_invoke+0x16b
C  [libdispatch.dylib+0x12aa1]  _dispatch_workloop_worker_thread+0x256
C  [libsystem_pthread.dylib+0x2763]  _pthread_wqthread+0x122
C  [libsystem_pthread.dylib+0x25c3]  start_wqthread+0xf


siginfo: si_signo: 4 (SIGILL), si_code: 1 (ILL_ILLOPC), si_addr: 0x00007fff658f4974

Register to memory mapping:

RAX=
[error occurred during error reporting (printing register info), id 0xb, SIGSEGV (0xb) at pc=0x0000000106eb41aa]

Registers:
RAX=0x00000000ffffffff, RBX=0x00007fd06b56d010, RCX=0x00007fff65926c70, RDX=0x0000000106203000
RSP=0x00007000079bd5c8, RBP=0x00007000079bd5e0, RSI=0x00007fff6f3d05b3, RDI=0x00007fd06b55c930
R8 =0x0000000000000002, R9 =0x0000000000000000, R10=0x00007fff9279a788, R11=0x00007fff65ba789d
R12=0x0000000000000000, R13=0x0000000000000002, R14=0x0000000000000004, R15=0x00007fd06b5adfa0
RIP=0x00007fff658f4974, EFLAGS=0x0000000000010286, ERR=0x0000000000000000
  TRAPNO=0x0000000000000006

Top of Stack: (sp=0x00007000079bd5c8)
0x00007000079bd5c8:   00007fff65b89a47 00007fff9279a788
0x00007000079bd5d8:   0000000000000000 00007000079bd610
0x00007000079bd5e8:   00007fff65b8994b 00007fff9279a788
0x00007000079bd5f8:   00007fd06b5adfa0 00007fd06b5a4020
0x00007000079bd608:   00007fd06b5b9ff0 00007000079bd630
0x00007000079bd618:   00007fff65b895d2 00000000ffffffff
0x00007000079bd628:   00007fd06b5adfa0 00007000079bd660
0x00007000079bd638:   00007fff65ba78ae 00007000079bd660
0x00007000079bd648:   00007fff65b90078 00007fd06b5adfa0
0x00007000079bd658:   00007fd06b5adfa0 00007000079bd6d0
0x00007000079bd668:   00007fff65b8e270 0000000000000005
0x00007000079bd678:   00007fff65b4f01b 00000000000000c4
0x00007000079bd688:   0000000000000000 0000000000000007
0x00007000079bd698:   0000000000000000 00007000079bd6c0
0x00007000079bd6a8:   00007fd06b5ba0b0 0000000000000000
0x00007000079bd6b8:   00007fd06b5a4020 0000000000000000
0x00007000079bd6c8:   0000000000000002 00007000079bd6f0
0x00007000079bd6d8:   00007fff658f557e 0000000000400001
0x00007000079bd6e8:   00007fd06b5ba0b0 00007000079bd780
0x00007000079bd6f8:   00007fff6590aaeb 00007000079bd7a0
0x00007000079bd708:   0000000000000000 00007fff659292fa
0x00007000079bd718:   00007fd06b5a4020 0000000000000000
0x00007000079bd728:   0000000100000000 00007000079bd7a0
0x00007000079bd738:   00007fff65b04abe 00007fd06b5ba0b0
0x00007000079bd748:   00007fff9278d000 00007fd06b5ba770
0x00007000079bd758:   00007fd06b5a4020 00007fd06b5ba0b0
0x00007000079bd768:   00007fff92770488 0000000000000000
0x00007000079bd778:   0000000000000000 00007000079bd810
0x00007000079bd788:   00007fff658fa950 00007fd06b5b9f70
0x00007000079bd798:   00007fd06b5ba0b0 00007fd06b5b9f70
0x00007000079bd7a8:   00007000079bd8b0 00007fff92770488
0x00007000079bd7b8:   00007fff9278d000 00007000079bd848 

Instructions: (pc=0x00007fff658f4974)
0x00007fff658f4874:   0f 0b 8b 47 08 3d ff ff ff 7f 74 0d 89 f0 f7 d8
0x00007fff658f4884:   f0 0f c1 47 08 29 f0 78 01 c3 83 f8 ff 75 05 e9
0x00007fff658f4894:   55 06 00 00 48 8d 0d d1 23 03 00 48 89 0d ea e0
0x00007fff658f48a4:   e7 2c 0f 0b 48 89 f8 8b 4f 0c 81 f9 ff ff ff 7f
0x00007fff658f48b4:   74 06 f0 ff 40 0c 7e 01 c3 48 8d 0d 52 23 03 00
0x00007fff658f48c4:   48 89 0d c5 e0 e7 2c 0f 0b 55 48 89 e5 53 50 8b
0x00007fff658f48d4:   47 0c 3d ff ff ff 7f 74 29 48 89 fb b8 01 00 00
0x00007fff658f48e4:   00 f0 0f c1 47 0c ff c0 78 18 85 c0 74 0a 48 89
0x00007fff658f48f4:   d8 48 83 c4 08 5b 5d c3 48 89 df e8 f2 fe ff ff
0x00007fff658f4904:   eb ec 48 8d 0d 2f 23 03 00 48 89 0d 7c e0 e7 2c
0x00007fff658f4914:   0f 0b 8b 47 0c 3d ff ff ff 7f 74 0e b8 ff ff ff
0x00007fff658f4924:   ff f0 0f c1 47 0c 85 c0 7e 01 c3 75 05 e9 a7 05
0x00007fff658f4934:   00 00 48 8d 0d 33 23 03 00 48 89 0d 4c e0 e7 2c
0x00007fff658f4944:   0f 0b 8b 47 0c 3d ff ff ff 7f 74 0e b8 ff ff ff
0x00007fff658f4954:   ff f0 0f c1 47 0c 85 c0 7e 01 c3 75 05 e9 e0 fe
0x00007fff658f4964:   ff ff 48 8d 0d 03 23 03 00 48 89 0d 1c e0 e7 2c
0x00007fff658f4974:   0f 0b 8b 47 0c b1 01 3d ff ff ff 7f 74 11 83 f8
0x00007fff658f4984:   ff 74 0f 7c 11 8d 50 01 f0 0f b1 57 0c 75 e6 89
0x00007fff658f4994:   c8 c3 31 c9 eb f9 55 48 89 e5 e8 f7 c2 02 00 8b
0x00007fff658f49a4:   4f 0c 83 f9 ff 74 08 b0 01 83 f9 fe 7e 04 c3 31
0x00007fff658f49b4:   c0 c3 55 48 89 e5 e8 eb c2 02 00 e9 99 04 00 00
0x00007fff658f49c4:   e9 89 0c 03 00 e9 2e 0b 03 00 48 8b 07 48 3b 05
0x00007fff658f49d4:   80 6c e6 2c 73 15 48 3b 05 6f 6c e6 2c 72 0c 83
0x00007fff658f49e4:   e0 01 48 85 c0 0f 84 b9 fe ff ff e9 88 05 00 00
0x00007fff658f49f4:   48 8b 07 48 3b 05 5a 6c e6 2c 73 2a 48 3b 05 49
0x00007fff658f4a04:   6c e6 2c 72 21 83 e0 01 48 85 c0 75 19 8b 47 0c
0x00007fff658f4a14:   3d ff ff ff 7f 74 0e b8 ff ff ff ff f0 0f c1 47
0x00007fff658f4a24:   0c 85 c0 7e 06 c3 e9 52 05 00 00 75 08 8b 47 0c
0x00007fff658f4a34:   e9 09 00 00 00 55 48 89 e5 e8 78 c2 02 00 55 48
0x00007fff658f4a44:   89 e5 53 50 48 89 fb 48 8b 07 48 8b 40 28 25 f0
0x00007fff658f4a54:   00 00 00 48 83 f8 10 75 67 48 89 df e8 86 52 00
0x00007fff658f4a64:   00 48 8b 03 48 8b 40 28 48 3d 12 03 00 00 7f 1a 


Stack slot to memory mapping:
stack at sp + 0 slots: 
[error occurred during error reporting (inspecting top of stack), id 0xb, SIGSEGV (0xb) at pc=0x0000000106eb41aa]


---------------  P R O C E S S  ---------------

VM state:not at safepoint (normal execution)

VM Mutex/Monitor currently owned by a thread: None

Heap address: 0x0000000780000000, size: 2048 MB, Compressed Oops mode: Zero based, Oop shift amount: 3
Narrow klass base: 0x0000000800000000, Narrow klass shift: 3
Compressed class space size: 1073741824 Address: 0x0000000800ae0000

Heap:
 garbage-first heap   total 133120K, used 3832K [0x0000000780000000, 0x0000000800000000)
  region size 1024K, 5 young (5120K), 0 survivors (0K)
 Metaspace       used 2698K, capacity 5411K, committed 5632K, reserved 1056768K
  class space    used 244K, capacity 500K, committed 512K, reserved 1048576K
Heap Regions: E=young(eden), S=young(survivor), O=old, HS=humongous(starts), HC=humongous(continues), CS=collection set, F=free, A=archive, TAMS=top-at-mark-start (previous, next)
|   0|0x0000000780000000, 0x0000000780000000, 0x0000000780100000|  0%| F|  |TAMS 0x0000000780000000, 0x0000000780000000| Untracked 
|   1|0x0000000780100000, 0x0000000780100000, 0x0000000780200000|  0%| F|  |TAMS 0x0000000780100000, 0x0000000780100000| Untracked 
|   2|0x0000000780200000, 0x0000000780200000, 0x0000000780300000|  0%| F|  |TAMS 0x0000000780200000, 0x0000000780200000| Untracked 
|   3|0x0000000780300000, 0x0000000780300000, 0x0000000780400000|  0%| F|  |TAMS 0x0000000780300000, 0x0000000780300000| Untracked 
|   4|0x0000000780400000, 0x0000000780400000, 0x0000000780500000|  0%| F|  |TAMS 0x0000000780400000, 0x0000000780400000| Untracked 
|   5|0x0000000780500000, 0x0000000780500000, 0x0000000780600000|  0%| F|  |TAMS 0x0000000780500000, 0x0000000780500000| Untracked 
|   6|0x0000000780600000, 0x0000000780600000, 0x0000000780700000|  0%| F|  |TAMS 0x0000000780600000, 0x0000000780600000| Untracked 
|   7|0x0000000780700000, 0x0000000780700000, 0x0000000780800000|  0%| F|  |TAMS 0x0000000780700000, 0x0000000780700000| Untracked 
|   8|0x0000000780800000, 0x0000000780800000, 0x0000000780900000|  0%| F|  |TAMS 0x0000000780800000, 0x0000000780800000| Untracked 
|   9|0x0000000780900000, 0x0000000780900000, 0x0000000780a00000|  0%| F|  |TAMS 0x0000000780900000, 0x0000000780900000| Untracked 
|  10|0x0000000780a00000, 0x0000000780a00000, 0x0000000780b00000|  0%| F|  |TAMS 0x0000000780a00000, 0x0000000780a00000| Untracked 
|  11|0x0000000780b00000, 0x0000000780b00000, 0x0000000780c00000|  0%| F|  |TAMS 0x0000000780b00000, 0x0000000780b00000| Untracked 
|  12|0x0000000780c00000, 0x0000000780c00000, 0x0000000780d00000|  0%| F|  |TAMS 0x0000000780c00000, 0x0000000780c00000| Untracked 
|  13|0x0000000780d00000, 0x0000000780d00000, 0x0000000780e00000|  0%| F|  |TAMS 0x0000000780d00000, 0x0000000780d00000| Untracked 
|  14|0x0000000780e00000, 0x0000000780e00000, 0x0000000780f00000|  0%| F|  |TAMS 0x0000000780e00000, 0x0000000780e00000| Untracked 
|  15|0x0000000780f00000, 0x0000000780f00000, 0x0000000781000000|  0%| F|  |TAMS 0x0000000780f00000, 0x0000000780f00000| Untracked 
|  16|0x0000000781000000, 0x0000000781000000, 0x0000000781100000|  0%| F|  |TAMS 0x0000000781000000, 0x0000000781000000| Untracked 
|  17|0x0000000781100000, 0x0000000781100000, 0x0000000781200000|  0%| F|  |TAMS 0x0000000781100000, 0x0000000781100000| Untracked 
|  18|0x0000000781200000, 0x0000000781200000, 0x0000000781300000|  0%| F|  |TAMS 0x0000000781200000, 0x0000000781200000| Untracked 
|  19|0x0000000781300000, 0x0000000781300000, 0x0000000781400000|  0%| F|  |TAMS 0x0000000781300000, 0x0000000781300000| Untracked 
|  20|0x0000000781400000, 0x0000000781400000, 0x0000000781500000|  0%| F|  |TAMS 0x0000000781400000, 0x0000000781400000| Untracked 
|  21|0x0000000781500000, 0x0000000781500000, 0x0000000781600000|  0%| F|  |TAMS 0x0000000781500000, 0x0000000781500000| Untracked 
|  22|0x0000000781600000, 0x0000000781600000, 0x0000000781700000|  0%| F|  |TAMS 0x0000000781600000, 0x0000000781600000| Untracked 
|  23|0x0000000781700000, 0x0000000781700000, 0x0000000781800000|  0%| F|  |TAMS 0x0000000781700000, 0x0000000781700000| Untracked 
|  24|0x0000000781800000, 0x0000000781800000, 0x0000000781900000|  0%| F|  |TAMS 0x0000000781800000, 0x0000000781800000| Untracked 
|  25|0x0000000781900000, 0x0000000781900000, 0x0000000781a00000|  0%| F|  |TAMS 0x0000000781900000, 0x0000000781900000| Untracked 
|  26|0x0000000781a00000, 0x0000000781a00000, 0x0000000781b00000|  0%| F|  |TAMS 0x0000000781a00000, 0x0000000781a00000| Untracked 
|  27|0x0000000781b00000, 0x0000000781b00000, 0x0000000781c00000|  0%| F|  |TAMS 0x0000000781b00000, 0x0000000781b00000| Untracked 
|  28|0x0000000781c00000, 0x0000000781c00000, 0x0000000781d00000|  0%| F|  |TAMS 0x0000000781c00000, 0x0000000781c00000| Untracked 
|  29|0x0000000781d00000, 0x0000000781d00000, 0x0000000781e00000|  0%| F|  |TAMS 0x0000000781d00000, 0x0000000781d00000| Untracked 
|  30|0x0000000781e00000, 0x0000000781e00000, 0x0000000781f00000|  0%| F|  |TAMS 0x0000000781e00000, 0x0000000781e00000| Untracked 
|  31|0x0000000781f00000, 0x0000000781f00000, 0x0000000782000000|  0%| F|  |TAMS 0x0000000781f00000, 0x0000000781f00000| Untracked 
|  32|0x0000000782000000, 0x0000000782000000, 0x0000000782100000|  0%| F|  |TAMS 0x0000000782000000, 0x0000000782000000| Untracked 
|  33|0x0000000782100000, 0x0000000782100000, 0x0000000782200000|  0%| F|  |TAMS 0x0000000782100000, 0x0000000782100000| Untracked 
|  34|0x0000000782200000, 0x0000000782200000, 0x0000000782300000|  0%| F|  |TAMS 0x0000000782200000, 0x0000000782200000| Untracked 
|  35|0x0000000782300000, 0x0000000782300000, 0x0000000782400000|  0%| F|  |TAMS 0x0000000782300000, 0x0000000782300000| Untracked 
|  36|0x0000000782400000, 0x0000000782400000, 0x0000000782500000|  0%| F|  |TAMS 0x0000000782400000, 0x0000000782400000| Untracked 
|  37|0x0000000782500000, 0x0000000782500000, 0x0000000782600000|  0%| F|  |TAMS 0x0000000782500000, 0x0000000782500000| Untracked 
|  38|0x0000000782600000, 0x0000000782600000, 0x0000000782700000|  0%| F|  |TAMS 0x0000000782600000, 0x0000000782600000| Untracked 
|  39|0x0000000782700000, 0x0000000782700000, 0x0000000782800000|  0%| F|  |TAMS 0x0000000782700000, 0x0000000782700000| Untracked 
|  40|0x0000000782800000, 0x0000000782800000, 0x0000000782900000|  0%| F|  |TAMS 0x0000000782800000, 0x0000000782800000| Untracked 
|  41|0x0000000782900000, 0x0000000782900000, 0x0000000782a00000|  0%| F|  |TAMS 0x0000000782900000, 0x0000000782900000| Untracked 
|  42|0x0000000782a00000, 0x0000000782a00000, 0x0000000782b00000|  0%| F|  |TAMS 0x0000000782a00000, 0x0000000782a00000| Untracked 
|  43|0x0000000782b00000, 0x0000000782b00000, 0x0000000782c00000|  0%| F|  |TAMS 0x0000000782b00000, 0x0000000782b00000| Untracked 
|  44|0x0000000782c00000, 0x0000000782c00000, 0x0000000782d00000|  0%| F|  |TAMS 0x0000000782c00000, 0x0000000782c00000| Untracked 
|  45|0x0000000782d00000, 0x0000000782d00000, 0x0000000782e00000|  0%| F|  |TAMS 0x0000000782d00000, 0x0000000782d00000| Untracked 
|  46|0x0000000782e00000, 0x0000000782e00000, 0x0000000782f00000|  0%| F|  |TAMS 0x0000000782e00000, 0x0000000782e00000| Untracked 
|  47|0x0000000782f00000, 0x0000000782f00000, 0x0000000783000000|  0%| F|  |TAMS 0x0000000782f00000, 0x0000000782f00000| Untracked 
|  48|0x0000000783000000, 0x0000000783000000, 0x0000000783100000|  0%| F|  |TAMS 0x0000000783000000, 0x0000000783000000| Untracked 
|  49|0x0000000783100000, 0x0000000783100000, 0x0000000783200000|  0%| F|  |TAMS 0x0000000783100000, 0x0000000783100000| Untracked 
|  50|0x0000000783200000, 0x0000000783200000, 0x0000000783300000|  0%| F|  |TAMS 0x0000000783200000, 0x0000000783200000| Untracked 
|  51|0x0000000783300000, 0x0000000783300000, 0x0000000783400000|  0%| F|  |TAMS 0x0000000783300000, 0x0000000783300000| Untracked 
|  52|0x0000000783400000, 0x0000000783400000, 0x0000000783500000|  0%| F|  |TAMS 0x0000000783400000, 0x0000000783400000| Untracked 
|  53|0x0000000783500000, 0x0000000783500000, 0x0000000783600000|  0%| F|  |TAMS 0x0000000783500000, 0x0000000783500000| Untracked 
|  54|0x0000000783600000, 0x0000000783600000, 0x0000000783700000|  0%| F|  |TAMS 0x0000000783600000, 0x0000000783600000| Untracked 
|  55|0x0000000783700000, 0x0000000783700000, 0x0000000783800000|  0%| F|  |TAMS 0x0000000783700000, 0x0000000783700000| Untracked 
|  56|0x0000000783800000, 0x0000000783800000, 0x0000000783900000|  0%| F|  |TAMS 0x0000000783800000, 0x0000000783800000| Untracked 
|  57|0x0000000783900000, 0x0000000783900000, 0x0000000783a00000|  0%| F|  |TAMS 0x0000000783900000, 0x0000000783900000| Untracked 
|  58|0x0000000783a00000, 0x0000000783a00000, 0x0000000783b00000|  0%| F|  |TAMS 0x0000000783a00000, 0x0000000783a00000| Untracked 
|  59|0x0000000783b00000, 0x0000000783b00000, 0x0000000783c00000|  0%| F|  |TAMS 0x0000000783b00000, 0x0000000783b00000| Untracked 
|  60|0x0000000783c00000, 0x0000000783c00000, 0x0000000783d00000|  0%| F|  |TAMS 0x0000000783c00000, 0x0000000783c00000| Untracked 
|  61|0x0000000783d00000, 0x0000000783d00000, 0x0000000783e00000|  0%| F|  |TAMS 0x0000000783d00000, 0x0000000783d00000| Untracked 
|  62|0x0000000783e00000, 0x0000000783e00000, 0x0000000783f00000|  0%| F|  |TAMS 0x0000000783e00000, 0x0000000783e00000| Untracked 
|  63|0x0000000783f00000, 0x0000000783f00000, 0x0000000784000000|  0%| F|  |TAMS 0x0000000783f00000, 0x0000000783f00000| Untracked 
|  64|0x0000000784000000, 0x0000000784000000, 0x0000000784100000|  0%| F|  |TAMS 0x0000000784000000, 0x0000000784000000| Untracked 
|  65|0x0000000784100000, 0x0000000784100000, 0x0000000784200000|  0%| F|  |TAMS 0x0000000784100000, 0x0000000784100000| Untracked 
|  66|0x0000000784200000, 0x0000000784200000, 0x0000000784300000|  0%| F|  |TAMS 0x0000000784200000, 0x0000000784200000| Untracked 
|  67|0x0000000784300000, 0x0000000784300000, 0x0000000784400000|  0%| F|  |TAMS 0x0000000784300000, 0x0000000784300000| Untracked 
|  68|0x0000000784400000, 0x0000000784400000, 0x0000000784500000|  0%| F|  |TAMS 0x0000000784400000, 0x0000000784400000| Untracked 
|  69|0x0000000784500000, 0x0000000784500000, 0x0000000784600000|  0%| F|  |TAMS 0x0000000784500000, 0x0000000784500000| Untracked 
|  70|0x0000000784600000, 0x0000000784600000, 0x0000000784700000|  0%| F|  |TAMS 0x0000000784600000, 0x0000000784600000| Untracked 
|  71|0x0000000784700000, 0x0000000784700000, 0x0000000784800000|  0%| F|  |TAMS 0x0000000784700000, 0x0000000784700000| Untracked 
|  72|0x0000000784800000, 0x0000000784800000, 0x0000000784900000|  0%| F|  |TAMS 0x0000000784800000, 0x0000000784800000| Untracked 
|  73|0x0000000784900000, 0x0000000784900000, 0x0000000784a00000|  0%| F|  |TAMS 0x0000000784900000, 0x0000000784900000| Untracked 
|  74|0x0000000784a00000, 0x0000000784a00000, 0x0000000784b00000|  0%| F|  |TAMS 0x0000000784a00000, 0x0000000784a00000| Untracked 
|  75|0x0000000784b00000, 0x0000000784b00000, 0x0000000784c00000|  0%| F|  |TAMS 0x0000000784b00000, 0x0000000784b00000| Untracked 
|  76|0x0000000784c00000, 0x0000000784c00000, 0x0000000784d00000|  0%| F|  |TAMS 0x0000000784c00000, 0x0000000784c00000| Untracked 
|  77|0x0000000784d00000, 0x0000000784d00000, 0x0000000784e00000|  0%| F|  |TAMS 0x0000000784d00000, 0x0000000784d00000| Untracked 
|  78|0x0000000784e00000, 0x0000000784e00000, 0x0000000784f00000|  0%| F|  |TAMS 0x0000000784e00000, 0x0000000784e00000| Untracked 
|  79|0x0000000784f00000, 0x0000000784f00000, 0x0000000785000000|  0%| F|  |TAMS 0x0000000784f00000, 0x0000000784f00000| Untracked 
|  80|0x0000000785000000, 0x0000000785000000, 0x0000000785100000|  0%| F|  |TAMS 0x0000000785000000, 0x0000000785000000| Untracked 
|  81|0x0000000785100000, 0x0000000785100000, 0x0000000785200000|  0%| F|  |TAMS 0x0000000785100000, 0x0000000785100000| Untracked 
|  82|0x0000000785200000, 0x0000000785200000, 0x0000000785300000|  0%| F|  |TAMS 0x0000000785200000, 0x0000000785200000| Untracked 
|  83|0x0000000785300000, 0x0000000785300000, 0x0000000785400000|  0%| F|  |TAMS 0x0000000785300000, 0x0000000785300000| Untracked 
|  84|0x0000000785400000, 0x0000000785400000, 0x0000000785500000|  0%| F|  |TAMS 0x0000000785400000, 0x0000000785400000| Untracked 
|  85|0x0000000785500000, 0x0000000785500000, 0x0000000785600000|  0%| F|  |TAMS 0x0000000785500000, 0x0000000785500000| Untracked 
|  86|0x0000000785600000, 0x0000000785600000, 0x0000000785700000|  0%| F|  |TAMS 0x0000000785600000, 0x0000000785600000| Untracked 
|  87|0x0000000785700000, 0x0000000785700000, 0x0000000785800000|  0%| F|  |TAMS 0x0000000785700000, 0x0000000785700000| Untracked 
|  88|0x0000000785800000, 0x0000000785800000, 0x0000000785900000|  0%| F|  |TAMS 0x0000000785800000, 0x0000000785800000| Untracked 
|  89|0x0000000785900000, 0x0000000785900000, 0x0000000785a00000|  0%| F|  |TAMS 0x0000000785900000, 0x0000000785900000| Untracked 
|  90|0x0000000785a00000, 0x0000000785a00000, 0x0000000785b00000|  0%| F|  |TAMS 0x0000000785a00000, 0x0000000785a00000| Untracked 
|  91|0x0000000785b00000, 0x0000000785b00000, 0x0000000785c00000|  0%| F|  |TAMS 0x0000000785b00000, 0x0000000785b00000| Untracked 
|  92|0x0000000785c00000, 0x0000000785c00000, 0x0000000785d00000|  0%| F|  |TAMS 0x0000000785c00000, 0x0000000785c00000| Untracked 
|  93|0x0000000785d00000, 0x0000000785d00000, 0x0000000785e00000|  0%| F|  |TAMS 0x0000000785d00000, 0x0000000785d00000| Untracked 
|  94|0x0000000785e00000, 0x0000000785e00000, 0x0000000785f00000|  0%| F|  |TAMS 0x0000000785e00000, 0x0000000785e00000| Untracked 
|  95|0x0000000785f00000, 0x0000000785f00000, 0x0000000786000000|  0%| F|  |TAMS 0x0000000785f00000, 0x0000000785f00000| Untracked 
|  96|0x0000000786000000, 0x0000000786000000, 0x0000000786100000|  0%| F|  |TAMS 0x0000000786000000, 0x0000000786000000| Untracked 
|  97|0x0000000786100000, 0x0000000786100000, 0x0000000786200000|  0%| F|  |TAMS 0x0000000786100000, 0x0000000786100000| Untracked 
|  98|0x0000000786200000, 0x0000000786200000, 0x0000000786300000|  0%| F|  |TAMS 0x0000000786200000, 0x0000000786200000| Untracked 
|  99|0x0000000786300000, 0x0000000786300000, 0x0000000786400000|  0%| F|  |TAMS 0x0000000786300000, 0x0000000786300000| Untracked 
| 100|0x0000000786400000, 0x0000000786400000, 0x0000000786500000|  0%| F|  |TAMS 0x0000000786400000, 0x0000000786400000| Untracked 
| 101|0x0000000786500000, 0x0000000786500000, 0x0000000786600000|  0%| F|  |TAMS 0x0000000786500000, 0x0000000786500000| Untracked 
| 102|0x0000000786600000, 0x0000000786600000, 0x0000000786700000|  0%| F|  |TAMS 0x0000000786600000, 0x0000000786600000| Untracked 
| 103|0x0000000786700000, 0x0000000786700000, 0x0000000786800000|  0%| F|  |TAMS 0x0000000786700000, 0x0000000786700000| Untracked 
| 104|0x0000000786800000, 0x0000000786800000, 0x0000000786900000|  0%| F|  |TAMS 0x0000000786800000, 0x0000000786800000| Untracked 
| 105|0x0000000786900000, 0x0000000786900000, 0x0000000786a00000|  0%| F|  |TAMS 0x0000000786900000, 0x0000000786900000| Untracked 
| 106|0x0000000786a00000, 0x0000000786a00000, 0x0000000786b00000|  0%| F|  |TAMS 0x0000000786a00000, 0x0000000786a00000| Untracked 
| 107|0x0000000786b00000, 0x0000000786b00000, 0x0000000786c00000|  0%| F|  |TAMS 0x0000000786b00000, 0x0000000786b00000| Untracked 
| 108|0x0000000786c00000, 0x0000000786c00000, 0x0000000786d00000|  0%| F|  |TAMS 0x0000000786c00000, 0x0000000786c00000| Untracked 
| 109|0x0000000786d00000, 0x0000000786d00000, 0x0000000786e00000|  0%| F|  |TAMS 0x0000000786d00000, 0x0000000786d00000| Untracked 
| 110|0x0000000786e00000, 0x0000000786e00000, 0x0000000786f00000|  0%| F|  |TAMS 0x0000000786e00000, 0x0000000786e00000| Untracked 
| 111|0x0000000786f00000, 0x0000000786f00000, 0x0000000787000000|  0%| F|  |TAMS 0x0000000786f00000, 0x0000000786f00000| Untracked 
| 112|0x0000000787000000, 0x0000000787000000, 0x0000000787100000|  0%| F|  |TAMS 0x0000000787000000, 0x0000000787000000| Untracked 
| 113|0x0000000787100000, 0x0000000787100000, 0x0000000787200000|  0%| F|  |TAMS 0x0000000787100000, 0x0000000787100000| Untracked 
| 114|0x0000000787200000, 0x0000000787200000, 0x0000000787300000|  0%| F|  |TAMS 0x0000000787200000, 0x0000000787200000| Untracked 
| 115|0x0000000787300000, 0x0000000787300000, 0x0000000787400000|  0%| F|  |TAMS 0x0000000787300000, 0x0000000787300000| Untracked 
| 116|0x0000000787400000, 0x0000000787400000, 0x0000000787500000|  0%| F|  |TAMS 0x0000000787400000, 0x0000000787400000| Untracked 
| 117|0x0000000787500000, 0x0000000787500000, 0x0000000787600000|  0%| F|  |TAMS 0x0000000787500000, 0x0000000787500000| Untracked 
| 118|0x0000000787600000, 0x0000000787600000, 0x0000000787700000|  0%| F|  |TAMS 0x0000000787600000, 0x0000000787600000| Untracked 
| 119|0x0000000787700000, 0x0000000787700000, 0x0000000787800000|  0%| F|  |TAMS 0x0000000787700000, 0x0000000787700000| Untracked 
| 120|0x0000000787800000, 0x0000000787800000, 0x0000000787900000|  0%| F|  |TAMS 0x0000000787800000, 0x0000000787800000| Untracked 
| 121|0x0000000787900000, 0x0000000787900000, 0x0000000787a00000|  0%| F|  |TAMS 0x0000000787900000, 0x0000000787900000| Untracked 
| 122|0x0000000787a00000, 0x0000000787a00000, 0x0000000787b00000|  0%| F|  |TAMS 0x0000000787a00000, 0x0000000787a00000| Untracked 
| 123|0x0000000787b00000, 0x0000000787b320f0, 0x0000000787c00000| 19%| E|  |TAMS 0x0000000787b00000, 0x0000000787b00000| Complete 
| 124|0x0000000787c00000, 0x0000000787cf7518, 0x0000000787d00000| 96%| E|  |TAMS 0x0000000787c00000, 0x0000000787c00000| Complete 
| 125|0x0000000787d00000, 0x0000000787e00000, 0x0000000787e00000|100%| E|CS|TAMS 0x0000000787d00000, 0x0000000787d00000| Complete 
| 126|0x0000000787e00000, 0x0000000787f00000, 0x0000000787f00000|100%| E|CS|TAMS 0x0000000787e00000, 0x0000000787e00000| Complete 
| 127|0x0000000787f00000, 0x0000000788000000, 0x0000000788000000|100%| E|CS|TAMS 0x0000000787f00000, 0x0000000787f00000| Complete 
|1022|0x00000007bfe00000, 0x00000007bfe47000, 0x00000007bff00000| 27%|OA|  |TAMS 0x00000007bfe00000, 0x00000007bfe00000| Untracked 
|1023|0x00000007bff00000, 0x00000007bff77000, 0x00000007c0000000| 46%|CA|  |TAMS 0x00000007bff00000, 0x00000007bff00000| Untracked 

Card table byte_map: [0x000000011f045000,0x000000011f445000] _byte_map_base: 0x000000011b445000

Marking Bits (Prev, Next): (CMBitMap*) 0x00007fd06c00f618, (CMBitMap*) 0x00007fd06c00f658
 Prev Bits: [0x000000011f845000, 0x0000000121845000)
 Next Bits: [0x0000000121845000, 0x0000000123845000)

Polling page: 0x00000001059f7000

Metaspace:

Usage:
  Non-class:      4.80 MB capacity,     2.40 MB ( 50%) used,     2.39 MB ( 50%) free+waste,     5.50 KB ( <1%) overhead. 
      Class:    500.00 KB capacity,   244.86 KB ( 49%) used,   252.02 KB ( 50%) free+waste,     3.12 KB ( <1%) overhead. 
       Both:      5.28 MB capacity,     2.64 MB ( 50%) used,     2.64 MB ( 50%) free+waste,     8.62 KB ( <1%) overhead. 

Virtual space:
  Non-class space:        8.00 MB reserved,       5.00 MB ( 62%) committed 
      Class space:        1.00 GB reserved,     512.00 KB ( <1%) committed 
             Both:        1.01 GB reserved,       5.50 MB ( <1%) committed 

Chunk freelists:
   Non-Class:  105.00 KB
       Class:  12.00 KB
        Both:  117.00 KB

MaxMetaspaceSize: unlimited
CompressedClassSpaceSize: 1.00 GB

CodeHeap 'non-profiled nmethods': size=120032Kb used=124Kb max_used=124Kb free=119907Kb
 bounds [0x000000011750d000, 0x000000011777d000, 0x000000011ea45000]
CodeHeap 'profiled nmethods': size=120032Kb used=651Kb max_used=651Kb free=119380Kb
 bounds [0x000000010ffd5000, 0x0000000110245000, 0x000000011750d000]
CodeHeap 'non-nmethods': size=5696Kb used=1145Kb max_used=1155Kb free=4551Kb
 bounds [0x000000010fa45000, 0x000000010fcb5000, 0x000000010ffd5000]
 total_blobs=896 nmethods=426 adapters=300
 compilation: enabled
              stopped_count=0, restarted_count=0
 full_count=0

Compilation events (20 events):
Event: 0.786 Thread 0x00007fd06c08c800 nmethod 417 0x0000000110071190 code [0x0000000110071340, 0x00000001100716b0]
Event: 0.786 Thread 0x00007fd06c08c800  418       3       java.nio.Buffer::remaining (10 bytes)
Event: 0.786 Thread 0x00007fd06c08c800 nmethod 418 0x0000000110071810 code [0x00000001100719a0, 0x0000000110071b10]
Event: 0.786 Thread 0x00007fd06c08c800  419       3       java.util.zip.ZipCoder$UTF8::getBytes (10 bytes)
Event: 0.786 Thread 0x00007fd06c08c800 nmethod 419 0x0000000110071b90 code [0x0000000110071d60, 0x0000000110072088]
Event: 0.786 Thread 0x00007fd06c08c800  420       3       java.lang.System$2::getBytesUTF8NoRepl (5 bytes)
Event: 0.787 Thread 0x00007fd06c08c800 nmethod 420 0x0000000110072210 code [0x00000001100723c0, 0x0000000110072688]
Event: 0.787 Thread 0x00007fd06c08c800  421       3       java.lang.StringCoding::getBytesUTF8NoRepl (13 bytes)
Event: 0.787 Thread 0x00007fd06c08c800 nmethod 421 0x0000000110072790 code [0x0000000110072940, 0x0000000110072b68]
Event: 0.790 Thread 0x00007fd06c08c800  422       3       java.util.jar.JarFile::getEntry0 (24 bytes)
Event: 0.790 Thread 0x00007fd06c08c800 nmethod 422 0x0000000110072c90 code [0x0000000110072e60, 0x0000000110073408]
Event: 0.790 Thread 0x00007fd06c08c800  423       3       java.util.zip.ZipFile$1::getEntry (10 bytes)
Event: 0.791 Thread 0x00007fd06c08c800 nmethod 423 0x0000000110073590 code [0x0000000110073740, 0x0000000110073a08]
Event: 0.791 Thread 0x00007fd06c08c800  424   !   3       java.util.zip.ZipFile::getEntry (73 bytes)
Event: 0.791 Thread 0x00007fd06c08c800 nmethod 424 0x0000000110073b10 code [0x0000000110073d20, 0x0000000110074448]
Event: 0.794 Thread 0x00007fd06c08c800  425       3       sun.net.www.ParseUtil::firstEncodeIndex (86 bytes)
Event: 0.795 Thread 0x00007fd06c08c800 nmethod 425 0x0000000110074790 code [0x00000001100749e0, 0x00000001100753e8]
Event: 0.795 Thread 0x00007fd06c08c800  426       3       java.nio.Buffer::<init> (99 bytes)
Event: 0.796 Thread 0x00007fd06c08c800 nmethod 426 0x0000000110075790 code [0x0000000110075a60, 0x0000000110076858]
Event: 0.802 Thread 0x00007fd06c08c800  427   !   3       jdk.internal.loader.URLClassPath$JarLoader::getResource (65 bytes)

GC Heap History (0 events):
No events

Deoptimization events (0 events):
No events

Classes unloaded (0 events):
No events

Classes redefined (0 events):
No events

Internal exceptions (4 events):
Event: 0.179 Thread 0x00007fd06c00c000 Exception <a 'java/lang/ClassNotFoundException'{0x0000000787e5a5e0}: sun/awt/resources/spi/awtProvider> (0x0000000787e5a5e0) 
thrown [/scratch/mesos/slaves/fcf4c0c4-d73e-4321-860c-6613427db92b-S2452/frameworks/1735e8a2-a1db-478c-8104-60c8b0af87dd-0196/executors/ab12d1f8-defd-4a26-b83a-82b67c14bc8d/runs/ad8904cf-d9a8-428f-8f86-4d88be7b86bd/workspace/open/src/hotspot/share/classfile/systemDictionary.cpp, line 232]
Event: 0.234 Thread 0x00007fd06c00c000 Exception <a 'java/io/FileNotFoundException'{0x0000000787eaad58}> (0x0000000787eaad58) 
thrown [/scratch/mesos/slaves/fcf4c0c4-d73e-4321-860c-6613427db92b-S2452/frameworks/1735e8a2-a1db-478c-8104-60c8b0af87dd-0196/executors/ab12d1f8-defd-4a26-b83a-82b67c14bc8d/runs/ad8904cf-d9a8-428f-8f86-4d88be7b86bd/workspace/open/src/hotspot/share/prims/jni.cpp, line 598]
Event: 0.250 Thread 0x00007fd06c00c000 Exception <a 'java/io/FileNotFoundException'{0x0000000787ed1228}> (0x0000000787ed1228) 
thrown [/scratch/mesos/slaves/fcf4c0c4-d73e-4321-860c-6613427db92b-S2452/frameworks/1735e8a2-a1db-478c-8104-60c8b0af87dd-0196/executors/ab12d1f8-defd-4a26-b83a-82b67c14bc8d/runs/ad8904cf-d9a8-428f-8f86-4d88be7b86bd/workspace/open/src/hotspot/share/prims/jni.cpp, line 598]
Event: 0.271 Thread 0x00007fd06c00c000 Exception <a 'java/lang/ClassNotFoundException'{0x0000000787edfc90}: sun/awt/resources/spi/awtosxProvider> (0x0000000787edfc90) 
thrown [/scratch/mesos/slaves/fcf4c0c4-d73e-4321-860c-6613427db92b-S2452/frameworks/1735e8a2-a1db-478c-8104-60c8b0af87dd-0196/executors/ab12d1f8-defd-4a26-b83a-82b67c14bc8d/runs/ad8904cf-d9a8-428f-8f86-4d88be7b86bd/workspace/open/src/hotspot/share/classfile/systemDictionary.cpp, line 232]

Events (20 events):
Event: 0.779 loading class jdk/internal/reflect/UnsafeQualifiedStaticIntegerFieldAccessorImpl
Event: 0.779 loading class jdk/internal/reflect/UnsafeQualifiedStaticIntegerFieldAccessorImpl done
Event: 0.783 loading class org/lwjgl/input/Keyboard$KeyEvent
Event: 0.783 loading class org/lwjgl/input/Keyboard$KeyEvent done
Event: 0.783 loading class org/lwjgl/opengl/MacOSXNativeKeyboard
Event: 0.783 loading class org/lwjgl/opengl/MacOSXNativeKeyboard done
Event: 0.786 loading class org/lwjgl/opengl/ContextGL
Event: 0.786 loading class org/lwjgl/opengl/ContextGL done
Event: 0.788 loading class org/lwjgl/opengl/ContextImplementation
Event: 0.788 loading class org/lwjgl/opengl/ContextImplementation done
Event: 0.790 loading class org/lwjgl/opengl/MacOSXContextImplementation
Event: 0.790 loading class org/lwjgl/opengl/MacOSXContextImplementation done
Event: 0.791 loading class org/lwjgl/opengl/GLContext
Event: 0.791 loading class org/lwjgl/opengl/GLContext done
Event: 0.793 loading class java/lang/NumberFormatException
Event: 0.793 loading class java/lang/NumberFormatException done
Event: 0.793 loading class org/lwjgl/opengl/GLContext$CapabilitiesCacheEntry
Event: 0.793 loading class org/lwjgl/opengl/GLContext$CapabilitiesCacheEntry done
Event: 0.801 loading class org/lwjgl/opengl/ContextCapabilities
Event: 0.801 loading class org/lwjgl/opengl/ContextCapabilities done


Dynamic libraries:
0x00007fff64ca9000 	/usr/lib/libz.1.dylib
0x0000000105995000 	/Library/Java/JavaVirtualMachines/jdk-13.0.1.jdk/Contents/Home/lib/libjli.dylib
0x00007fff2d6a7000 	/System/Library/Frameworks/Cocoa.framework/Versions/A/Cocoa
0x00007fff3ac4e000 	/System/Library/Frameworks/Security.framework/Versions/A/Security
0x00007fff2c64d000 	/System/Library/Frameworks/ApplicationServices.framework/Versions/A/ApplicationServices
0x00007fff627b1000 	/usr/lib/libSystem.B.dylib
0x00007fff65720000 	/usr/lib/system/libcache.dylib
0x00007fff65726000 	/usr/lib/system/libcommonCrypto.dylib
0x00007fff65732000 	/usr/lib/system/libcompiler_rt.dylib
0x00007fff6573a000 	/usr/lib/system/libcopyfile.dylib
0x00007fff65744000 	/usr/lib/system/libcorecrypto.dylib
0x00007fff658f2000 	/usr/lib/system/libdispatch.dylib
0x00007fff65934000 	/usr/lib/system/libdyld.dylib
0x00007fff6596a000 	/usr/lib/system/libkeymgr.dylib
0x00007fff65978000 	/usr/lib/system/liblaunch.dylib
0x00007fff65979000 	/usr/lib/system/libmacho.dylib
0x00007fff6597f000 	/usr/lib/system/libquarantine.dylib
0x00007fff65982000 	/usr/lib/system/libremovefile.dylib
0x00007fff65984000 	/usr/lib/system/libsystem_asl.dylib
0x00007fff6599c000 	/usr/lib/system/libsystem_blocks.dylib
0x00007fff6599d000 	/usr/lib/system/libsystem_c.dylib
0x00007fff65a25000 	/usr/lib/system/libsystem_configuration.dylib
0x00007fff65a29000 	/usr/lib/system/libsystem_coreservices.dylib
0x00007fff65a2d000 	/usr/lib/system/libsystem_darwin.dylib
0x00007fff65a35000 	/usr/lib/system/libsystem_dnssd.dylib
0x00007fff65a3d000 	/usr/lib/system/libsystem_featureflags.dylib
0x00007fff65a3f000 	/usr/lib/system/libsystem_info.dylib
0x00007fff65aba000 	/usr/lib/system/libsystem_m.dylib
0x00007fff65b02000 	/usr/lib/system/libsystem_malloc.dylib
0x00007fff65b2a000 	/usr/lib/system/libsystem_networkextension.dylib
0x00007fff65b38000 	/usr/lib/system/libsystem_notify.dylib
0x00007fff65b57000 	/usr/lib/system/libsystem_sandbox.dylib
0x00007fff65b5c000 	/usr/lib/system/libsystem_secinit.dylib
0x00007fff65a8d000 	/usr/lib/system/libsystem_kernel.dylib
0x00007fff65b42000 	/usr/lib/system/libsystem_platform.dylib
0x00007fff65b4c000 	/usr/lib/system/libsystem_pthread.dylib
0x00007fff65b5f000 	/usr/lib/system/libsystem_symptoms.dylib
0x00007fff65b67000 	/usr/lib/system/libsystem_trace.dylib
0x00007fff65b7f000 	/usr/lib/system/libunwind.dylib
0x00007fff65b85000 	/usr/lib/system/libxpc.dylib
0x00007fff645d4000 	/usr/lib/libobjc.A.dylib
0x00007fff62ae3000 	/usr/lib/libc++abi.dylib
0x00007fff62a8f000 	/usr/lib/libc++.1.dylib
0x00007fff2e60c000 	/System/Library/Frameworks/CoreFoundation.framework/Versions/A/CoreFoundation
0x00007fff30cc7000 	/System/Library/Frameworks/Foundation.framework/Versions/C/Foundation
0x00007fff2b851000 	/System/Library/Frameworks/AppKit.framework/Versions/C/AppKit
0x00007fff2e126000 	/System/Library/Frameworks/CoreData.framework/Versions/A/CoreData
0x00007fff5f062000 	/System/Library/PrivateFrameworks/UIFoundation.framework/Versions/A/UIFoundation
0x00007fff59902000 	/System/Library/PrivateFrameworks/RemoteViewServices.framework/Versions/A/RemoteViewServices
0x00007fff61ae2000 	/System/Library/PrivateFrameworks/XCTTargetBootstrap.framework/Versions/A/XCTTargetBootstrap
0x00007fff2e501000 	/System/Library/Frameworks/CoreDisplay.framework/Versions/A/CoreDisplay
0x00007fff339ff000 	/System/Library/Frameworks/Metal.framework/Versions/A/Metal
0x00007fff47e6f000 	/System/Library/PrivateFrameworks/DesktopServicesPriv.framework/Versions/A/DesktopServicesPriv
0x00007fff638cc000 	/usr/lib/liblangid.dylib
0x00007fff46fcb000 	/System/Library/PrivateFrameworks/CoreSVG.framework/Versions/A/CoreSVG
0x00007fff5c632000 	/System/Library/PrivateFrameworks/SkyLight.framework/Versions/A/SkyLight
0x00007fff2ea8d000 	/System/Library/Frameworks/CoreGraphics.framework/Versions/A/CoreGraphics
0x00007fff2a3f2000 	/System/Library/Frameworks/Accelerate.framework/Versions/A/Accelerate
0x00007fff64b9a000 	/usr/lib/libxml2.2.dylib
0x00007fff52a3a000 	/System/Library/PrivateFrameworks/IconServices.framework/Versions/A/IconServices
0x00007fff31485000 	/System/Library/Frameworks/IOSurface.framework/Versions/A/IOSurface
0x00007fff622ea000 	/usr/lib/libDiagnosticMessagesClient.dylib
0x00007fff47ce9000 	/System/Library/PrivateFrameworks/DFRFoundation.framework/Versions/A/DFRFoundation
0x00007fff6365a000 	/usr/lib/libicucore.A.dylib
0x00007fff2c97f000 	/System/Library/Frameworks/AudioToolbox.framework/Versions/A/AudioToolbox
0x00007fff2ca61000 	/System/Library/Frameworks/AudioUnit.framework/Versions/A/AudioUnit
0x00007fff629b3000 	/usr/lib/libauto.dylib
0x00007fff47d69000 	/System/Library/PrivateFrameworks/DataDetectorsCore.framework/Versions/A/DataDetectorsCore
0x00007fff2d1c8000 	/System/Library/Frameworks/Carbon.framework/Versions/A/Frameworks/HIToolbox.framework/Versions/A/HIToolbox
0x00007fff39e46000 	/System/Library/Frameworks/QuartzCore.framework/Versions/A/QuartzCore
0x00007fff2d507000 	/System/Library/Frameworks/Carbon.framework/Versions/A/Frameworks/SpeechRecognition.framework/Versions/A/SpeechRecognition
0x00007fff4766b000 	/System/Library/PrivateFrameworks/CoreUI.framework/Versions/A/CoreUI
0x00007fff2db8c000 	/System/Library/Frameworks/CoreAudio.framework/Versions/A/CoreAudio
0x00007fff30994000 	/System/Library/Frameworks/DiskArbitration.framework/Versions/A/DiskArbitration
0x00007fff54b20000 	/System/Library/PrivateFrameworks/MultitouchSupport.framework/Versions/A/MultitouchSupport
0x00007fff63525000 	/usr/lib/libenergytrace.dylib
0x00007fff313e0000 	/System/Library/Frameworks/IOKit.framework/Versions/A/IOKit
0x00007fff2f9f3000 	/System/Library/Frameworks/CoreServices.framework/Versions/A/CoreServices
0x00007fff56b75000 	/System/Library/PrivateFrameworks/PerformanceAnalysis.framework/Versions/A/PerformanceAnalysis
0x00007fff38e7e000 	/System/Library/Frameworks/OpenGL.framework/Versions/A/OpenGL
0x00007fff2d6b5000 	/System/Library/Frameworks/ColorSync.framework/Versions/A/ColorSync
0x00007fff2f114000 	/System/Library/Frameworks/CoreImage.framework/Versions/A/CoreImage
0x00007fff30467000 	/System/Library/Frameworks/CoreText.framework/Versions/A/CoreText
0x00007fff31508000 	/System/Library/Frameworks/ImageIO.framework/Versions/A/ImageIO
0x00007fff62b0b000 	/usr/lib/libcompression.dylib
0x00007fff6262b000 	/usr/lib/libMobileGestalt.dylib
0x00007fff5e155000 	/System/Library/PrivateFrameworks/TextureIO.framework/Versions/A/TextureIO
0x00007fff62919000 	/usr/lib/libate.dylib
0x00007fff52c40000 	/System/Library/PrivateFrameworks/InternationalSupport.framework/Versions/A/InternationalSupport
0x00007fff638ce000 	/usr/lib/liblzma.5.dylib
0x00007fff6354d000 	/usr/lib/libfakelink.dylib
0x00007fff628a6000 	/usr/lib/libarchive.2.dylib
0x00007fff3be62000 	/System/Library/Frameworks/SystemConfiguration.framework/Versions/A/SystemConfiguration
0x00007fff6221b000 	/usr/lib/libCRFSuite.dylib
0x00007fff2cdd7000 	/System/Library/Frameworks/CFNetwork.framework/Versions/A/CFNetwork
0x00007fff62a71000 	/usr/lib/libbsm.0.dylib
0x00007fff6596b000 	/usr/lib/system/libkxld.dylib
0x00007fff41868000 	/System/Library/PrivateFrameworks/AppleFSCompression.framework/Versions/A/AppleFSCompression
0x00007fff62de4000 	/usr/lib/libcoretls.dylib
0x00007fff62dfb000 	/usr/lib/libcoretls_cfhelpers.dylib
0x00007fff64618000 	/usr/lib/libpam.2.dylib
0x00007fff64747000 	/usr/lib/libsqlite3.dylib
0x00007fff64b87000 	/usr/lib/libxar.1.dylib
0x00007fff62a82000 	/usr/lib/libbz2.1.0.dylib
0x00007fff63569000 	/usr/lib/libiconv.2.dylib
0x00007fff62af8000 	/usr/lib/libcharset.1.dylib
0x00007fff640c4000 	/usr/lib/libnetwork.dylib
0x00007fff6461f000 	/usr/lib/libpcap.A.dylib
0x00007fff6285b000 	/usr/lib/libapple_nghttp2.dylib
0x00007fff2fdaa000 	/System/Library/Frameworks/CoreServices.framework/Versions/A/Frameworks/FSEvents.framework/Versions/A/FSEvents
0x00007fff2fa7a000 	/System/Library/Frameworks/CoreServices.framework/Versions/A/Frameworks/CarbonCore.framework/Versions/A/CarbonCore
0x00007fff2ffec000 	/System/Library/Frameworks/CoreServices.framework/Versions/A/Frameworks/Metadata.framework/Versions/A/Metadata
0x00007fff30085000 	/System/Library/Frameworks/CoreServices.framework/Versions/A/Frameworks/OSServices.framework/Versions/A/OSServices
0x00007fff300b3000 	/System/Library/Frameworks/CoreServices.framework/Versions/A/Frameworks/SearchKit.framework/Versions/A/SearchKit
0x00007fff2f9f4000 	/System/Library/Frameworks/CoreServices.framework/Versions/A/Frameworks/AE.framework/Versions/A/AE
0x00007fff2fdb3000 	/System/Library/Frameworks/CoreServices.framework/Versions/A/Frameworks/LaunchServices.framework/Versions/A/LaunchServices
0x00007fff2fd5c000 	/System/Library/Frameworks/CoreServices.framework/Versions/A/Frameworks/DictionaryServices.framework/Versions/A/DictionaryServices
0x00007fff3011b000 	/System/Library/Frameworks/CoreServices.framework/Versions/A/Frameworks/SharedFileList.framework/Versions/A/SharedFileList
0x00007fff34cd4000 	/System/Library/Frameworks/NetFS.framework/Versions/A/NetFS
0x00007fff54fc0000 	/System/Library/PrivateFrameworks/NetAuth.framework/Versions/A/NetAuth
0x00007fff61eab000 	/System/Library/PrivateFrameworks/login.framework/Versions/A/Frameworks/loginsupport.framework/Versions/A/loginsupport
0x00007fff5dc5b000 	/System/Library/PrivateFrameworks/TCC.framework/Versions/A/TCC
0x00007fff463a9000 	/System/Library/PrivateFrameworks/CoreNLP.framework/Versions/A/CoreNLP
0x00007fff54551000 	/System/Library/PrivateFrameworks/MetadataUtilities.framework/Versions/A/MetadataUtilities
0x00007fff639a6000 	/usr/lib/libmecabra.dylib
0x00007fff638fe000 	/usr/lib/libmecab.dylib
0x00007fff6355e000 	/usr/lib/libgermantok.dylib
0x00007fff62842000 	/usr/lib/libThaiTokenizer.dylib
0x00007fff62253000 	/usr/lib/libChineseTokenizer.dylib
0x00007fff2a40a000 	/System/Library/Frameworks/Accelerate.framework/Versions/A/Frameworks/vImage.framework/Versions/A/vImage
0x00007fff2b6ac000 	/System/Library/Frameworks/Accelerate.framework/Versions/A/Frameworks/vecLib.framework/Versions/A/vecLib
0x00007fff2b5f0000 	/System/Library/Frameworks/Accelerate.framework/Versions/A/Frameworks/vecLib.framework/Versions/A/libvMisc.dylib
0x00007fff2b416000 	/System/Library/Frameworks/Accelerate.framework/Versions/A/Frameworks/vecLib.framework/Versions/A/libvDSP.dylib
0x00007fff2aa76000 	/System/Library/Frameworks/Accelerate.framework/Versions/A/Frameworks/vecLib.framework/Versions/A/libBLAS.dylib
0x00007fff2afd0000 	/System/Library/Frameworks/Accelerate.framework/Versions/A/Frameworks/vecLib.framework/Versions/A/libLAPACK.dylib
0x00007fff2b376000 	/System/Library/Frameworks/Accelerate.framework/Versions/A/Frameworks/vecLib.framework/Versions/A/libLinearAlgebra.dylib
0x00007fff2b403000 	/System/Library/Frameworks/Accelerate.framework/Versions/A/Frameworks/vecLib.framework/Versions/A/libSparseBLAS.dylib
0x00007fff2b38c000 	/System/Library/Frameworks/Accelerate.framework/Versions/A/Frameworks/vecLib.framework/Versions/A/libQuadrature.dylib
0x00007fff2acdf000 	/System/Library/Frameworks/Accelerate.framework/Versions/A/Frameworks/vecLib.framework/Versions/A/libBNNS.dylib
0x00007fff2b392000 	/System/Library/Frameworks/Accelerate.framework/Versions/A/Frameworks/vecLib.framework/Versions/A/libSparse.dylib
0x00007fff52fff000 	/System/Library/PrivateFrameworks/LanguageModeling.framework/Versions/A/LanguageModeling
0x00007fff45d4d000 	/System/Library/PrivateFrameworks/CoreEmoji.framework/Versions/A/CoreEmoji
0x00007fff5311c000 	/System/Library/PrivateFrameworks/LinguisticData.framework/Versions/A/LinguisticData
0x00007fff530cd000 	/System/Library/PrivateFrameworks/Lexicon.framework/Versions/A/Lexicon
0x00007fff62af9000 	/usr/lib/libcmph.dylib
0x00007fff378a4000 	/System/Library/Frameworks/OpenDirectory.framework/Versions/A/Frameworks/CFOpenDirectory.framework/Versions/A/CFOpenDirectory
0x00007fff378c1000 	/System/Library/Frameworks/OpenDirectory.framework/Versions/A/OpenDirectory
0x00007fff3fc20000 	/System/Library/PrivateFrameworks/APFS.framework/Versions/A/APFS
0x00007fff3af93000 	/System/Library/Frameworks/SecurityFoundation.framework/Versions/A/SecurityFoundation
0x00007fff64b83000 	/usr/lib/libutil.dylib
0x00007fff47023000 	/System/Library/PrivateFrameworks/CoreServicesStore.framework/Versions/A/CoreServicesStore
0x00007fff3b074000 	/System/Library/Frameworks/ServiceManagement.framework/Versions/A/ServiceManagement
0x00007fff43003000 	/System/Library/PrivateFrameworks/BackgroundTaskManagement.framework/Versions/A/BackgroundTaskManagement
0x00007fff64c80000 	/usr/lib/libxslt.1.dylib
0x00007fff41ec6000 	/System/Library/PrivateFrameworks/AppleSystemInfo.framework/Versions/A/AppleSystemInfo
0x00007fff31723000 	/System/Library/Frameworks/ImageIO.framework/Versions/A/Resources/libJPEG.dylib
0x00007fff319e2000 	/System/Library/Frameworks/ImageIO.framework/Versions/A/Resources/libTIFF.dylib
0x00007fff319c5000 	/System/Library/Frameworks/ImageIO.framework/Versions/A/Resources/libPng.dylib
0x00007fff31664000 	/System/Library/Frameworks/ImageIO.framework/Versions/A/Resources/libGIF.dylib
0x00007fff31668000 	/System/Library/Frameworks/ImageIO.framework/Versions/A/Resources/libJP2.dylib
0x00007fff319e0000 	/System/Library/Frameworks/ImageIO.framework/Versions/A/Resources/libRadiance.dylib
0x00007fff63526000 	/usr/lib/libexpat.1.dylib
0x00007fff419c3000 	/System/Library/PrivateFrameworks/AppleJPEG.framework/Versions/A/AppleJPEG
0x00007fff4a23b000 	/System/Library/PrivateFrameworks/FontServices.framework/libFontParser.dylib
0x00007fff60f06000 	/System/Library/PrivateFrameworks/WatchdogClient.framework/Versions/A/WatchdogClient
0x00007fff52692000 	/System/Library/PrivateFrameworks/IOAccelerator.framework/Versions/A/IOAccelerator
0x00007fff33d8d000 	/System/Library/Frameworks/MetalPerformanceShaders.framework/Versions/A/MetalPerformanceShaders
0x00007fff4ef88000 	/System/Library/PrivateFrameworks/GPUWrangler.framework/Versions/A/GPUWrangler
0x00007fff5269d000 	/System/Library/PrivateFrameworks/IOPresentment.framework/Versions/A/IOPresentment
0x00007fff47cfb000 	/System/Library/PrivateFrameworks/DSExternalDisplay.framework/Versions/A/DSExternalDisplay
0x00007fff3822a000 	/System/Library/Frameworks/OpenGL.framework/Versions/A/Libraries/libCoreFSCache.dylib
0x00007fff33ade000 	/System/Library/Frameworks/MetalPerformanceShaders.framework/Frameworks/MPSCore.framework/Versions/A/MPSCore
0x00007fff33b1b000 	/System/Library/Frameworks/MetalPerformanceShaders.framework/Frameworks/MPSImage.framework/Versions/A/MPSImage
0x00007fff33bde000 	/System/Library/Frameworks/MetalPerformanceShaders.framework/Frameworks/MPSNeuralNetwork.framework/Versions/A/MPSNeuralNetwork
0x00007fff33ba2000 	/System/Library/Frameworks/MetalPerformanceShaders.framework/Frameworks/MPSMatrix.framework/Versions/A/MPSMatrix
0x00007fff33d3e000 	/System/Library/Frameworks/MetalPerformanceShaders.framework/Frameworks/MPSRayIntersector.framework/Versions/A/MPSRayIntersector
0x00007fff33bc8000 	/System/Library/Frameworks/MetalPerformanceShaders.framework/Frameworks/MPSNDArray.framework/Versions/A/MPSNDArray
0x00007fff5459e000 	/System/Library/PrivateFrameworks/MetalTools.framework/Versions/A/MetalTools
0x00007fff40cff000 	/System/Library/PrivateFrameworks/AggregateDictionary.framework/Versions/A/AggregateDictionary
0x00007fff457e4000 	/System/Library/PrivateFrameworks/CoreAnalytics.framework/Versions/A/CoreAnalytics
0x00007fff41de4000 	/System/Library/PrivateFrameworks/AppleSauce.framework/Versions/A/AppleSauce
0x00007fff6250e000 	/usr/lib/libIOReport.dylib
0x00007fff3061c000 	/System/Library/Frameworks/CoreVideo.framework/Versions/A/CoreVideo
0x00007fff50375000 	/System/Library/PrivateFrameworks/GraphVisualizer.framework/Versions/A/GraphVisualizer
0x00007fff497bd000 	/System/Library/PrivateFrameworks/FaceCore.framework/Versions/A/FaceCore
0x00007fff3784b000 	/System/Library/Frameworks/OpenCL.framework/Versions/A/OpenCL
0x00007fff62330000 	/usr/lib/libFosl_dynamic.dylib
0x00007fff559b6000 	/System/Library/PrivateFrameworks/OTSVG.framework/Versions/A/OTSVG
0x00007fff2c752000 	/System/Library/Frameworks/ApplicationServices.framework/Versions/A/Frameworks/ATS.framework/Versions/A/Resources/libFontRegistry.dylib
0x00007fff4a40c000 	/System/Library/PrivateFrameworks/FontServices.framework/libhvf.dylib
0x00007fff38235000 	/System/Library/Frameworks/OpenGL.framework/Versions/A/Libraries/libGFXShared.dylib
0x00007fff38412000 	/System/Library/Frameworks/OpenGL.framework/Versions/A/Libraries/libGLU.dylib
0x00007fff3823e000 	/System/Library/Frameworks/OpenGL.framework/Versions/A/Libraries/libGL.dylib
0x00007fff38249000 	/System/Library/Frameworks/OpenGL.framework/Versions/A/Libraries/libGLImage.dylib
0x00007fff38227000 	/System/Library/Frameworks/OpenGL.framework/Versions/A/Libraries/libCVMSPluginSupport.dylib
0x00007fff38230000 	/System/Library/Frameworks/OpenGL.framework/Versions/A/Libraries/libCoreVMClient.dylib
0x00007fff63f66000 	/usr/lib/libncurses.5.4.dylib
0x00007fff2c64e000 	/System/Library/Frameworks/ApplicationServices.framework/Versions/A/Frameworks/ATS.framework/Versions/A/ATS
0x00007fff2c81b000 	/System/Library/Frameworks/ApplicationServices.framework/Versions/A/Frameworks/ColorSyncLegacy.framework/Versions/A/ColorSyncLegacy
0x00007fff2c8ba000 	/System/Library/Frameworks/ApplicationServices.framework/Versions/A/Frameworks/HIServices.framework/Versions/A/HIServices
0x00007fff2c911000 	/System/Library/Frameworks/ApplicationServices.framework/Versions/A/Frameworks/LangAnalysis.framework/Versions/A/LangAnalysis
0x00007fff2c920000 	/System/Library/Frameworks/ApplicationServices.framework/Versions/A/Frameworks/PrintCore.framework/Versions/A/PrintCore
0x00007fff2c966000 	/System/Library/Frameworks/ApplicationServices.framework/Versions/A/Frameworks/QD.framework/Versions/A/QD
0x00007fff2c971000 	/System/Library/Frameworks/ApplicationServices.framework/Versions/A/Frameworks/SpeechSynthesis.framework/Versions/A/SpeechSynthesis
0x00007fff2c7eb000 	/System/Library/Frameworks/ApplicationServices.framework/Versions/A/Frameworks/ATSUI.framework/Versions/A/ATSUI
0x00007fff633ba000 	/usr/lib/libcups.2.dylib
0x00007fff32e46000 	/System/Library/Frameworks/Kerberos.framework/Versions/A/Kerberos
0x00007fff310fb000 	/System/Library/Frameworks/GSS.framework/Versions/A/GSS
0x00007fff646d4000 	/usr/lib/libresolv.9.dylib
0x00007fff50516000 	/System/Library/PrivateFrameworks/Heimdal.framework/Versions/A/Heimdal
0x00007fff32e59000 	/System/Library/Frameworks/Kerberos.framework/Versions/A/Libraries/libHeimdalProxy.dylib
0x00007fff63564000 	/usr/lib/libheimdal-asn1.dylib
0x00007fff44caa000 	/System/Library/PrivateFrameworks/CommonAuth.framework/Versions/A/CommonAuth
0x00007fff41f63000 	/System/Library/PrivateFrameworks/AssertionServices.framework/Versions/A/AssertionServices
0x00007fff42af9000 	/System/Library/PrivateFrameworks/AudioToolboxCore.framework/Versions/A/AudioToolboxCore
0x00007fff61b5e000 	/System/Library/PrivateFrameworks/caulk.framework/Versions/A/caulk
0x00007fff430af000 	/System/Library/PrivateFrameworks/BaseBoard.framework/Versions/A/BaseBoard
0x00007fff59a8e000 	/System/Library/PrivateFrameworks/RunningBoardServices.framework/Versions/A/RunningBoardServices
0x00007fff56b81000 	/System/Library/PrivateFrameworks/PersistentConnection.framework/Versions/A/PersistentConnection
0x00007fff5949b000 	/System/Library/PrivateFrameworks/ProtocolBuffer.framework/Versions/A/ProtocolBuffer
0x00007fff44cc7000 	/System/Library/PrivateFrameworks/CommonUtilities.framework/Versions/A/CommonUtilities
0x00007fff4322e000 	/System/Library/PrivateFrameworks/Bom.framework/Versions/A/Bom
0x00007fff621df000 	/usr/lib/libAudioToolboxUtility.dylib
0x00007fff4300d000 	/System/Library/PrivateFrameworks/Backup.framework/Versions/A/Backup
0x00007fff47a6a000 	/System/Library/PrivateFrameworks/CrashReporterSupport.framework/Versions/A/CrashReporterSupport
0x00007fff5b517000 	/System/Library/PrivateFrameworks/Sharing.framework/Versions/A/Sharing
0x00007fff41710000 	/System/Library/PrivateFrameworks/Apple80211.framework/Versions/A/Apple80211
0x00007fff42d35000 	/System/Library/PrivateFrameworks/AuthKit.framework/Versions/A/AuthKit
0x00007fff47798000 	/System/Library/PrivateFrameworks/CoreUtils.framework/Versions/A/CoreUtils
0x00007fff30661000 	/System/Library/Frameworks/CoreWLAN.framework/Versions/A/CoreWLAN
0x00007fff31264000 	/System/Library/Frameworks/IOBluetooth.framework/Versions/A/IOBluetooth
0x00007fff5489c000 	/System/Library/PrivateFrameworks/MobileKeyBag.framework/Versions/A/MobileKeyBag
0x00007fff46879000 	/System/Library/PrivateFrameworks/CorePhoneNumbers.framework/Versions/A/CorePhoneNumbers
0x00007fff41976000 	/System/Library/PrivateFrameworks/AppleIDAuthSupport.framework/Versions/A/AppleIDAuthSupport
0x00007fff34ce1000 	/System/Library/Frameworks/Network.framework/Versions/A/Network
0x00007fff52e88000 	/System/Library/PrivateFrameworks/KeychainCircle.framework/Versions/A/KeychainCircle
0x00007fff2e0ee000 	/System/Library/Frameworks/CoreBluetooth.framework/Versions/A/CoreBluetooth
0x00007fff5d171000 	/System/Library/PrivateFrameworks/SpeechRecognitionCore.framework/Versions/A/SpeechRecognitionCore
0x000000010677d000 	/Library/Java/JavaVirtualMachines/jdk-13.0.1.jdk/Contents/Home/lib/server/libjvm.dylib
0x00000001059b1000 	/Library/Java/JavaVirtualMachines/jdk-13.0.1.jdk/Contents/Home/lib/libverify.dylib
0x00000001059bd000 	/Library/Java/JavaVirtualMachines/jdk-13.0.1.jdk/Contents/Home/lib/libjava.dylib
0x00000001059f9000 	/Library/Java/JavaVirtualMachines/jdk-13.0.1.jdk/Contents/Home/lib/libzip.dylib
0x0000000106248000 	/Library/Java/JavaVirtualMachines/jdk-13.0.1.jdk/Contents/Home/lib/libjimage.dylib
0x00000001281d4000 	/Library/Java/JavaVirtualMachines/jdk-13.0.1.jdk/Contents/Home/lib/libnio.dylib
0x00000001281e2000 	/Library/Java/JavaVirtualMachines/jdk-13.0.1.jdk/Contents/Home/lib/libnet.dylib
0x000000012827d000 	/Library/Java/JavaVirtualMachines/jdk-13.0.1.jdk/Contents/Home/lib/libawt.dylib
0x0000000128313000 	/Library/Java/JavaVirtualMachines/jdk-13.0.1.jdk/Contents/Home/lib/libmlib_image.dylib
0x00007fff32e2f000 	/System/Library/Frameworks/JavaVM.framework/Versions/A/Frameworks/JavaNativeFoundation.framework/Versions/A/JavaNativeFoundation
0x00007fff32e38000 	/System/Library/Frameworks/JavaVM.framework/Versions/A/Frameworks/JavaRuntimeSupport.framework/Versions/A/JavaRuntimeSupport
0x00007fff32e41000 	/System/Library/Frameworks/JavaVM.framework/Versions/A/JavaVM
0x00007fff52cea000 	/System/Library/PrivateFrameworks/JavaLaunching.framework/Versions/A/JavaLaunching
0x00007fff2d1c3000 	/System/Library/Frameworks/Carbon.framework/Versions/A/Carbon
0x00007fff4754c000 	/System/Library/PrivateFrameworks/CoreSymbolication.framework/Versions/A/CoreSymbolication
0x00007fff2d1c4000 	/System/Library/Frameworks/Carbon.framework/Versions/A/Frameworks/CommonPanels.framework/Versions/A/CommonPanels
0x00007fff2d4bd000 	/System/Library/Frameworks/Carbon.framework/Versions/A/Frameworks/Help.framework/Versions/A/Help
0x00007fff2d4c1000 	/System/Library/Frameworks/Carbon.framework/Versions/A/Frameworks/ImageCapture.framework/Versions/A/ImageCapture
0x00007fff2d4c8000 	/System/Library/Frameworks/Carbon.framework/Versions/A/Frameworks/OpenScripting.framework/Versions/A/OpenScripting
0x00007fff2d4c7000 	/System/Library/Frameworks/Carbon.framework/Versions/A/Frameworks/Ink.framework/Versions/A/Ink
0x00007fff2d503000 	/System/Library/Frameworks/Carbon.framework/Versions/A/Frameworks/Print.framework/Versions/A/Print
0x00007fff2d504000 	/System/Library/Frameworks/Carbon.framework/Versions/A/Frameworks/SecurityHI.framework/Versions/A/SecurityHI
0x00007fff47e30000 	/System/Library/PrivateFrameworks/DebugSymbols.framework/Versions/A/DebugSymbols
0x0000000128379000 	/Library/Java/JavaVirtualMachines/jdk-13.0.1.jdk/Contents/Home/lib/libawt_lwawt.dylib
0x0000000128423000 	/Library/Java/JavaVirtualMachines/jdk-13.0.1.jdk/Contents/Home/lib/libosxapp.dylib
0x00007fff30b6e000 	/System/Library/Frameworks/ExceptionHandling.framework/Versions/A/ExceptionHandling
0x000000012844a000 	/Library/Java/JavaVirtualMachines/jdk-13.0.1.jdk/Contents/Home/lib/libfontmanager.dylib
0x0000000128548000 	/Library/Java/JavaVirtualMachines/jdk-13.0.1.jdk/Contents/Home/lib/libfreetype.dylib
0x00007fff46fef000 	/System/Library/PrivateFrameworks/CoreServicesInternal.framework/Versions/A/CoreServicesInternal
0x00007fff30b8d000 	/System/Library/Frameworks/FileProvider.framework/Versions/A/FileProvider
0x00007fff2b6ad000 	/System/Library/Frameworks/Accounts.framework/Versions/A/Accounts
0x00007fff4f2a8000 	/System/Library/PrivateFrameworks/GenerationalStorage.framework/Versions/A/GenerationalStorage
0x00007fff5d99e000 	/System/Library/PrivateFrameworks/SymptomDiagnosticReporter.framework/Versions/A/SymptomDiagnosticReporter
0x00007fff4120d000 	/System/Library/PrivateFrameworks/AppContainer.framework/Versions/A/AppContainer
0x00007fff646ee000 	/usr/lib/libsandbox.1.dylib
0x00007fff5feaa000 	/System/Library/PrivateFrameworks/UserManagement.framework/Versions/A/UserManagement
0x00007fff43dd5000 	/System/Library/PrivateFrameworks/ChunkingLibrary.framework/Versions/A/ChunkingLibrary
0x00007fff4127e000 	/System/Library/PrivateFrameworks/AppSandbox.framework/Versions/A/AppSandbox
0x00007fff5b3cc000 	/System/Library/PrivateFrameworks/SecCodeWrapper.framework/Versions/A/SecCodeWrapper
0x00007fff625f4000 	/usr/lib/libMatch.1.dylib
0x00007fff21be2000 	/System/Library/CoreServices/RawCamera.bundle/Contents/MacOS/RawCamera
0x00007fff546c6000 	/System/Library/PrivateFrameworks/MobileAsset.framework/Versions/A/MobileAsset
0x00007fff5d84c000 	/System/Library/PrivateFrameworks/StreamingZip.framework/Versions/A/StreamingZip
0x00007fff332bd000 	/System/Library/Frameworks/MediaToolbox.framework/Versions/A/MediaToolbox
0x00007fff45794000 	/System/Library/PrivateFrameworks/CoreAVCHD.framework/Versions/A/CoreAVCHD
0x00007fff331ea000 	/System/Library/Frameworks/MediaAccessibility.framework/Versions/A/MediaAccessibility
0x00007fff53aba000 	/System/Library/PrivateFrameworks/Mangrove.framework/Versions/A/Mangrove
0x00007fff2f82f000 	/System/Library/Frameworks/CoreMedia.framework/Versions/A/CoreMedia
0x00007fff53d15000 	/System/Library/PrivateFrameworks/MediaExperience.framework/Versions/A/MediaExperience
0x00007fff3c148000 	/System/Library/Frameworks/VideoToolbox.framework/Versions/A/VideoToolbox
0x00007fff453be000 	/System/Library/PrivateFrameworks/CoreAUC.framework/Versions/A/CoreAUC
0x00007fff64745000 	/usr/lib/libspindump.dylib
0x00007fff424a4000 	/System/Library/PrivateFrameworks/AudioResourceArbitration.framework/Versions/A/AudioResourceArbitration
0x00007fff41eca000 	/System/Library/PrivateFrameworks/AppleVA.framework/Versions/A/AppleVA
0x00007fff2a3f3000 	/System/Library/Frameworks/Accelerate.framework/Versions/A/Frameworks/vImage.framework/Versions/A/Libraries/libCGInterfaces.dylib
0x0000000129be8000 	/usr/lib/libobjc-trampolines.dylib
0x00007fff4a373000 	/System/Library/PrivateFrameworks/FontServices.framework/libTrueTypeScaler.dylib
0x00007fff2582c000 	/System/Library/Extensions/AppleIntelBDWGraphicsMTLDriver.bundle/Contents/MacOS/AppleIntelBDWGraphicsMTLDriver
0x00007fff4d8e0000 	/System/Library/PrivateFrameworks/GPUCompiler.framework/Versions/3902/Libraries/libmetal_timestamp.dylib
0x00007fff60c78000 	/System/Library/PrivateFrameworks/ViewBridge.framework/Versions/A/ViewBridge
0x000000012aae3000 	/Users/fabrizio/NetBeansProjects/SEProject/lib/liblwjgl.dylib
0x000000012a384000 	/Library/Java/JavaVirtualMachines/jdk-13.0.1.jdk/Contents/Home/lib/libjawt.dylib
0x00007fff38e8e000 	/System/Library/Frameworks/OpenGL.framework/Versions/A/Resources/GLEngine.bundle/GLEngine
0x00007fff3827f000 	/System/Library/Frameworks/OpenGL.framework/Versions/A/Libraries/libGLProgrammability.dylib
0x00007fff25327000 	/System/Library/Extensions/AppleIntelBDWGraphicsGLDriver.bundle/Contents/MacOS/AppleIntelBDWGraphicsGLDriver
0x00007fff4ef7c000 	/System/Library/PrivateFrameworks/GPUSupport.framework/Versions/A/Libraries/libGPUSupportMercury.dylib
0x00007fff39008000 	/System/Library/Frameworks/OpenGL.framework/Versions/A/Resources/GLRendererFloat.bundle/GLRendererFloat
0x00007fff37842000 	/System/Library/Frameworks/OpenCL.framework/Versions/A/Libraries/libcldcpuengine.dylib
0x00007fff62f9f000 	/usr/lib/libcrypto.35.dylib
0x00007fff5e38a000 	/System/Library/PrivateFrameworks/TrustEvaluationAgent.framework/Versions/A/TrustEvaluationAgent
0x00007fff61eae000 	/System/Library/PrivateFrameworks/login.framework/Versions/A/login


VM Arguments:
jvm_args: -Dfile.encoding=UTF-8 -Djava.library.path=./lib 
java_command: IsaacMain.Main
java_class_path (initial): /Users/fabrizio/NetBeansProjects/SEProject/lib/absolutelayout/AbsoluteLayout.jar:/Users/fabrizio/NetBeansProjects/SEProject/lib/jinput.jar:/Users/fabrizio/NetBeansProjects/SEProject/lib/lwjgl.jar:/Users/fabrizio/NetBeansProjects/SEProject/lib/lwjgl_util.jar:/Users/fabrizio/NetBeansProjects/SEProject/lib/slick.jar:/Users/fabrizio/NetBeansProjects/SEProject/build/classes
Launcher Type: SUN_STANDARD

[Global flags]
     intx CICompilerCount                          = 3                                         {product} {ergonomic}
     uint ConcGCThreads                            = 1                                         {product} {ergonomic}
     uint G1ConcRefinementThreads                  = 4                                         {product} {ergonomic}
   size_t G1HeapRegionSize                         = 1048576                                   {product} {ergonomic}
    uintx GCDrainStackTargetSize                   = 64                                        {product} {ergonomic}
   size_t InitialHeapSize                          = 134217728                                 {product} {ergonomic}
   size_t MarkStackSize                            = 4194304                                   {product} {ergonomic}
   size_t MaxHeapSize                              = 2147483648                                {product} {ergonomic}
   size_t MaxNewSize                               = 1287651328                                {product} {ergonomic}
   size_t MinHeapDeltaBytes                        = 1048576                                   {product} {ergonomic}
   size_t MinHeapSize                              = 8388608                                   {product} {ergonomic}
    uintx NonNMethodCodeHeapSize                   = 5830732                                {pd product} {ergonomic}
    uintx NonProfiledCodeHeapSize                  = 122913754                              {pd product} {ergonomic}
    uintx ProfiledCodeHeapSize                     = 122913754                              {pd product} {ergonomic}
    uintx ReservedCodeCacheSize                    = 251658240                              {pd product} {ergonomic}
     bool SegmentedCodeCache                       = true                                      {product} {ergonomic}
   size_t SoftMaxHeapSize                          = 2147483648                             {manageable} {ergonomic}
     bool UseCompressedClassPointers               = true                                 {lp64_product} {ergonomic}
     bool UseCompressedOops                        = true                                 {lp64_product} {ergonomic}
     bool UseG1GC                                  = true                                      {product} {ergonomic}

Logging:
Log output configuration:
 #0: stdout all=warning uptime,level,tags
 #1: stderr all=off uptime,level,tags

Environment Variables:
PATH=/usr/bin:/bin:/usr/sbin:/sbin
SHELL=/bin/zsh
DISPLAY=/private/tmp/com.apple.launchd.6JnkSiO2yZ/org.macosforge.xquartz:0

Signal Handlers:
SIGSEGV: [libjvm.dylib+0x781570], sa_mask[0]=11111111011111110111111111111111, sa_flags=SA_ONSTACK|SA_RESTART|SA_SIGINFO
SIGBUS: [libjvm.dylib+0x781570], sa_mask[0]=11111111011111110111111111111111, sa_flags=SA_RESTART|SA_SIGINFO
SIGFPE: [libjvm.dylib+0x781570], sa_mask[0]=11111111011111110111111111111111, sa_flags=SA_RESTART|SA_SIGINFO
SIGPIPE: [libjvm.dylib+0x627f75], sa_mask[0]=11111111011111110111111111111111, sa_flags=SA_RESTART|SA_SIGINFO
SIGXFSZ: [libjvm.dylib+0x627f75], sa_mask[0]=11111111011111110111111111111111, sa_flags=SA_RESTART|SA_SIGINFO
SIGILL: [libjvm.dylib+0x781570], sa_mask[0]=11111111011111110111111111111111, sa_flags=SA_RESTART|SA_SIGINFO
SIGUSR2: [libjvm.dylib+0x62855f], sa_mask[0]=00100000000000000000000000000000, sa_flags=SA_RESTART|SA_SIGINFO
SIGHUP: [libjvm.dylib+0x62754d], sa_mask[0]=11111111011111110111111111111111, sa_flags=SA_RESTART|SA_SIGINFO
SIGINT: SIG_IGN, sa_mask[0]=00000000000000000000000000000000, sa_flags=none
SIGTERM: [libjvm.dylib+0x62754d], sa_mask[0]=11111111011111110111111111111111, sa_flags=SA_RESTART|SA_SIGINFO
SIGQUIT: [libjvm.dylib+0x62754d], sa_mask[0]=11111111011111110111111111111111, sa_flags=SA_RESTART|SA_SIGINFO


---------------  S Y S T E M  ---------------

OS:uname:Darwin 19.0.0 Darwin Kernel Version 19.0.0: Wed Sep 25 20:18:50 PDT 2019; root:xnu-6153.11.26~2/RELEASE_X86_64 x86_64
rlimit: STACK 8192k, CORE 0k, NPROC 1392, NOFILE 10240, AS infinity, DATA infinity, FSIZE infinity
load average:2.07 2.73 2.49

CPU:total 4 (initial active 4) (2 cores per cpu, 2 threads per core) family 6 model 61 stepping 4, cmov, cx8, fxsr, mmx, sse, sse2, sse3, ssse3, sse4.1, sse4.2, popcnt, avx, avx2, aes, clmul, erms, rtm, 3dnowpref, lzcnt, ht, tsc, tscinvbit, bmi1, bmi2, adx, fma

Memory: 4k page, physical 8388608k(132192k free), swap 1048576k(930304k free)

vm_info: Java HotSpot(TM) 64-Bit Server VM (13.0.1+9) for bsd-amd64 JRE (13.0.1+9), built on Oct  6 2019 11:43:59 by "mach5one" with clang 4.2.1 Compatible Apple LLVM 10.0.0 (clang-1000.11.45.5)

END.
