#
# A fatal error has been detected by the Java Runtime Environment:
#
#  SIGSEGV (0xb) at pc=0x00007fff644b5598, pid=12129, tid=10243
#
# JRE version: Java(TM) SE Runtime Environment (13.0.1+9) (build 13.0.1+9)
# Java VM: Java HotSpot(TM) 64-Bit Server VM (13.0.1+9, mixed mode, sharing, tiered, compressed oops, g1 gc, bsd-amd64)
# Problematic frame:
# C  [libobjc.A.dylib+0x8598]  objc_release+0x18
#
# No core dump will be written. Core dumps have been disabled. To enable core dumping, try "ulimit -c unlimited" before starting Java again
#
# If you would like to submit a bug report, please visit:
#   http://bugreport.java.com/bugreport/crash.jsp
# The crash happened outside the Java Virtual Machine in native code.
# See problematic frame for where to report the bug.
#

---------------  S U M M A R Y ------------

Command Line: -Dfile.encoding=UTF-8 -Djava.library.path=./Slick2D IsaacMain.Main

Host: MacBookAir7,2 x86_64 2200 MHz, 4 cores, 8G, Darwin 19.0.0
Time: Sun Dec 22 21:15:11 2019 CET elapsed time: 0 seconds (0d 0h 0m 0s)

---------------  T H R E A D  ---------------

Current thread (0x00007fbf9f000800):  JavaThread "main" [_thread_in_native, id=10243, stack(0x0000700007c15000,0x0000700007d15000)]

Stack: [0x0000700007c15000,0x0000700007d15000],  sp=0x0000700007d14268,  free space=1020k
Native frames: (J=compiled Java code, A=aot compiled Java code, j=interpreted, Vv=VM code, C=native code)
C  [libobjc.A.dylib+0x8598]  objc_release+0x18
C  [libobjc.A.dylib+0x8c70]  objc_autoreleasePoolPop+0xaf
C  [CoreFoundation+0xc67e]  _CFAutoreleasePoolPop+0x16
C  [Foundation+0x4105]  -[NSAutoreleasePool release]+0x81
C  [liblwjgl.dylib+0x16cce]  Java_org_lwjgl_opengl_MacOSXContextImplementation_setView+0x10e
j  org.lwjgl.opengl.MacOSXContextImplementation.setView(Ljava/nio/ByteBuffer;Ljava/nio/ByteBuffer;)V+0
j  org.lwjgl.opengl.MacOSXContextImplementation.makeCurrent(Lorg/lwjgl/opengl/PeerInfo;Ljava/nio/ByteBuffer;)V+7
j  org.lwjgl.opengl.ContextGL.makeCurrent()V+46
j  org.lwjgl.opengl.DrawableGL.makeCurrent()V+14
j  org.lwjgl.opengl.Display.makeCurrent()V+3
j  org.lwjgl.opengl.Display.makeCurrentAndSetSwapInterval()V+0
j  org.lwjgl.opengl.Display.create(Lorg/lwjgl/opengl/PixelFormat;Lorg/lwjgl/opengl/Drawable;Lorg/lwjgl/opengl/ContextAttribs;)V+108
j  org.lwjgl.opengl.Display.create(Lorg/lwjgl/opengl/PixelFormat;)V+12
j  org.newdawn.slick.AppGameContainer.tryCreateDisplay(Lorg/lwjgl/opengl/PixelFormat;)V+7
j  org.newdawn.slick.AppGameContainer.access$000(Lorg/newdawn/slick/AppGameContainer;Lorg/lwjgl/opengl/PixelFormat;)V+2
j  org.newdawn.slick.AppGameContainer$2.run()Ljava/lang/Object;+36
j  java.security.AccessController.executePrivileged(Ljava/security/PrivilegedAction;Ljava/security/AccessControlContext;Ljava/lang/Class;)Ljava/lang/Object;+29 java.base@13.0.1
j  java.security.AccessController.doPrivileged(Ljava/security/PrivilegedAction;)Ljava/lang/Object;+5 java.base@13.0.1
j  org.newdawn.slick.AppGameContainer.setup()V+112
j  org.newdawn.slick.AppGameContainer.start()V+1
j  IsaacMain.Window.showWindow()V+34
j  IsaacMain.Main.main([Ljava/lang/String;)V+5
v  ~StubRoutines::call_stub
V  [libjvm.dylib+0x39910f]  JavaCalls::call_helper(JavaValue*, methodHandle const&, JavaCallArguments*, Thread*)+0x285
V  [libjvm.dylib+0x3da7c1]  jni_invoke_static(JNIEnv_*, JavaValue*, _jobject*, JNICallType, _jmethodID*, JNI_ArgumentPusher*, Thread*)+0x11c
V  [libjvm.dylib+0x3ddf84]  jni_CallStaticVoidMethod+0x1c9
C  [libjli.dylib+0x4a66]  JavaMain+0xab4
C  [libjli.dylib+0x6d64]  ThreadJavaMain+0x9
C  [libsystem_pthread.dylib+0x5d76]  _pthread_start+0x7d
C  [libsystem_pthread.dylib+0x25d7]  thread_start+0xf

Java frames: (J=compiled Java code, j=interpreted, Vv=VM code)
j  org.lwjgl.opengl.MacOSXContextImplementation.setView(Ljava/nio/ByteBuffer;Ljava/nio/ByteBuffer;)V+0
j  org.lwjgl.opengl.MacOSXContextImplementation.makeCurrent(Lorg/lwjgl/opengl/PeerInfo;Ljava/nio/ByteBuffer;)V+7
j  org.lwjgl.opengl.ContextGL.makeCurrent()V+46
j  org.lwjgl.opengl.DrawableGL.makeCurrent()V+14
j  org.lwjgl.opengl.Display.makeCurrent()V+3
j  org.lwjgl.opengl.Display.makeCurrentAndSetSwapInterval()V+0
j  org.lwjgl.opengl.Display.create(Lorg/lwjgl/opengl/PixelFormat;Lorg/lwjgl/opengl/Drawable;Lorg/lwjgl/opengl/ContextAttribs;)V+108
j  org.lwjgl.opengl.Display.create(Lorg/lwjgl/opengl/PixelFormat;)V+12
j  org.newdawn.slick.AppGameContainer.tryCreateDisplay(Lorg/lwjgl/opengl/PixelFormat;)V+7
j  org.newdawn.slick.AppGameContainer.access$000(Lorg/newdawn/slick/AppGameContainer;Lorg/lwjgl/opengl/PixelFormat;)V+2
j  org.newdawn.slick.AppGameContainer$2.run()Ljava/lang/Object;+36
j  java.security.AccessController.executePrivileged(Ljava/security/PrivilegedAction;Ljava/security/AccessControlContext;Ljava/lang/Class;)Ljava/lang/Object;+29 java.base@13.0.1
j  java.security.AccessController.doPrivileged(Ljava/security/PrivilegedAction;)Ljava/lang/Object;+5 java.base@13.0.1
j  org.newdawn.slick.AppGameContainer.setup()V+112
j  org.newdawn.slick.AppGameContainer.start()V+1
j  IsaacMain.Window.showWindow()V+34
j  IsaacMain.Main.main([Ljava/lang/String;)V+5
v  ~StubRoutines::call_stub

siginfo: si_signo: 11 (SIGSEGV), si_code: 1 (SEGV_MAPERR), si_addr: 0x0000000000000020

Register to memory mapping:

RAX=0x0 is NULL
RBX=0x00007fbf9f010000 points into unknown readable memory: a1 a1 a1 a1 41 55 54 4f
RCX=0x00007fbf9f010170 points into unknown readable memory: a3 a3 a3 a3 a3 a3 a3 a3
RDX=0x0000000000000005 is an unknown value
RSP=0x0000700007d14268 is pointing into the stack for thread: 0x00007fbf9f000800
RBP=0x0000700007d14290 is pointing into the stack for thread: 0x00007fbf9f000800
RSI=0x00007fbf9dc94ec0 points into unknown readable memory: 65 1c 06 33 01 80 3d 00
RDI=0x00007fbf9ded4da0 points into unknown readable memory: 00 00 00 00 00 00 00 00
R8 =0x00000000000130a8 is an unknown value
R9 =0x0 is NULL
R10=0x0000000133061c60: OBJC_CLASS_$_MacOSXOpenGLView+0 in /Users/fabrizio/NetBeansProjects/SEProject/Slick2D/liblwjgl.dylib at 0x0000000133023000
R11=0x00007fff2be316cc: -[NSResponder release]+0 in /System/Library/Frameworks/AppKit.framework/Versions/C/AppKit at 0x00007fff2b72a000
R12=0x00007fbf9dea5390 points into unknown readable memory: 51 d6 57 8a ff ff 1d 00
R13=0x000000012e70de68 is pointing into metadata
R14=0x00007fbf9f010108 points into unknown readable memory: 00 00 00 00 00 00 00 00
R15=0xa3a3a3a3a3a3a3a3 is an unknown value


Registers:
RAX=0x0000000000000000, RBX=0x00007fbf9f010000, RCX=0x00007fbf9f010170, RDX=0x0000000000000005
RSP=0x0000700007d14268, RBP=0x0000700007d14290, RSI=0x00007fbf9dc94ec0, RDI=0x00007fbf9ded4da0
R8 =0x00000000000130a8, R9 =0x0000000000000000, R10=0x0000000133061c60, R11=0x00007fff2be316cc
R12=0x00007fbf9dea5390, R13=0x000000012e70de68, R14=0x00007fbf9f010108, R15=0xa3a3a3a3a3a3a3a3
RIP=0x00007fff644b5598, EFLAGS=0x0000000000010246, ERR=0x0000000000000004
  TRAPNO=0x000000000000000e

Top of Stack: (sp=0x0000700007d14268)
0x0000700007d14268:   00007fff644cf53a 0000000000000000
0x0000700007d14278:   00007fbf9f010000 00007fff6f2a986e
0x0000700007d14288:   00007fbf9f000b10 0000700007d142b0
0x0000700007d14298:   00007fff644b5c70 0000000000000000
0x0000700007d142a8:   00007fbf9f010108 0000700007d142d0
0x0000700007d142b8:   00007fff2e4f167e 0000000000000000
0x0000700007d142c8:   00007fbf9dea5390 0000700007d14310
0x0000700007d142d8:   00007fff30ba4105 0000000000000000
0x0000700007d142e8:   00007fbf9df844a0 00007fbf9dc94ec0
0x0000700007d142f8:   46af012387710028 00007fbf9debf430
0x0000700007d14308:   00007fbf9dd60700 0000700007d14340
0x0000700007d14318:   0000000133039cce 000000012e70de70
0x0000700007d14328:   0000000000000000 0000700007d143d8
0x0000700007d14338:   00007fbf9f000800 0000700007d143b0
0x0000700007d14348:   000000011818fc90 0000700007d143b0
0x0000700007d14358:   000000011818f9de 000000011818f996
0x0000700007d14368:   0000700007d14368 000000012e70de68
0x0000700007d14378:   0000700007d143d8 000000012e70e418
0x0000700007d14388:   0000000000000000 0000000787ca1f80
0x0000700007d14398:   000000012e70de70 0000000000000000
0x0000700007d143a8:   0000700007d143d0 0000700007d14428
0x0000700007d143b8:   0000000118189fb3 0000000787ca1f80
0x0000700007d143c8:   000000011818cbb8 0000000787cab8e0
0x0000700007d143d8:   0000000787c2aa78 0000700007d143e0
0x0000700007d143e8:   000000012e70dd67 0000700007d14458
0x0000700007d143f8:   000000012e70e418 0000000000000000
0x0000700007d14408:   0000000787ca1f80 000000012e70ddd8
0x0000700007d14418:   0000700007d143d0 0000700007d14448
0x0000700007d14428:   0000700007d144b8 0000000118189ff8
0x0000700007d14438:   0000000000000000 0000000787c2aa78
0x0000700007d14448:   0000000787cab8e0 0000000787c2a9b8
0x0000700007d14458:   0000000787ca20a8 0000700007d144a0 

Instructions: (pc=0x00007fff644b5598)
0x00007fff644b5498:   90 90 90 90 66 83 7f 0e 00 74 03 31 c0 c3 48 8b
0x00007fff644b54a8:   07 8b 4f 08 48 8d 15 4d bf 01 00 85 c9 74 3c 8b
0x00007fff644b54b8:   4f 08 8d 71 02 81 fe 02 04 00 00 72 2e ff c1 31
0x00007fff644b54c8:   f6 89 cf 48 89 f2 d1 ef 48 8d 76 01 83 f9 03 89
0x00007fff644b54d8:   f9 77 f0 3b 35 b7 48 04 2e 73 0e 48 8b 0d b6 48
0x00007fff644b54e8:   04 2e 48 8b 54 d1 08 eb 02 31 d2 48 39 c2 0f 94
0x00007fff644b54f8:   c0 c3 90 90 90 90 90 90 90 90 90 55 48 89 e5 41
0x00007fff644b5508:   56 53 89 fb 44 8d 73 01 49 c1 e6 04 be 01 00 00
0x00007fff644b5518:   00 4c 89 f7 e8 03 b8 01 00 49 89 44 06 f8 49 c7
0x00007fff644b5528:   44 06 f0 01 00 00 00 80 3d 34 4a 04 2e 00 74 2e
0x00007fff644b5538:   31 c9 83 fb 02 72 14 31 c9 89 da d1 ea ff c1 83
0x00007fff644b5548:   fb 03 89 d3 77 f5 83 f9 0f 77 0c 89 c9 48 8d 15
0x00007fff644b5558:   f4 47 04 2e ff 04 8a 48 ff 05 2a 48 04 2e 5b 41
0x00007fff644b5568:   5e 5d c3 90 90 90 90 90 90 90 90 e9 f3 38 00 00
0x00007fff644b5578:   90 90 90 90 90 90 90 90 48 85 ff 74 64 40 f6 c7
0x00007fff644b5588:   01 75 5e 48 b8 f8 ff ff ff ff 7f 00 00 48 23 07
0x00007fff644b5598:   f6 40 20 04 74 69 48 b9 00 00 00 00 00 00 00 01
0x00007fff644b55a8:   48 ba 00 00 00 00 00 00 40 00 48 8b 07 a8 01 74
0x00007fff644b55b8:   3e 48 89 c6 48 29 ce 73 21 48 0f ba e0 37 72 4c
0x00007fff644b55c8:   48 0f ba e0 36 0f 82 49 96 01 00 48 89 c6 48 09
0x00007fff644b55d8:   d6 f0 48 0f b1 37 75 d2 eb 08 f0 48 0f b1 37 75
0x00007fff644b55e8:   c9 c3 48 8b 35 ff 38 04 2e ff 25 81 1a 04 2e f6
0x00007fff644b55f8:   40 1c 01 75 ec be 01 00 00 00 e9 f7 4f 00 00 48
0x00007fff644b5608:   8b 35 12 38 04 2e ff 25 64 1a 04 2e be 01 00 00
0x00007fff644b5618:   00 e9 e8 52 00 00 90 90 90 90 90 90 90 90 90 90
0x00007fff644b5628:   90 90 e9 04 00 00 00 90 90 90 90 55 48 89 e5 53
0x00007fff644b5638:   50 48 89 fb f6 c3 01 75 21 48 b8 07 00 00 00 00
0x00007fff644b5648:   00 a0 00 48 23 03 48 83 f8 01 75 15 48 89 df 48
0x00007fff644b5658:   83 c4 08 5b 5d e9 16 b7 01 00 48 83 c4 08 5b 5d
0x00007fff644b5668:   c3 48 89 df e8 34 00 00 00 eb e1 48 85 ff 74 1c
0x00007fff644b5678:   55 48 89 e5 53 50 48 89 fb e8 1f 00 00 00 48 89
0x00007fff644b5688:   df e8 ea b6 01 00 48 83 c4 08 5b 5d 31 c0 c3 90 


Stack slot to memory mapping:
stack at sp + 0 slots: 0x00007fff644cf53a: _ZN19AutoreleasePoolPage12releaseUntilEPP11objc_object+0x86 in /usr/lib/libobjc.A.dylib at 0x00007fff644ad000
stack at sp + 1 slots: 0x0 is NULL
stack at sp + 2 slots: 0x00007fbf9f010000 points into unknown readable memory: a1 a1 a1 a1 41 55 54 4f
stack at sp + 3 slots: 0x00007fff6f2a986e: GCC_except_table728+0xadce9de in /usr/lib/libobjc.A.dylib at 0x00007fff644ad000
stack at sp + 4 slots: 0x00007fbf9f000b10 points into unknown readable memory: e0 1d 15 0f 01 00 00 00
stack at sp + 5 slots: 0x0000700007d142b0 is pointing into the stack for thread: 0x00007fbf9f000800
stack at sp + 6 slots: 0x00007fff644b5c70: objc_autoreleasePoolPop+0xaf in /usr/lib/libobjc.A.dylib at 0x00007fff644ad000
stack at sp + 7 slots: 0x0 is NULL


---------------  P R O C E S S  ---------------

Threads class SMR info:
_java_thread_list=0x00007fbf9de48810, length=11, elements={
0x00007fbf9f000800, 0x00007fbf9f00e800, 0x00007fbf9e040800, 0x00007fbf9f808800,
0x00007fbf9e834800, 0x00007fbf9f012800, 0x00007fbf9f013800, 0x00007fbf9f01e800,
0x00007fbf9e8d0000, 0x00007fbf9e8f7000, 0x00007fbf9e9b6000
}

Java Threads: ( => current thread )
=>0x00007fbf9f000800 JavaThread "main" [_thread_in_native, id=10243, stack(0x0000700007c15000,0x0000700007d15000)]
  0x00007fbf9f00e800 JavaThread "Reference Handler" daemon [_thread_blocked, id=17923, stack(0x000070000832a000,0x000070000842a000)]
  0x00007fbf9e040800 JavaThread "Finalizer" daemon [_thread_blocked, id=17155, stack(0x000070000842d000,0x000070000852d000)]
  0x00007fbf9f808800 JavaThread "Signal Dispatcher" daemon [_thread_blocked, id=21763, stack(0x00007000086b9000,0x00007000087b9000)]
  0x00007fbf9e834800 JavaThread "C2 CompilerThread0" daemon [_thread_blocked, id=43011, stack(0x00007000087bc000,0x00007000088bc000)]
  0x00007fbf9f012800 JavaThread "C1 CompilerThread0" daemon [_thread_blocked, id=22531, stack(0x00007000088bf000,0x00007000089bf000)]
  0x00007fbf9f013800 JavaThread "Sweeper thread" daemon [_thread_blocked, id=41987, stack(0x00007000089c2000,0x0000700008ac2000)]
  0x00007fbf9f01e800 JavaThread "Service Thread" daemon [_thread_blocked, id=41219, stack(0x0000700008ac5000,0x0000700008bc5000)]
  0x00007fbf9e8d0000 JavaThread "Common-Cleaner" daemon [_thread_blocked, id=23299, stack(0x0000700008ccb000,0x0000700008dcb000)]
  0x00007fbf9e8f7000 JavaThread "AppKit Thread" daemon [_thread_in_native, id=775, stack(0x00007ffee1501000,0x00007ffee1d01000)]
  0x00007fbf9e9b6000 JavaThread "AWT-Shutdown" [_thread_blocked, id=31235, stack(0x0000700008dce000,0x0000700008ece000)]

Other Threads:
  0x00007fbf9e82f000 VMThread "VM Thread" [stack: 0x0000700008227000,0x0000700008327000] [id=13827]
  0x00007fbf9e00b800 WatcherThread [stack: 0x0000700008bc8000,0x0000700008cc8000] [id=23043]
  0x00007fbf9e821800 GCTaskThread "GC Thread#0" [stack: 0x0000700007d18000,0x0000700007e18000] [id=20739]
  0x00007fbf9e01c000 ConcurrentGCThread "G1 Main Marker" [stack: 0x0000700007e1b000,0x0000700007f1b000] [id=11779]
  0x00007fbf9e822800 ConcurrentGCThread "G1 Conc#0" [stack: 0x0000700007f1e000,0x000070000801e000] [id=19971]
  0x00007fbf9f84a800 ConcurrentGCThread "G1 Refine#0" [stack: 0x0000700008021000,0x0000700008121000] [id=12547]
  0x00007fbf9f002800 ConcurrentGCThread "G1 Young RemSet Sampling" [stack: 0x0000700008124000,0x0000700008224000] [id=19459]

Threads with active compile tasks:

VM state:not at safepoint (normal execution)

VM Mutex/Monitor currently owned by a thread: None

Heap address: 0x0000000780000000, size: 2048 MB, Compressed Oops mode: Zero based, Oop shift amount: 3
Narrow klass base: 0x0000000800000000, Narrow klass shift: 3
Compressed class space size: 1073741824 Address: 0x0000000800ae0000

Heap:
 garbage-first heap   total 133120K, used 3832K [0x0000000780000000, 0x0000000800000000)
  region size 1024K, 4 young (4096K), 0 survivors (0K)
 Metaspace       used 2506K, capacity 5202K, committed 5376K, reserved 1056768K
  class space    used 247K, capacity 500K, committed 512K, reserved 1048576K
Heap Regions: E=young(eden), S=young(survivor), O=old, HS=humongous(starts), HC=humongous(continues), CS=collection set, F=free, A=archive, TAMS=top-at-mark-start (previous, next)
|   0|0x0000000780000000, 0x0000000780000000, 0x0000000780100000|  0%| F|  |TAMS 0x0000000780000000, 0x0000000780000000| Untracked 
|   1|0x0000000780100000, 0x0000000780100000, 0x0000000780200000|  0%| F|  |TAMS 0x0000000780100000, 0x0000000780100000| Untracked 
|   2|0x0000000780200000, 0x0000000780200000, 0x0000000780300000|  0%| F|  |TAMS 0x0000000780200000, 0x0000000780200000| Untracked 
|   3|0x0000000780300000, 0x0000000780300000, 0x0000000780400000|  0%| F|  |TAMS 0x0000000780300000, 0x0000000780300000| Untracked 
|   4|0x0000000780400000, 0x0000000780400000, 0x0000000780500000|  0%| F|  |TAMS 0x0000000780400000, 0x0000000780400000| Untracked 
|   5|0x0000000780500000, 0x0000000780500000, 0x0000000780600000|  0%| F|  |TAMS 0x0000000780500000, 0x0000000780500000| Untracked 
|   6|0x0000000780600000, 0x0000000780600000, 0x0000000780700000|  0%| F|  |TAMS 0x0000000780600000, 0x0000000780600000| Untracked 
|   7|0x0000000780700000, 0x0000000780700000, 0x0000000780800000|  0%| F|  |TAMS 0x0000000780700000, 0x0000000780700000| Untracked 
|   8|0x0000000780800000, 0x0000000780800000, 0x0000000780900000|  0%| F|  |TAMS 0x0000000780800000, 0x0000000780800000| Untracked 
|   9|0x0000000780900000, 0x0000000780900000, 0x0000000780a00000|  0%| F|  |TAMS 0x0000000780900000, 0x0000000780900000| Untracked 
|  10|0x0000000780a00000, 0x0000000780a00000, 0x0000000780b00000|  0%| F|  |TAMS 0x0000000780a00000, 0x0000000780a00000| Untracked 
|  11|0x0000000780b00000, 0x0000000780b00000, 0x0000000780c00000|  0%| F|  |TAMS 0x0000000780b00000, 0x0000000780b00000| Untracked 
|  12|0x0000000780c00000, 0x0000000780c00000, 0x0000000780d00000|  0%| F|  |TAMS 0x0000000780c00000, 0x0000000780c00000| Untracked 
|  13|0x0000000780d00000, 0x0000000780d00000, 0x0000000780e00000|  0%| F|  |TAMS 0x0000000780d00000, 0x0000000780d00000| Untracked 
|  14|0x0000000780e00000, 0x0000000780e00000, 0x0000000780f00000|  0%| F|  |TAMS 0x0000000780e00000, 0x0000000780e00000| Untracked 
|  15|0x0000000780f00000, 0x0000000780f00000, 0x0000000781000000|  0%| F|  |TAMS 0x0000000780f00000, 0x0000000780f00000| Untracked 
|  16|0x0000000781000000, 0x0000000781000000, 0x0000000781100000|  0%| F|  |TAMS 0x0000000781000000, 0x0000000781000000| Untracked 
|  17|0x0000000781100000, 0x0000000781100000, 0x0000000781200000|  0%| F|  |TAMS 0x0000000781100000, 0x0000000781100000| Untracked 
|  18|0x0000000781200000, 0x0000000781200000, 0x0000000781300000|  0%| F|  |TAMS 0x0000000781200000, 0x0000000781200000| Untracked 
|  19|0x0000000781300000, 0x0000000781300000, 0x0000000781400000|  0%| F|  |TAMS 0x0000000781300000, 0x0000000781300000| Untracked 
|  20|0x0000000781400000, 0x0000000781400000, 0x0000000781500000|  0%| F|  |TAMS 0x0000000781400000, 0x0000000781400000| Untracked 
|  21|0x0000000781500000, 0x0000000781500000, 0x0000000781600000|  0%| F|  |TAMS 0x0000000781500000, 0x0000000781500000| Untracked 
|  22|0x0000000781600000, 0x0000000781600000, 0x0000000781700000|  0%| F|  |TAMS 0x0000000781600000, 0x0000000781600000| Untracked 
|  23|0x0000000781700000, 0x0000000781700000, 0x0000000781800000|  0%| F|  |TAMS 0x0000000781700000, 0x0000000781700000| Untracked 
|  24|0x0000000781800000, 0x0000000781800000, 0x0000000781900000|  0%| F|  |TAMS 0x0000000781800000, 0x0000000781800000| Untracked 
|  25|0x0000000781900000, 0x0000000781900000, 0x0000000781a00000|  0%| F|  |TAMS 0x0000000781900000, 0x0000000781900000| Untracked 
|  26|0x0000000781a00000, 0x0000000781a00000, 0x0000000781b00000|  0%| F|  |TAMS 0x0000000781a00000, 0x0000000781a00000| Untracked 
|  27|0x0000000781b00000, 0x0000000781b00000, 0x0000000781c00000|  0%| F|  |TAMS 0x0000000781b00000, 0x0000000781b00000| Untracked 
|  28|0x0000000781c00000, 0x0000000781c00000, 0x0000000781d00000|  0%| F|  |TAMS 0x0000000781c00000, 0x0000000781c00000| Untracked 
|  29|0x0000000781d00000, 0x0000000781d00000, 0x0000000781e00000|  0%| F|  |TAMS 0x0000000781d00000, 0x0000000781d00000| Untracked 
|  30|0x0000000781e00000, 0x0000000781e00000, 0x0000000781f00000|  0%| F|  |TAMS 0x0000000781e00000, 0x0000000781e00000| Untracked 
|  31|0x0000000781f00000, 0x0000000781f00000, 0x0000000782000000|  0%| F|  |TAMS 0x0000000781f00000, 0x0000000781f00000| Untracked 
|  32|0x0000000782000000, 0x0000000782000000, 0x0000000782100000|  0%| F|  |TAMS 0x0000000782000000, 0x0000000782000000| Untracked 
|  33|0x0000000782100000, 0x0000000782100000, 0x0000000782200000|  0%| F|  |TAMS 0x0000000782100000, 0x0000000782100000| Untracked 
|  34|0x0000000782200000, 0x0000000782200000, 0x0000000782300000|  0%| F|  |TAMS 0x0000000782200000, 0x0000000782200000| Untracked 
|  35|0x0000000782300000, 0x0000000782300000, 0x0000000782400000|  0%| F|  |TAMS 0x0000000782300000, 0x0000000782300000| Untracked 
|  36|0x0000000782400000, 0x0000000782400000, 0x0000000782500000|  0%| F|  |TAMS 0x0000000782400000, 0x0000000782400000| Untracked 
|  37|0x0000000782500000, 0x0000000782500000, 0x0000000782600000|  0%| F|  |TAMS 0x0000000782500000, 0x0000000782500000| Untracked 
|  38|0x0000000782600000, 0x0000000782600000, 0x0000000782700000|  0%| F|  |TAMS 0x0000000782600000, 0x0000000782600000| Untracked 
|  39|0x0000000782700000, 0x0000000782700000, 0x0000000782800000|  0%| F|  |TAMS 0x0000000782700000, 0x0000000782700000| Untracked 
|  40|0x0000000782800000, 0x0000000782800000, 0x0000000782900000|  0%| F|  |TAMS 0x0000000782800000, 0x0000000782800000| Untracked 
|  41|0x0000000782900000, 0x0000000782900000, 0x0000000782a00000|  0%| F|  |TAMS 0x0000000782900000, 0x0000000782900000| Untracked 
|  42|0x0000000782a00000, 0x0000000782a00000, 0x0000000782b00000|  0%| F|  |TAMS 0x0000000782a00000, 0x0000000782a00000| Untracked 
|  43|0x0000000782b00000, 0x0000000782b00000, 0x0000000782c00000|  0%| F|  |TAMS 0x0000000782b00000, 0x0000000782b00000| Untracked 
|  44|0x0000000782c00000, 0x0000000782c00000, 0x0000000782d00000|  0%| F|  |TAMS 0x0000000782c00000, 0x0000000782c00000| Untracked 
|  45|0x0000000782d00000, 0x0000000782d00000, 0x0000000782e00000|  0%| F|  |TAMS 0x0000000782d00000, 0x0000000782d00000| Untracked 
|  46|0x0000000782e00000, 0x0000000782e00000, 0x0000000782f00000|  0%| F|  |TAMS 0x0000000782e00000, 0x0000000782e00000| Untracked 
|  47|0x0000000782f00000, 0x0000000782f00000, 0x0000000783000000|  0%| F|  |TAMS 0x0000000782f00000, 0x0000000782f00000| Untracked 
|  48|0x0000000783000000, 0x0000000783000000, 0x0000000783100000|  0%| F|  |TAMS 0x0000000783000000, 0x0000000783000000| Untracked 
|  49|0x0000000783100000, 0x0000000783100000, 0x0000000783200000|  0%| F|  |TAMS 0x0000000783100000, 0x0000000783100000| Untracked 
|  50|0x0000000783200000, 0x0000000783200000, 0x0000000783300000|  0%| F|  |TAMS 0x0000000783200000, 0x0000000783200000| Untracked 
|  51|0x0000000783300000, 0x0000000783300000, 0x0000000783400000|  0%| F|  |TAMS 0x0000000783300000, 0x0000000783300000| Untracked 
|  52|0x0000000783400000, 0x0000000783400000, 0x0000000783500000|  0%| F|  |TAMS 0x0000000783400000, 0x0000000783400000| Untracked 
|  53|0x0000000783500000, 0x0000000783500000, 0x0000000783600000|  0%| F|  |TAMS 0x0000000783500000, 0x0000000783500000| Untracked 
|  54|0x0000000783600000, 0x0000000783600000, 0x0000000783700000|  0%| F|  |TAMS 0x0000000783600000, 0x0000000783600000| Untracked 
|  55|0x0000000783700000, 0x0000000783700000, 0x0000000783800000|  0%| F|  |TAMS 0x0000000783700000, 0x0000000783700000| Untracked 
|  56|0x0000000783800000, 0x0000000783800000, 0x0000000783900000|  0%| F|  |TAMS 0x0000000783800000, 0x0000000783800000| Untracked 
|  57|0x0000000783900000, 0x0000000783900000, 0x0000000783a00000|  0%| F|  |TAMS 0x0000000783900000, 0x0000000783900000| Untracked 
|  58|0x0000000783a00000, 0x0000000783a00000, 0x0000000783b00000|  0%| F|  |TAMS 0x0000000783a00000, 0x0000000783a00000| Untracked 
|  59|0x0000000783b00000, 0x0000000783b00000, 0x0000000783c00000|  0%| F|  |TAMS 0x0000000783b00000, 0x0000000783b00000| Untracked 
|  60|0x0000000783c00000, 0x0000000783c00000, 0x0000000783d00000|  0%| F|  |TAMS 0x0000000783c00000, 0x0000000783c00000| Untracked 
|  61|0x0000000783d00000, 0x0000000783d00000, 0x0000000783e00000|  0%| F|  |TAMS 0x0000000783d00000, 0x0000000783d00000| Untracked 
|  62|0x0000000783e00000, 0x0000000783e00000, 0x0000000783f00000|  0%| F|  |TAMS 0x0000000783e00000, 0x0000000783e00000| Untracked 
|  63|0x0000000783f00000, 0x0000000783f00000, 0x0000000784000000|  0%| F|  |TAMS 0x0000000783f00000, 0x0000000783f00000| Untracked 
|  64|0x0000000784000000, 0x0000000784000000, 0x0000000784100000|  0%| F|  |TAMS 0x0000000784000000, 0x0000000784000000| Untracked 
|  65|0x0000000784100000, 0x0000000784100000, 0x0000000784200000|  0%| F|  |TAMS 0x0000000784100000, 0x0000000784100000| Untracked 
|  66|0x0000000784200000, 0x0000000784200000, 0x0000000784300000|  0%| F|  |TAMS 0x0000000784200000, 0x0000000784200000| Untracked 
|  67|0x0000000784300000, 0x0000000784300000, 0x0000000784400000|  0%| F|  |TAMS 0x0000000784300000, 0x0000000784300000| Untracked 
|  68|0x0000000784400000, 0x0000000784400000, 0x0000000784500000|  0%| F|  |TAMS 0x0000000784400000, 0x0000000784400000| Untracked 
|  69|0x0000000784500000, 0x0000000784500000, 0x0000000784600000|  0%| F|  |TAMS 0x0000000784500000, 0x0000000784500000| Untracked 
|  70|0x0000000784600000, 0x0000000784600000, 0x0000000784700000|  0%| F|  |TAMS 0x0000000784600000, 0x0000000784600000| Untracked 
|  71|0x0000000784700000, 0x0000000784700000, 0x0000000784800000|  0%| F|  |TAMS 0x0000000784700000, 0x0000000784700000| Untracked 
|  72|0x0000000784800000, 0x0000000784800000, 0x0000000784900000|  0%| F|  |TAMS 0x0000000784800000, 0x0000000784800000| Untracked 
|  73|0x0000000784900000, 0x0000000784900000, 0x0000000784a00000|  0%| F|  |TAMS 0x0000000784900000, 0x0000000784900000| Untracked 
|  74|0x0000000784a00000, 0x0000000784a00000, 0x0000000784b00000|  0%| F|  |TAMS 0x0000000784a00000, 0x0000000784a00000| Untracked 
|  75|0x0000000784b00000, 0x0000000784b00000, 0x0000000784c00000|  0%| F|  |TAMS 0x0000000784b00000, 0x0000000784b00000| Untracked 
|  76|0x0000000784c00000, 0x0000000784c00000, 0x0000000784d00000|  0%| F|  |TAMS 0x0000000784c00000, 0x0000000784c00000| Untracked 
|  77|0x0000000784d00000, 0x0000000784d00000, 0x0000000784e00000|  0%| F|  |TAMS 0x0000000784d00000, 0x0000000784d00000| Untracked 
|  78|0x0000000784e00000, 0x0000000784e00000, 0x0000000784f00000|  0%| F|  |TAMS 0x0000000784e00000, 0x0000000784e00000| Untracked 
|  79|0x0000000784f00000, 0x0000000784f00000, 0x0000000785000000|  0%| F|  |TAMS 0x0000000784f00000, 0x0000000784f00000| Untracked 
|  80|0x0000000785000000, 0x0000000785000000, 0x0000000785100000|  0%| F|  |TAMS 0x0000000785000000, 0x0000000785000000| Untracked 
|  81|0x0000000785100000, 0x0000000785100000, 0x0000000785200000|  0%| F|  |TAMS 0x0000000785100000, 0x0000000785100000| Untracked 
|  82|0x0000000785200000, 0x0000000785200000, 0x0000000785300000|  0%| F|  |TAMS 0x0000000785200000, 0x0000000785200000| Untracked 
|  83|0x0000000785300000, 0x0000000785300000, 0x0000000785400000|  0%| F|  |TAMS 0x0000000785300000, 0x0000000785300000| Untracked 
|  84|0x0000000785400000, 0x0000000785400000, 0x0000000785500000|  0%| F|  |TAMS 0x0000000785400000, 0x0000000785400000| Untracked 
|  85|0x0000000785500000, 0x0000000785500000, 0x0000000785600000|  0%| F|  |TAMS 0x0000000785500000, 0x0000000785500000| Untracked 
|  86|0x0000000785600000, 0x0000000785600000, 0x0000000785700000|  0%| F|  |TAMS 0x0000000785600000, 0x0000000785600000| Untracked 
|  87|0x0000000785700000, 0x0000000785700000, 0x0000000785800000|  0%| F|  |TAMS 0x0000000785700000, 0x0000000785700000| Untracked 
|  88|0x0000000785800000, 0x0000000785800000, 0x0000000785900000|  0%| F|  |TAMS 0x0000000785800000, 0x0000000785800000| Untracked 
|  89|0x0000000785900000, 0x0000000785900000, 0x0000000785a00000|  0%| F|  |TAMS 0x0000000785900000, 0x0000000785900000| Untracked 
|  90|0x0000000785a00000, 0x0000000785a00000, 0x0000000785b00000|  0%| F|  |TAMS 0x0000000785a00000, 0x0000000785a00000| Untracked 
|  91|0x0000000785b00000, 0x0000000785b00000, 0x0000000785c00000|  0%| F|  |TAMS 0x0000000785b00000, 0x0000000785b00000| Untracked 
|  92|0x0000000785c00000, 0x0000000785c00000, 0x0000000785d00000|  0%| F|  |TAMS 0x0000000785c00000, 0x0000000785c00000| Untracked 
|  93|0x0000000785d00000, 0x0000000785d00000, 0x0000000785e00000|  0%| F|  |TAMS 0x0000000785d00000, 0x0000000785d00000| Untracked 
|  94|0x0000000785e00000, 0x0000000785e00000, 0x0000000785f00000|  0%| F|  |TAMS 0x0000000785e00000, 0x0000000785e00000| Untracked 
|  95|0x0000000785f00000, 0x0000000785f00000, 0x0000000786000000|  0%| F|  |TAMS 0x0000000785f00000, 0x0000000785f00000| Untracked 
|  96|0x0000000786000000, 0x0000000786000000, 0x0000000786100000|  0%| F|  |TAMS 0x0000000786000000, 0x0000000786000000| Untracked 
|  97|0x0000000786100000, 0x0000000786100000, 0x0000000786200000|  0%| F|  |TAMS 0x0000000786100000, 0x0000000786100000| Untracked 
|  98|0x0000000786200000, 0x0000000786200000, 0x0000000786300000|  0%| F|  |TAMS 0x0000000786200000, 0x0000000786200000| Untracked 
|  99|0x0000000786300000, 0x0000000786300000, 0x0000000786400000|  0%| F|  |TAMS 0x0000000786300000, 0x0000000786300000| Untracked 
| 100|0x0000000786400000, 0x0000000786400000, 0x0000000786500000|  0%| F|  |TAMS 0x0000000786400000, 0x0000000786400000| Untracked 
| 101|0x0000000786500000, 0x0000000786500000, 0x0000000786600000|  0%| F|  |TAMS 0x0000000786500000, 0x0000000786500000| Untracked 
| 102|0x0000000786600000, 0x0000000786600000, 0x0000000786700000|  0%| F|  |TAMS 0x0000000786600000, 0x0000000786600000| Untracked 
| 103|0x0000000786700000, 0x0000000786700000, 0x0000000786800000|  0%| F|  |TAMS 0x0000000786700000, 0x0000000786700000| Untracked 
| 104|0x0000000786800000, 0x0000000786800000, 0x0000000786900000|  0%| F|  |TAMS 0x0000000786800000, 0x0000000786800000| Untracked 
| 105|0x0000000786900000, 0x0000000786900000, 0x0000000786a00000|  0%| F|  |TAMS 0x0000000786900000, 0x0000000786900000| Untracked 
| 106|0x0000000786a00000, 0x0000000786a00000, 0x0000000786b00000|  0%| F|  |TAMS 0x0000000786a00000, 0x0000000786a00000| Untracked 
| 107|0x0000000786b00000, 0x0000000786b00000, 0x0000000786c00000|  0%| F|  |TAMS 0x0000000786b00000, 0x0000000786b00000| Untracked 
| 108|0x0000000786c00000, 0x0000000786c00000, 0x0000000786d00000|  0%| F|  |TAMS 0x0000000786c00000, 0x0000000786c00000| Untracked 
| 109|0x0000000786d00000, 0x0000000786d00000, 0x0000000786e00000|  0%| F|  |TAMS 0x0000000786d00000, 0x0000000786d00000| Untracked 
| 110|0x0000000786e00000, 0x0000000786e00000, 0x0000000786f00000|  0%| F|  |TAMS 0x0000000786e00000, 0x0000000786e00000| Untracked 
| 111|0x0000000786f00000, 0x0000000786f00000, 0x0000000787000000|  0%| F|  |TAMS 0x0000000786f00000, 0x0000000786f00000| Untracked 
| 112|0x0000000787000000, 0x0000000787000000, 0x0000000787100000|  0%| F|  |TAMS 0x0000000787000000, 0x0000000787000000| Untracked 
| 113|0x0000000787100000, 0x0000000787100000, 0x0000000787200000|  0%| F|  |TAMS 0x0000000787100000, 0x0000000787100000| Untracked 
| 114|0x0000000787200000, 0x0000000787200000, 0x0000000787300000|  0%| F|  |TAMS 0x0000000787200000, 0x0000000787200000| Untracked 
| 115|0x0000000787300000, 0x0000000787300000, 0x0000000787400000|  0%| F|  |TAMS 0x0000000787300000, 0x0000000787300000| Untracked 
| 116|0x0000000787400000, 0x0000000787400000, 0x0000000787500000|  0%| F|  |TAMS 0x0000000787400000, 0x0000000787400000| Untracked 
| 117|0x0000000787500000, 0x0000000787500000, 0x0000000787600000|  0%| F|  |TAMS 0x0000000787500000, 0x0000000787500000| Untracked 
| 118|0x0000000787600000, 0x0000000787600000, 0x0000000787700000|  0%| F|  |TAMS 0x0000000787600000, 0x0000000787600000| Untracked 
| 119|0x0000000787700000, 0x0000000787700000, 0x0000000787800000|  0%| F|  |TAMS 0x0000000787700000, 0x0000000787700000| Untracked 
| 120|0x0000000787800000, 0x0000000787800000, 0x0000000787900000|  0%| F|  |TAMS 0x0000000787800000, 0x0000000787800000| Untracked 
| 121|0x0000000787900000, 0x0000000787900000, 0x0000000787a00000|  0%| F|  |TAMS 0x0000000787900000, 0x0000000787900000| Untracked 
| 122|0x0000000787a00000, 0x0000000787a00000, 0x0000000787b00000|  0%| F|  |TAMS 0x0000000787a00000, 0x0000000787a00000| Untracked 
| 123|0x0000000787b00000, 0x0000000787b00000, 0x0000000787c00000|  0%| F|  |TAMS 0x0000000787b00000, 0x0000000787b00000| Untracked 
| 124|0x0000000787c00000, 0x0000000787cd9748, 0x0000000787d00000| 84%| E|  |TAMS 0x0000000787c00000, 0x0000000787c00000| Complete 
| 125|0x0000000787d00000, 0x0000000787e00000, 0x0000000787e00000|100%| E|CS|TAMS 0x0000000787d00000, 0x0000000787d00000| Complete 
| 126|0x0000000787e00000, 0x0000000787f00000, 0x0000000787f00000|100%| E|CS|TAMS 0x0000000787e00000, 0x0000000787e00000| Complete 
| 127|0x0000000787f00000, 0x0000000788000000, 0x0000000788000000|100%| E|CS|TAMS 0x0000000787f00000, 0x0000000787f00000| Complete 
|1022|0x00000007bfe00000, 0x00000007bfe47000, 0x00000007bff00000| 27%|OA|  |TAMS 0x00000007bfe00000, 0x00000007bfe00000| Untracked 
|1023|0x00000007bff00000, 0x00000007bff77000, 0x00000007c0000000| 46%|CA|  |TAMS 0x00000007bff00000, 0x00000007bff00000| Untracked 

Card table byte_map: [0x0000000127680000,0x0000000127a80000] _byte_map_base: 0x0000000123a80000

Marking Bits (Prev, Next): (CMBitMap*) 0x00007fbf9e000418, (CMBitMap*) 0x00007fbf9e000458
 Prev Bits: [0x0000000127e80000, 0x0000000129e80000)
 Next Bits: [0x0000000129e80000, 0x000000012be80000)

Polling page: 0x000000010df6f000

Metaspace:

Usage:
  Non-class:      4.59 MB capacity,     2.21 MB ( 48%) used,     2.38 MB ( 52%) free+waste,     5.31 KB ( <1%) overhead. 
      Class:    500.00 KB capacity,   247.74 KB ( 50%) used,   249.13 KB ( 50%) free+waste,     3.12 KB ( <1%) overhead. 
       Both:      5.08 MB capacity,     2.45 MB ( 48%) used,     2.62 MB ( 52%) free+waste,     8.44 KB ( <1%) overhead. 

Virtual space:
  Non-class space:        8.00 MB reserved,       4.75 MB ( 59%) committed 
      Class space:        1.00 GB reserved,     512.00 KB ( <1%) committed 
             Both:        1.01 GB reserved,       5.25 MB ( <1%) committed 

Chunk freelists:
   Non-Class:  34.00 KB
       Class:  12.00 KB
        Both:  46.00 KB

MaxMetaspaceSize: unlimited
CompressedClassSpaceSize: 1.00 GB

CodeHeap 'non-profiled nmethods': size=120032Kb used=123Kb max_used=123Kb free=119908Kb
 bounds [0x000000011fc48000, 0x000000011feb8000, 0x0000000127180000]
CodeHeap 'profiled nmethods': size=120032Kb used=641Kb max_used=641Kb free=119390Kb
 bounds [0x0000000118710000, 0x0000000118980000, 0x000000011fc48000]
CodeHeap 'non-nmethods': size=5696Kb used=1144Kb max_used=1149Kb free=4551Kb
 bounds [0x0000000118180000, 0x00000001183f0000, 0x0000000118710000]
 total_blobs=893 nmethods=427 adapters=300
 compilation: enabled
              stopped_count=0, restarted_count=0
 full_count=0

Compilation events (20 events):
Event: 0.695 Thread 0x00007fbf9f012800  418       1       java.lang.reflect.Field::getRoot (5 bytes)
Event: 0.695 Thread 0x00007fbf9f012800 nmethod 418 0x000000011fc66c90 code [0x000000011fc66e20, 0x000000011fc66f50]
Event: 0.695 Thread 0x00007fbf9f012800  420       3       java.lang.Class::getPackageName (82 bytes)
Event: 0.697 Thread 0x00007fbf9f012800 nmethod 420 0x00000001187a7890 code [0x00000001187a7b00, 0x00000001187a8488]
Event: 0.699 Thread 0x00007fbf9f012800  421       3       java.lang.Integer::valueOf (32 bytes)
Event: 0.700 Thread 0x00007fbf9f012800 nmethod 421 0x00000001187a8810 code [0x00000001187a89c0, 0x00000001187a8d30]
Event: 0.700 Thread 0x00007fbf9f012800  422       3       java.nio.Buffer::remaining (10 bytes)
Event: 0.700 Thread 0x00007fbf9f012800 nmethod 422 0x00000001187a8e90 code [0x00000001187a9020, 0x00000001187a9190]
Event: 0.700 Thread 0x00007fbf9f012800  423       3       java.nio.Buffer::<init> (99 bytes)
Event: 0.701 Thread 0x00007fbf9f012800 nmethod 423 0x00000001187a9210 code [0x00000001187a94e0, 0x00000001187aa2d8]
Event: 0.703 Thread 0x00007fbf9f012800  424       3       java.lang.StringLatin1::indexOf (121 bytes)
Event: 0.704 Thread 0x00007fbf9f012800 nmethod 424 0x00000001187aa790 code [0x00000001187aa960, 0x00000001187aae90]
Event: 0.704 Thread 0x00007fbf9f012800  425       3       java.util.jar.JarFile::getEntry (22 bytes)
Event: 0.704 Thread 0x00007fbf9f012800 nmethod 425 0x00000001187ab110 code [0x00000001187ab320, 0x00000001187abb08]
Event: 0.705 Thread 0x00007fbf9f012800  426  s!   3       jdk.internal.loader.URLClassPath::getLoader (194 bytes)
Event: 0.708 Thread 0x00007fbf9f012800 nmethod 426 0x00000001187abd90 code [0x00000001187ac1e0, 0x00000001187ae5b8]
Event: 0.708 Thread 0x00007fbf9f012800  427       3       java.util.jar.JarFile::getJarEntry (9 bytes)
Event: 0.708 Thread 0x00007fbf9f012800 nmethod 427 0x00000001187af510 code [0x00000001187af6c0, 0x00000001187afa08]
Event: 0.708 Thread 0x00007fbf9f012800  428   !   3       java.util.zip.ZipFile::getEntry (73 bytes)
Event: 0.709 Thread 0x00007fbf9f012800 nmethod 428 0x00000001187afb10 code [0x00000001187afd20, 0x00000001187b0448]

GC Heap History (0 events):
No events

Deoptimization events (0 events):
No events

Classes unloaded (0 events):
No events

Classes redefined (0 events):
No events

Internal exceptions (4 events):
Event: 0.205 Thread 0x00007fbf9f000800 Exception <a 'java/lang/ClassNotFoundException'{0x0000000787e5a880}: sun/awt/resources/spi/awtProvider> (0x0000000787e5a880) 
thrown [/scratch/mesos/slaves/fcf4c0c4-d73e-4321-860c-6613427db92b-S2452/frameworks/1735e8a2-a1db-478c-8104-60c8b0af87dd-0196/executors/ab12d1f8-defd-4a26-b83a-82b67c14bc8d/runs/ad8904cf-d9a8-428f-8f86-4d88be7b86bd/workspace/open/src/hotspot/share/classfile/systemDictionary.cpp, line 232]
Event: 0.269 Thread 0x00007fbf9f000800 Exception <a 'java/io/FileNotFoundException'{0x0000000787eab060}> (0x0000000787eab060) 
thrown [/scratch/mesos/slaves/fcf4c0c4-d73e-4321-860c-6613427db92b-S2452/frameworks/1735e8a2-a1db-478c-8104-60c8b0af87dd-0196/executors/ab12d1f8-defd-4a26-b83a-82b67c14bc8d/runs/ad8904cf-d9a8-428f-8f86-4d88be7b86bd/workspace/open/src/hotspot/share/prims/jni.cpp, line 598]
Event: 0.285 Thread 0x00007fbf9f000800 Exception <a 'java/io/FileNotFoundException'{0x0000000787ed1530}> (0x0000000787ed1530) 
thrown [/scratch/mesos/slaves/fcf4c0c4-d73e-4321-860c-6613427db92b-S2452/frameworks/1735e8a2-a1db-478c-8104-60c8b0af87dd-0196/executors/ab12d1f8-defd-4a26-b83a-82b67c14bc8d/runs/ad8904cf-d9a8-428f-8f86-4d88be7b86bd/workspace/open/src/hotspot/share/prims/jni.cpp, line 598]
Event: 0.295 Thread 0x00007fbf9f000800 Exception <a 'java/lang/ClassNotFoundException'{0x0000000787edfd58}: sun/awt/resources/spi/awtosxProvider> (0x0000000787edfd58) 
thrown [/scratch/mesos/slaves/fcf4c0c4-d73e-4321-860c-6613427db92b-S2452/frameworks/1735e8a2-a1db-478c-8104-60c8b0af87dd-0196/executors/ab12d1f8-defd-4a26-b83a-82b67c14bc8d/runs/ad8904cf-d9a8-428f-8f86-4d88be7b86bd/workspace/open/src/hotspot/share/classfile/systemDictionary.cpp, line 232]

Events (20 events):
Event: 0.690 loading class java/util/LinkedHashMap$LinkedKeyIterator
Event: 0.690 loading class java/util/LinkedHashMap$LinkedKeyIterator done
Event: 0.690 loading class jdk/internal/reflect/UnsafeQualifiedStaticIntegerFieldAccessorImpl
Event: 0.690 loading class jdk/internal/reflect/UnsafeQualifiedStaticIntegerFieldAccessorImpl done
Event: 0.694 loading class org/lwjgl/input/Keyboard$KeyEvent
Event: 0.694 loading class org/lwjgl/input/Keyboard$KeyEvent done
Event: 0.696 loading class org/lwjgl/opengl/MacOSXNativeKeyboard
Event: 0.696 loading class org/lwjgl/opengl/MacOSXNativeKeyboard done
Event: 0.701 loading class org/lwjgl/opengl/ContextGL
Event: 0.701 loading class org/lwjgl/opengl/ContextGL done
Event: 0.702 loading class org/lwjgl/opengl/ContextImplementation
Event: 0.702 loading class org/lwjgl/opengl/ContextImplementation done
Event: 0.703 loading class org/lwjgl/opengl/MacOSXContextImplementation
Event: 0.703 loading class org/lwjgl/opengl/MacOSXContextImplementation done
Event: 0.704 loading class org/lwjgl/opengl/GLContext
Event: 0.704 loading class org/lwjgl/opengl/GLContext done
Event: 0.705 loading class java/lang/NumberFormatException
Event: 0.705 loading class java/lang/NumberFormatException done
Event: 0.705 loading class org/lwjgl/opengl/GLContext$CapabilitiesCacheEntry
Event: 0.705 loading class org/lwjgl/opengl/GLContext$CapabilitiesCacheEntry done


Dynamic libraries:
0x00007fff64b82000 	/usr/lib/libz.1.dylib
0x000000010df0b000 	/Library/Java/JavaVirtualMachines/jdk-13.0.1.jdk/Contents/Home/lib/libjli.dylib
0x00007fff2d580000 	/System/Library/Frameworks/Cocoa.framework/Versions/A/Cocoa
0x00007fff3ab27000 	/System/Library/Frameworks/Security.framework/Versions/A/Security
0x00007fff2c526000 	/System/Library/Frameworks/ApplicationServices.framework/Versions/A/ApplicationServices
0x00007fff6268a000 	/usr/lib/libSystem.B.dylib
0x00007fff655f9000 	/usr/lib/system/libcache.dylib
0x00007fff655ff000 	/usr/lib/system/libcommonCrypto.dylib
0x00007fff6560b000 	/usr/lib/system/libcompiler_rt.dylib
0x00007fff65613000 	/usr/lib/system/libcopyfile.dylib
0x00007fff6561d000 	/usr/lib/system/libcorecrypto.dylib
0x00007fff657cb000 	/usr/lib/system/libdispatch.dylib
0x00007fff6580d000 	/usr/lib/system/libdyld.dylib
0x00007fff65843000 	/usr/lib/system/libkeymgr.dylib
0x00007fff65851000 	/usr/lib/system/liblaunch.dylib
0x00007fff65852000 	/usr/lib/system/libmacho.dylib
0x00007fff65858000 	/usr/lib/system/libquarantine.dylib
0x00007fff6585b000 	/usr/lib/system/libremovefile.dylib
0x00007fff6585d000 	/usr/lib/system/libsystem_asl.dylib
0x00007fff65875000 	/usr/lib/system/libsystem_blocks.dylib
0x00007fff65876000 	/usr/lib/system/libsystem_c.dylib
0x00007fff658fe000 	/usr/lib/system/libsystem_configuration.dylib
0x00007fff65902000 	/usr/lib/system/libsystem_coreservices.dylib
0x00007fff65906000 	/usr/lib/system/libsystem_darwin.dylib
0x00007fff6590e000 	/usr/lib/system/libsystem_dnssd.dylib
0x00007fff65916000 	/usr/lib/system/libsystem_featureflags.dylib
0x00007fff65918000 	/usr/lib/system/libsystem_info.dylib
0x00007fff65993000 	/usr/lib/system/libsystem_m.dylib
0x00007fff659db000 	/usr/lib/system/libsystem_malloc.dylib
0x00007fff65a03000 	/usr/lib/system/libsystem_networkextension.dylib
0x00007fff65a11000 	/usr/lib/system/libsystem_notify.dylib
0x00007fff65a30000 	/usr/lib/system/libsystem_sandbox.dylib
0x00007fff65a35000 	/usr/lib/system/libsystem_secinit.dylib
0x00007fff65966000 	/usr/lib/system/libsystem_kernel.dylib
0x00007fff65a1b000 	/usr/lib/system/libsystem_platform.dylib
0x00007fff65a25000 	/usr/lib/system/libsystem_pthread.dylib
0x00007fff65a38000 	/usr/lib/system/libsystem_symptoms.dylib
0x00007fff65a40000 	/usr/lib/system/libsystem_trace.dylib
0x00007fff65a58000 	/usr/lib/system/libunwind.dylib
0x00007fff65a5e000 	/usr/lib/system/libxpc.dylib
0x00007fff644ad000 	/usr/lib/libobjc.A.dylib
0x00007fff629bc000 	/usr/lib/libc++abi.dylib
0x00007fff62968000 	/usr/lib/libc++.1.dylib
0x00007fff2e4e5000 	/System/Library/Frameworks/CoreFoundation.framework/Versions/A/CoreFoundation
0x00007fff30ba0000 	/System/Library/Frameworks/Foundation.framework/Versions/C/Foundation
0x00007fff2b72a000 	/System/Library/Frameworks/AppKit.framework/Versions/C/AppKit
0x00007fff2dfff000 	/System/Library/Frameworks/CoreData.framework/Versions/A/CoreData
0x00007fff5ef3b000 	/System/Library/PrivateFrameworks/UIFoundation.framework/Versions/A/UIFoundation
0x00007fff597db000 	/System/Library/PrivateFrameworks/RemoteViewServices.framework/Versions/A/RemoteViewServices
0x00007fff619bb000 	/System/Library/PrivateFrameworks/XCTTargetBootstrap.framework/Versions/A/XCTTargetBootstrap
0x00007fff2e3da000 	/System/Library/Frameworks/CoreDisplay.framework/Versions/A/CoreDisplay
0x00007fff338d8000 	/System/Library/Frameworks/Metal.framework/Versions/A/Metal
0x00007fff47d48000 	/System/Library/PrivateFrameworks/DesktopServicesPriv.framework/Versions/A/DesktopServicesPriv
0x00007fff637a5000 	/usr/lib/liblangid.dylib
0x00007fff46ea4000 	/System/Library/PrivateFrameworks/CoreSVG.framework/Versions/A/CoreSVG
0x00007fff5c50b000 	/System/Library/PrivateFrameworks/SkyLight.framework/Versions/A/SkyLight
0x00007fff2e966000 	/System/Library/Frameworks/CoreGraphics.framework/Versions/A/CoreGraphics
0x00007fff2a2cb000 	/System/Library/Frameworks/Accelerate.framework/Versions/A/Accelerate
0x00007fff64a73000 	/usr/lib/libxml2.2.dylib
0x00007fff52913000 	/System/Library/PrivateFrameworks/IconServices.framework/Versions/A/IconServices
0x00007fff3135e000 	/System/Library/Frameworks/IOSurface.framework/Versions/A/IOSurface
0x00007fff621c3000 	/usr/lib/libDiagnosticMessagesClient.dylib
0x00007fff47bc2000 	/System/Library/PrivateFrameworks/DFRFoundation.framework/Versions/A/DFRFoundation
0x00007fff63533000 	/usr/lib/libicucore.A.dylib
0x00007fff2c858000 	/System/Library/Frameworks/AudioToolbox.framework/Versions/A/AudioToolbox
0x00007fff2c93a000 	/System/Library/Frameworks/AudioUnit.framework/Versions/A/AudioUnit
0x00007fff6288c000 	/usr/lib/libauto.dylib
0x00007fff47c42000 	/System/Library/PrivateFrameworks/DataDetectorsCore.framework/Versions/A/DataDetectorsCore
0x00007fff2d0a1000 	/System/Library/Frameworks/Carbon.framework/Versions/A/Frameworks/HIToolbox.framework/Versions/A/HIToolbox
0x00007fff39d1f000 	/System/Library/Frameworks/QuartzCore.framework/Versions/A/QuartzCore
0x00007fff2d3e0000 	/System/Library/Frameworks/Carbon.framework/Versions/A/Frameworks/SpeechRecognition.framework/Versions/A/SpeechRecognition
0x00007fff47544000 	/System/Library/PrivateFrameworks/CoreUI.framework/Versions/A/CoreUI
0x00007fff2da65000 	/System/Library/Frameworks/CoreAudio.framework/Versions/A/CoreAudio
0x00007fff3086d000 	/System/Library/Frameworks/DiskArbitration.framework/Versions/A/DiskArbitration
0x00007fff549f9000 	/System/Library/PrivateFrameworks/MultitouchSupport.framework/Versions/A/MultitouchSupport
0x00007fff633fe000 	/usr/lib/libenergytrace.dylib
0x00007fff312b9000 	/System/Library/Frameworks/IOKit.framework/Versions/A/IOKit
0x00007fff2f8cc000 	/System/Library/Frameworks/CoreServices.framework/Versions/A/CoreServices
0x00007fff56a4e000 	/System/Library/PrivateFrameworks/PerformanceAnalysis.framework/Versions/A/PerformanceAnalysis
0x00007fff38d57000 	/System/Library/Frameworks/OpenGL.framework/Versions/A/OpenGL
0x00007fff2d58e000 	/System/Library/Frameworks/ColorSync.framework/Versions/A/ColorSync
0x00007fff2efed000 	/System/Library/Frameworks/CoreImage.framework/Versions/A/CoreImage
0x00007fff30340000 	/System/Library/Frameworks/CoreText.framework/Versions/A/CoreText
0x00007fff313e1000 	/System/Library/Frameworks/ImageIO.framework/Versions/A/ImageIO
0x00007fff629e4000 	/usr/lib/libcompression.dylib
0x00007fff62504000 	/usr/lib/libMobileGestalt.dylib
0x00007fff5e02e000 	/System/Library/PrivateFrameworks/TextureIO.framework/Versions/A/TextureIO
0x00007fff627f2000 	/usr/lib/libate.dylib
0x00007fff52b19000 	/System/Library/PrivateFrameworks/InternationalSupport.framework/Versions/A/InternationalSupport
0x00007fff637a7000 	/usr/lib/liblzma.5.dylib
0x00007fff63426000 	/usr/lib/libfakelink.dylib
0x00007fff6277f000 	/usr/lib/libarchive.2.dylib
0x00007fff3bd3b000 	/System/Library/Frameworks/SystemConfiguration.framework/Versions/A/SystemConfiguration
0x00007fff620f4000 	/usr/lib/libCRFSuite.dylib
0x00007fff2ccb0000 	/System/Library/Frameworks/CFNetwork.framework/Versions/A/CFNetwork
0x00007fff6294a000 	/usr/lib/libbsm.0.dylib
0x00007fff65844000 	/usr/lib/system/libkxld.dylib
0x00007fff41741000 	/System/Library/PrivateFrameworks/AppleFSCompression.framework/Versions/A/AppleFSCompression
0x00007fff62cbd000 	/usr/lib/libcoretls.dylib
0x00007fff62cd4000 	/usr/lib/libcoretls_cfhelpers.dylib
0x00007fff644f1000 	/usr/lib/libpam.2.dylib
0x00007fff64620000 	/usr/lib/libsqlite3.dylib
0x00007fff64a60000 	/usr/lib/libxar.1.dylib
0x00007fff6295b000 	/usr/lib/libbz2.1.0.dylib
0x00007fff63442000 	/usr/lib/libiconv.2.dylib
0x00007fff629d1000 	/usr/lib/libcharset.1.dylib
0x00007fff63f9d000 	/usr/lib/libnetwork.dylib
0x00007fff644f8000 	/usr/lib/libpcap.A.dylib
0x00007fff62734000 	/usr/lib/libapple_nghttp2.dylib
0x00007fff2fc83000 	/System/Library/Frameworks/CoreServices.framework/Versions/A/Frameworks/FSEvents.framework/Versions/A/FSEvents
0x00007fff2f953000 	/System/Library/Frameworks/CoreServices.framework/Versions/A/Frameworks/CarbonCore.framework/Versions/A/CarbonCore
0x00007fff2fec5000 	/System/Library/Frameworks/CoreServices.framework/Versions/A/Frameworks/Metadata.framework/Versions/A/Metadata
0x00007fff2ff5e000 	/System/Library/Frameworks/CoreServices.framework/Versions/A/Frameworks/OSServices.framework/Versions/A/OSServices
0x00007fff2ff8c000 	/System/Library/Frameworks/CoreServices.framework/Versions/A/Frameworks/SearchKit.framework/Versions/A/SearchKit
0x00007fff2f8cd000 	/System/Library/Frameworks/CoreServices.framework/Versions/A/Frameworks/AE.framework/Versions/A/AE
0x00007fff2fc8c000 	/System/Library/Frameworks/CoreServices.framework/Versions/A/Frameworks/LaunchServices.framework/Versions/A/LaunchServices
0x00007fff2fc35000 	/System/Library/Frameworks/CoreServices.framework/Versions/A/Frameworks/DictionaryServices.framework/Versions/A/DictionaryServices
0x00007fff2fff4000 	/System/Library/Frameworks/CoreServices.framework/Versions/A/Frameworks/SharedFileList.framework/Versions/A/SharedFileList
0x00007fff34bad000 	/System/Library/Frameworks/NetFS.framework/Versions/A/NetFS
0x00007fff54e99000 	/System/Library/PrivateFrameworks/NetAuth.framework/Versions/A/NetAuth
0x00007fff61d84000 	/System/Library/PrivateFrameworks/login.framework/Versions/A/Frameworks/loginsupport.framework/Versions/A/loginsupport
0x00007fff5db34000 	/System/Library/PrivateFrameworks/TCC.framework/Versions/A/TCC
0x00007fff46282000 	/System/Library/PrivateFrameworks/CoreNLP.framework/Versions/A/CoreNLP
0x00007fff5442a000 	/System/Library/PrivateFrameworks/MetadataUtilities.framework/Versions/A/MetadataUtilities
0x00007fff6387f000 	/usr/lib/libmecabra.dylib
0x00007fff637d7000 	/usr/lib/libmecab.dylib
0x00007fff63437000 	/usr/lib/libgermantok.dylib
0x00007fff6271b000 	/usr/lib/libThaiTokenizer.dylib
0x00007fff6212c000 	/usr/lib/libChineseTokenizer.dylib
0x00007fff2a2e3000 	/System/Library/Frameworks/Accelerate.framework/Versions/A/Frameworks/vImage.framework/Versions/A/vImage
0x00007fff2b585000 	/System/Library/Frameworks/Accelerate.framework/Versions/A/Frameworks/vecLib.framework/Versions/A/vecLib
0x00007fff2b4c9000 	/System/Library/Frameworks/Accelerate.framework/Versions/A/Frameworks/vecLib.framework/Versions/A/libvMisc.dylib
0x00007fff2b2ef000 	/System/Library/Frameworks/Accelerate.framework/Versions/A/Frameworks/vecLib.framework/Versions/A/libvDSP.dylib
0x00007fff2a94f000 	/System/Library/Frameworks/Accelerate.framework/Versions/A/Frameworks/vecLib.framework/Versions/A/libBLAS.dylib
0x00007fff2aea9000 	/System/Library/Frameworks/Accelerate.framework/Versions/A/Frameworks/vecLib.framework/Versions/A/libLAPACK.dylib
0x00007fff2b24f000 	/System/Library/Frameworks/Accelerate.framework/Versions/A/Frameworks/vecLib.framework/Versions/A/libLinearAlgebra.dylib
0x00007fff2b2dc000 	/System/Library/Frameworks/Accelerate.framework/Versions/A/Frameworks/vecLib.framework/Versions/A/libSparseBLAS.dylib
0x00007fff2b265000 	/System/Library/Frameworks/Accelerate.framework/Versions/A/Frameworks/vecLib.framework/Versions/A/libQuadrature.dylib
0x00007fff2abb8000 	/System/Library/Frameworks/Accelerate.framework/Versions/A/Frameworks/vecLib.framework/Versions/A/libBNNS.dylib
0x00007fff2b26b000 	/System/Library/Frameworks/Accelerate.framework/Versions/A/Frameworks/vecLib.framework/Versions/A/libSparse.dylib
0x00007fff52ed8000 	/System/Library/PrivateFrameworks/LanguageModeling.framework/Versions/A/LanguageModeling
0x00007fff45c26000 	/System/Library/PrivateFrameworks/CoreEmoji.framework/Versions/A/CoreEmoji
0x00007fff52ff5000 	/System/Library/PrivateFrameworks/LinguisticData.framework/Versions/A/LinguisticData
0x00007fff52fa6000 	/System/Library/PrivateFrameworks/Lexicon.framework/Versions/A/Lexicon
0x00007fff629d2000 	/usr/lib/libcmph.dylib
0x00007fff3777d000 	/System/Library/Frameworks/OpenDirectory.framework/Versions/A/Frameworks/CFOpenDirectory.framework/Versions/A/CFOpenDirectory
0x00007fff3779a000 	/System/Library/Frameworks/OpenDirectory.framework/Versions/A/OpenDirectory
0x00007fff3faf9000 	/System/Library/PrivateFrameworks/APFS.framework/Versions/A/APFS
0x00007fff3ae6c000 	/System/Library/Frameworks/SecurityFoundation.framework/Versions/A/SecurityFoundation
0x00007fff64a5c000 	/usr/lib/libutil.dylib
0x00007fff46efc000 	/System/Library/PrivateFrameworks/CoreServicesStore.framework/Versions/A/CoreServicesStore
0x00007fff3af4d000 	/System/Library/Frameworks/ServiceManagement.framework/Versions/A/ServiceManagement
0x00007fff42edc000 	/System/Library/PrivateFrameworks/BackgroundTaskManagement.framework/Versions/A/BackgroundTaskManagement
0x00007fff64b59000 	/usr/lib/libxslt.1.dylib
0x00007fff41d9f000 	/System/Library/PrivateFrameworks/AppleSystemInfo.framework/Versions/A/AppleSystemInfo
0x00007fff315fc000 	/System/Library/Frameworks/ImageIO.framework/Versions/A/Resources/libJPEG.dylib
0x00007fff318bb000 	/System/Library/Frameworks/ImageIO.framework/Versions/A/Resources/libTIFF.dylib
0x00007fff3189e000 	/System/Library/Frameworks/ImageIO.framework/Versions/A/Resources/libPng.dylib
0x00007fff3153d000 	/System/Library/Frameworks/ImageIO.framework/Versions/A/Resources/libGIF.dylib
0x00007fff31541000 	/System/Library/Frameworks/ImageIO.framework/Versions/A/Resources/libJP2.dylib
0x00007fff318b9000 	/System/Library/Frameworks/ImageIO.framework/Versions/A/Resources/libRadiance.dylib
0x00007fff633ff000 	/usr/lib/libexpat.1.dylib
0x00007fff4189c000 	/System/Library/PrivateFrameworks/AppleJPEG.framework/Versions/A/AppleJPEG
0x00007fff4a114000 	/System/Library/PrivateFrameworks/FontServices.framework/libFontParser.dylib
0x00007fff60ddf000 	/System/Library/PrivateFrameworks/WatchdogClient.framework/Versions/A/WatchdogClient
0x00007fff5256b000 	/System/Library/PrivateFrameworks/IOAccelerator.framework/Versions/A/IOAccelerator
0x00007fff33c66000 	/System/Library/Frameworks/MetalPerformanceShaders.framework/Versions/A/MetalPerformanceShaders
0x00007fff4ee61000 	/System/Library/PrivateFrameworks/GPUWrangler.framework/Versions/A/GPUWrangler
0x00007fff52576000 	/System/Library/PrivateFrameworks/IOPresentment.framework/Versions/A/IOPresentment
0x00007fff47bd4000 	/System/Library/PrivateFrameworks/DSExternalDisplay.framework/Versions/A/DSExternalDisplay
0x00007fff38103000 	/System/Library/Frameworks/OpenGL.framework/Versions/A/Libraries/libCoreFSCache.dylib
0x00007fff339b7000 	/System/Library/Frameworks/MetalPerformanceShaders.framework/Frameworks/MPSCore.framework/Versions/A/MPSCore
0x00007fff339f4000 	/System/Library/Frameworks/MetalPerformanceShaders.framework/Frameworks/MPSImage.framework/Versions/A/MPSImage
0x00007fff33ab7000 	/System/Library/Frameworks/MetalPerformanceShaders.framework/Frameworks/MPSNeuralNetwork.framework/Versions/A/MPSNeuralNetwork
0x00007fff33a7b000 	/System/Library/Frameworks/MetalPerformanceShaders.framework/Frameworks/MPSMatrix.framework/Versions/A/MPSMatrix
0x00007fff33c17000 	/System/Library/Frameworks/MetalPerformanceShaders.framework/Frameworks/MPSRayIntersector.framework/Versions/A/MPSRayIntersector
0x00007fff33aa1000 	/System/Library/Frameworks/MetalPerformanceShaders.framework/Frameworks/MPSNDArray.framework/Versions/A/MPSNDArray
0x00007fff54477000 	/System/Library/PrivateFrameworks/MetalTools.framework/Versions/A/MetalTools
0x00007fff40bd8000 	/System/Library/PrivateFrameworks/AggregateDictionary.framework/Versions/A/AggregateDictionary
0x00007fff456bd000 	/System/Library/PrivateFrameworks/CoreAnalytics.framework/Versions/A/CoreAnalytics
0x00007fff41cbd000 	/System/Library/PrivateFrameworks/AppleSauce.framework/Versions/A/AppleSauce
0x00007fff623e7000 	/usr/lib/libIOReport.dylib
0x00007fff304f5000 	/System/Library/Frameworks/CoreVideo.framework/Versions/A/CoreVideo
0x00007fff5024e000 	/System/Library/PrivateFrameworks/GraphVisualizer.framework/Versions/A/GraphVisualizer
0x00007fff49696000 	/System/Library/PrivateFrameworks/FaceCore.framework/Versions/A/FaceCore
0x00007fff37724000 	/System/Library/Frameworks/OpenCL.framework/Versions/A/OpenCL
0x00007fff62209000 	/usr/lib/libFosl_dynamic.dylib
0x00007fff5588f000 	/System/Library/PrivateFrameworks/OTSVG.framework/Versions/A/OTSVG
0x00007fff2c62b000 	/System/Library/Frameworks/ApplicationServices.framework/Versions/A/Frameworks/ATS.framework/Versions/A/Resources/libFontRegistry.dylib
0x00007fff4a2e5000 	/System/Library/PrivateFrameworks/FontServices.framework/libhvf.dylib
0x00007fff3810e000 	/System/Library/Frameworks/OpenGL.framework/Versions/A/Libraries/libGFXShared.dylib
0x00007fff382eb000 	/System/Library/Frameworks/OpenGL.framework/Versions/A/Libraries/libGLU.dylib
0x00007fff38117000 	/System/Library/Frameworks/OpenGL.framework/Versions/A/Libraries/libGL.dylib
0x00007fff38122000 	/System/Library/Frameworks/OpenGL.framework/Versions/A/Libraries/libGLImage.dylib
0x00007fff38100000 	/System/Library/Frameworks/OpenGL.framework/Versions/A/Libraries/libCVMSPluginSupport.dylib
0x00007fff38109000 	/System/Library/Frameworks/OpenGL.framework/Versions/A/Libraries/libCoreVMClient.dylib
0x00007fff63e3f000 	/usr/lib/libncurses.5.4.dylib
0x00007fff2c527000 	/System/Library/Frameworks/ApplicationServices.framework/Versions/A/Frameworks/ATS.framework/Versions/A/ATS
0x00007fff2c6f4000 	/System/Library/Frameworks/ApplicationServices.framework/Versions/A/Frameworks/ColorSyncLegacy.framework/Versions/A/ColorSyncLegacy
0x00007fff2c793000 	/System/Library/Frameworks/ApplicationServices.framework/Versions/A/Frameworks/HIServices.framework/Versions/A/HIServices
0x00007fff2c7ea000 	/System/Library/Frameworks/ApplicationServices.framework/Versions/A/Frameworks/LangAnalysis.framework/Versions/A/LangAnalysis
0x00007fff2c7f9000 	/System/Library/Frameworks/ApplicationServices.framework/Versions/A/Frameworks/PrintCore.framework/Versions/A/PrintCore
0x00007fff2c83f000 	/System/Library/Frameworks/ApplicationServices.framework/Versions/A/Frameworks/QD.framework/Versions/A/QD
0x00007fff2c84a000 	/System/Library/Frameworks/ApplicationServices.framework/Versions/A/Frameworks/SpeechSynthesis.framework/Versions/A/SpeechSynthesis
0x00007fff2c6c4000 	/System/Library/Frameworks/ApplicationServices.framework/Versions/A/Frameworks/ATSUI.framework/Versions/A/ATSUI
0x00007fff63293000 	/usr/lib/libcups.2.dylib
0x00007fff32d1f000 	/System/Library/Frameworks/Kerberos.framework/Versions/A/Kerberos
0x00007fff30fd4000 	/System/Library/Frameworks/GSS.framework/Versions/A/GSS
0x00007fff645ad000 	/usr/lib/libresolv.9.dylib
0x00007fff503ef000 	/System/Library/PrivateFrameworks/Heimdal.framework/Versions/A/Heimdal
0x00007fff32d32000 	/System/Library/Frameworks/Kerberos.framework/Versions/A/Libraries/libHeimdalProxy.dylib
0x00007fff6343d000 	/usr/lib/libheimdal-asn1.dylib
0x00007fff44b83000 	/System/Library/PrivateFrameworks/CommonAuth.framework/Versions/A/CommonAuth
0x00007fff41e3c000 	/System/Library/PrivateFrameworks/AssertionServices.framework/Versions/A/AssertionServices
0x00007fff429d2000 	/System/Library/PrivateFrameworks/AudioToolboxCore.framework/Versions/A/AudioToolboxCore
0x00007fff61a37000 	/System/Library/PrivateFrameworks/caulk.framework/Versions/A/caulk
0x00007fff42f88000 	/System/Library/PrivateFrameworks/BaseBoard.framework/Versions/A/BaseBoard
0x00007fff59967000 	/System/Library/PrivateFrameworks/RunningBoardServices.framework/Versions/A/RunningBoardServices
0x00007fff56a5a000 	/System/Library/PrivateFrameworks/PersistentConnection.framework/Versions/A/PersistentConnection
0x00007fff59374000 	/System/Library/PrivateFrameworks/ProtocolBuffer.framework/Versions/A/ProtocolBuffer
0x00007fff44ba0000 	/System/Library/PrivateFrameworks/CommonUtilities.framework/Versions/A/CommonUtilities
0x00007fff43107000 	/System/Library/PrivateFrameworks/Bom.framework/Versions/A/Bom
0x00007fff620b8000 	/usr/lib/libAudioToolboxUtility.dylib
0x00007fff42ee6000 	/System/Library/PrivateFrameworks/Backup.framework/Versions/A/Backup
0x00007fff47943000 	/System/Library/PrivateFrameworks/CrashReporterSupport.framework/Versions/A/CrashReporterSupport
0x00007fff5b3f0000 	/System/Library/PrivateFrameworks/Sharing.framework/Versions/A/Sharing
0x00007fff415e9000 	/System/Library/PrivateFrameworks/Apple80211.framework/Versions/A/Apple80211
0x00007fff42c0e000 	/System/Library/PrivateFrameworks/AuthKit.framework/Versions/A/AuthKit
0x00007fff47671000 	/System/Library/PrivateFrameworks/CoreUtils.framework/Versions/A/CoreUtils
0x00007fff3053a000 	/System/Library/Frameworks/CoreWLAN.framework/Versions/A/CoreWLAN
0x00007fff3113d000 	/System/Library/Frameworks/IOBluetooth.framework/Versions/A/IOBluetooth
0x00007fff54775000 	/System/Library/PrivateFrameworks/MobileKeyBag.framework/Versions/A/MobileKeyBag
0x00007fff46752000 	/System/Library/PrivateFrameworks/CorePhoneNumbers.framework/Versions/A/CorePhoneNumbers
0x00007fff4184f000 	/System/Library/PrivateFrameworks/AppleIDAuthSupport.framework/Versions/A/AppleIDAuthSupport
0x00007fff34bba000 	/System/Library/Frameworks/Network.framework/Versions/A/Network
0x00007fff52d61000 	/System/Library/PrivateFrameworks/KeychainCircle.framework/Versions/A/KeychainCircle
0x00007fff2dfc7000 	/System/Library/Frameworks/CoreBluetooth.framework/Versions/A/CoreBluetooth
0x00007fff5d04a000 	/System/Library/PrivateFrameworks/SpeechRecognitionCore.framework/Versions/A/SpeechRecognitionCore
0x000000010e800000 	/Library/Java/JavaVirtualMachines/jdk-13.0.1.jdk/Contents/Home/lib/server/libjvm.dylib
0x000000010df27000 	/Library/Java/JavaVirtualMachines/jdk-13.0.1.jdk/Contents/Home/lib/libverify.dylib
0x000000010df33000 	/Library/Java/JavaVirtualMachines/jdk-13.0.1.jdk/Contents/Home/lib/libjava.dylib
0x000000010dfb9000 	/Library/Java/JavaVirtualMachines/jdk-13.0.1.jdk/Contents/Home/lib/libzip.dylib
0x000000010dfc0000 	/Library/Java/JavaVirtualMachines/jdk-13.0.1.jdk/Contents/Home/lib/libjimage.dylib
0x000000010dff2000 	/Library/Java/JavaVirtualMachines/jdk-13.0.1.jdk/Contents/Home/lib/libnio.dylib
0x0000000130750000 	/Library/Java/JavaVirtualMachines/jdk-13.0.1.jdk/Contents/Home/lib/libnet.dylib
0x00000001307eb000 	/Library/Java/JavaVirtualMachines/jdk-13.0.1.jdk/Contents/Home/lib/libawt.dylib
0x0000000130881000 	/Library/Java/JavaVirtualMachines/jdk-13.0.1.jdk/Contents/Home/lib/libmlib_image.dylib
0x00007fff32d08000 	/System/Library/Frameworks/JavaVM.framework/Versions/A/Frameworks/JavaNativeFoundation.framework/Versions/A/JavaNativeFoundation
0x00007fff32d11000 	/System/Library/Frameworks/JavaVM.framework/Versions/A/Frameworks/JavaRuntimeSupport.framework/Versions/A/JavaRuntimeSupport
0x00007fff32d1a000 	/System/Library/Frameworks/JavaVM.framework/Versions/A/JavaVM
0x00007fff52bc3000 	/System/Library/PrivateFrameworks/JavaLaunching.framework/Versions/A/JavaLaunching
0x00007fff2d09c000 	/System/Library/Frameworks/Carbon.framework/Versions/A/Carbon
0x00007fff47425000 	/System/Library/PrivateFrameworks/CoreSymbolication.framework/Versions/A/CoreSymbolication
0x00007fff2d09d000 	/System/Library/Frameworks/Carbon.framework/Versions/A/Frameworks/CommonPanels.framework/Versions/A/CommonPanels
0x00007fff2d396000 	/System/Library/Frameworks/Carbon.framework/Versions/A/Frameworks/Help.framework/Versions/A/Help
0x00007fff2d39a000 	/System/Library/Frameworks/Carbon.framework/Versions/A/Frameworks/ImageCapture.framework/Versions/A/ImageCapture
0x00007fff2d3a1000 	/System/Library/Frameworks/Carbon.framework/Versions/A/Frameworks/OpenScripting.framework/Versions/A/OpenScripting
0x00007fff2d3a0000 	/System/Library/Frameworks/Carbon.framework/Versions/A/Frameworks/Ink.framework/Versions/A/Ink
0x00007fff2d3dc000 	/System/Library/Frameworks/Carbon.framework/Versions/A/Frameworks/Print.framework/Versions/A/Print
0x00007fff2d3dd000 	/System/Library/Frameworks/Carbon.framework/Versions/A/Frameworks/SecurityHI.framework/Versions/A/SecurityHI
0x00007fff47d09000 	/System/Library/PrivateFrameworks/DebugSymbols.framework/Versions/A/DebugSymbols
0x00000001308e7000 	/Library/Java/JavaVirtualMachines/jdk-13.0.1.jdk/Contents/Home/lib/libawt_lwawt.dylib
0x0000000130991000 	/Library/Java/JavaVirtualMachines/jdk-13.0.1.jdk/Contents/Home/lib/libosxapp.dylib
0x00007fff30a47000 	/System/Library/Frameworks/ExceptionHandling.framework/Versions/A/ExceptionHandling
0x00000001309c5000 	/Library/Java/JavaVirtualMachines/jdk-13.0.1.jdk/Contents/Home/lib/libfontmanager.dylib
0x0000000130ac3000 	/Library/Java/JavaVirtualMachines/jdk-13.0.1.jdk/Contents/Home/lib/libfreetype.dylib
0x00007fff46ec8000 	/System/Library/PrivateFrameworks/CoreServicesInternal.framework/Versions/A/CoreServicesInternal
0x00007fff30a66000 	/System/Library/Frameworks/FileProvider.framework/Versions/A/FileProvider
0x00007fff2b586000 	/System/Library/Frameworks/Accounts.framework/Versions/A/Accounts
0x00007fff4f181000 	/System/Library/PrivateFrameworks/GenerationalStorage.framework/Versions/A/GenerationalStorage
0x00007fff5d877000 	/System/Library/PrivateFrameworks/SymptomDiagnosticReporter.framework/Versions/A/SymptomDiagnosticReporter
0x00007fff410e6000 	/System/Library/PrivateFrameworks/AppContainer.framework/Versions/A/AppContainer
0x00007fff645c7000 	/usr/lib/libsandbox.1.dylib
0x00007fff5fd83000 	/System/Library/PrivateFrameworks/UserManagement.framework/Versions/A/UserManagement
0x00007fff43cae000 	/System/Library/PrivateFrameworks/ChunkingLibrary.framework/Versions/A/ChunkingLibrary
0x00007fff41157000 	/System/Library/PrivateFrameworks/AppSandbox.framework/Versions/A/AppSandbox
0x00007fff5b2a5000 	/System/Library/PrivateFrameworks/SecCodeWrapper.framework/Versions/A/SecCodeWrapper
0x00007fff624cd000 	/usr/lib/libMatch.1.dylib
0x00007fff21abb000 	/System/Library/CoreServices/RawCamera.bundle/Contents/MacOS/RawCamera
0x00007fff5459f000 	/System/Library/PrivateFrameworks/MobileAsset.framework/Versions/A/MobileAsset
0x00007fff5d725000 	/System/Library/PrivateFrameworks/StreamingZip.framework/Versions/A/StreamingZip
0x00007fff33196000 	/System/Library/Frameworks/MediaToolbox.framework/Versions/A/MediaToolbox
0x00007fff4566d000 	/System/Library/PrivateFrameworks/CoreAVCHD.framework/Versions/A/CoreAVCHD
0x00007fff330c3000 	/System/Library/Frameworks/MediaAccessibility.framework/Versions/A/MediaAccessibility
0x00007fff53993000 	/System/Library/PrivateFrameworks/Mangrove.framework/Versions/A/Mangrove
0x00007fff2f708000 	/System/Library/Frameworks/CoreMedia.framework/Versions/A/CoreMedia
0x00007fff53bee000 	/System/Library/PrivateFrameworks/MediaExperience.framework/Versions/A/MediaExperience
0x00007fff3c021000 	/System/Library/Frameworks/VideoToolbox.framework/Versions/A/VideoToolbox
0x00007fff45297000 	/System/Library/PrivateFrameworks/CoreAUC.framework/Versions/A/CoreAUC
0x00007fff6461e000 	/usr/lib/libspindump.dylib
0x00007fff4237d000 	/System/Library/PrivateFrameworks/AudioResourceArbitration.framework/Versions/A/AudioResourceArbitration
0x00007fff41da3000 	/System/Library/PrivateFrameworks/AppleVA.framework/Versions/A/AppleVA
0x00007fff2a2cc000 	/System/Library/Frameworks/Accelerate.framework/Versions/A/Frameworks/vImage.framework/Versions/A/Libraries/libCGInterfaces.dylib
0x000000013212d000 	/usr/lib/libobjc-trampolines.dylib
0x00007fff4a24c000 	/System/Library/PrivateFrameworks/FontServices.framework/libTrueTypeScaler.dylib
0x00007fff25705000 	/System/Library/Extensions/AppleIntelBDWGraphicsMTLDriver.bundle/Contents/MacOS/AppleIntelBDWGraphicsMTLDriver
0x00007fff4d7b9000 	/System/Library/PrivateFrameworks/GPUCompiler.framework/Versions/3902/Libraries/libmetal_timestamp.dylib
0x00007fff60b51000 	/System/Library/PrivateFrameworks/ViewBridge.framework/Versions/A/ViewBridge
0x0000000133023000 	/Users/fabrizio/NetBeansProjects/SEProject/Slick2D/liblwjgl.dylib
0x00000001328c9000 	/Library/Java/JavaVirtualMachines/jdk-13.0.1.jdk/Contents/Home/lib/libjawt.dylib
0x00007fff38d67000 	/System/Library/Frameworks/OpenGL.framework/Versions/A/Resources/GLEngine.bundle/GLEngine
0x00007fff38158000 	/System/Library/Frameworks/OpenGL.framework/Versions/A/Libraries/libGLProgrammability.dylib
0x00007fff25200000 	/System/Library/Extensions/AppleIntelBDWGraphicsGLDriver.bundle/Contents/MacOS/AppleIntelBDWGraphicsGLDriver
0x00007fff4ee55000 	/System/Library/PrivateFrameworks/GPUSupport.framework/Versions/A/Libraries/libGPUSupportMercury.dylib
0x00007fff38ee1000 	/System/Library/Frameworks/OpenGL.framework/Versions/A/Resources/GLRendererFloat.bundle/GLRendererFloat
0x00007fff3771b000 	/System/Library/Frameworks/OpenCL.framework/Versions/A/Libraries/libcldcpuengine.dylib
0x00007fff62e78000 	/usr/lib/libcrypto.35.dylib
0x00007fff5e263000 	/System/Library/PrivateFrameworks/TrustEvaluationAgent.framework/Versions/A/TrustEvaluationAgent
0x00007fff61d87000 	/System/Library/PrivateFrameworks/login.framework/Versions/A/login


VM Arguments:
jvm_args: -Dfile.encoding=UTF-8 -Djava.library.path=./Slick2D 
java_command: IsaacMain.Main
java_class_path (initial): /Applications/NetBeans/Apache NetBeans 11.2.app/Contents/Resources/NetBeans/netbeans/java/modules/ext/AbsoluteLayout.jar:/Users/fabrizio/Downloads/lwjgl-2.9.3/jar/jinput.jar:/Users/fabrizio/Downloads/lwjgl-2.9.3/jar/lwjgl.jar:/Users/fabrizio/Downloads/lwjgl-2.9.3/jar/lwjgl_util.jar:/Users/fabrizio/Downloads/slick/lib/slick.jar:/Users/fabrizio/NetBeansProjects/SEProject/build/classes
Launcher Type: SUN_STANDARD

[Global flags]
     intx CICompilerCount                          = 3                                         {product} {ergonomic}
     uint ConcGCThreads                            = 1                                         {product} {ergonomic}
     uint G1ConcRefinementThreads                  = 4                                         {product} {ergonomic}
   size_t G1HeapRegionSize                         = 1048576                                   {product} {ergonomic}
    uintx GCDrainStackTargetSize                   = 64                                        {product} {ergonomic}
   size_t InitialHeapSize                          = 134217728                                 {product} {ergonomic}
   size_t MarkStackSize                            = 4194304                                   {product} {ergonomic}
   size_t MaxHeapSize                              = 2147483648                                {product} {ergonomic}
   size_t MaxNewSize                               = 1287651328                                {product} {ergonomic}
   size_t MinHeapDeltaBytes                        = 1048576                                   {product} {ergonomic}
   size_t MinHeapSize                              = 8388608                                   {product} {ergonomic}
    uintx NonNMethodCodeHeapSize                   = 5830732                                {pd product} {ergonomic}
    uintx NonProfiledCodeHeapSize                  = 122913754                              {pd product} {ergonomic}
    uintx ProfiledCodeHeapSize                     = 122913754                              {pd product} {ergonomic}
    uintx ReservedCodeCacheSize                    = 251658240                              {pd product} {ergonomic}
     bool SegmentedCodeCache                       = true                                      {product} {ergonomic}
   size_t SoftMaxHeapSize                          = 2147483648                             {manageable} {ergonomic}
     bool UseCompressedClassPointers               = true                                 {lp64_product} {ergonomic}
     bool UseCompressedOops                        = true                                 {lp64_product} {ergonomic}
     bool UseG1GC                                  = true                                      {product} {ergonomic}

Logging:
Log output configuration:
 #0: stdout all=warning uptime,level,tags
 #1: stderr all=off uptime,level,tags

Environment Variables:
PATH=/usr/bin:/bin:/usr/sbin:/sbin
SHELL=/bin/zsh
DISPLAY=/private/tmp/com.apple.launchd.h7JETMz4ey/org.macosforge.xquartz:0

Signal Handlers:
SIGSEGV: [libjvm.dylib+0x781570], sa_mask[0]=11111111011111110111111111111111, sa_flags=SA_ONSTACK|SA_RESTART|SA_SIGINFO
SIGBUS: [libjvm.dylib+0x781570], sa_mask[0]=11111111011111110111111111111111, sa_flags=SA_RESTART|SA_SIGINFO
SIGFPE: [libjvm.dylib+0x781570], sa_mask[0]=11111111011111110111111111111111, sa_flags=SA_RESTART|SA_SIGINFO
SIGPIPE: [libjvm.dylib+0x627f75], sa_mask[0]=11111111011111110111111111111111, sa_flags=SA_RESTART|SA_SIGINFO
SIGXFSZ: [libjvm.dylib+0x627f75], sa_mask[0]=11111111011111110111111111111111, sa_flags=SA_RESTART|SA_SIGINFO
SIGILL: [libjvm.dylib+0x781570], sa_mask[0]=11111111011111110111111111111111, sa_flags=SA_RESTART|SA_SIGINFO
SIGUSR2: [libjvm.dylib+0x62855f], sa_mask[0]=00100000000000000000000000000000, sa_flags=SA_RESTART|SA_SIGINFO
SIGHUP: [libjvm.dylib+0x62754d], sa_mask[0]=11111111011111110111111111111111, sa_flags=SA_RESTART|SA_SIGINFO
SIGINT: SIG_IGN, sa_mask[0]=00000000000000000000000000000000, sa_flags=none
SIGTERM: [libjvm.dylib+0x62754d], sa_mask[0]=11111111011111110111111111111111, sa_flags=SA_RESTART|SA_SIGINFO
SIGQUIT: [libjvm.dylib+0x62754d], sa_mask[0]=11111111011111110111111111111111, sa_flags=SA_RESTART|SA_SIGINFO


---------------  S Y S T E M  ---------------

OS:uname:Darwin 19.0.0 Darwin Kernel Version 19.0.0: Wed Sep 25 20:18:50 PDT 2019; root:xnu-6153.11.26~2/RELEASE_X86_64 x86_64
rlimit: STACK 8192k, CORE 0k, NPROC 1392, NOFILE 10240, AS infinity, DATA infinity, FSIZE infinity
load average:3.09 2.51 2.50

CPU:total 4 (initial active 4) (2 cores per cpu, 2 threads per core) family 6 model 61 stepping 4, cmov, cx8, fxsr, mmx, sse, sse2, sse3, ssse3, sse4.1, sse4.2, popcnt, avx, avx2, aes, clmul, erms, rtm, 3dnowpref, lzcnt, ht, tsc, tscinvbit, bmi1, bmi2, adx, fma

Memory: 4k page, physical 8388608k(25716k free), swap 1048576k(934144k free)

vm_info: Java HotSpot(TM) 64-Bit Server VM (13.0.1+9) for bsd-amd64 JRE (13.0.1+9), built on Oct  6 2019 11:43:59 by "mach5one" with clang 4.2.1 Compatible Apple LLVM 10.0.0 (clang-1000.11.45.5)

END.
